2007.01.16 10:05 B C:\Documents and Settings\dbarnard\My Documents\websites\Belytschko\programs\ch05\assembly.m --> dev1.wiley.com /export/home/coll/belytschko/0470035803/programs/ch05 assembly.m
2007.01.16 10:05 B C:\Documents and Settings\dbarnard\My Documents\websites\Belytschko\programs\ch05\bar1D.m --> dev1.wiley.com /export/home/coll/belytschko/0470035803/programs/ch05 bar1D.m
2007.01.16 10:05 B C:\Documents and Settings\dbarnard\My Documents\websites\Belytschko\programs\ch05\bar_mesh5_2_1ele.m --> dev1.wiley.com /export/home/coll/belytschko/0470035803/programs/ch05 bar_mesh5_2_1ele.m
2007.01.16 10:05 B C:\Documents and Settings\dbarnard\My Documents\websites\Belytschko\programs\ch05\bar_mesh5_2_2ele.m --> dev1.wiley.com /export/home/coll/belytschko/0470035803/programs/ch05 bar_mesh5_2_2ele.m
2007.01.16 10:05 B C:\Documents and Settings\dbarnard\My Documents\websites\Belytschko\programs\ch05\bar_mesh5_2_4ele.m --> dev1.wiley.com /export/home/coll/belytschko/0470035803/programs/ch05 bar_mesh5_2_4ele.m
2007.01.16 10:05 B C:\Documents and Settings\dbarnard\My Documents\websites\Belytschko\programs\ch05\bar_mesh5_3_1Aele.m --> dev1.wiley.com /export/home/coll/belytschko/0470035803/programs/ch05 bar_mesh5_3_1Aele.m
2007.01.16 10:05 B C:\Documents and Settings\dbarnard\My Documents\websites\Belytschko\programs\ch05\bar_mesh5_3_1ele.m --> dev1.wiley.com /export/home/coll/belytschko/0470035803/programs/ch05 bar_mesh5_3_1ele.m
2007.01.16 10:05 B C:\Documents and Settings\dbarnard\My Documents\websites\Belytschko\programs\ch05\bar_mesh5_3_2ele.m --> dev1.wiley.com /export/home/coll/belytschko/0470035803/programs/ch05 bar_mesh5_3_2ele.m
2007.01.16 10:05 B C:\Documents and Settings\dbarnard\My Documents\websites\Belytschko\programs\ch05\bar_mesh5_3_4ele.m --> dev1.wiley.com /export/home/coll/belytschko/0470035803/programs/ch05 bar_mesh5_3_4ele.m
2007.01.16 10:05 B C:\Documents and Settings\dbarnard\My Documents\websites\Belytschko\programs\ch05\barelem.m --> dev1.wiley.com /export/home/coll/belytschko/0470035803/programs/ch05 barelem.m
2007.01.16 10:05 B C:\Documents and Settings\dbarnard\My Documents\websites\Belytschko\programs\ch05\Bmatrix1D.m --> dev1.wiley.com /export/home/coll/belytschko/0470035803/programs/ch05 Bmatrix1D.m
2007.01.16 10:05 B C:\Documents and Settings\dbarnard\My Documents\websites\Belytschko\programs\ch05\disp_and_stress.m --> dev1.wiley.com /export/home/coll/belytschko/0470035803/programs/ch05 disp_and_stress.m
2007.01.16 10:05 B C:\Documents and Settings\dbarnard\My Documents\websites\Belytschko\programs\ch05\ExactSolution.m --> dev1.wiley.com /export/home/coll/belytschko/0470035803/programs/ch05 ExactSolution.m
2007.01.16 10:05 B C:\Documents and Settings\dbarnard\My Documents\websites\Belytschko\programs\ch05\gauss.m --> dev1.wiley.com /export/home/coll/belytschko/0470035803/programs/ch05 gauss.m
2007.01.16 10:05 B C:\Documents and Settings\dbarnard\My Documents\websites\Belytschko\programs\ch05\include_flags.m --> dev1.wiley.com /export/home/coll/belytschko/0470035803/programs/ch05 include_flags.m
2007.01.16 10:05 B C:\Documents and Settings\dbarnard\My Documents\websites\Belytschko\programs\ch05\input_file5_2_1ele.m --> dev1.wiley.com /export/home/coll/belytschko/0470035803/programs/ch05 input_file5_2_1ele.m
2007.01.16 10:05 B C:\Documents and Settings\dbarnard\My Documents\websites\Belytschko\programs\ch05\input_file5_2_2ele.m --> dev1.wiley.com /export/home/coll/belytschko/0470035803/programs/ch05 input_file5_2_2ele.m
2007.01.16 10:05 B C:\Documents and Settings\dbarnard\My Documents\websites\Belytschko\programs\ch05\input_file5_2_4ele.m --> dev1.wiley.com /export/home/coll/belytschko/0470035803/programs/ch05 input_file5_2_4ele.m
2007.01.16 10:05 B C:\Documents and Settings\dbarnard\My Documents\websites\Belytschko\programs\ch05\input_file5_3_1Aele.m --> dev1.wiley.com /export/home/coll/belytschko/0470035803/programs/ch05 input_file5_3_1Aele.m
2007.01.16 10:05 B C:\Documents and Settings\dbarnard\My Documents\websites\Belytschko\programs\ch05\input_file5_3_1ele.m --> dev1.wiley.com /export/home/coll/belytschko/0470035803/programs/ch05 input_file5_3_1ele.m
2007.01.16 10:05 B C:\Documents and Settings\dbarnard\My Documents\websites\Belytschko\programs\ch05\input_file5_3_2ele.m --> dev1.wiley.com /export/home/coll/belytschko/0470035803/programs/ch05 input_file5_3_2ele.m
2007.01.16 10:05 B C:\Documents and Settings\dbarnard\My Documents\websites\Belytschko\programs\ch05\input_file5_3_4ele.m --> dev1.wiley.com /export/home/coll/belytschko/0470035803/programs/ch05 input_file5_3_4ele.m
2007.01.16 10:05 B C:\Documents and Settings\dbarnard\My Documents\websites\Belytschko\programs\ch05\naturalBC.m --> dev1.wiley.com /export/home/coll/belytschko/0470035803/programs/ch05 naturalBC.m
2007.01.16 10:05 B C:\Documents and Settings\dbarnard\My Documents\websites\Belytschko\programs\ch05\Nmatrix1D.m --> dev1.wiley.com /export/home/coll/belytschko/0470035803/programs/ch05 Nmatrix1D.m
2007.01.16 10:05 B C:\Documents and Settings\dbarnard\My Documents\websites\Belytschko\programs\ch05\plotbar.m --> dev1.wiley.com /export/home/coll/belytschko/0470035803/programs/ch05 plotbar.m
2007.01.16 10:05 B C:\Documents and Settings\dbarnard\My Documents\websites\Belytschko\programs\ch05\postprocessor.m --> dev1.wiley.com /export/home/coll/belytschko/0470035803/programs/ch05 postprocessor.m
2007.01.16 10:05 B C:\Documents and Settings\dbarnard\My Documents\websites\Belytschko\programs\ch05\preprocessor.m --> dev1.wiley.com /export/home/coll/belytschko/0470035803/programs/ch05 preprocessor.m
2007.01.16 10:05 B C:\Documents and Settings\dbarnard\My Documents\websites\Belytschko\programs\ch05\setup_ID_LM.m --> dev1.wiley.com /export/home/coll/belytschko/0470035803/programs/ch05 setup_ID_LM.m
2007.01.16 10:05 B C:\Documents and Settings\dbarnard\My Documents\websites\Belytschko\programs\ch05\solvedr.m --> dev1.wiley.com /export/home/coll/belytschko/0470035803/programs/ch05 solvedr.m
