0
1
0
Assembly-1
1
PART-1-1
PART-1
1
PART-1-1
16
1 1
2 2
3 3
4 4
5 5
6 6
7 7
8 8
9 9
10 10
11 11
12 12
13 13
14 14
15 15
16 16
1 1
2 2
3 3
4 4
5 5
6 6
7 7
8 8
9 9
10 10
11 11
12 12
13 13
14 14
15 15
16 16
0
1
PART-1-1
29
1 1
2 2
3 3
4 4
5 5
6 6
7 7
8 8
9 9
10 10
11 11
12 12
13 13
14 14
15 15
16 16
17 17
18 18
19 19
20 20
21 21
22 22
23 23
24 24
25 25
26 26
27 27
28 28
29 29
1 1
2 2
3 3
4 4
5 5
6 6
7 7
8 8
9 9
10 10
11 11
12 12
13 13
14 14
15 15
16 16
17 17
18 18
19 19
20 20
21 21
22 22
23 23
24 24
25 25
26 26
27 27
28 28
29 29
0
0
1
PART-1-1
2
SET1
0
0
6
2 4 6 8 10 12 
0
0
SET2
0
0
23
1 3 5 7 9 11 13 14 15 16 17 18 19 20 21 22 23 24 25 26 27 28 29 
0
0
0
0
1
PART-1-1
3
LOADED
0
0
4
9 10 11 16 
0
0
PIN
0
0
1
2 
0
0
ROLLER
0
0
1
1 
0
0
0
0
0
0
0
1
0
0
1
0
0
