> print (M1)
Inference for Bugs model at "wishart1.bug", fit using jags,
 3 chains, each with 2000 iterations (first 1000 discarded)
 n.sims = 3000 iterations saved
           mean   sd   2.5%    25%    50%    75%  97.5% Rhat n.eff
a[1]        1.2  0.3    0.6    1.0    1.2    1.4    1.7  1.0  3000
a[2]        0.9  0.1    0.7    0.9    0.9    1.0    1.1  1.0  3000
a[3]        1.5  0.3    0.9    1.3    1.5    1.6    2.1  1.0  1900
a[4]        1.5  0.2    1.0    1.4    1.5    1.7    2.0  1.0   980
a[5]        1.4  0.3    0.9    1.2    1.4    1.6    1.9  1.0  3000
a[6]        1.5  0.3    1.0    1.3    1.5    1.7    2.0  1.0  1600
a[7]        1.8  0.2    1.5    1.7    1.8    1.9    2.2  1.0   390
a[8]        1.7  0.3    1.2    1.5    1.7    1.9    2.2  1.0  2600
a[9]        1.1  0.2    0.7    1.0    1.1    1.3    1.5  1.0  3000
a[10]       1.5  0.2    1.1    1.4    1.5    1.7    2.0  1.0  3000
a[11]       1.4  0.2    1.0    1.3    1.4    1.6    1.9  1.0  3000
a[12]       1.6  0.2    1.1    1.4    1.6    1.7    2.1  1.0  3000
a[13]       1.2  0.2    0.8    1.1    1.2    1.4    1.7  1.0  3000
a[14]       1.9  0.2    1.5    1.7    1.9    2.0    2.2  1.0  3000
a[15]       1.4  0.3    0.9    1.2    1.4    1.6    1.9  1.0  2100
a[16]       1.2  0.3    0.6    1.0    1.2    1.4    1.8  1.0  3000
a[17]       1.4  0.3    0.9    1.2    1.4    1.6    2.0  1.0   720
a[18]       1.2  0.2    0.8    1.0    1.2    1.3    1.5  1.0  2300
a[19]       1.4  0.1    1.2    1.3    1.4    1.4    1.5  1.0  2700
a[20]       1.6  0.3    1.1    1.4    1.6    1.8    2.1  1.0  3000
a[21]       1.6  0.2    1.2    1.5    1.6    1.8    2.0  1.0  3000
a[22]       1.0  0.2    0.5    0.8    1.0    1.2    1.5  1.0  3000
a[23]       1.4  0.3    0.9    1.2    1.4    1.6    2.0  1.0  3000
a[24]       1.9  0.2    1.4    1.7    1.9    2.0    2.3  1.0  3000
a[25]       1.8  0.2    1.4    1.7    1.8    1.9    2.1  1.0   600
a[26]       1.4  0.1    1.2    1.3    1.4    1.4    1.5  1.0  2700
a[27]       1.6  0.2    1.1    1.4    1.6    1.8    2.1  1.0   660
a[28]       1.3  0.3    0.8    1.1    1.3    1.5    1.8  1.0  1200
a[29]       1.3  0.3    0.8    1.1    1.3    1.5    1.8  1.0  1400
a[30]       1.1  0.2    0.7    1.0    1.1    1.2    1.5  1.0  3000
a[31]       1.7  0.2    1.3    1.6    1.7    1.9    2.2  1.0  3000
a[32]       1.4  0.2    0.9    1.2    1.4    1.5    1.8  1.0  3000
a[33]       1.7  0.3    1.2    1.6    1.7    1.9    2.2  1.0  2500
a[34]       1.5  0.3    0.9    1.3    1.5    1.7    2.1  1.0  2200
a[35]       1.0  0.2    0.5    0.9    1.0    1.2    1.5  1.0  3000
a[36]       1.8  0.3    1.2    1.6    1.8    2.0    2.5  1.0   960
a[37]       0.8  0.2    0.3    0.6    0.8    0.9    1.2  1.0   650
a[38]       1.6  0.3    1.1    1.4    1.6    1.8    2.1  1.0  3000
a[39]       1.6  0.2    1.1    1.4    1.6    1.8    2.1  1.0   760
a[40]       1.8  0.3    1.3    1.6    1.8    2.0    2.4  1.0  1300
a[41]       1.7  0.2    1.3    1.6    1.7    1.9    2.2  1.0  1500
a[42]       1.4  0.3    0.8    1.2    1.4    1.7    2.1  1.0  3000
a[43]       1.7  0.3    1.2    1.5    1.7    1.9    2.2  1.0   230
a[44]       1.2  0.2    0.8    1.1    1.3    1.4    1.7  1.0   480
a[45]       1.4  0.2    1.0    1.2    1.4    1.5    1.8  1.0  2100
a[46]       1.3  0.2    0.9    1.2    1.3    1.5    1.8  1.0  2300
a[47]       1.3  0.3    0.7    1.1    1.3    1.5    1.9  1.0   300
a[48]       1.2  0.2    0.9    1.1    1.2    1.4    1.6  1.0  1600
a[49]       1.7  0.2    1.3    1.5    1.7    1.8    2.0  1.0  3000
a[50]       1.6  0.3    1.0    1.4    1.6    1.8    2.3  1.0  1500
a[51]       1.8  0.3    1.3    1.6    1.8    1.9    2.3  1.0  3000
a[52]       1.6  0.3    1.1    1.5    1.6    1.8    2.2  1.0  3000
a[53]       1.4  0.3    0.8    1.2    1.4    1.6    1.9  1.0  1500
a[54]       1.4  0.1    1.1    1.3    1.4    1.5    1.6  1.0   950
a[55]       1.5  0.2    1.1    1.4    1.5    1.7    2.0  1.0  1100
a[56]       1.4  0.3    0.8    1.2    1.4    1.6    1.9  1.0   870
a[57]       1.1  0.2    0.6    0.9    1.1    1.2    1.5  1.0  2300
a[58]       1.6  0.3    1.1    1.4    1.6    1.8    2.1  1.0  3000
a[59]       1.6  0.3    1.1    1.4    1.6    1.8    2.1  1.0  3000
a[60]       1.4  0.3    0.8    1.2    1.4    1.6    2.0  1.0  3000
a[61]       1.2  0.1    0.9    1.1    1.2    1.3    1.4  1.0   900
a[62]       1.7  0.3    1.2    1.5    1.7    1.8    2.2  1.0  3000
a[63]       1.5  0.3    0.9    1.3    1.5    1.7    2.1  1.0  1400
a[64]       1.7  0.2    1.3    1.6    1.7    1.9    2.1  1.0  2900
a[65]       1.4  0.3    0.8    1.2    1.4    1.6    2.0  1.0  1600
a[66]       1.6  0.2    1.2    1.4    1.6    1.7    2.0  1.0   400
a[67]       1.6  0.2    1.2    1.5    1.6    1.8    2.0  1.0   460
a[68]       1.2  0.2    0.8    1.1    1.2    1.4    1.7  1.0  1400
a[69]       1.4  0.3    0.9    1.2    1.4    1.5    1.9  1.0  3000
a[70]       0.9  0.1    0.7    0.8    0.9    0.9    1.0  1.0  2400
a[71]       1.5  0.1    1.2    1.4    1.5    1.6    1.8  1.0  3000
a[72]       1.5  0.2    1.1    1.4    1.5    1.7    1.9  1.0  3000
a[73]       1.6  0.3    1.0    1.4    1.5    1.7    2.1  1.0  2700
a[74]       1.2  0.3    0.7    1.1    1.3    1.4    1.7  1.0  1500
a[75]       1.5  0.3    1.0    1.3    1.5    1.7    2.1  1.0  1600
a[76]       1.7  0.3    1.2    1.5    1.7    1.9    2.2  1.0  3000
a[77]       1.7  0.2    1.2    1.5    1.7    1.8    2.2  1.0  3000
a[78]       1.4  0.2    0.9    1.2    1.4    1.5    1.9  1.0  2800
a[79]       1.1  0.3    0.6    0.9    1.1    1.3    1.6  1.0  3000
a[80]       1.4  0.1    1.1    1.3    1.4    1.4    1.6  1.0  3000
a[81]       1.8  0.3    1.2    1.6    1.8    2.0    2.5  1.0   980
a[82]       1.6  0.3    1.0    1.4    1.6    1.8    2.3  1.0  2600
a[83]       1.6  0.2    1.3    1.5    1.6    1.8    2.0  1.0   720
a[84]       1.6  0.2    1.2    1.5    1.6    1.7    1.9  1.0  2900
a[85]       1.4  0.3    0.8    1.2    1.4    1.6    1.9  1.0  3000
b[1]       -0.6  0.3   -1.2   -0.8   -0.6   -0.4    0.1  1.0   430
b[2]       -0.8  0.3   -1.3   -0.9   -0.7   -0.6   -0.3  1.0    72
b[3]       -0.7  0.3   -1.2   -0.8   -0.7   -0.5   -0.1  1.0  3000
b[4]       -0.7  0.3   -1.3   -0.9   -0.7   -0.6   -0.2  1.0   380
b[5]       -0.6  0.3   -1.2   -0.8   -0.6   -0.5    0.0  1.0  1300
b[6]       -0.7  0.3   -1.3   -0.9   -0.7   -0.5    0.0  1.0  1600
b[7]       -0.5  0.3   -1.0   -0.7   -0.5   -0.3    0.2  1.1    37
b[8]       -0.7  0.3   -1.3   -0.8   -0.7   -0.5   -0.1  1.0   320
b[9]       -0.5  0.3   -1.0   -0.7   -0.5   -0.3    0.3  1.0    98
b[10]      -0.8  0.3   -1.3   -0.9   -0.7   -0.6   -0.2  1.0   900
b[11]      -0.7  0.3   -1.3   -0.8   -0.7   -0.5    0.0  1.0  2100
b[12]      -0.7  0.3   -1.4   -0.9   -0.7   -0.5   -0.1  1.0   630
b[13]      -0.6  0.3   -1.3   -0.8   -0.6   -0.4    0.1  1.0   900
b[14]      -0.8  0.3   -1.3   -0.9   -0.8   -0.6   -0.3  1.0   610
b[15]      -0.7  0.3   -1.2   -0.8   -0.7   -0.5    0.0  1.0  1100
b[16]      -0.6  0.3   -1.3   -0.8   -0.6   -0.4    0.1  1.0   650
b[17]      -0.8  0.3   -1.4   -1.0   -0.8   -0.6   -0.3  1.0   310
b[18]      -0.5  0.3   -1.0   -0.7   -0.5   -0.3    0.1  1.0   130
b[19]      -0.8  0.2   -1.2   -0.9   -0.7   -0.6   -0.3  1.0   510
b[20]      -0.7  0.3   -1.3   -0.9   -0.7   -0.5    0.0  1.0   410
b[21]      -0.7  0.3   -1.2   -0.8   -0.7   -0.5    0.0  1.0   370
b[22]      -0.6  0.3   -1.2   -0.8   -0.6   -0.4    0.1  1.0   400
b[23]      -0.6  0.3   -1.3   -0.8   -0.7   -0.5    0.0  1.0  3000
b[24]      -0.7  0.3   -1.3   -0.9   -0.7   -0.6   -0.1  1.0   180
b[25]      -0.5  0.3   -1.0   -0.7   -0.5   -0.3    0.2  1.1    48
b[26]      -0.7  0.2   -1.1   -0.9   -0.7   -0.6   -0.4  1.0   470
b[27]      -0.6  0.3   -1.2   -0.8   -0.7   -0.5    0.0  1.0   200
b[28]      -0.6  0.3   -1.2   -0.8   -0.6   -0.5    0.0  1.0   980
b[29]      -0.6  0.3   -1.3   -0.8   -0.7   -0.5    0.1  1.0  2100
b[30]      -0.6  0.3   -1.2   -0.8   -0.6   -0.4    0.1  1.0  2200
b[31]      -0.7  0.3   -1.4   -0.9   -0.7   -0.5   -0.1  1.0   410
b[32]      -0.7  0.3   -1.3   -0.8   -0.7   -0.5    0.0  1.0  1500
b[33]      -0.7  0.3   -1.4   -0.9   -0.7   -0.5   -0.1  1.0   290
b[34]      -0.7  0.3   -1.4   -0.9   -0.7   -0.5   -0.1  1.0  2100
b[35]      -0.6  0.3   -1.1   -0.8   -0.6   -0.4    0.0  1.0   820
b[36]      -0.6  0.3   -1.2   -0.8   -0.6   -0.4    0.2  1.0    82
b[37]      -0.5  0.3   -1.1   -0.7   -0.6   -0.3    0.2  1.0   340
b[38]      -0.6  0.3   -1.2   -0.8   -0.6   -0.5    0.0  1.0   180
b[39]      -0.6  0.3   -1.2   -0.8   -0.6   -0.5    0.0  1.0    93
b[40]      -0.7  0.3   -1.4   -0.9   -0.7   -0.5   -0.1  1.0   860
b[41]      -0.6  0.3   -1.2   -0.8   -0.6   -0.5    0.0  1.0    77
b[42]      -0.7  0.3   -1.3   -0.8   -0.7   -0.5    0.0  1.0  2000
b[43]      -1.1  0.3   -1.8   -1.3   -1.0   -0.8   -0.5  1.1    43
b[44]      -0.8  0.3   -1.5   -1.0   -0.8   -0.6   -0.2  1.0   180
b[45]      -0.8  0.3   -1.3   -0.9   -0.8   -0.6   -0.3  1.0   340
b[46]      -0.6  0.3   -1.3   -0.8   -0.7   -0.5    0.0  1.0   830
b[47]      -0.8  0.3   -1.5   -1.0   -0.8   -0.6   -0.3  1.0   120
b[48]      -0.6  0.3   -1.1   -0.8   -0.6   -0.4    0.1  1.0   300
b[49]      -0.9  0.3   -1.6   -1.1   -0.9   -0.7   -0.4  1.0   140
b[50]      -0.7  0.3   -1.4   -0.9   -0.7   -0.5   -0.1  1.0   520
b[51]      -0.7  0.3   -1.4   -0.9   -0.7   -0.6   -0.1  1.0   240
b[52]      -0.7  0.3   -1.4   -0.9   -0.7   -0.5   -0.1  1.0  2800
b[53]      -0.7  0.3   -1.3   -0.9   -0.7   -0.5   -0.1  1.0  3000
b[54]      -0.8  0.3   -1.4   -1.0   -0.8   -0.7   -0.4  1.0   110
b[55]      -0.6  0.3   -1.1   -0.8   -0.6   -0.5    0.0  1.0   170
b[56]      -0.8  0.3   -1.5   -1.0   -0.8   -0.6   -0.3  1.0   150
b[57]      -0.6  0.3   -1.3   -0.8   -0.6   -0.5    0.0  1.0   400
b[58]      -0.6  0.3   -1.2   -0.8   -0.6   -0.5    0.0  1.0   140
b[59]      -0.8  0.3   -1.4   -0.9   -0.7   -0.6   -0.2  1.0  1900
b[60]      -0.7  0.3   -1.3   -0.8   -0.7   -0.5    0.0  1.0  3000
b[61]      -0.4  0.3   -0.9   -0.6   -0.5   -0.2    0.2  1.1    44
b[62]      -0.4  0.3   -1.0   -0.7   -0.5   -0.3    0.4  1.1    35
b[63]      -0.6  0.3   -1.1   -0.7   -0.6   -0.4    0.1  1.0    94
b[64]      -0.7  0.3   -1.4   -0.9   -0.7   -0.6   -0.2  1.0   470
b[65]      -0.7  0.3   -1.3   -0.8   -0.7   -0.5    0.0  1.0  3000
b[66]      -0.6  0.2   -1.1   -0.8   -0.6   -0.5   -0.2  1.0   210
b[67]      -0.5  0.3   -0.9   -0.7   -0.5   -0.3    0.2  1.1    44
b[68]      -0.6  0.3   -1.3   -0.8   -0.6   -0.5    0.0  1.0  1000
b[69]      -0.7  0.3   -1.3   -0.8   -0.7   -0.5    0.0  1.0  3000
b[70]      -0.6  0.2   -0.9   -0.7   -0.6   -0.5   -0.2  1.0   520
b[71]      -0.8  0.2   -1.3   -0.9   -0.8   -0.6   -0.3  1.0   230
b[72]      -0.7  0.3   -1.4   -0.9   -0.7   -0.5    0.0  1.0   750
b[73]      -0.7  0.3   -1.3   -0.9   -0.7   -0.5    0.0  1.0   730
b[74]      -0.6  0.3   -1.2   -0.8   -0.6   -0.5    0.0  1.0   710
b[75]      -0.6  0.3   -1.1   -0.8   -0.6   -0.4    0.1  1.0    95
b[76]      -0.7  0.3   -1.3   -0.9   -0.7   -0.5   -0.1  1.0   380
b[77]      -0.8  0.3   -1.5   -1.0   -0.8   -0.6   -0.3  1.0   260
b[78]      -0.7  0.3   -1.3   -0.9   -0.7   -0.6   -0.2  1.0   510
b[79]      -0.7  0.3   -1.3   -0.8   -0.7   -0.5   -0.1  1.0   380
b[80]      -0.8  0.2   -1.3   -0.9   -0.8   -0.6   -0.4  1.0   150
b[81]      -0.5  0.3   -1.1   -0.7   -0.6   -0.4    0.2  1.1    45
b[82]      -0.7  0.3   -1.4   -0.9   -0.7   -0.5    0.0  1.0   380
b[83]      -1.0  0.3   -1.7   -1.2   -1.0   -0.8   -0.5  1.0    47
b[84]      -0.7  0.3   -1.3   -0.9   -0.7   -0.5   -0.1  1.0  1900
b[85]      -0.7  0.3   -1.3   -0.8   -0.7   -0.5    0.0  1.0   550
deviance 2079.1 17.1 2046.9 2067.7 2078.5 2090.4 2113.0  1.1    42
mu.a        1.5  0.1    1.4    1.4    1.5    1.5    1.6  1.0  3000
mu.b       -0.7  0.1   -0.8   -0.7   -0.7   -0.6   -0.5  1.0   110
rho        -0.2  0.3   -0.8   -0.5   -0.2    0.0    0.6  1.1   130
sigma.a     0.3  0.0    0.3    0.3    0.3    0.4    0.4  1.0   350
sigma.b     0.3  0.1    0.1    0.2    0.3    0.4    0.5  1.3    12
sigma.y     0.8  0.0    0.7    0.7    0.7    0.8    0.8  1.0   230

For each parameter, n.eff is a crude measure of effective sample size,
and Rhat is the potential scale reduction factor (at convergence, Rhat=1).

DIC info (using the rule, pD = var(deviance)/2)
pD = 138.9 and DIC = 2218.0
DIC is an estimate of expected predictive error (lower deviance is better).
> 

Compilation finished at Wed Nov  3 13:13:45
