Inference for Bugs model at "radon.4a.bug", fit using jags,
 3 chains, each with 10000 iterations (first 5000 discarded), n.thin = 5
 n.sims = 3000 iterations saved
           mean   sd   2.5%    25%    50%    75%  97.5% Rhat n.eff
B[1,1]      1.2  0.3    0.6    1.0    1.2    1.3    1.7    1  3000
B[2,1]      0.9  0.1    0.7    0.9    0.9    1.0    1.1    1  3000
B[3,1]      1.5  0.3    0.9    1.3    1.5    1.7    2.1    1  3000
B[4,1]      1.5  0.3    1.1    1.4    1.5    1.7    2.0    1  1700
B[5,1]      1.4  0.3    0.9    1.3    1.4    1.6    2.0    1  3000
B[6,1]      1.5  0.3    0.9    1.3    1.5    1.7    2.0    1  1200
B[7,1]      1.8  0.2    1.5    1.7    1.8    2.0    2.2    1  3000
B[8,1]      1.7  0.3    1.2    1.5    1.7    1.9    2.3    1  2600
B[9,1]      1.1  0.2    0.7    1.0    1.1    1.3    1.5    1  3000
B[10,1]     1.5  0.3    1.1    1.4    1.5    1.7    2.0    1  1900
B[11,1]     1.4  0.2    1.0    1.3    1.4    1.6    1.9    1  1700
B[12,1]     1.6  0.3    1.1    1.4    1.6    1.8    2.1    1  3000
B[13,1]     1.2  0.2    0.7    1.1    1.2    1.4    1.7    1  1300
B[14,1]     1.9  0.2    1.5    1.7    1.9    2.0    2.2    1   650
B[15,1]     1.4  0.3    0.8    1.2    1.4    1.6    1.9    1  1700
B[16,1]     1.2  0.3    0.6    1.0    1.2    1.4    1.8    1  2900
B[17,1]     1.4  0.3    0.9    1.2    1.4    1.6    2.0    1  3000
B[18,1]     1.2  0.2    0.8    1.0    1.2    1.3    1.6    1  3000
B[19,1]     1.4  0.1    1.2    1.3    1.4    1.4    1.5    1  2600
B[20,1]     1.6  0.3    1.0    1.4    1.6    1.8    2.2    1  2400
B[21,1]     1.6  0.2    1.2    1.5    1.6    1.8    2.0    1  3000
B[22,1]     1.0  0.2    0.5    0.8    1.0    1.2    1.5    1  2000
B[23,1]     1.4  0.3    0.8    1.2    1.4    1.6    2.0    1  2700
B[24,1]     1.9  0.2    1.5    1.7    1.9    2.0    2.3    1  2600
B[25,1]     1.8  0.2    1.4    1.7    1.8    1.9    2.1    1  2200
B[26,1]     1.4  0.1    1.2    1.3    1.4    1.4    1.5    1  3000
B[27,1]     1.6  0.2    1.2    1.5    1.6    1.8    2.1    1  3000
B[28,1]     1.3  0.3    0.8    1.1    1.3    1.5    1.8    1  3000
B[29,1]     1.3  0.3    0.8    1.1    1.3    1.5    1.8    1  3000
B[30,1]     1.1  0.2    0.7    1.0    1.1    1.2    1.4    1  3000
B[31,1]     1.8  0.3    1.3    1.6    1.8    1.9    2.3    1  3000
B[32,1]     1.4  0.3    0.9    1.2    1.4    1.5    1.8    1  3000
B[33,1]     1.7  0.3    1.2    1.6    1.7    1.9    2.3    1  3000
B[34,1]     1.5  0.3    1.0    1.3    1.5    1.7    2.1    1  3000
B[35,1]     1.0  0.3    0.5    0.9    1.0    1.2    1.5    1  3000
B[36,1]     1.9  0.3    1.3    1.7    1.9    2.1    2.5    1  3000
B[37,1]     0.8  0.2    0.3    0.6    0.8    0.9    1.2    1   820
B[38,1]     1.6  0.3    1.1    1.4    1.6    1.8    2.2    1  3000
B[39,1]     1.6  0.3    1.1    1.4    1.6    1.8    2.1    1  3000
B[40,1]     1.9  0.3    1.3    1.7    1.8    2.0    2.4    1  1700
B[41,1]     1.8  0.2    1.3    1.6    1.8    1.9    2.2    1  2600
B[42,1]     1.5  0.3    0.8    1.2    1.5    1.7    2.1    1  2700
B[43,1]     1.7  0.3    1.2    1.5    1.7    1.9    2.3    1   470
B[44,1]     1.2  0.2    0.8    1.1    1.2    1.4    1.7    1  1400
B[45,1]     1.4  0.2    1.0    1.2    1.4    1.5    1.7    1  3000
B[46,1]     1.3  0.2    0.9    1.2    1.3    1.5    1.8    1  3000
B[47,1]     1.3  0.3    0.8    1.1    1.3    1.5    1.9    1  3000
B[48,1]     1.2  0.2    0.8    1.1    1.2    1.4    1.7    1  3000
B[49,1]     1.7  0.2    1.3    1.5    1.7    1.8    2.1    1  1700
B[50,1]     1.7  0.3    1.0    1.4    1.6    1.9    2.3    1  3000
B[51,1]     1.8  0.3    1.3    1.6    1.8    2.0    2.3    1  1700
B[52,1]     1.6  0.3    1.1    1.5    1.6    1.8    2.2    1  3000
B[53,1]     1.4  0.3    0.8    1.2    1.4    1.6    1.9    1  3000
B[54,1]     1.4  0.1    1.1    1.3    1.4    1.5    1.6    1  3000
B[55,1]     1.5  0.2    1.1    1.4    1.5    1.7    2.0    1  3000
B[56,1]     1.4  0.3    0.8    1.2    1.4    1.6    2.0    1  3000
B[57,1]     1.1  0.2    0.6    0.9    1.1    1.2    1.5    1  1800
B[58,1]     1.6  0.3    1.1    1.4    1.6    1.8    2.2    1  3000
B[59,1]     1.6  0.3    1.1    1.4    1.6    1.8    2.1    1  2300
B[60,1]     1.4  0.3    0.8    1.2    1.4    1.6    2.0    1  1900
B[61,1]     1.2  0.1    0.9    1.1    1.2    1.3    1.4    1  2100
B[62,1]     1.7  0.3    1.2    1.5    1.7    1.8    2.2    1   730
B[63,1]     1.5  0.3    0.9    1.3    1.5    1.7    2.0    1  3000
B[64,1]     1.7  0.2    1.4    1.6    1.7    1.9    2.1    1  3000
B[65,1]     1.4  0.3    0.8    1.2    1.4    1.6    2.0    1  3000
B[66,1]     1.6  0.2    1.2    1.4    1.6    1.7    2.0    1  3000
B[67,1]     1.6  0.2    1.3    1.5    1.6    1.8    2.0    1  3000
B[68,1]     1.2  0.2    0.8    1.1    1.2    1.4    1.6    1  1200
B[69,1]     1.4  0.3    0.8    1.2    1.4    1.5    1.9    1  3000
B[70,1]     0.9  0.1    0.7    0.8    0.9    0.9    1.0    1  2800
B[71,1]     1.5  0.1    1.2    1.4    1.5    1.6    1.8    1  3000
B[72,1]     1.5  0.2    1.2    1.4    1.5    1.7    1.9    1  3000
B[73,1]     1.6  0.3    1.0    1.4    1.6    1.8    2.1    1  3000
B[74,1]     1.2  0.3    0.7    1.1    1.2    1.4    1.7    1  3000
B[75,1]     1.5  0.3    0.9    1.3    1.5    1.7    2.0    1  3000
B[76,1]     1.7  0.3    1.2    1.5    1.7    1.9    2.3    1  3000
B[77,1]     1.7  0.2    1.3    1.5    1.7    1.9    2.2    1  2700
B[78,1]     1.4  0.3    0.9    1.2    1.4    1.6    1.9    1  3000
B[79,1]     1.1  0.3    0.6    0.9    1.1    1.2    1.6    1  1900
B[80,1]     1.4  0.1    1.1    1.3    1.4    1.4    1.6    1  3000
B[81,1]     1.9  0.3    1.3    1.7    1.9    2.1    2.5    1  3000
B[82,1]     1.6  0.3    1.0    1.4    1.6    1.8    2.3    1  3000
B[83,1]     1.7  0.2    1.3    1.5    1.7    1.8    2.1    1  1300
B[84,1]     1.6  0.2    1.2    1.5    1.6    1.7    2.0    1  3000
B[85,1]     1.4  0.3    0.8    1.2    1.4    1.6    2.0    1  3000
B[1,2]     -0.6  0.3   -1.1   -0.7   -0.6   -0.4    0.1    1  2600
B[2,2]     -0.7  0.3   -1.3   -0.9   -0.7   -0.6   -0.3    1   340
B[3,2]     -0.7  0.3   -1.3   -0.8   -0.7   -0.5   -0.1    1  3000
B[4,2]     -0.7  0.3   -1.3   -0.9   -0.7   -0.6   -0.2    1  1700
B[5,2]     -0.6  0.3   -1.2   -0.8   -0.7   -0.5    0.0    1  1500
B[6,2]     -0.7  0.3   -1.3   -0.8   -0.7   -0.5    0.0    1  3000
B[7,2]     -0.5  0.3   -1.0   -0.7   -0.6   -0.4    0.2    1   460
B[8,2]     -0.7  0.3   -1.3   -0.9   -0.7   -0.6   -0.1    1  2400
B[9,2]     -0.5  0.3   -1.0   -0.7   -0.5   -0.3    0.3    1   580
B[10,2]    -0.8  0.3   -1.4   -0.9   -0.7   -0.6   -0.3    1  1900
B[11,2]    -0.7  0.3   -1.3   -0.8   -0.7   -0.5    0.0    1  3000
B[12,2]    -0.7  0.3   -1.3   -0.9   -0.7   -0.6   -0.1    1  3000
B[13,2]    -0.6  0.3   -1.2   -0.8   -0.6   -0.5    0.1    1   990
B[14,2]    -0.8  0.3   -1.4   -1.0   -0.8   -0.6   -0.3    1   600
B[15,2]    -0.7  0.3   -1.3   -0.8   -0.7   -0.5   -0.1    1  3000
B[16,2]    -0.6  0.3   -1.3   -0.8   -0.6   -0.5    0.0    1  3000
B[17,2]    -0.8  0.3   -1.4   -0.9   -0.8   -0.6   -0.3    1   540
B[18,2]    -0.5  0.3   -1.0   -0.7   -0.6   -0.4    0.1    1   760
B[19,2]    -0.7  0.2   -1.2   -0.9   -0.7   -0.6   -0.3    1  2400
B[20,2]    -0.7  0.3   -1.4   -0.9   -0.7   -0.5   -0.1    1   980
B[21,2]    -0.7  0.3   -1.2   -0.8   -0.7   -0.5   -0.1    1  1100
B[22,2]    -0.6  0.3   -1.2   -0.8   -0.6   -0.4    0.1    1  2300
B[23,2]    -0.7  0.3   -1.2   -0.8   -0.7   -0.5    0.0    1  3000
B[24,2]    -0.7  0.3   -1.3   -0.9   -0.7   -0.6   -0.2    1   430
B[25,2]    -0.5  0.3   -1.0   -0.7   -0.6   -0.4    0.2    1   340
B[26,2]    -0.8  0.2   -1.1   -0.9   -0.7   -0.6   -0.4    1   910
B[27,2]    -0.7  0.3   -1.2   -0.8   -0.7   -0.5   -0.1    1  1900
B[28,2]    -0.6  0.3   -1.2   -0.8   -0.7   -0.5    0.0    1  2300
B[29,2]    -0.7  0.3   -1.3   -0.8   -0.7   -0.5    0.0    1  3000
B[30,2]    -0.6  0.3   -1.2   -0.8   -0.6   -0.4    0.1    1  3000
B[31,2]    -0.8  0.3   -1.5   -0.9   -0.7   -0.6   -0.1    1  3000
B[32,2]    -0.7  0.3   -1.3   -0.8   -0.7   -0.5    0.0    1  2600
B[33,2]    -0.7  0.3   -1.5   -0.9   -0.7   -0.6   -0.1    1  2200
B[34,2]    -0.7  0.3   -1.3   -0.9   -0.7   -0.6   -0.1    1  3000
B[35,2]    -0.6  0.3   -1.0   -0.7   -0.6   -0.4    0.0    1  3000
B[36,2]    -0.6  0.3   -1.2   -0.8   -0.7   -0.4    0.1    1   450
B[37,2]    -0.5  0.3   -1.1   -0.7   -0.6   -0.3    0.2    1   550
B[38,2]    -0.7  0.3   -1.2   -0.8   -0.7   -0.5   -0.1    1  1200
B[39,2]    -0.7  0.3   -1.2   -0.8   -0.7   -0.5    0.0    1   750
B[40,2]    -0.8  0.3   -1.4   -0.9   -0.7   -0.6   -0.2    1  2600
B[41,2]    -0.6  0.3   -1.2   -0.8   -0.7   -0.5    0.0    1   960
B[42,2]    -0.7  0.3   -1.3   -0.8   -0.7   -0.5    0.0    1  3000
B[43,2]    -1.1  0.3   -1.8   -1.3   -1.0   -0.8   -0.6    1   140
B[44,2]    -0.8  0.3   -1.4   -0.9   -0.7   -0.6   -0.2    1   350
B[45,2]    -0.8  0.2   -1.3   -0.9   -0.7   -0.6   -0.3    1  2100
B[46,2]    -0.6  0.3   -1.2   -0.8   -0.7   -0.5    0.0    1  1500
B[47,2]    -0.8  0.3   -1.6   -1.0   -0.8   -0.6   -0.3    1   570
B[48,2]    -0.6  0.3   -1.1   -0.8   -0.6   -0.4    0.1    1  1700
B[49,2]    -0.9  0.3   -1.5   -1.0   -0.8   -0.7   -0.4    1   270
B[50,2]    -0.7  0.3   -1.4   -0.9   -0.7   -0.6   -0.1    1  1900
B[51,2]    -0.8  0.3   -1.5   -0.9   -0.7   -0.6   -0.1    1   760
B[52,2]    -0.7  0.3   -1.4   -0.9   -0.7   -0.6   -0.1    1  2000
B[53,2]    -0.7  0.3   -1.3   -0.8   -0.7   -0.5   -0.1    1  3000
B[54,2]    -0.8  0.3   -1.4   -1.0   -0.8   -0.7   -0.4    1   410
B[55,2]    -0.6  0.3   -1.1   -0.8   -0.6   -0.5    0.0    1  1300
B[56,2]    -0.8  0.3   -1.5   -0.9   -0.8   -0.6   -0.3    1   560
B[57,2]    -0.6  0.3   -1.2   -0.8   -0.6   -0.5    0.0    1   880
B[58,2]    -0.7  0.3   -1.2   -0.8   -0.7   -0.5   -0.1    1   660
B[59,2]    -0.8  0.3   -1.4   -0.9   -0.7   -0.6   -0.2    1  1200
B[60,2]    -0.7  0.3   -1.3   -0.8   -0.7   -0.5    0.0    1   720
B[61,2]    -0.4  0.3   -0.9   -0.6   -0.5   -0.3    0.2    1   250
B[62,2]    -0.5  0.3   -1.0   -0.7   -0.5   -0.3    0.4    1   210
B[63,2]    -0.6  0.3   -1.1   -0.8   -0.6   -0.4    0.1    1   460
B[64,2]    -0.8  0.3   -1.3   -0.9   -0.7   -0.6   -0.2    1  2400
B[65,2]    -0.7  0.3   -1.3   -0.8   -0.7   -0.5    0.0    1  3000
B[66,2]    -0.6  0.2   -1.1   -0.8   -0.7   -0.5   -0.2    1  3000
B[67,2]    -0.5  0.3   -0.9   -0.7   -0.5   -0.3    0.2    1   310
B[68,2]    -0.6  0.3   -1.3   -0.8   -0.6   -0.5    0.1    1   840
B[69,2]    -0.7  0.3   -1.3   -0.8   -0.7   -0.5    0.0    1  1500
B[70,2]    -0.6  0.2   -0.9   -0.7   -0.6   -0.5   -0.2    1  1200
B[71,2]    -0.8  0.2   -1.3   -0.9   -0.8   -0.6   -0.3    1  1700
B[72,2]    -0.7  0.3   -1.4   -0.9   -0.7   -0.6   -0.1    1  3000
B[73,2]    -0.7  0.3   -1.4   -0.9   -0.7   -0.5   -0.1    1  3000
B[74,2]    -0.6  0.3   -1.2   -0.8   -0.6   -0.5    0.1    1  1200
B[75,2]    -0.6  0.3   -1.1   -0.8   -0.6   -0.4    0.1    1   740
B[76,2]    -0.7  0.3   -1.4   -0.9   -0.7   -0.6   -0.1    1  3000
B[77,2]    -0.8  0.3   -1.6   -1.0   -0.8   -0.7   -0.3    1   570
B[78,2]    -0.7  0.3   -1.3   -0.9   -0.7   -0.6   -0.2    1  2100
B[79,2]    -0.7  0.3   -1.3   -0.8   -0.7   -0.5   -0.1    1  3000
B[80,2]    -0.8  0.2   -1.3   -0.9   -0.8   -0.6   -0.4    1   520
B[81,2]    -0.6  0.3   -1.2   -0.8   -0.6   -0.4    0.1    1   680
B[82,2]    -0.7  0.3   -1.4   -0.9   -0.7   -0.6   -0.1    1  3000
B[83,2]    -1.0  0.3   -1.8   -1.2   -1.0   -0.8   -0.5    1   160
B[84,2]    -0.7  0.3   -1.3   -0.9   -0.7   -0.6   -0.2    1  3000
B[85,2]    -0.7  0.3   -1.3   -0.8   -0.7   -0.5    0.0    1  3000
a[1]        1.2  0.3    0.6    1.0    1.2    1.3    1.7    1  3000
a[2]        0.9  0.1    0.7    0.9    0.9    1.0    1.1    1  3000
a[3]        1.5  0.3    0.9    1.3    1.5    1.7    2.1    1  3000
a[4]        1.5  0.3    1.1    1.4    1.5    1.7    2.0    1  1700
a[5]        1.4  0.3    0.9    1.3    1.4    1.6    2.0    1  3000
a[6]        1.5  0.3    0.9    1.3    1.5    1.7    2.0    1  1200
a[7]        1.8  0.2    1.5    1.7    1.8    2.0    2.2    1  3000
a[8]        1.7  0.3    1.2    1.5    1.7    1.9    2.3    1  2600
a[9]        1.1  0.2    0.7    1.0    1.1    1.3    1.5    1  3000
a[10]       1.5  0.3    1.1    1.4    1.5    1.7    2.0    1  1900
a[11]       1.4  0.2    1.0    1.3    1.4    1.6    1.9    1  1700
a[12]       1.6  0.3    1.1    1.4    1.6    1.8    2.1    1  3000
a[13]       1.2  0.2    0.7    1.1    1.2    1.4    1.7    1  1300
a[14]       1.9  0.2    1.5    1.7    1.9    2.0    2.2    1   650
a[15]       1.4  0.3    0.8    1.2    1.4    1.6    1.9    1  1700
a[16]       1.2  0.3    0.6    1.0    1.2    1.4    1.8    1  2900
a[17]       1.4  0.3    0.9    1.2    1.4    1.6    2.0    1  3000
a[18]       1.2  0.2    0.8    1.0    1.2    1.3    1.6    1  3000
a[19]       1.4  0.1    1.2    1.3    1.4    1.4    1.5    1  2600
a[20]       1.6  0.3    1.0    1.4    1.6    1.8    2.2    1  2400
a[21]       1.6  0.2    1.2    1.5    1.6    1.8    2.0    1  3000
a[22]       1.0  0.2    0.5    0.8    1.0    1.2    1.5    1  2000
a[23]       1.4  0.3    0.8    1.2    1.4    1.6    2.0    1  2700
a[24]       1.9  0.2    1.5    1.7    1.9    2.0    2.3    1  2600
a[25]       1.8  0.2    1.4    1.7    1.8    1.9    2.1    1  2200
a[26]       1.4  0.1    1.2    1.3    1.4    1.4    1.5    1  3000
a[27]       1.6  0.2    1.2    1.5    1.6    1.8    2.1    1  3000
a[28]       1.3  0.3    0.8    1.1    1.3    1.5    1.8    1  3000
a[29]       1.3  0.3    0.8    1.1    1.3    1.5    1.8    1  3000
a[30]       1.1  0.2    0.7    1.0    1.1    1.2    1.4    1  3000
a[31]       1.8  0.3    1.3    1.6    1.8    1.9    2.3    1  3000
a[32]       1.4  0.3    0.9    1.2    1.4    1.5    1.8    1  3000
a[33]       1.7  0.3    1.2    1.6    1.7    1.9    2.3    1  3000
a[34]       1.5  0.3    1.0    1.3    1.5    1.7    2.1    1  3000
a[35]       1.0  0.3    0.5    0.9    1.0    1.2    1.5    1  3000
a[36]       1.9  0.3    1.3    1.7    1.9    2.1    2.5    1  3000
a[37]       0.8  0.2    0.3    0.6    0.8    0.9    1.2    1   820
a[38]       1.6  0.3    1.1    1.4    1.6    1.8    2.2    1  3000
a[39]       1.6  0.3    1.1    1.4    1.6    1.8    2.1    1  3000
a[40]       1.9  0.3    1.3    1.7    1.8    2.0    2.4    1  1700
a[41]       1.8  0.2    1.3    1.6    1.8    1.9    2.2    1  2600
a[42]       1.5  0.3    0.8    1.2    1.5    1.7    2.1    1  2700
a[43]       1.7  0.3    1.2    1.5    1.7    1.9    2.3    1   470
a[44]       1.2  0.2    0.8    1.1    1.2    1.4    1.7    1  1400
a[45]       1.4  0.2    1.0    1.2    1.4    1.5    1.7    1  3000
a[46]       1.3  0.2    0.9    1.2    1.3    1.5    1.8    1  3000
a[47]       1.3  0.3    0.8    1.1    1.3    1.5    1.9    1  3000
a[48]       1.2  0.2    0.8    1.1    1.2    1.4    1.7    1  3000
a[49]       1.7  0.2    1.3    1.5    1.7    1.8    2.1    1  1700
a[50]       1.7  0.3    1.0    1.4    1.6    1.9    2.3    1  3000
a[51]       1.8  0.3    1.3    1.6    1.8    2.0    2.3    1  1700
a[52]       1.6  0.3    1.1    1.5    1.6    1.8    2.2    1  3000
a[53]       1.4  0.3    0.8    1.2    1.4    1.6    1.9    1  3000
a[54]       1.4  0.1    1.1    1.3    1.4    1.5    1.6    1  3000
a[55]       1.5  0.2    1.1    1.4    1.5    1.7    2.0    1  3000
a[56]       1.4  0.3    0.8    1.2    1.4    1.6    2.0    1  3000
a[57]       1.1  0.2    0.6    0.9    1.1    1.2    1.5    1  1800
a[58]       1.6  0.3    1.1    1.4    1.6    1.8    2.2    1  3000
a[59]       1.6  0.3    1.1    1.4    1.6    1.8    2.1    1  2300
a[60]       1.4  0.3    0.8    1.2    1.4    1.6    2.0    1  1900
a[61]       1.2  0.1    0.9    1.1    1.2    1.3    1.4    1  2100
a[62]       1.7  0.3    1.2    1.5    1.7    1.8    2.2    1   730
a[63]       1.5  0.3    0.9    1.3    1.5    1.7    2.0    1  3000
a[64]       1.7  0.2    1.4    1.6    1.7    1.9    2.1    1  3000
a[65]       1.4  0.3    0.8    1.2    1.4    1.6    2.0    1  3000
a[66]       1.6  0.2    1.2    1.4    1.6    1.7    2.0    1  3000
a[67]       1.6  0.2    1.3    1.5    1.6    1.8    2.0    1  3000
a[68]       1.2  0.2    0.8    1.1    1.2    1.4    1.6    1  1200
a[69]       1.4  0.3    0.8    1.2    1.4    1.5    1.9    1  3000
a[70]       0.9  0.1    0.7    0.8    0.9    0.9    1.0    1  2800
a[71]       1.5  0.1    1.2    1.4    1.5    1.6    1.8    1  3000
a[72]       1.5  0.2    1.2    1.4    1.5    1.7    1.9    1  3000
a[73]       1.6  0.3    1.0    1.4    1.6    1.8    2.1    1  3000
a[74]       1.2  0.3    0.7    1.1    1.2    1.4    1.7    1  3000
a[75]       1.5  0.3    0.9    1.3    1.5    1.7    2.0    1  3000
a[76]       1.7  0.3    1.2    1.5    1.7    1.9    2.3    1  3000
a[77]       1.7  0.2    1.3    1.5    1.7    1.9    2.2    1  2700
a[78]       1.4  0.3    0.9    1.2    1.4    1.6    1.9    1  3000
a[79]       1.1  0.3    0.6    0.9    1.1    1.2    1.6    1  1900
a[80]       1.4  0.1    1.1    1.3    1.4    1.4    1.6    1  3000
a[81]       1.9  0.3    1.3    1.7    1.9    2.1    2.5    1  3000
a[82]       1.6  0.3    1.0    1.4    1.6    1.8    2.3    1  3000
a[83]       1.7  0.2    1.3    1.5    1.7    1.8    2.1    1  1300
a[84]       1.6  0.2    1.2    1.5    1.6    1.7    2.0    1  3000
a[85]       1.4  0.3    0.8    1.2    1.4    1.6    2.0    1  3000
b[1]       -0.6  0.3   -1.1   -0.7   -0.6   -0.4    0.1    1  2600
b[2]       -0.7  0.3   -1.3   -0.9   -0.7   -0.6   -0.3    1   340
b[3]       -0.7  0.3   -1.3   -0.8   -0.7   -0.5   -0.1    1  3000
b[4]       -0.7  0.3   -1.3   -0.9   -0.7   -0.6   -0.2    1  1700
b[5]       -0.6  0.3   -1.2   -0.8   -0.7   -0.5    0.0    1  1500
b[6]       -0.7  0.3   -1.3   -0.8   -0.7   -0.5    0.0    1  3000
b[7]       -0.5  0.3   -1.0   -0.7   -0.6   -0.4    0.2    1   460
b[8]       -0.7  0.3   -1.3   -0.9   -0.7   -0.6   -0.1    1  2400
b[9]       -0.5  0.3   -1.0   -0.7   -0.5   -0.3    0.3    1   580
b[10]      -0.8  0.3   -1.4   -0.9   -0.7   -0.6   -0.3    1  1900
b[11]      -0.7  0.3   -1.3   -0.8   -0.7   -0.5    0.0    1  3000
b[12]      -0.7  0.3   -1.3   -0.9   -0.7   -0.6   -0.1    1  3000
b[13]      -0.6  0.3   -1.2   -0.8   -0.6   -0.5    0.1    1   990
b[14]      -0.8  0.3   -1.4   -1.0   -0.8   -0.6   -0.3    1   600
b[15]      -0.7  0.3   -1.3   -0.8   -0.7   -0.5   -0.1    1  3000
b[16]      -0.6  0.3   -1.3   -0.8   -0.6   -0.5    0.0    1  3000
b[17]      -0.8  0.3   -1.4   -0.9   -0.8   -0.6   -0.3    1   540
b[18]      -0.5  0.3   -1.0   -0.7   -0.6   -0.4    0.1    1   760
b[19]      -0.7  0.2   -1.2   -0.9   -0.7   -0.6   -0.3    1  2400
b[20]      -0.7  0.3   -1.4   -0.9   -0.7   -0.5   -0.1    1   980
b[21]      -0.7  0.3   -1.2   -0.8   -0.7   -0.5   -0.1    1  1100
b[22]      -0.6  0.3   -1.2   -0.8   -0.6   -0.4    0.1    1  2300
b[23]      -0.7  0.3   -1.2   -0.8   -0.7   -0.5    0.0    1  3000
b[24]      -0.7  0.3   -1.3   -0.9   -0.7   -0.6   -0.2    1   430
b[25]      -0.5  0.3   -1.0   -0.7   -0.6   -0.4    0.2    1   340
b[26]      -0.8  0.2   -1.1   -0.9   -0.7   -0.6   -0.4    1   910
b[27]      -0.7  0.3   -1.2   -0.8   -0.7   -0.5   -0.1    1  1900
b[28]      -0.6  0.3   -1.2   -0.8   -0.7   -0.5    0.0    1  2300
b[29]      -0.7  0.3   -1.3   -0.8   -0.7   -0.5    0.0    1  3000
b[30]      -0.6  0.3   -1.2   -0.8   -0.6   -0.4    0.1    1  3000
b[31]      -0.8  0.3   -1.5   -0.9   -0.7   -0.6   -0.1    1  3000
b[32]      -0.7  0.3   -1.3   -0.8   -0.7   -0.5    0.0    1  2600
b[33]      -0.7  0.3   -1.5   -0.9   -0.7   -0.6   -0.1    1  2200
b[34]      -0.7  0.3   -1.3   -0.9   -0.7   -0.6   -0.1    1  3000
b[35]      -0.6  0.3   -1.0   -0.7   -0.6   -0.4    0.0    1  3000
b[36]      -0.6  0.3   -1.2   -0.8   -0.7   -0.4    0.1    1   450
b[37]      -0.5  0.3   -1.1   -0.7   -0.6   -0.3    0.2    1   550
b[38]      -0.7  0.3   -1.2   -0.8   -0.7   -0.5   -0.1    1  1200
b[39]      -0.7  0.3   -1.2   -0.8   -0.7   -0.5    0.0    1   750
b[40]      -0.8  0.3   -1.4   -0.9   -0.7   -0.6   -0.2    1  2600
b[41]      -0.6  0.3   -1.2   -0.8   -0.7   -0.5    0.0    1   960
b[42]      -0.7  0.3   -1.3   -0.8   -0.7   -0.5    0.0    1  3000
b[43]      -1.1  0.3   -1.8   -1.3   -1.0   -0.8   -0.6    1   140
b[44]      -0.8  0.3   -1.4   -0.9   -0.7   -0.6   -0.2    1   350
b[45]      -0.8  0.2   -1.3   -0.9   -0.7   -0.6   -0.3    1  2100
b[46]      -0.6  0.3   -1.2   -0.8   -0.7   -0.5    0.0    1  1500
b[47]      -0.8  0.3   -1.6   -1.0   -0.8   -0.6   -0.3    1   570
b[48]      -0.6  0.3   -1.1   -0.8   -0.6   -0.4    0.1    1  1700
b[49]      -0.9  0.3   -1.5   -1.0   -0.8   -0.7   -0.4    1   270
b[50]      -0.7  0.3   -1.4   -0.9   -0.7   -0.6   -0.1    1  1900
b[51]      -0.8  0.3   -1.5   -0.9   -0.7   -0.6   -0.1    1   760
b[52]      -0.7  0.3   -1.4   -0.9   -0.7   -0.6   -0.1    1  2000
b[53]      -0.7  0.3   -1.3   -0.8   -0.7   -0.5   -0.1    1  3000
b[54]      -0.8  0.3   -1.4   -1.0   -0.8   -0.7   -0.4    1   410
b[55]      -0.6  0.3   -1.1   -0.8   -0.6   -0.5    0.0    1  1300
b[56]      -0.8  0.3   -1.5   -0.9   -0.8   -0.6   -0.3    1   560
b[57]      -0.6  0.3   -1.2   -0.8   -0.6   -0.5    0.0    1   880
b[58]      -0.7  0.3   -1.2   -0.8   -0.7   -0.5   -0.1    1   660
b[59]      -0.8  0.3   -1.4   -0.9   -0.7   -0.6   -0.2    1  1200
b[60]      -0.7  0.3   -1.3   -0.8   -0.7   -0.5    0.0    1   720
b[61]      -0.4  0.3   -0.9   -0.6   -0.5   -0.3    0.2    1   250
b[62]      -0.5  0.3   -1.0   -0.7   -0.5   -0.3    0.4    1   210
b[63]      -0.6  0.3   -1.1   -0.8   -0.6   -0.4    0.1    1   460
b[64]      -0.8  0.3   -1.3   -0.9   -0.7   -0.6   -0.2    1  2400
b[65]      -0.7  0.3   -1.3   -0.8   -0.7   -0.5    0.0    1  3000
b[66]      -0.6  0.2   -1.1   -0.8   -0.7   -0.5   -0.2    1  3000
b[67]      -0.5  0.3   -0.9   -0.7   -0.5   -0.3    0.2    1   310
b[68]      -0.6  0.3   -1.3   -0.8   -0.6   -0.5    0.1    1   840
b[69]      -0.7  0.3   -1.3   -0.8   -0.7   -0.5    0.0    1  1500
b[70]      -0.6  0.2   -0.9   -0.7   -0.6   -0.5   -0.2    1  1200
b[71]      -0.8  0.2   -1.3   -0.9   -0.8   -0.6   -0.3    1  1700
b[72]      -0.7  0.3   -1.4   -0.9   -0.7   -0.6   -0.1    1  3000
b[73]      -0.7  0.3   -1.4   -0.9   -0.7   -0.5   -0.1    1  3000
b[74]      -0.6  0.3   -1.2   -0.8   -0.6   -0.5    0.1    1  1200
b[75]      -0.6  0.3   -1.1   -0.8   -0.6   -0.4    0.1    1   740
b[76]      -0.7  0.3   -1.4   -0.9   -0.7   -0.6   -0.1    1  3000
b[77]      -0.8  0.3   -1.6   -1.0   -0.8   -0.7   -0.3    1   570
b[78]      -0.7  0.3   -1.3   -0.9   -0.7   -0.6   -0.2    1  2100
b[79]      -0.7  0.3   -1.3   -0.8   -0.7   -0.5   -0.1    1  3000
b[80]      -0.8  0.2   -1.3   -0.9   -0.8   -0.6   -0.4    1   520
b[81]      -0.6  0.3   -1.2   -0.8   -0.6   -0.4    0.1    1   680
b[82]      -0.7  0.3   -1.4   -0.9   -0.7   -0.6   -0.1    1  3000
b[83]      -1.0  0.3   -1.8   -1.2   -1.0   -0.8   -0.5    1   160
b[84]      -0.7  0.3   -1.3   -0.9   -0.7   -0.6   -0.2    1  3000
b[85]      -0.7  0.3   -1.3   -0.8   -0.7   -0.5    0.0    1  3000
deviance 2078.9 17.7 2043.9 2066.8 2079.4 2091.1 2112.0    1   190
mu.a        1.5  0.1    1.4    1.4    1.5    1.5    1.6    1  3000
mu.b       -0.7  0.1   -0.8   -0.7   -0.7   -0.6   -0.5    1  3000
rho        -0.3  0.4   -0.9   -0.5   -0.3   -0.1    0.5    1   110
sigma.a     0.4  0.1    0.3    0.3    0.3    0.4    0.5    1  2800
sigma.b     0.3  0.1    0.1    0.2    0.3    0.4    0.6    1   170
sigma.y     0.8  0.0    0.7    0.7    0.7    0.8    0.8    1   740
tau.y       1.8  0.1    1.6    1.7    1.8    1.8    2.0    1   740

For each parameter, n.eff is a crude measure of effective sample size,
and Rhat is the potential scale reduction factor (at convergence, Rhat=1).

DIC info (using the rule, pD = var(deviance)/2)
pD = 155.1 and DIC = 2234.1
DIC is an estimate of expected predictive error (lower deviance is better).


Compilation finished at Wed Nov  3 12:45:55
