             mean   sd   2.5%    25%    50%    75%  97.5% Rhat n.eff
B[1,1]        1.2  0.3    0.6    1.0    1.2    1.3    1.7  1.0   500
B[2,1]        0.9  0.1    0.7    0.9    0.9    1.0    1.1  1.0   970
B[3,1]        1.5  0.3    0.9    1.3    1.5    1.7    2.0  1.0  2300
B[4,1]        1.5  0.2    1.1    1.4    1.5    1.7    2.0  1.0  2800
B[5,1]        1.4  0.3    0.9    1.3    1.4    1.6    2.0  1.0  3000
B[6,1]        1.5  0.3    0.9    1.3    1.5    1.7    2.0  1.0  3000
B[7,1]        1.8  0.2    1.5    1.7    1.8    1.9    2.2  1.0   720
B[8,1]        1.7  0.3    1.2    1.5    1.7    1.9    2.2  1.0  3000
B[9,1]        1.1  0.2    0.7    1.0    1.1    1.3    1.5  1.0   470
B[10,1]       1.5  0.2    1.0    1.4    1.5    1.7    2.0  1.0  2900
B[11,1]       1.4  0.2    1.0    1.3    1.4    1.6    1.9  1.0  3000
B[12,1]       1.6  0.3    1.1    1.4    1.6    1.8    2.1  1.0  1400
B[13,1]       1.2  0.2    0.8    1.1    1.2    1.4    1.7  1.0  2500
B[14,1]       1.9  0.2    1.5    1.7    1.9    2.0    2.2  1.0  1000
B[15,1]       1.4  0.3    0.9    1.2    1.4    1.6    1.9  1.0  3000
B[16,1]       1.2  0.3    0.6    1.0    1.2    1.4    1.8  1.0  1100
B[17,1]       1.4  0.3    0.9    1.2    1.4    1.6    2.0  1.0  3000
B[18,1]       1.2  0.2    0.8    1.0    1.2    1.3    1.6  1.0   670
B[19,1]       1.4  0.1    1.2    1.3    1.4    1.4    1.5  1.0  3000
B[20,1]       1.6  0.3    1.1    1.4    1.6    1.8    2.1  1.0  3000
B[21,1]       1.6  0.2    1.2    1.5    1.6    1.8    2.0  1.0  3000
B[22,1]       1.0  0.2    0.5    0.8    1.0    1.2    1.4  1.0  1800
B[23,1]       1.4  0.3    0.8    1.2    1.4    1.6    2.0  1.0  2000
B[24,1]       1.9  0.2    1.5    1.7    1.9    2.0    2.3  1.0   970
B[25,1]       1.8  0.2    1.4    1.7    1.8    1.9    2.2  1.0  3000
B[26,1]       1.4  0.1    1.2    1.3    1.4    1.4    1.5  1.0  3000
B[27,1]       1.6  0.2    1.1    1.4    1.6    1.8    2.1  1.0  1200
B[28,1]       1.3  0.3    0.8    1.1    1.3    1.5    1.8  1.0   790
B[29,1]       1.3  0.3    0.8    1.1    1.3    1.5    1.8  1.0  3000
B[30,1]       1.1  0.2    0.7    1.0    1.1    1.2    1.5  1.0   940
B[31,1]       1.7  0.2    1.3    1.6    1.7    1.9    2.2  1.0  1600
B[32,1]       1.4  0.3    0.9    1.2    1.4    1.5    1.9  1.0  3000
B[33,1]       1.7  0.3    1.2    1.6    1.7    1.9    2.2  1.0  1600
B[34,1]       1.5  0.3    1.0    1.3    1.5    1.7    2.1  1.0  2600
B[35,1]       1.0  0.2    0.5    0.9    1.0    1.2    1.5  1.0   310
B[36,1]       1.8  0.3    1.2    1.6    1.8    2.1    2.5  1.0   430
B[37,1]       0.8  0.2    0.3    0.6    0.8    0.9    1.2  1.0  1600
B[38,1]       1.6  0.3    1.1    1.4    1.6    1.8    2.1  1.0  3000
B[39,1]       1.6  0.2    1.1    1.4    1.6    1.7    2.1  1.0   900
B[40,1]       1.8  0.3    1.3    1.6    1.8    2.0    2.4  1.0  3000
B[41,1]       1.8  0.2    1.3    1.6    1.8    1.9    2.2  1.0  1400
B[42,1]       1.4  0.3    0.8    1.2    1.4    1.7    2.0  1.0  3000
B[43,1]       1.7  0.3    1.2    1.5    1.7    1.9    2.2  1.0   130
B[44,1]       1.2  0.2    0.8    1.1    1.2    1.4    1.7  1.0  3000
B[45,1]       1.4  0.2    1.0    1.2    1.4    1.5    1.7  1.0  3000
B[46,1]       1.3  0.2    0.9    1.2    1.3    1.5    1.8  1.0   960
B[47,1]       1.3  0.3    0.7    1.1    1.3    1.5    1.9  1.0  1600
B[48,1]       1.2  0.2    0.8    1.1    1.2    1.4    1.7  1.0   730
B[49,1]       1.7  0.2    1.3    1.5    1.7    1.8    2.0  1.0  3000
B[50,1]       1.6  0.3    1.0    1.4    1.6    1.8    2.3  1.0  3000
B[51,1]       1.8  0.3    1.3    1.6    1.8    1.9    2.3  1.0  1900
B[52,1]       1.6  0.3    1.1    1.5    1.6    1.8    2.2  1.0  3000
B[53,1]       1.4  0.3    0.8    1.2    1.4    1.6    1.9  1.0  3000
B[54,1]       1.4  0.1    1.1    1.3    1.4    1.4    1.6  1.0  3000
B[55,1]       1.5  0.2    1.1    1.4    1.5    1.7    2.0  1.0  1900
B[56,1]       1.4  0.3    0.8    1.2    1.4    1.6    1.9  1.0  3000
B[57,1]       1.1  0.2    0.6    0.9    1.1    1.2    1.5  1.0  1400
B[58,1]       1.6  0.3    1.1    1.4    1.6    1.8    2.1  1.0  3000
B[59,1]       1.6  0.3    1.1    1.4    1.6    1.8    2.1  1.0  3000
B[60,1]       1.4  0.3    0.8    1.2    1.4    1.6    2.0  1.0  3000
B[61,1]       1.2  0.1    0.9    1.1    1.2    1.3    1.4  1.0   880
B[62,1]       1.7  0.3    1.2    1.5    1.7    1.8    2.2  1.0   820
B[63,1]       1.5  0.3    1.0    1.3    1.5    1.7    2.0  1.0  1000
B[64,1]       1.7  0.2    1.3    1.6    1.7    1.9    2.1  1.0  3000
B[65,1]       1.4  0.3    0.8    1.2    1.4    1.6    2.0  1.0  3000
B[66,1]       1.6  0.2    1.2    1.4    1.6    1.7    2.0  1.0   590
B[67,1]       1.6  0.2    1.2    1.5    1.6    1.8    2.0  1.0   390
B[68,1]       1.2  0.2    0.8    1.1    1.2    1.4    1.6  1.0  1300
B[69,1]       1.4  0.3    0.8    1.2    1.4    1.5    1.9  1.0  2200
B[70,1]       0.9  0.1    0.7    0.8    0.9    0.9    1.0  1.0   720
B[71,1]       1.5  0.1    1.2    1.4    1.5    1.6    1.8  1.0  3000
B[72,1]       1.5  0.2    1.2    1.4    1.5    1.7    1.9  1.0  3000
B[73,1]       1.6  0.3    1.0    1.4    1.6    1.8    2.1  1.0  1500
B[74,1]       1.3  0.3    0.7    1.1    1.3    1.4    1.8  1.0  3000
B[75,1]       1.5  0.3    1.0    1.3    1.5    1.7    2.1  1.0  3000
B[76,1]       1.7  0.3    1.2    1.5    1.7    1.9    2.2  1.0  1100
B[77,1]       1.7  0.2    1.3    1.5    1.7    1.8    2.1  1.0  1100
B[78,1]       1.4  0.3    0.9    1.2    1.4    1.6    1.9  1.0  3000
B[79,1]       1.1  0.3    0.6    0.9    1.1    1.3    1.6  1.0  3000
B[80,1]       1.4  0.1    1.1    1.3    1.4    1.4    1.6  1.0  3000
B[81,1]       1.9  0.3    1.3    1.7    1.9    2.1    2.5  1.0   520
B[82,1]       1.6  0.3    0.9    1.4    1.6    1.8    2.2  1.0  2500
B[83,1]       1.6  0.2    1.3    1.5    1.6    1.8    2.0  1.0   800
B[84,1]       1.6  0.2    1.2    1.5    1.6    1.7    1.9  1.0  3000
B[85,1]       1.4  0.3    0.8    1.2    1.4    1.6    2.0  1.0  3000
B[1,2]       -0.6  0.3   -1.1   -0.8   -0.6   -0.5    0.0  1.0   290
B[2,2]       -0.7  0.3   -1.3   -0.9   -0.7   -0.6   -0.3  1.0   100
B[3,2]       -0.7  0.3   -1.2   -0.8   -0.7   -0.5   -0.1  1.0   860
B[4,2]       -0.7  0.2   -1.2   -0.9   -0.7   -0.6   -0.3  1.0   970
B[5,2]       -0.6  0.3   -1.2   -0.8   -0.7   -0.5   -0.1  1.0   200
B[6,2]       -0.7  0.3   -1.3   -0.8   -0.7   -0.5   -0.1  1.0  3000
B[7,2]       -0.5  0.3   -1.0   -0.7   -0.6   -0.4    0.1  1.0    60
B[8,2]       -0.7  0.3   -1.2   -0.8   -0.7   -0.5   -0.2  1.0  1200
B[9,2]       -0.5  0.3   -1.0   -0.7   -0.5   -0.4    0.2  1.0   110
B[10,2]      -0.7  0.3   -1.3   -0.9   -0.7   -0.6   -0.3  1.0   840
B[11,2]      -0.7  0.3   -1.2   -0.8   -0.7   -0.5   -0.1  1.0  3000
B[12,2]      -0.7  0.3   -1.3   -0.9   -0.7   -0.6   -0.1  1.0  3000
B[13,2]      -0.6  0.3   -1.2   -0.8   -0.6   -0.5    0.0  1.0   510
B[14,2]      -0.8  0.2   -1.3   -0.9   -0.8   -0.6   -0.3  1.0   770
B[15,2]      -0.7  0.3   -1.2   -0.8   -0.7   -0.5   -0.1  1.0   950
B[16,2]      -0.6  0.3   -1.2   -0.8   -0.7   -0.5    0.0  1.0   910
B[17,2]      -0.8  0.3   -1.3   -0.9   -0.7   -0.6   -0.3  1.0   210
B[18,2]      -0.5  0.3   -1.0   -0.7   -0.6   -0.4    0.1  1.0    82
B[19,2]      -0.7  0.2   -1.2   -0.9   -0.7   -0.6   -0.3  1.0   500
B[20,2]      -0.7  0.3   -1.3   -0.9   -0.7   -0.6   -0.1  1.0  1600
B[21,2]      -0.7  0.3   -1.2   -0.8   -0.7   -0.5   -0.1  1.0   170
B[22,2]      -0.6  0.3   -1.2   -0.8   -0.6   -0.5    0.0  1.0  1700
B[23,2]      -0.7  0.3   -1.2   -0.8   -0.7   -0.5   -0.1  1.0  3000
B[24,2]      -0.7  0.3   -1.3   -0.9   -0.7   -0.6   -0.2  1.0   410
B[25,2]      -0.6  0.3   -1.0   -0.7   -0.6   -0.4    0.1  1.1    50
B[26,2]      -0.8  0.2   -1.1   -0.9   -0.7   -0.6   -0.4  1.0   770
B[27,2]      -0.7  0.3   -1.2   -0.8   -0.7   -0.5   -0.1  1.0   280
B[28,2]      -0.6  0.2   -1.1   -0.8   -0.7   -0.5   -0.1  1.0  1200
B[29,2]      -0.6  0.3   -1.2   -0.8   -0.7   -0.5    0.0  1.0   830
B[30,2]      -0.6  0.3   -1.2   -0.8   -0.6   -0.5    0.0  1.0   620
B[31,2]      -0.7  0.3   -1.3   -0.9   -0.7   -0.6   -0.2  1.0  3000
B[32,2]      -0.7  0.3   -1.2   -0.8   -0.7   -0.5    0.0  1.0   600
B[33,2]      -0.7  0.3   -1.4   -0.9   -0.7   -0.6   -0.1  1.0  2700
B[34,2]      -0.7  0.3   -1.3   -0.9   -0.7   -0.6   -0.2  1.0  1900
B[35,2]      -0.6  0.3   -1.1   -0.7   -0.6   -0.4    0.0  1.0   150
B[36,2]      -0.6  0.3   -1.1   -0.8   -0.6   -0.5    0.0  1.0   110
B[37,2]      -0.6  0.3   -1.1   -0.7   -0.6   -0.4    0.1  1.0   340
B[38,2]      -0.6  0.3   -1.1   -0.8   -0.6   -0.5   -0.1  1.0   220
B[39,2]      -0.7  0.3   -1.2   -0.8   -0.7   -0.5   -0.1  1.0   440
B[40,2]      -0.7  0.3   -1.3   -0.9   -0.7   -0.6   -0.2  1.0  2300
B[41,2]      -0.6  0.3   -1.1   -0.8   -0.7   -0.5    0.0  1.0   150
B[42,2]      -0.7  0.3   -1.3   -0.8   -0.7   -0.5   -0.1  1.0  1900
B[43,2]      -1.0  0.3   -1.8   -1.2   -1.0   -0.8   -0.5  1.1    35
B[44,2]      -0.8  0.3   -1.4   -0.9   -0.7   -0.6   -0.3  1.0   160
B[45,2]      -0.8  0.2   -1.3   -0.9   -0.7   -0.6   -0.3  1.0   170
B[46,2]      -0.7  0.3   -1.2   -0.8   -0.7   -0.5   -0.1  1.0  1000
B[47,2]      -0.8  0.3   -1.5   -1.0   -0.8   -0.6   -0.3  1.0   130
B[48,2]      -0.6  0.3   -1.1   -0.8   -0.6   -0.5    0.0  1.0   170
B[49,2]      -0.9  0.3   -1.5   -1.0   -0.8   -0.7   -0.4  1.0   130
B[50,2]      -0.7  0.3   -1.3   -0.9   -0.7   -0.5   -0.1  1.0  3000
B[51,2]      -0.7  0.3   -1.4   -0.9   -0.7   -0.6   -0.1  1.0  2700
B[52,2]      -0.7  0.3   -1.4   -0.9   -0.7   -0.6   -0.1  1.0  3000
B[53,2]      -0.7  0.3   -1.3   -0.9   -0.7   -0.5   -0.2  1.0  1700
B[54,2]      -0.8  0.2   -1.3   -0.9   -0.8   -0.6   -0.4  1.0    79
B[55,2]      -0.6  0.2   -1.1   -0.8   -0.6   -0.5   -0.1  1.0   270
B[56,2]      -0.8  0.3   -1.4   -0.9   -0.8   -0.6   -0.3  1.0   510
B[57,2]      -0.6  0.3   -1.2   -0.8   -0.7   -0.5   -0.1  1.0   490
B[58,2]      -0.7  0.3   -1.2   -0.8   -0.7   -0.5   -0.1  1.0   260
B[59,2]      -0.8  0.3   -1.3   -0.9   -0.7   -0.6   -0.3  1.0  2100
B[60,2]      -0.7  0.3   -1.2   -0.8   -0.7   -0.5   -0.1  1.0  3000
B[61,2]      -0.5  0.3   -0.9   -0.7   -0.5   -0.3    0.2  1.1    50
B[62,2]      -0.5  0.3   -1.0   -0.7   -0.6   -0.4    0.2  1.0    58
B[63,2]      -0.6  0.3   -1.1   -0.8   -0.6   -0.4    0.0  1.0   110
B[64,2]      -0.7  0.3   -1.3   -0.9   -0.7   -0.6   -0.2  1.0  3000
B[65,2]      -0.7  0.3   -1.3   -0.8   -0.7   -0.5   -0.1  1.0  3000
B[66,2]      -0.7  0.2   -1.1   -0.8   -0.7   -0.5   -0.2  1.0   260
B[67,2]      -0.5  0.3   -0.9   -0.7   -0.5   -0.4    0.1  1.1    35
B[68,2]      -0.7  0.3   -1.2   -0.8   -0.7   -0.5    0.0  1.0   470
B[69,2]      -0.7  0.3   -1.2   -0.8   -0.7   -0.5    0.0  1.0  1000
B[70,2]      -0.6  0.2   -0.9   -0.7   -0.6   -0.5   -0.3  1.0   410
B[71,2]      -0.8  0.2   -1.3   -0.9   -0.8   -0.6   -0.3  1.0  3000
B[72,2]      -0.7  0.3   -1.2   -0.8   -0.7   -0.5   -0.1  1.0   540
B[73,2]      -0.7  0.3   -1.3   -0.9   -0.7   -0.5   -0.1  1.0  3000
B[74,2]      -0.6  0.3   -1.2   -0.8   -0.7   -0.5    0.0  1.0   650
B[75,2]      -0.6  0.3   -1.1   -0.8   -0.6   -0.5    0.0  1.0   160
B[76,2]      -0.7  0.3   -1.3   -0.9   -0.7   -0.6   -0.2  1.0  3000
B[77,2]      -0.8  0.3   -1.5   -1.0   -0.8   -0.6   -0.3  1.0   280
B[78,2]      -0.7  0.3   -1.3   -0.9   -0.7   -0.6   -0.2  1.0  1200
B[79,2]      -0.7  0.3   -1.2   -0.8   -0.7   -0.5   -0.1  1.0   700
B[80,2]      -0.8  0.2   -1.2   -0.9   -0.8   -0.6   -0.4  1.0   260
B[81,2]      -0.6  0.3   -1.1   -0.8   -0.6   -0.4    0.1  1.0    86
B[82,2]      -0.7  0.3   -1.3   -0.9   -0.7   -0.5   -0.1  1.0  1700
B[83,2]      -1.0  0.3   -1.7   -1.1   -0.9   -0.8   -0.5  1.1    36
B[84,2]      -0.7  0.3   -1.3   -0.9   -0.7   -0.6   -0.2  1.0   840
B[85,2]      -0.7  0.3   -1.2   -0.8   -0.7   -0.5    0.0  1.0  2000
deviance   2081.3 17.2 2047.2 2069.7 2081.7 2092.9 2114.8  1.1    37
mu[1]         1.5  0.1    1.4    1.4    1.5    1.5    1.6  1.0   630
mu[2]        -0.7  0.1   -0.8   -0.7   -0.7   -0.6   -0.5  1.0   240
rho.B[1,1]    1.0  0.0    1.0    1.0    1.0    1.0    1.0  1.0     1
rho.B[2,1]   -0.2  0.3   -0.8   -0.5   -0.3    0.0    0.5  1.0   180
rho.B[1,2]   -0.2  0.3   -0.8   -0.5   -0.3    0.0    0.5  1.0   180
rho.B[2,2]    1.0  0.0    1.0    1.0    1.0    1.0    1.0  1.0     1
sigma.B[1]    0.3  0.0    0.3    0.3    0.3    0.4    0.4  1.0    86
sigma.B[2]    0.3  0.1    0.1    0.2    0.2    0.3    0.5  1.2    15
sigma.y       0.8  0.0    0.7    0.7    0.8    0.8    0.8  1.0   310

For each parameter, n.eff is a crude measure of effective sample size,
and Rhat is the potential scale reduction factor (at convergence, Rhat=1).

DIC info (using the rule, pD = var(deviance)/2)
pD = 139.5 and DIC = 2220.9
DIC is an estimate of expected predictive error (lower deviance is better).

