This is pdfeTeX, Version 3.141592-1.21a-2.2 (Web2C 7.5.4) (format=pdflatex 2007.6.27)  16 OCT 2008 12:57
entering extended mode
**lect15.ltx
(./lect15.ltx
LaTeX2e <2003/12/01>
Babel <v3.8d> and hyphenation patterns for american, french, german, ngerman, b
ahasa, basque, bulgarian, catalan, croatian, czech, danish, dutch, esperanto, e
stonian, finnish, greek, icelandic, irish, italian, latin, magyar, norsk, polis
h, portuges, romanian, russian, serbian, slovak, slovene, spanish, swedish, tur
kish, ukrainian, nohyphenation, loaded.
(/usr/share/texmf/tex/latex/base/slides.cls
Document Class: slides 1997/08/15 v2.3z Standard LaTeX document class
(/usr/share/texmf/tex/latex/base/slides.def
File: slides.def 1997/08/15 v2.3z SLiTeX definitions
 hacks, slides,
\c@page=\count79
 picture, mods,
\@smashboxa=\box26
\@smashboxb=\box27
\@smashboxc=\box28

output, init) (/usr/share/texmf/tex/latex/base/sfonts.def
File: sfonts.def 1998/06/12 v2.2e Standard LaTeX slide font definitions

(/usr/share/texmf/tex/latex/base/ot1lcmss.fd
File: ot1lcmss.fd 1998/06/12 v2.2e Standard LaTeX slide font definitions
))
\c@minutes=\count80
\c@seconds=\count81
\c@mv@invisible=\count82
LaTeX Font Info:    Overwriting symbol font `operators' in version `normal'
(Font)                  OT1/cmr/m/n --> OT1/lcmss/m/n on input line 369.
LaTeX Font Info:    Overwriting symbol font `letters' in version `normal'
(Font)                  OML/cmm/m/it --> OML/lcmm/m/it on input line 372.
LaTeX Font Info:    Overwriting symbol font `symbols' in version `normal'
(Font)                  OMS/cmsy/m/n --> OMS/lcmsy/m/n on input line 374.
LaTeX Font Info:    Overwriting symbol font `largesymbols' in version `normal'
(Font)                  OMX/cmex/m/n --> OMX/lcmex/m/n on input line 376.
LaTeX Font Info:    Overwriting symbol font `operators' in version `invisible'
(Font)                  OT1/cmr/m/n --> OT1/lcmss/m/In on input line 379.
LaTeX Font Info:    Overwriting symbol font `letters' in version `invisible'
(Font)                  OML/cmm/m/it --> OML/lcmm/m/Iit on input line 381.
LaTeX Font Info:    Overwriting symbol font `symbols' in version `invisible'
(Font)                  OMS/cmsy/m/n --> OMS/lcmsy/m/In on input line 383.
LaTeX Font Info:    Overwriting symbol font `largesymbols' in version `invisibl
e'
(Font)                  OMX/cmex/m/n --> OMX/lcmex/m/In on input line 385.
)
(/usr/share/texmf/tex/latex/graphics/graphicx.sty
Package: graphicx 1999/02/16 v1.0f Enhanced LaTeX Graphics (DPC,SPQR)

(/usr/share/texmf/tex/latex/graphics/keyval.sty
Package: keyval 1999/03/16 v1.13 key=value parser (DPC)
\KV@toks@=\toks14
)
(/usr/share/texmf/tex/latex/graphics/graphics.sty
Package: graphics 2001/07/07 v1.0n Standard LaTeX Graphics (DPC,SPQR)

(/usr/share/texmf/tex/latex/graphics/trig.sty
Package: trig 1999/03/16 v1.09 sin cos tan (DPC)
)
(/usr/share/texmf/tex/latex/graphics/graphics.cfg
File: graphics.cfg 2005/02/03 v1.3 graphics configuration of teTeX/TeXLive
)
Package graphics Info: Driver file: pdftex.def on input line 80.

(/usr/share/texmf/tex/latex/graphics/pdftex.def
File: pdftex.def 2002/06/19 v0.03k graphics/color for pdftex
\Gread@gobject=\count83
))
\Gin@req@height=\dimen102
\Gin@req@width=\dimen103
) (./lect15.aux)
\openout1 = `lect15.aux'.

LaTeX Font Info:    Checking defaults for OML/cmm/m/it on input line 13.
LaTeX Font Info:    ... okay on input line 13.
LaTeX Font Info:    Checking defaults for T1/cmr/m/n on input line 13.
LaTeX Font Info:    ... okay on input line 13.
LaTeX Font Info:    Checking defaults for OT1/lcmss/m/n on input line 13.
LaTeX Font Info:    ... okay on input line 13.
LaTeX Font Info:    Checking defaults for OMS/cmsy/m/n on input line 13.
LaTeX Font Info:    ... okay on input line 13.
LaTeX Font Info:    Checking defaults for OMX/cmex/m/n on input line 13.
LaTeX Font Info:    ... okay on input line 13.
LaTeX Font Info:    Checking defaults for U/cmr/m/n on input line 13.
LaTeX Font Info:    ... okay on input line 13.

(/usr/share/texmf/tex/context/base/supp-pdf.tex
(/usr/share/texmf/tex/context/base/supp-mis.tex
loading : Context Support Macros / Miscellaneous (2004.10.26)
\protectiondepth=\count84
\scratchcounter=\count85
\scratchtoks=\toks15
\scratchdimen=\dimen104
\scratchskip=\skip41
\scratchmuskip=\muskip10
\scratchbox=\box29
\scratchread=\read1
\scratchwrite=\write3
\zeropoint=\dimen105
\onepoint=\dimen106
\onebasepoint=\dimen107
\minusone=\count86
\thousandpoint=\dimen108
\onerealpoint=\dimen109
\emptytoks=\toks16
\nextbox=\box30
\nextdepth=\dimen110
\everyline=\toks17
\!!counta=\count87
\!!countb=\count88
\recursecounter=\count89
)
loading : Context Support Macros / PDF (2004.03.26)
\nofMPsegments=\count90
\nofMParguments=\count91
\MPscratchCnt=\count92
\MPscratchDim=\dimen111
\MPnumerator=\count93
\everyMPtoPDFconversion=\toks18
)
LaTeX Font Info:    Try loading font information for OT1+lcmtt on input line 19
.
 (/usr/share/texmf/tex/latex/base/ot1lcmtt.fd
File: ot1lcmtt.fd 1998/06/12 v2.2e Standard LaTeX slide font definitions
) [1

{/usr/share/texmf-var/fonts/map/pdftex/updmap/pdftex.map}]
LaTeX Font Info:    Try loading font information for OML+lcmm on input line 28.

 (/usr/share/texmf/tex/latex/base/omllcmm.fd
File: omllcmm.fd 1998/06/12 v2.2e Standard LaTeX slide font definitions
)
LaTeX Font Info:    Try loading font information for OMS+lcmsy on input line 28
.

(/usr/share/texmf/tex/latex/base/omslcmsy.fd
File: omslcmsy.fd 1998/06/12 v2.2e Standard LaTeX slide font definitions
)
LaTeX Font Info:    Try loading font information for OMX+lcmex on input line 28
.

(/usr/share/texmf/tex/latex/base/omxlcmex.fd
File: omxlcmex.fd 1998/06/12 v2.2e Standard LaTeX slide font definitions
)
LaTeX Font Info:    External font `cmex10 at17.28pt' loaded for size
(Font)              <19.907> on input line 28.
LaTeX Font Info:    External font `cmex10 at17.28pt' loaded for size
(Font)              <16.59> on input line 28.
LaTeX Font Info:    External font `cmex10 at17.28pt' loaded for size
(Font)              <13.82> on input line 28.
 [2] [3] [4] [5]

LaTeX Font Warning: Font shape `OT1/cmr/bx/n' in size <19.907> not available
(Font)              size <20.74> substituted on input line 77.


LaTeX Font Warning: Font shape `OT1/cmr/bx/n' in size <16.59> not available
(Font)              size <17.28> substituted on input line 77.


LaTeX Font Warning: Font shape `OT1/cmr/bx/n' in size <13.82> not available
(Font)              size <14.4> substituted on input line 77.

[6] [7] [8] [9] [10] [11]
Overfull \hbox (49.18988pt too wide) in paragraph at lines 182--184
[]\OT1/lcmss/m/n/19.907 If $\OMS/lcmsy/m/n/19.907 H[] \OT1/lcmss/m/n/19.907 = \
OMS/lcmsy/m/n/19.907 ff\OML/lcmm/m/it/19.907 A; B; C\OMS/lcmsy/m/n/19.907 g\OML
/lcmm/m/it/19.907 ; \OMS/lcmsy/m/n/19.907 f\OML/lcmm/m/it/19.907 A; F\OMS/lcmsy
/m/n/19.907 g\OML/lcmm/m/it/19.907 ; \OMS/lcmsy/m/n/19.907 f\OML/lcmm/m/it/19.9
07 F; G\OMS/lcmsy/m/n/19.907 g\OML/lcmm/m/it/19.907 ; \OMS/lcmsy/m/n/19.907 f\O
ML/lcmm/m/it/19.907 B; G\OMS/lcmsy/m/n/19.907 gg$ \OT1/lcmss/m/n/19.907 and $\O
MS/lcmsy/m/n/19.907 H[] \OT1/lcmss/m/n/19.907 = \OMS/lcmsy/m/n/19.907 ff\OML/lc
mm/m/it/19.907 B; C; D\OMS/lcmsy/m/n/19.907 g\OML/lcmm/m/it/19.907 ; \OMS/lcmsy
/m/n/19.907 f\OML/lcmm/m/it/19.907 D; E\OMS/lcmsy/m/n/19.907 gg$
 []

[12] [13] [14] [15] (./lect15.aux)

LaTeX Font Warning: Size substitutions with differences
(Font)              up to 0.83301pt have occurred.

 ) 
Here is how much of TeX's memory you used:
 984 strings out of 94500
 12923 string characters out of 1176766
 59034 words of memory out of 1000000
 4189 multiletter control sequences out of 10000+50000
 8658 words of font info for 31 fonts, out of 500000 for 2000
 580 hyphenation exceptions out of 1000
 25i,7n,21p,222b,228s stack positions out of 1500i,500n,5000p,200000b,5000s
PDF statistics:
 72 PDF objects out of 300000
 0 named destinations out of 131072
 1 words of extra memory for PDF output out of 65536
</usr/share/texmf/fonts/type1/bluesky/cm/cmex10.pfb></usr/share/texmf/fonts/t
ype1/bluesky/cm/cmbx12.pfb></usr/share/texmf/fonts/type1/bluesky/cm/cmmi8.pfb><
/usr/share/texmf/fonts/type1/bluesky/latex/lcmssi8.pfb></usr/share/texmf/fonts/
type1/bluesky/cm/cmsy8.pfb></usr/share/texmf/fonts/type1/bluesky/latex/lcmss8.p
fb></usr/share/texmf/fonts/type1/bluesky/cm/cmtt8.pfb></usr/share/texmf/fonts/t
ype1/bluesky/latex/lcmssb8.pfb>
Output written on lect15.pdf (15 pages, 66377 bytes).
