 SUDDEN ACCELARATION OF A FLAT PLATE
======================================

 IT    SX     CD     CL   GAMMAT   CLT
  1 -0.250  0.087  1.078  0.394  1.969
  2 -0.500  0.032  0.499  0.498  0.912
  3 -0.750  0.025  0.459  0.566  0.839
  4 -1.000  0.021  0.448  0.617  0.818
  5 -1.250  0.018  0.446  0.656  0.815
  6 -1.500  0.016  0.448  0.689  0.818
  7 -1.750  0.015  0.451  0.716  0.824
  8 -2.000  0.014  0.454  0.739  0.830
  9 -2.250  0.013  0.458  0.759  0.837
 10 -2.500  0.012  0.462  0.776  0.844
 11 -2.750  0.011  0.466  0.791  0.850
 12 -3.000  0.010  0.470  0.804  0.858
 13 -3.250  0.009  0.473  0.816  0.863
 14 -3.500  0.009  0.476  0.827  0.869
 15 -3.750  0.008  0.479  0.837  0.875
 16 -4.000  0.008  0.482  0.846  0.879
 17 -4.250  0.007  0.484  0.853  0.884
 18 -4.500  0.007  0.487  0.861  0.890
 19 -4.750  0.007  0.489  0.867  0.893
 20 -5.000  0.006  0.491  0.873  0.897
