UNSTEADY FLOW IN A CHANNEL WITH MOVING BOUNDARIES 
 ====================================================
   
      FLUID DENSITY     :   1.
      DYNAMIC VISCOSITY :   1.97238659E-05
      CONVERGENCE CRIT. :   0.001
      SIP-PARAMETER     :   0.92
     
      MOVING GRID ACTIVATED
     
      UNDER-RELAXATION FOR U:   0.8
      UNDER-RELAXATION FOR V:   0.8
      UNDER-RELAXATION FOR P:   0.4
      
      DIFFUSIVE FLUXES DISCRETIZED USING CDS 
      CONTRIBUTION OF CDS VS. UDS IN CONV. FLUXES: 
      BLENDING FACTOR FOR U:   1.
      BLENDING FACTOR FOR V:   1.
      
      CONV. CRIT. FOR U:   0.01
      CONV. CRIT. FOR V:   0.01
      CONV. CRIT. FOR P:   0.01
      
      MAX. INNER ITER. FOR U:  15
      MAX. INNER ITER. FOR V:  15
      MAX. INNER ITER. FOR P:  50
      
      TIME STEP SIZE:                    0.00135
      NUMBER OF TIME STEPS TO PERFORM:  600
      SAVE RESULTS EVERY    10 TIME STEPS
      BLENDING   0. OF THREE TIME LEVEL SCHEME
          WITH   1. OF IMPLICIT EULER SCHEME 
      
  ** TIME STEP=    10   TIME =   1.35000E-02 **
  ** TIME STEP=    20   TIME =   2.70000E-02 **
  ** TIME STEP=    30   TIME =   4.05000E-02 **
  ** TIME STEP=    40   TIME =   5.40000E-02 **
  ** TIME STEP=    50   TIME =   6.75000E-02 **
  ** TIME STEP=    60   TIME =   8.10000E-02 **
  ** TIME STEP=    70   TIME =   9.45000E-02 **
  ** TIME STEP=    80   TIME =   1.08000E-01 **
  ** TIME STEP=    90   TIME =   1.21500E-01 **
  ** TIME STEP=   100   TIME =   1.35000E-01 **
  ** TIME STEP=   110   TIME =   1.48500E-01 **
  ** TIME STEP=   120   TIME =   1.62000E-01 **
  ** TIME STEP=   130   TIME =   1.75500E-01 **
  ** TIME STEP=   140   TIME =   1.89000E-01 **
  ** TIME STEP=   150   TIME =   2.02500E-01 **
  ** TIME STEP=   160   TIME =   2.16000E-01 **
  ** TIME STEP=   170   TIME =   2.29500E-01 **
  ** TIME STEP=   180   TIME =   2.43000E-01 **
  ** TIME STEP=   190   TIME =   2.56500E-01 **
