		*** ECHO OF THE INPUT DATA STARTS ***

Prob 4.6.3: DEFORMATION OF A CONSTRAINED STRUCTURE
  1  0  0              MODEL, NTYPE, ITEM 
  1  3                 IELEM, NEM
  0  1                 ICONT, NPRNT
  5                    NNM  

  1      3      0.3    NOD(1,J)    
  35.0E6 0.0           AX0, AX1      Data for
  0.0    0.0           BX0, BX1      Element1
  0.0    0.0           CX0, CX1    
  0.0    0.0    0.0    FX0,FX1,FX2 

  2      4      0.4    NOD(2,J)    
 120.0E6 0.0           AX0, AX1      Data for
  0.0    0.0           BX0, BX1      Element2
  0.0    0.0           CX0, CX1    
  0.0    0.0    0.0    FX0,FX1,FX2 

  1      5      1.0    NOD(3,J)    
  0.0    0.0           AX0, AX1      Data for
  0.0    0.0           BX0, BX1      Element3
  0.0    0.0           CX0, CX1    
  0.0    0.0    0.0    FX0,FX1,FX2 

   2                   NSPV
   3 1   0.0           ISPV(1,1),ISPV(1,2),VSPV(1)
   4 1   0.0           ISpV(2,1),ISpV(2,2),VSpV(2)
   0                   NSSV
   0                   NNBC
   2                   NMPC
   1 1   5 1  3.0 -1.0 0.0 0.0
   2 1   5 1  1.8 -1.0 0.0 3.E4           
			     IMC1(1,1),IMC1(1,2),IMC2(1,1),IMC2(1,2),
			     (VMPC(1,I), I=1to4)



		*** ECHO OF THE INPUT DATA ENDS ***

______________________________________________________________________________

               OUTPUT from program   FEM1D   by J N REDDY 
______________________________________________________________________________

	 ANALYSIS OF MODEL 1, AND TYPE 0 PROBLEM 
	  (**********see the code below**********)

	model=1:ntype=0: A problem described by model EQ. 1
	model=1:ntype=1: A circular disk (PLANE STRESS) 
	model=1:ntype>1: A circular disk (PLANE STRAIN) 
	model=2,ntype=0: A Timoshenko BEAM (RIE) problem
	model=2,ntype=1: A Timoshenko PLATE (RIE) problem
	model=2,ntype=2: A Timoshenko BEAM (CIE) problem
	model=2,ntype>2: A Timoshenko PLATE (CIE) problem
	model=3,ntype=0: A Euler-Bernoulli BEAM problem
	model=3,ntype>0: A Euler-Bernoulli circular PLATE 
	model=4,ntype=0: A plane TRUSS problem
	model=4,ntype=1: A Euler-bernoulli FRAME problem
	model=4,ntype=2: A Timoshenko (CIE) FRAME problem

Element coefficient matrix, [ELK]:
	 1.16667e+008	-1.16667e+008
	-1.16667e+008	 1.16667e+008

Element source vector, {ELF}:
	 0.00000e+000	 0.00000e+000

Element coefficient matrix, [ELK]:
	 3.00000e+008	-3.00000e+008
	-3.00000e+008	 3.00000e+008

Element source vector, {ELF}:
	 0.00000e+000	 0.00000e+000

Element coefficient matrix, [ELK]:
	 0.00000e+000	 0.00000e+000
	 0.00000e+000	 0.00000e+000

Element source vector, {ELF}:
	 0.00000e+000	 0.00000e+000

SOLUTION (values of pvs) at the NODES:
 9.47390e-005  1.57894e-004  0.00000e+000  0.00000e+000  2.84218e-004 

Forces at the constrained points:

 1.10529e+004	 4.73683e+004	
-3.68430e+003	-2.63157e+004	
