		*** ECHO OF THE INPUT DATA STARTS ***

   Example 4.3.1: Heat transfer in a composite wall
      1  0  0                                MODEL, NTYPE, ITEM
      1  3                                   IELEM, NEM
      0  0                                   ICONT, NPRNT
     4                                       NNM
     1       2     0.02                      NOD(1,J), GLX(1)    
     70.0   0.0                              AX0, AX1    |  Data for
     0.0    0.0                              BX0, BX1    |  Element-1
     0.0    0.0                              CX0, CX1    |
     0.0    0.0    0.0                       FX0,FX1,FX2 |

     2       3     0.025                     NOD(2,J), GLX(2)    
     40.0   0.0                              AX0, AX1    |  Data for
     0.0    0.0                              BX0, BX1    |  Element-2
     0.0    0.0                              CX0, CX1    |
     0.0    0.0    0.0                       FX0,FX1,FX2 |

     3       4     0.04                      NOD(2,J), GLX(3)    
     20.0   0.0                              AX0, AX1    |  Data for
     0.0    0.0                              BX0, BX1    |  Element-3
     0.0    0.0                              CX0, CX1    |
     0.0    0.0    0.0                       FX0,FX1,FX2 |

   1                                         NSPV
   1    1   200.0                            ISPV(1,1), ISPV(1,2), VSPV(1)
   
   0                                         NSSV

   1                                         NNBC  (with convection)
   4    1    10.0  50.0                      INBC(1,1),INBC(1,2),VNBC(1),UREF(1)
   0                                         NMPC



		*** ECHO OF THE INPUT DATA ENDS ***

______________________________________________________________________________

               OUTPUT from program   FEM1D   by J N REDDY 
______________________________________________________________________________

	 ANALYSIS OF MODEL 1, AND TYPE 0 PROBLEM 
	  (**********see the code below**********)

	model=1:ntype=0: A problem described by model EQ. 1
	model=1:ntype=1: A circular disk (PLANE STRESS) 
	model=1:ntype>1: A circular disk (PLANE STRAIN) 
	model=2,ntype=0: A Timoshenko BEAM (RIE) problem
	model=2,ntype=1: A Timoshenko PLATE (RIE) problem
	model=2,ntype=2: A Timoshenko BEAM (CIE) problem
	model=2,ntype>2: A Timoshenko PLATE (CIE) problem
	model=3,ntype=0: A Euler-Bernoulli BEAM problem
	model=3,ntype>0: A Euler-Bernoulli circular PLATE 
	model=4,ntype=0: A plane TRUSS problem
	model=4,ntype=1: A Euler-bernoulli FRAME problem
	model=4,ntype=2: A Timoshenko (CIE) FRAME problem

SOLUTION (values of pvs) at the NODES:
 2.00000e+002  1.99584e+002  1.98673e+002  1.95757e+002 
______________________________________________________________________________

______________________________________________________________________________

x is the Global coord. if icont=1 and it is the local coord. if icont=0
		 x 		P. Variable 	S. Variable
______________________________________________________________________________

______________________________________________________________________________

	 0.00000e+000	 2.00000e+002	-1.45757e+003	 
	 2.50000e-003	 1.99948e+002	-1.45757e+003	 
	 5.00000e-003	 1.99896e+002	-1.45757e+003	 
	 7.50000e-003	 1.99844e+002	-1.45757e+003	 
	 1.00000e-002	 1.99792e+002	-1.45757e+003	 
	 1.25000e-002	 1.99740e+002	-1.45757e+003	 
	 1.50000e-002	 1.99688e+002	-1.45757e+003	 
	 1.75000e-002	 1.99636e+002	-1.45757e+003	 
	 2.00000e-002	 1.99584e+002	-1.45757e+003	 
	 0.00000e+000	 1.99584e+002	-1.45757e+003	 
	 3.12500e-003	 1.99470e+002	-1.45757e+003	 
	 6.25000e-003	 1.99356e+002	-1.45757e+003	 
	 9.37500e-003	 1.99242e+002	-1.45757e+003	 
	 1.25000e-002	 1.99128e+002	-1.45757e+003	 
	 1.56250e-002	 1.99014e+002	-1.45757e+003	 
	 1.87500e-002	 1.98900e+002	-1.45757e+003	 
	 2.18750e-002	 1.98786e+002	-1.45757e+003	 
	 2.50000e-002	 1.98673e+002	-1.45757e+003	 
	 0.00000e+000	 1.98673e+002	-1.45757e+003	 
	 5.00000e-003	 1.98308e+002	-1.45757e+003	 
	 1.00000e-002	 1.97944e+002	-1.45757e+003	 
	 1.50000e-002	 1.97579e+002	-1.45757e+003	 
	 2.00000e-002	 1.97215e+002	-1.45757e+003	 
	 2.50000e-002	 1.96851e+002	-1.45757e+003	 
	 3.00000e-002	 1.96486e+002	-1.45757e+003	 
	 3.50000e-002	 1.96122e+002	-1.45757e+003	 
	 4.00000e-002	 1.95757e+002	-1.45757e+003	 
______________________________________________________________________________

