		*** ECHO OF THE INPUT DATA STARTS ***

Example 4.3.2(1): Rectangular cooling fin          TITLE
       1  0  0                               MODEL, NTYPE, ITEM 
       2  2                                  IELEM, NEM
       1  2                                  ICONT, NPRNT
       0.0  50.0E-03  50.0E-03               DX(1)=X0; DX(2), etc. Ele. lengths
       1.925E-03  0.0                        AX0,  AX1
       0.0        0.0                        BX0,  BX1
       0.3        0.0                        CX0, CX1
       6.0   0.0  0.0                        FX0, FX1, FX2
       1                                     NSPV
       1   1   100.0                         ISPV(1,1), ISPV(1,2), VSPV(1)
       0                                     NSSV     
       1                                     NNBC
       5   1   0.000125   20.0
       0                                     NMPC

Example 4.3.2(2): Rectangular cooling fin          TITLE
       1  0  0                               MODEL, NTYPE, ITEM 
       1  4                                  IELEM, NEM
       1  2                                  ICONT, NPRNT
 0.0  25.0E-03  25.0E-03 25.0E-03 25.0E-03   DX(1)=X0; DX(2), etc. Ele. lengths
       1.925E-03  0.0                        AX0,  AX1
       0.0        0.0                        BX0,  BX1
       0.3        0.0                        CX0, CX1
       6.0   0.0  0.0                        FX0, FX1, FX2
       1                                     NSPV
       1   1   100.0                         ISPV(1,1), ISPV(1,2), VSPV(1)
       0                                     NSSV     
       1                                     NNBC
       5   1   0.000125   20.0
       0                                     NMPC

 
Example 3.3.4b: Rectangular cooling fin          TITLE
       1  0  0                               MODEL, NTYPE, ITEM 
       1  4                                  IELEM, NEM
       1  0                                  ICONT, NPRNT
 0.0  25.0E-03  25.0E-03 25.0E-03 25.0E-03   DX(1)=X0; DX(2), etc. Ele. lengths
       1.925E-03  0.0                        AX0,  AX1
       0.0        0.0                        BX0,  BX1
       0.3        0.0                        CX0, CX1
       6.0   0.0  0.0                        FX0, FX1, FX2
       2                                     NSPV
       1   1   100.0                         ISPV(1,1), ISPV(1,2), VSPV(1)
       5   1    20.0                         ISPV(1,1), ISPV(1,2), VSPV(1)
       0                                     NSSV     
       0                                     NNBC
       0                                     NMPC



		*** ECHO OF THE INPUT DATA ENDS ***

______________________________________________________________________________

               OUTPUT from program   FEM1D   by J N REDDY 
______________________________________________________________________________

	 ANALYSIS OF MODEL 1, AND TYPE 0 PROBLEM 
	  (**********see the code below**********)

	model=1:ntype=0: A problem described by model EQ. 1
	model=1:ntype=1: A circular disk (PLANE STRESS) 
	model=1:ntype>1: A circular disk (PLANE STRAIN) 
	model=2,ntype=0: A Timoshenko BEAM (RIE) problem
	model=2,ntype=1: A Timoshenko PLATE (RIE) problem
	model=2,ntype=2: A Timoshenko BEAM (CIE) problem
	model=2,ntype>2: A Timoshenko PLATE (CIE) problem
	model=3,ntype=0: A Euler-Bernoulli BEAM problem
	model=3,ntype>0: A Euler-Bernoulli circular PLATE 
	model=4,ntype=0: A plane TRUSS problem
	model=4,ntype=1: A Euler-bernoulli FRAME problem
	model=4,ntype=2: A Timoshenko (CIE) FRAME problem

Element coefficient matrix, [ELK]:
	 9.18333e-002	-1.01667e-001	 1.23333e-002
	-1.01667e-001	 2.13333e-001	-1.01667e-001
	 1.23333e-002	-1.01667e-001	 9.18333e-002

Element source vector, {ELF}:
	 5.00000e-002	 2.00000e-001	 5.00000e-002

Element coefficient matrix, [ELK]:
	 9.18333e-002	-1.01667e-001	 1.23333e-002
	-1.01667e-001	 2.13333e-001	-1.01667e-001
	 1.23333e-002	-1.01667e-001	 9.18333e-002

Element source vector, {ELF}:
	 5.00000e-002	 2.00000e-001	 5.00000e-002

Global coefficient matrix, [GLK]:
	 9.18333e-002	-1.01667e-001	 1.23333e-002
	 2.13333e-001	-1.01667e-001	 0.00000e+000
	 1.83667e-001	-1.01667e-001	 1.23333e-002
	 2.13333e-001	-1.01667e-001	 0.00000e+000
	 9.18333e-002	 0.00000e+000	 0.00000e+000

Global source vector, {GLF}:
	 5.00000e-002	 2.00000e-001	 1.00000e-001	 2.00000e-001	 5.00000e-002

Global coefficient matrix, [GLK]:
	 1.00000e+000	 0.00000e+000	 0.00000e+000
	 2.13333e-001	-1.01667e-001	 0.00000e+000
	 1.83667e-001	-1.01667e-001	 1.23333e-002
	 2.13333e-001	-1.01667e-001	 0.00000e+000
	 9.19583e-002	 0.00000e+000	 0.00000e+000

SOLUTION (values of pvs) at the NODES:
 1.00000e+002  8.23744e+001  7.08839e+001  6.43795e+001  6.22403e+001 
