		*** ECHO OF THE INPUT DATA STARTS ***

Example 5.2.2: SPRING-SUPPORTED and CLAMPED BEAM (E-B element; k/EI=1.0E3)
   3  0  0                                   MODEL, NTYPE, ITEM
   0  3                                      IELEM, NEM
   0  1                                      ICONT, NPRNT
   4                                         NNM
     1      2     10.0                       NOD(1,J), GLX(1)    
     0.0    0.0                              AX0, AX1    |  Data for
     2.0E8  0.0                              BX0=EI, BX1 |  Element1
     0.0    0.0                              CX0, CX1    |
  2400.0    0.0    0.0                       FX0=q0,FX1,FX2 

     2      3     12.0                       NOD(2,J), GLX(2)    
     0.0    0.0                              AX0, AX1    |  Data for
     1.0E8  0.0                              BX0, BX1    |  Element2
     0.0    0.0                              CX0, CX1    |
     0.0    0.0    0.0                       FX0,FX1,FX2 |

     3      4      6.0                       NOD(3,J), GLX(3)    
     0.0    0.0                              AX0, AX1    |  Data for
     1.0E8  0.0                              BX0, BX1    |  Element3
     0.0    0.0                              CX0, CX1    |
     0.0    0.0    0.0                       FX0,FX1,FX2 |

   2                                         NSPV
   4    1   0.0                              ISPV(1,1), ISPV(1,2), VSPV(1)
   4    2   0.0                              ISPV(2,1), ISPV(2,2), VSPV(2)

   2                                         NSSV
   3    1   10.0E3                           ISSV(1,1), ISSV(1,2), VSSV(1)
   3    2  -10.0E3                           ISSV(2,1), ISSV(2,2), VSSV(2)

   1                                         NNBC  (with transv. spring)
   1    1   1.0E11  0.0                      INBC(1,1),INBC(1,2),VNBC(1)=k,UREF(1)
   0                                         NMPC 


		*** ECHO OF THE INPUT DATA ENDS ***

______________________________________________________________________________

               OUTPUT from program   FEM1D   by J N REDDY 
______________________________________________________________________________

	 ANALYSIS OF MODEL 3, AND TYPE 0 PROBLEM 
	  (**********see the code below**********)

	model=1:ntype=0: A problem described by model EQ. 1
	model=1:ntype=1: A circular disk (PLANE STRESS) 
	model=1:ntype>1: A circular disk (PLANE STRAIN) 
	model=2,ntype=0: A Timoshenko BEAM (RIE) problem
	model=2,ntype=1: A Timoshenko PLATE (RIE) problem
	model=2,ntype=2: A Timoshenko BEAM (CIE) problem
	model=2,ntype>2: A Timoshenko PLATE (CIE) problem
	model=3,ntype=0: A Euler-Bernoulli BEAM problem
	model=3,ntype>0: A Euler-Bernoulli circular PLATE 
	model=4,ntype=0: A plane TRUSS problem
	model=4,ntype=1: A Euler-bernoulli FRAME problem
	model=4,ntype=2: A Timoshenko (CIE) FRAME problem

Element coefficient matrix, [ELK]:
	 2.40000e+006	-1.20000e+007	-2.40000e+006	-1.20000e+007
	-1.20000e+007	 8.00000e+007	 1.20000e+007	 4.00000e+007
	-2.40000e+006	 1.20000e+007	 2.40000e+006	 1.20000e+007
	-1.20000e+007	 4.00000e+007	 1.20000e+007	 8.00000e+007

Element source vector, {ELF}:
	 1.20000e+004	-2.00000e+004	 1.20000e+004	 2.00000e+004

Element coefficient matrix, [ELK]:
	 6.94444e+005	-4.16667e+006	-6.94444e+005	-4.16667e+006
	-4.16667e+006	 3.33333e+007	 4.16667e+006	 1.66667e+007
	-6.94444e+005	 4.16667e+006	 6.94444e+005	 4.16667e+006
	-4.16667e+006	 1.66667e+007	 4.16667e+006	 3.33333e+007

Element source vector, {ELF}:
	 0.00000e+000	 0.00000e+000	 0.00000e+000	 0.00000e+000

Element coefficient matrix, [ELK]:
	 5.55556e+006	-1.66667e+007	-5.55556e+006	-1.66667e+007
	-1.66667e+007	 6.66667e+007	 1.66667e+007	 3.33333e+007
	-5.55556e+006	 1.66667e+007	 5.55556e+006	 1.66667e+007
	-1.66667e+007	 3.33333e+007	 1.66667e+007	 6.66667e+007

Element source vector, {ELF}:
	 0.00000e+000	 0.00000e+000	 0.00000e+000	 0.00000e+000

SOLUTION (values of pvs) at the NODES:
 1.83558e-007 -3.68567e-003  2.65604e-002 -1.09673e-003  1.02150e-002  2.46635e-003  0.00000e+000  0.00000e+000 
______________________________________________________________________________

______________________________________________________________________________

x is the Global coord. if icont=1 and it is the local coord. if icont=0
	 x 			Deflect. 		 rotation 		 B. Moment 		 Shear Force 
______________________________________________________________________________

______________________________________________________________________________

 0.00000e+000	 1.83558e-007	-3.68567e-003	 2.00000e+004	 6.35577e+003
 1.25000e+000	 4.51880e-003	-3.53584e-003	 2.79447e+004	 6.35577e+003
 2.50000e+000	 8.81910e-003	-3.33636e-003	 3.58894e+004	 6.35577e+003
 3.75000e+000	 1.28390e-002	-3.08723e-003	 4.38341e+004	 6.35577e+003
 5.00000e+000	 1.65165e-002	-2.78843e-003	 5.17788e+004	 6.35577e+003
 6.25000e+000	 1.97894e-002	-2.43999e-003	 5.97236e+004	 6.35577e+003
 7.50000e+000	 2.25958e-002	-2.04189e-003	 6.76683e+004	 6.35577e+003
 8.75000e+000	 2.48734e-002	-1.59414e-003	 7.56130e+004	 6.35577e+003
 1.00000e+001	 2.65604e-002	-1.09673e-003	 8.35577e+004	 6.35577e+003
 0.00000e+000	 2.65604e-002	-1.09673e-003	 6.35577e+004	-5.64423e+003
 1.50000e+000	 2.75222e-002	-2.06860e-004	 5.50913e+004	-5.64423e+003
 3.00000e+000	 2.72445e-002	 5.56012e-004	 4.66250e+004	-5.64423e+003
 4.50000e+000	 2.59177e-002	 1.19189e-003	 3.81586e+004	-5.64423e+003
 6.00000e+000	 2.37323e-002	 1.70077e-003	 2.96923e+004	-5.64423e+003
 7.50000e+000	 2.08789e-002	 2.08266e-003	 2.12259e+004	-5.64423e+003
 9.00000e+000	 1.75478e-002	 2.33755e-003	 1.27596e+004	-5.64423e+003
 1.05000e+001	 1.39297e-002	 2.46545e-003	 4.29325e+003	-5.64423e+003
 1.20000e+001	 1.02150e-002	 2.46635e-003	-4.17309e+003	-5.64423e+003
 0.00000e+000	 1.02150e-002	 2.46635e-003	 5.82691e+003	-1.56442e+004
 7.50000e-001	 8.35985e-003	 2.46605e-003	-5.90627e+003	-1.56442e+004
 1.50000e+000	 6.53793e-003	 2.37775e-003	-1.76394e+004	-1.56442e+004
 2.25000e+000	 4.81522e-003	 2.20146e-003	-2.93726e+004	-1.56442e+004
 3.00000e+000	 3.25774e-003	 1.93716e-003	-4.11058e+004	-1.56442e+004
 3.75000e+000	 1.93148e-003	 1.58487e-003	-5.28390e+004	-1.56442e+004
 4.50000e+000	 9.02434e-004	 1.14458e-003	-6.45721e+004	-1.56442e+004
 5.25000e+000	 2.36608e-004	 6.16289e-004	-7.63053e+004	-1.56442e+004
 6.00000e+000	 0.00000e+000	-0.00000e+000	-8.80385e+004	-1.56442e+004
______________________________________________________________________________

