		*** ECHO OF THE INPUT DATA STARTS ***

 Example 5.4.1(a):  ANALYSIS OF A PLANE FRAME  (E-B element)
   4  1  0                                   MODEL, NTYPE, ITEM
   0  2                                      IELEM, NEM
   0  1                                      ICONT, NPRNT
   3                                         NEM
   0.3  1.0E6  144.0  10.0  10.0  0.0  -1.0  PR, SE, SL, SA, SI, CS, SN
   0.0  0.0138888  0.0  0.0  0.0  0.0        HF, VF, PF, XB, CST, SNT
   1  2                                      NOD(1,J)
   0.3  1.0E6  180.0  10.0  10.0  0.8  -0.6
   0.0  0.0      4.0  90.0  -0.6  0.8        Same as above for Element2
   2  3
     0                                       NCON 
     6                                       NSPV
     1     1    0.0            
     1     2    0.0                        
     1     3    0.0                        
     3     1    0.0                         ISPV, VSPV
     3     2    0.0                        
     3     3    0.0            
     1                                       NSSV
     2     2    2.0                          ISSV, VSSV
     0                                       NNBC
     0                                       NMPC
	 
   Example 5.4.1(c):  ANALYSIS OF A PLANE FRAME  (CIE-TIM element)
   4  2  0                                   MODEL, NTYPE, ITEM
   1  4                                      IELEM, NEM
   0  1                                      ICONT, NPRNT
   5                                         NNM
   0.3   1.0E6  72.0  10.0  10.0  0.0  -1.0  PR, SE, SL, SA, SI, CS, SN
   0.0  0.0138888  0.0 0.0   0.0  0.0        HF, VF, PF, XB, CST, SNT
   1  2                                      NOD(1,J)
   0.3   1.0E6  72.0  10.0  10.0  0.0  -1.0   
   0.0  0.0138888  0.0 0.0   0.0  0.0         
   2  3                                       
   0.3   1.0E6  90.0  10.0  10.0  0.8  -0.6
   0.0   0.0     0.0   0.0   0.0  0.0        
   3  4
   0.3   1.0E6  90.0  10.0  10.0  0.8  -0.6
   0.0   0.0     0.0   0.0   0.0  0.0         
   4  5
     0                                       NCON 
     6                                       NSPV
     1     1    0.0                      
     1     2    0.0                        
     1     3    0.0                        
     5     1    0.0                         ISPV, VSPV
     5     2    0.0                        
     5     3    0.0                       
     2                                       NSSV
     3     2   2.0                           ISSV, VSSV
     4     2   4.0                           ISSV, VSSV
     0                                       NNBC
     0                                       NMPC
	 
 Example 5.4.1(b):  ANALYSIS OF A PLANE FRAME  (CIE-TIM element)
   4  2  0                                   MODEL, NTYPE, ITEM
   1  2                                      IELEM, NEM
   0  1                                      ICONT, NPRNT
   3                                         NNM
   0.3   1.0E6 144.0  10.0  10.0  0.0  -1.0  PR, SE, SL, SA, SI, CS, SN
   0.0  0.0138888  0.0 0.0   0.0  0.0        HF, VF, PF, XB, CST, SNT
   1  2                                      NOD(1,J)
   0.3   1.0E6 180.0  10.0  10.0  0.8  -0.6
   0.0   0.0     4.0  90.0  -0.6  0.8        Same as above for Element2
   2  3
     0                                       NCON 
     6                                       NSPV
     1     1    0.0                       _
     1     2    0.0                        |
     1     3    0.0                        |
     3     1    0.0                        | ISPV, VSPV
     3     2    0.0                        |
     3     3    0.0                       _|
     1                                       NSSV
     2     2   2.0                           ISSV, VSSV
     0                                       NNBC
     0                                       NMPC
	 

	 
	 

	 



		*** ECHO OF THE INPUT DATA ENDS ***

______________________________________________________________________________

               OUTPUT from program   FEM1D   by J N REDDY 
______________________________________________________________________________

	 ANALYSIS OF MODEL 4, AND TYPE 1 PROBLEM 
	  (**********see the code below**********)

	model=1:ntype=0: A problem described by model EQ. 1
	model=1:ntype=1: A circular disk (PLANE STRESS) 
	model=1:ntype>1: A circular disk (PLANE STRAIN) 
	model=2,ntype=0: A Timoshenko BEAM (RIE) problem
	model=2,ntype=1: A Timoshenko PLATE (RIE) problem
	model=2,ntype=2: A Timoshenko BEAM (CIE) problem
	model=2,ntype>2: A Timoshenko PLATE (CIE) problem
	model=3,ntype=0: A Euler-Bernoulli BEAM problem
	model=3,ntype>0: A Euler-Bernoulli circular PLATE 
	model=4,ntype=0: A plane TRUSS problem
	model=4,ntype=1: A Euler-bernoulli FRAME problem
	model=4,ntype=2: A Timoshenko (CIE) FRAME problem

Element coefficient matrix, [ELK]:
	 4.01878e+001	-0.00000e+000	-2.89352e+003	-4.01878e+001	 0.00000e+000	-2.89352e+003
	-0.00000e+000	 6.94444e+004	-0.00000e+000	 0.00000e+000	-6.94444e+004	-0.00000e+000
	-2.89352e+003	-0.00000e+000	 2.77778e+005	 2.89352e+003	 0.00000e+000	 1.38889e+005
	-4.01878e+001	 0.00000e+000	 2.89352e+003	 4.01878e+001	-0.00000e+000	 2.89352e+003
	 0.00000e+000	-6.94444e+004	 0.00000e+000	-0.00000e+000	 6.94444e+004	 0.00000e+000
	-2.89352e+003	-0.00000e+000	 1.38889e+005	 2.89352e+003	 0.00000e+000	 2.77778e+005

Element source vector, {ELF}:
	 9.99994e-001	 0.00000e+000	-2.39998e+001	 9.99994e-001	 0.00000e+000	 2.39998e+001

Element coefficient matrix, [ELK]:
	 3.55630e+004	-2.66568e+004	-1.11111e+003	-3.55630e+004	 2.66568e+004	-1.11111e+003
	-2.66568e+004	 2.00132e+004	-1.48148e+003	 2.66568e+004	-2.00132e+004	-1.48148e+003
	-1.11111e+003	-1.48148e+003	 2.22222e+005	 1.11111e+003	 1.48148e+003	 1.11111e+005
	-3.55630e+004	 2.66568e+004	 1.11111e+003	 3.55630e+004	-2.66568e+004	 1.11111e+003
	 2.66568e+004	-2.00132e+004	 1.48148e+003	-2.66568e+004	 2.00132e+004	 1.48148e+003
	-1.11111e+003	-1.48148e+003	 1.11111e+005	 1.11111e+003	 1.48148e+003	 2.22222e+005

Element source vector, {ELF}:
	 0.00000e+000	 2.00000e+000	-7.20000e+001	 0.00000e+000	 2.00000e+000	 7.20000e+001

SOLUTION (values of pvs) at the NODES:
 0.00000e+000  0.00000e+000  0.00000e+000  8.39043e-005  6.81245e-005 -9.60976e-005  0.00000e+000  0.00000e+000  0.00000e+000 

		Generalized internal forces in the element
	Second line gives the results in the global coordinates

______________________________________________________________________________

ele  force, h1   force, v1  moment, m1  force, h2, force, v2  moment, m2
______________________________________________________________________________

______________________________________________________________________________

1 	 4.73087e+000 	-7.25305e-001 	 1.08957e+001 	-4.73087e+000 	-1.27468e+000 	-5.04508e+001 	
 	-7.25305e-001 	-4.73087e+000 	 1.08957e+001 	-1.27468e+000 	 4.73087e+000 	-5.04508e+001 	

2 	 2.65827e+000 	-1.41988e+000 	 5.04508e+001 	-2.58265e-001 	-1.78012e+000 	-8.28717e+001 	
 	 1.27468e+000 	-2.73087e+000 	 5.04508e+001 	-1.27468e+000 	-1.26913e+000 	-8.28717e+001 	

______________________________________________________________________________

