		*** ECHO OF THE INPUT DATA STARTS ***

 Example 6.2.1a: TRANSIENT HEAT CONDUCTION IN A PLANE WALL
   1  0  1                                   MODEL, NTYPE, ITEM
   1  2                                      IELEM, NEM
   1  1                                      ICONT, NPRNT
     0.0   0.5   0.5                         DX(I)
     1.0   0.0                               AX0, AX1
     0.0   0.0                               BX0, BX1
     0.0   0.0                               CX0, CX1
     0.0   0.0   0.0                         FX0,FX1,FX2
     1                                       NSPV
     1  1  0.0                               ISPV(I,J), VSPV(I)
     0                                       NSSV
     0                                       NNBC
     0                                       NMPC
     1.0   0.0                               CT0, CT1
     0.05  0.5   0.0                         DT, ALFA, GAMA
     1     21    1                           INCOND, NTIME, INTVL
     0.0   1.0   1.0                         GU0(I)


		*** ECHO OF THE INPUT DATA ENDS ***

______________________________________________________________________________

               OUTPUT from program   FEM1D   by J N REDDY 
______________________________________________________________________________

	 ANALYSIS OF MODEL 1, AND TYPE 0 PROBLEM 
	  (**********see the code below**********)

	model=1:ntype=0: A problem described by model EQ. 1
	model=1:ntype=1: A circular disk (PLANE STRESS) 
	model=1:ntype>1: A circular disk (PLANE STRAIN) 
	model=2,ntype=0: A Timoshenko BEAM (RIE) problem
	model=2,ntype=1: A Timoshenko PLATE (RIE) problem
	model=2,ntype=2: A Timoshenko BEAM (CIE) problem
	model=2,ntype>2: A Timoshenko PLATE (CIE) problem
	model=3,ntype=0: A Euler-Bernoulli BEAM problem
	model=3,ntype>0: A Euler-Bernoulli circular PLATE 
	model=4,ntype=0: A plane TRUSS problem
	model=4,ntype=1: A Euler-bernoulli FRAME problem
	model=4,ntype=2: A Timoshenko (CIE) FRAME problem

Element coefficient matrix, [ELK]:
	 2.16667e-001	 3.33333e-002
	 3.33333e-002	 2.16667e-001

Element source vector, {ELF}:
	 1.33333e-001	 1.16667e-001

Element coefficient matrix, [ELK]:
	 2.16667e-001	 3.33333e-002
	 3.33333e-002	 2.16667e-001

Element source vector, {ELF}:
	 2.50000e-001	 2.50000e-001

Time = 5.00000e-002 time step number = 1

SOLUTION (values of PVS) at the nodes: 
 0.00000e+000	 7.66467e-001	 1.03593e+000	
______________________________________________________________________________

______________________________________________________________________________

x is the Global coord. if icont=1 and it is the local coord. if icont=0
		 x 		P. Variable 	S. Variable
______________________________________________________________________________

______________________________________________________________________________

	 0.00000e+000	 0.00000e+000	 1.53293e+000	 
	 6.25000e-002	 9.58084e-002	 1.53293e+000	 
	 1.25000e-001	 1.91617e-001	 1.53293e+000	 
	 1.87500e-001	 2.87425e-001	 1.53293e+000	 
	 2.50000e-001	 3.83234e-001	 1.53293e+000	 
	 3.12500e-001	 4.79042e-001	 1.53293e+000	 
	 3.75000e-001	 5.74850e-001	 1.53293e+000	 
	 4.37500e-001	 6.70659e-001	 1.53293e+000	 
	 5.00000e-001	 7.66467e-001	 1.53293e+000	 
	 5.00000e-001	 7.66467e-001	 5.38922e-001	 
	 5.62500e-001	 8.00150e-001	 5.38922e-001	 
	 6.25000e-001	 8.33832e-001	 5.38922e-001	 
	 6.87500e-001	 8.67515e-001	 5.38922e-001	 
	 7.50000e-001	 9.01198e-001	 5.38922e-001	 
	 8.12500e-001	 9.34880e-001	 5.38922e-001	 
	 8.75000e-001	 9.68563e-001	 5.38922e-001	 
	 9.37500e-001	 1.00225e+000	 5.38922e-001	 
	 1.00000e+000	 1.03593e+000	 5.38922e-001	 
______________________________________________________________________________


Time = 1.00000e-001 time step number = 2

SOLUTION (values of PVS) at the nodes: 
 0.00000e+000	 6.60081e-001	 9.27929e-001	
______________________________________________________________________________

______________________________________________________________________________

x is the Global coord. if icont=1 and it is the local coord. if icont=0
		 x 		P. Variable 	S. Variable
______________________________________________________________________________

______________________________________________________________________________

	 0.00000e+000	 0.00000e+000	 1.32016e+000	 
	 6.25000e-002	 8.25101e-002	 1.32016e+000	 
	 1.25000e-001	 1.65020e-001	 1.32016e+000	 
	 1.87500e-001	 2.47530e-001	 1.32016e+000	 
	 2.50000e-001	 3.30041e-001	 1.32016e+000	 
	 3.12500e-001	 4.12551e-001	 1.32016e+000	 
	 3.75000e-001	 4.95061e-001	 1.32016e+000	 
	 4.37500e-001	 5.77571e-001	 1.32016e+000	 
	 5.00000e-001	 6.60081e-001	 1.32016e+000	 
	 5.00000e-001	 6.60081e-001	 5.35695e-001	 
	 5.62500e-001	 6.93562e-001	 5.35695e-001	 
	 6.25000e-001	 7.27043e-001	 5.35695e-001	 
	 6.87500e-001	 7.60524e-001	 5.35695e-001	 
	 7.50000e-001	 7.94005e-001	 5.35695e-001	 
	 8.12500e-001	 8.27486e-001	 5.35695e-001	 
	 8.75000e-001	 8.60967e-001	 5.35695e-001	 
	 9.37500e-001	 8.94448e-001	 5.35695e-001	 
	 1.00000e+000	 9.27929e-001	 5.35695e-001	 
______________________________________________________________________________


Time = 1.50000e-001 time step number = 3

SOLUTION (values of PVS) at the nodes: 
 0.00000e+000	 5.78105e-001	 8.16918e-001	
______________________________________________________________________________

______________________________________________________________________________

x is the Global coord. if icont=1 and it is the local coord. if icont=0
		 x 		P. Variable 	S. Variable
______________________________________________________________________________

______________________________________________________________________________

	 0.00000e+000	 0.00000e+000	 1.15621e+000	 
	 6.25000e-002	 7.22631e-002	 1.15621e+000	 
	 1.25000e-001	 1.44526e-001	 1.15621e+000	 
	 1.87500e-001	 2.16789e-001	 1.15621e+000	 
	 2.50000e-001	 2.89052e-001	 1.15621e+000	 
	 3.12500e-001	 3.61316e-001	 1.15621e+000	 
	 3.75000e-001	 4.33579e-001	 1.15621e+000	 
	 4.37500e-001	 5.05842e-001	 1.15621e+000	 
	 5.00000e-001	 5.78105e-001	 1.15621e+000	 
	 5.00000e-001	 5.78105e-001	 4.77627e-001	 
	 5.62500e-001	 6.07957e-001	 4.77627e-001	 
	 6.25000e-001	 6.37808e-001	 4.77627e-001	 
	 6.87500e-001	 6.67660e-001	 4.77627e-001	 
	 7.50000e-001	 6.97512e-001	 4.77627e-001	 
	 8.12500e-001	 7.27363e-001	 4.77627e-001	 
	 8.75000e-001	 7.57215e-001	 4.77627e-001	 
	 9.37500e-001	 7.87067e-001	 4.77627e-001	 
	 1.00000e+000	 8.16918e-001	 4.77627e-001	 
______________________________________________________________________________


Time = 2.00000e-001 time step number = 4

SOLUTION (values of PVS) at the nodes: 
 0.00000e+000	 5.07449e-001	 7.17567e-001	
______________________________________________________________________________

______________________________________________________________________________

x is the Global coord. if icont=1 and it is the local coord. if icont=0
		 x 		P. Variable 	S. Variable
______________________________________________________________________________

______________________________________________________________________________

	 0.00000e+000	 0.00000e+000	 1.01490e+000	 
	 6.25000e-002	 6.34312e-002	 1.01490e+000	 
	 1.25000e-001	 1.26862e-001	 1.01490e+000	 
	 1.87500e-001	 1.90293e-001	 1.01490e+000	 
	 2.50000e-001	 2.53725e-001	 1.01490e+000	 
	 3.12500e-001	 3.17156e-001	 1.01490e+000	 
	 3.75000e-001	 3.80587e-001	 1.01490e+000	 
	 4.37500e-001	 4.44018e-001	 1.01490e+000	 
	 5.00000e-001	 5.07449e-001	 1.01490e+000	 
	 5.00000e-001	 5.07449e-001	 4.20235e-001	 
	 5.62500e-001	 5.33714e-001	 4.20235e-001	 
	 6.25000e-001	 5.59979e-001	 4.20235e-001	 
	 6.87500e-001	 5.86243e-001	 4.20235e-001	 
	 7.50000e-001	 6.12508e-001	 4.20235e-001	 
	 8.12500e-001	 6.38773e-001	 4.20235e-001	 
	 8.75000e-001	 6.65037e-001	 4.20235e-001	 
	 9.37500e-001	 6.91302e-001	 4.20235e-001	 
	 1.00000e+000	 7.17567e-001	 4.20235e-001	 
______________________________________________________________________________


Time = 2.50000e-001 time step number = 5

SOLUTION (values of PVS) at the nodes: 
 0.00000e+000	 4.45562e-001	 6.30111e-001	
______________________________________________________________________________

______________________________________________________________________________

x is the Global coord. if icont=1 and it is the local coord. if icont=0
		 x 		P. Variable 	S. Variable
______________________________________________________________________________

______________________________________________________________________________

	 0.00000e+000	 0.00000e+000	 8.91123e-001	 
	 6.25000e-002	 5.56952e-002	 8.91123e-001	 
	 1.25000e-001	 1.11390e-001	 8.91123e-001	 
	 1.87500e-001	 1.67086e-001	 8.91123e-001	 
	 2.50000e-001	 2.22781e-001	 8.91123e-001	 
	 3.12500e-001	 2.78476e-001	 8.91123e-001	 
	 3.75000e-001	 3.34171e-001	 8.91123e-001	 
	 4.37500e-001	 3.89866e-001	 8.91123e-001	 
	 5.00000e-001	 4.45562e-001	 8.91123e-001	 
	 5.00000e-001	 4.45562e-001	 3.69098e-001	 
	 5.62500e-001	 4.68630e-001	 3.69098e-001	 
	 6.25000e-001	 4.91699e-001	 3.69098e-001	 
	 6.87500e-001	 5.14768e-001	 3.69098e-001	 
	 7.50000e-001	 5.37836e-001	 3.69098e-001	 
	 8.12500e-001	 5.60905e-001	 3.69098e-001	 
	 8.75000e-001	 5.83973e-001	 3.69098e-001	 
	 9.37500e-001	 6.07042e-001	 3.69098e-001	 
	 1.00000e+000	 6.30111e-001	 3.69098e-001	 
______________________________________________________________________________


Time = 3.00000e-001 time step number = 6

SOLUTION (values of PVS) at the nodes: 
 0.00000e+000	 3.91237e-001	 5.53292e-001	
______________________________________________________________________________

______________________________________________________________________________

x is the Global coord. if icont=1 and it is the local coord. if icont=0
		 x 		P. Variable 	S. Variable
______________________________________________________________________________

______________________________________________________________________________

	 0.00000e+000	 0.00000e+000	 7.82474e-001	 
	 6.25000e-002	 4.89046e-002	 7.82474e-001	 
	 1.25000e-001	 9.78093e-002	 7.82474e-001	 
	 1.87500e-001	 1.46714e-001	 7.82474e-001	 
	 2.50000e-001	 1.95619e-001	 7.82474e-001	 
	 3.12500e-001	 2.44523e-001	 7.82474e-001	 
	 3.75000e-001	 2.93428e-001	 7.82474e-001	 
	 4.37500e-001	 3.42332e-001	 7.82474e-001	 
	 5.00000e-001	 3.91237e-001	 7.82474e-001	 
	 5.00000e-001	 3.91237e-001	 3.24109e-001	 
	 5.62500e-001	 4.11494e-001	 3.24109e-001	 
	 6.25000e-001	 4.31751e-001	 3.24109e-001	 
	 6.87500e-001	 4.52008e-001	 3.24109e-001	 
	 7.50000e-001	 4.72264e-001	 3.24109e-001	 
	 8.12500e-001	 4.92521e-001	 3.24109e-001	 
	 8.75000e-001	 5.12778e-001	 3.24109e-001	 
	 9.37500e-001	 5.33035e-001	 3.24109e-001	 
	 1.00000e+000	 5.53292e-001	 3.24109e-001	 
______________________________________________________________________________


Time = 3.50000e-001 time step number = 7

SOLUTION (values of PVS) at the nodes: 
 0.00000e+000	 3.43538e-001	 4.85836e-001	
______________________________________________________________________________

______________________________________________________________________________

x is the Global coord. if icont=1 and it is the local coord. if icont=0
		 x 		P. Variable 	S. Variable
______________________________________________________________________________

______________________________________________________________________________

	 0.00000e+000	 0.00000e+000	 6.87076e-001	 
	 6.25000e-002	 4.29422e-002	 6.87076e-001	 
	 1.25000e-001	 8.58845e-002	 6.87076e-001	 
	 1.87500e-001	 1.28827e-001	 6.87076e-001	 
	 2.50000e-001	 1.71769e-001	 6.87076e-001	 
	 3.12500e-001	 2.14711e-001	 6.87076e-001	 
	 3.75000e-001	 2.57653e-001	 6.87076e-001	 
	 4.37500e-001	 3.00596e-001	 6.87076e-001	 
	 5.00000e-001	 3.43538e-001	 6.87076e-001	 
	 5.00000e-001	 3.43538e-001	 2.84596e-001	 
	 5.62500e-001	 3.61325e-001	 2.84596e-001	 
	 6.25000e-001	 3.79112e-001	 2.84596e-001	 
	 6.87500e-001	 3.96900e-001	 2.84596e-001	 
	 7.50000e-001	 4.14687e-001	 2.84596e-001	 
	 8.12500e-001	 4.32474e-001	 2.84596e-001	 
	 8.75000e-001	 4.50261e-001	 2.84596e-001	 
	 9.37500e-001	 4.68048e-001	 2.84596e-001	 
	 1.00000e+000	 4.85836e-001	 2.84596e-001	 
______________________________________________________________________________


Time = 4.00000e-001 time step number = 8

SOLUTION (values of PVS) at the nodes: 
 0.00000e+000	 3.01654e-001	 4.26603e-001	
______________________________________________________________________________

______________________________________________________________________________

x is the Global coord. if icont=1 and it is the local coord. if icont=0
		 x 		P. Variable 	S. Variable
______________________________________________________________________________

______________________________________________________________________________

	 0.00000e+000	 0.00000e+000	 6.03308e-001	 
	 6.25000e-002	 3.77068e-002	 6.03308e-001	 
	 1.25000e-001	 7.54135e-002	 6.03308e-001	 
	 1.87500e-001	 1.13120e-001	 6.03308e-001	 
	 2.50000e-001	 1.50827e-001	 6.03308e-001	 
	 3.12500e-001	 1.88534e-001	 6.03308e-001	 
	 3.75000e-001	 2.26241e-001	 6.03308e-001	 
	 4.37500e-001	 2.63947e-001	 6.03308e-001	 
	 5.00000e-001	 3.01654e-001	 6.03308e-001	 
	 5.00000e-001	 3.01654e-001	 2.49898e-001	 
	 5.62500e-001	 3.17273e-001	 2.49898e-001	 
	 6.25000e-001	 3.32891e-001	 2.49898e-001	 
	 6.87500e-001	 3.48510e-001	 2.49898e-001	 
	 7.50000e-001	 3.64129e-001	 2.49898e-001	 
	 8.12500e-001	 3.79747e-001	 2.49898e-001	 
	 8.75000e-001	 3.95366e-001	 2.49898e-001	 
	 9.37500e-001	 4.10985e-001	 2.49898e-001	 
	 1.00000e+000	 4.26603e-001	 2.49898e-001	 
______________________________________________________________________________


Time = 4.50000e-001 time step number = 9

SOLUTION (values of PVS) at the nodes: 
 0.00000e+000	 2.64877e-001	 3.74593e-001	
______________________________________________________________________________

______________________________________________________________________________

x is the Global coord. if icont=1 and it is the local coord. if icont=0
		 x 		P. Variable 	S. Variable
______________________________________________________________________________

______________________________________________________________________________

	 0.00000e+000	 0.00000e+000	 5.29754e-001	 
	 6.25000e-002	 3.31096e-002	 5.29754e-001	 
	 1.25000e-001	 6.62192e-002	 5.29754e-001	 
	 1.87500e-001	 9.93288e-002	 5.29754e-001	 
	 2.50000e-001	 1.32438e-001	 5.29754e-001	 
	 3.12500e-001	 1.65548e-001	 5.29754e-001	 
	 3.75000e-001	 1.98658e-001	 5.29754e-001	 
	 4.37500e-001	 2.31767e-001	 5.29754e-001	 
	 5.00000e-001	 2.64877e-001	 5.29754e-001	 
	 5.00000e-001	 2.64877e-001	 2.19431e-001	 
	 5.62500e-001	 2.78591e-001	 2.19431e-001	 
	 6.25000e-001	 2.92306e-001	 2.19431e-001	 
	 6.87500e-001	 3.06020e-001	 2.19431e-001	 
	 7.50000e-001	 3.19735e-001	 2.19431e-001	 
	 8.12500e-001	 3.33449e-001	 2.19431e-001	 
	 8.75000e-001	 3.47164e-001	 2.19431e-001	 
	 9.37500e-001	 3.60878e-001	 2.19431e-001	 
	 1.00000e+000	 3.74593e-001	 2.19431e-001	 
______________________________________________________________________________


Time = 5.00000e-001 time step number = 10

SOLUTION (values of PVS) at the nodes: 
 0.00000e+000	 2.32584e-001	 3.28923e-001	
______________________________________________________________________________

______________________________________________________________________________

x is the Global coord. if icont=1 and it is the local coord. if icont=0
		 x 		P. Variable 	S. Variable
______________________________________________________________________________

______________________________________________________________________________

	 0.00000e+000	 0.00000e+000	 4.65167e-001	 
	 6.25000e-002	 2.90729e-002	 4.65167e-001	 
	 1.25000e-001	 5.81459e-002	 4.65167e-001	 
	 1.87500e-001	 8.72188e-002	 4.65167e-001	 
	 2.50000e-001	 1.16292e-001	 4.65167e-001	 
	 3.12500e-001	 1.45365e-001	 4.65167e-001	 
	 3.75000e-001	 1.74438e-001	 4.65167e-001	 
	 4.37500e-001	 2.03511e-001	 4.65167e-001	 
	 5.00000e-001	 2.32584e-001	 4.65167e-001	 
	 5.00000e-001	 2.32584e-001	 1.92679e-001	 
	 5.62500e-001	 2.44626e-001	 1.92679e-001	 
	 6.25000e-001	 2.56668e-001	 1.92679e-001	 
	 6.87500e-001	 2.68711e-001	 1.92679e-001	 
	 7.50000e-001	 2.80753e-001	 1.92679e-001	 
	 8.12500e-001	 2.92796e-001	 1.92679e-001	 
	 8.75000e-001	 3.04838e-001	 1.92679e-001	 
	 9.37500e-001	 3.16880e-001	 1.92679e-001	 
	 1.00000e+000	 3.28923e-001	 1.92679e-001	 
______________________________________________________________________________


Time = 5.50000e-001 time step number = 11

SOLUTION (values of PVS) at the nodes: 
 0.00000e+000	 2.04227e-001	 2.88821e-001	
______________________________________________________________________________

______________________________________________________________________________

x is the Global coord. if icont=1 and it is the local coord. if icont=0
		 x 		P. Variable 	S. Variable
______________________________________________________________________________

______________________________________________________________________________

	 0.00000e+000	 0.00000e+000	 4.08455e-001	 
	 6.25000e-002	 2.55284e-002	 4.08455e-001	 
	 1.25000e-001	 5.10568e-002	 4.08455e-001	 
	 1.87500e-001	 7.65852e-002	 4.08455e-001	 
	 2.50000e-001	 1.02114e-001	 4.08455e-001	 
	 3.12500e-001	 1.27642e-001	 4.08455e-001	 
	 3.75000e-001	 1.53170e-001	 4.08455e-001	 
	 4.37500e-001	 1.78699e-001	 4.08455e-001	 
	 5.00000e-001	 2.04227e-001	 4.08455e-001	 
	 5.00000e-001	 2.04227e-001	 1.69187e-001	 
	 5.62500e-001	 2.14802e-001	 1.69187e-001	 
	 6.25000e-001	 2.25376e-001	 1.69187e-001	 
	 6.87500e-001	 2.35950e-001	 1.69187e-001	 
	 7.50000e-001	 2.46524e-001	 1.69187e-001	 
	 8.12500e-001	 2.57098e-001	 1.69187e-001	 
	 8.75000e-001	 2.67673e-001	 1.69187e-001	 
	 9.37500e-001	 2.78247e-001	 1.69187e-001	 
	 1.00000e+000	 2.88821e-001	 1.69187e-001	 
______________________________________________________________________________


Time = 6.00000e-001 time step number = 12

SOLUTION (values of PVS) at the nodes: 
 0.00000e+000	 1.79328e-001	 2.53608e-001	
______________________________________________________________________________

______________________________________________________________________________

x is the Global coord. if icont=1 and it is the local coord. if icont=0
		 x 		P. Variable 	S. Variable
______________________________________________________________________________

______________________________________________________________________________

	 0.00000e+000	 0.00000e+000	 3.58656e-001	 
	 6.25000e-002	 2.24160e-002	 3.58656e-001	 
	 1.25000e-001	 4.48321e-002	 3.58656e-001	 
	 1.87500e-001	 6.72481e-002	 3.58656e-001	 
	 2.50000e-001	 8.96641e-002	 3.58656e-001	 
	 3.12500e-001	 1.12080e-001	 3.58656e-001	 
	 3.75000e-001	 1.34496e-001	 3.58656e-001	 
	 4.37500e-001	 1.56912e-001	 3.58656e-001	 
	 5.00000e-001	 1.79328e-001	 3.58656e-001	 
	 5.00000e-001	 1.79328e-001	 1.48560e-001	 
	 5.62500e-001	 1.88613e-001	 1.48560e-001	 
	 6.25000e-001	 1.97898e-001	 1.48560e-001	 
	 6.87500e-001	 2.07183e-001	 1.48560e-001	 
	 7.50000e-001	 2.16468e-001	 1.48560e-001	 
	 8.12500e-001	 2.25753e-001	 1.48560e-001	 
	 8.75000e-001	 2.35038e-001	 1.48560e-001	 
	 9.37500e-001	 2.44323e-001	 1.48560e-001	 
	 1.00000e+000	 2.53608e-001	 1.48560e-001	 
______________________________________________________________________________


Time = 6.50000e-001 time step number = 13

SOLUTION (values of PVS) at the nodes: 
 0.00000e+000	 1.57465e-001	 2.22689e-001	
______________________________________________________________________________

______________________________________________________________________________

x is the Global coord. if icont=1 and it is the local coord. if icont=0
		 x 		P. Variable 	S. Variable
______________________________________________________________________________

______________________________________________________________________________

	 0.00000e+000	 0.00000e+000	 3.14930e-001	 
	 6.25000e-002	 1.96831e-002	 3.14930e-001	 
	 1.25000e-001	 3.93662e-002	 3.14930e-001	 
	 1.87500e-001	 5.90493e-002	 3.14930e-001	 
	 2.50000e-001	 7.87324e-002	 3.14930e-001	 
	 3.12500e-001	 9.84155e-002	 3.14930e-001	 
	 3.75000e-001	 1.18099e-001	 3.14930e-001	 
	 4.37500e-001	 1.37782e-001	 3.14930e-001	 
	 5.00000e-001	 1.57465e-001	 3.14930e-001	 
	 5.00000e-001	 1.57465e-001	 1.30448e-001	 
	 5.62500e-001	 1.65618e-001	 1.30448e-001	 
	 6.25000e-001	 1.73771e-001	 1.30448e-001	 
	 6.87500e-001	 1.81924e-001	 1.30448e-001	 
	 7.50000e-001	 1.90077e-001	 1.30448e-001	 
	 8.12500e-001	 1.98230e-001	 1.30448e-001	 
	 8.75000e-001	 2.06383e-001	 1.30448e-001	 
	 9.37500e-001	 2.14536e-001	 1.30448e-001	 
	 1.00000e+000	 2.22689e-001	 1.30448e-001	 
______________________________________________________________________________


Time = 7.00000e-001 time step number = 14

SOLUTION (values of PVS) at the nodes: 
 0.00000e+000	 1.38267e-001	 1.95539e-001	
______________________________________________________________________________

______________________________________________________________________________

x is the Global coord. if icont=1 and it is the local coord. if icont=0
		 x 		P. Variable 	S. Variable
______________________________________________________________________________

______________________________________________________________________________

	 0.00000e+000	 0.00000e+000	 2.76534e-001	 
	 6.25000e-002	 1.72834e-002	 2.76534e-001	 
	 1.25000e-001	 3.45667e-002	 2.76534e-001	 
	 1.87500e-001	 5.18501e-002	 2.76534e-001	 
	 2.50000e-001	 6.91335e-002	 2.76534e-001	 
	 3.12500e-001	 8.64168e-002	 2.76534e-001	 
	 3.75000e-001	 1.03700e-001	 2.76534e-001	 
	 4.37500e-001	 1.20984e-001	 2.76534e-001	 
	 5.00000e-001	 1.38267e-001	 2.76534e-001	 
	 5.00000e-001	 1.38267e-001	 1.14544e-001	 
	 5.62500e-001	 1.45426e-001	 1.14544e-001	 
	 6.25000e-001	 1.52585e-001	 1.14544e-001	 
	 6.87500e-001	 1.59744e-001	 1.14544e-001	 
	 7.50000e-001	 1.66903e-001	 1.14544e-001	 
	 8.12500e-001	 1.74062e-001	 1.14544e-001	 
	 8.75000e-001	 1.81221e-001	 1.14544e-001	 
	 9.37500e-001	 1.88380e-001	 1.14544e-001	 
	 1.00000e+000	 1.95539e-001	 1.14544e-001	 
______________________________________________________________________________


Time = 7.50000e-001 time step number = 15

SOLUTION (values of PVS) at the nodes: 
 0.00000e+000	 1.21410e-001	 1.71699e-001	
______________________________________________________________________________

______________________________________________________________________________

x is the Global coord. if icont=1 and it is the local coord. if icont=0
		 x 		P. Variable 	S. Variable
______________________________________________________________________________

______________________________________________________________________________

	 0.00000e+000	 0.00000e+000	 2.42819e-001	 
	 6.25000e-002	 1.51762e-002	 2.42819e-001	 
	 1.25000e-001	 3.03524e-002	 2.42819e-001	 
	 1.87500e-001	 4.55286e-002	 2.42819e-001	 
	 2.50000e-001	 6.07048e-002	 2.42819e-001	 
	 3.12500e-001	 7.58810e-002	 2.42819e-001	 
	 3.75000e-001	 9.10572e-002	 2.42819e-001	 
	 4.37500e-001	 1.06233e-001	 2.42819e-001	 
	 5.00000e-001	 1.21410e-001	 2.42819e-001	 
	 5.00000e-001	 1.21410e-001	 1.00579e-001	 
	 5.62500e-001	 1.27696e-001	 1.00579e-001	 
	 6.25000e-001	 1.33982e-001	 1.00579e-001	 
	 6.87500e-001	 1.40268e-001	 1.00579e-001	 
	 7.50000e-001	 1.46554e-001	 1.00579e-001	 
	 8.12500e-001	 1.52841e-001	 1.00579e-001	 
	 8.75000e-001	 1.59127e-001	 1.00579e-001	 
	 9.37500e-001	 1.65413e-001	 1.00579e-001	 
	 1.00000e+000	 1.71699e-001	 1.00579e-001	 
______________________________________________________________________________


Time = 8.00000e-001 time step number = 16

SOLUTION (values of PVS) at the nodes: 
 0.00000e+000	 1.06608e-001	 1.50766e-001	
______________________________________________________________________________

______________________________________________________________________________

x is the Global coord. if icont=1 and it is the local coord. if icont=0
		 x 		P. Variable 	S. Variable
______________________________________________________________________________

______________________________________________________________________________

	 0.00000e+000	 0.00000e+000	 2.13215e-001	 
	 6.25000e-002	 1.33259e-002	 2.13215e-001	 
	 1.25000e-001	 2.66519e-002	 2.13215e-001	 
	 1.87500e-001	 3.99778e-002	 2.13215e-001	 
	 2.50000e-001	 5.33038e-002	 2.13215e-001	 
	 3.12500e-001	 6.66297e-002	 2.13215e-001	 
	 3.75000e-001	 7.99557e-002	 2.13215e-001	 
	 4.37500e-001	 9.32816e-002	 2.13215e-001	 
	 5.00000e-001	 1.06608e-001	 2.13215e-001	 
	 5.00000e-001	 1.06608e-001	 8.83166e-002	 
	 5.62500e-001	 1.12127e-001	 8.83166e-002	 
	 6.25000e-001	 1.17647e-001	 8.83166e-002	 
	 6.87500e-001	 1.23167e-001	 8.83166e-002	 
	 7.50000e-001	 1.28687e-001	 8.83166e-002	 
	 8.12500e-001	 1.34206e-001	 8.83166e-002	 
	 8.75000e-001	 1.39726e-001	 8.83166e-002	 
	 9.37500e-001	 1.45246e-001	 8.83166e-002	 
	 1.00000e+000	 1.50766e-001	 8.83166e-002	 
______________________________________________________________________________


Time = 8.50000e-001 time step number = 17

SOLUTION (values of PVS) at the nodes: 
 0.00000e+000	 9.36101e-002	 1.32385e-001	
______________________________________________________________________________

______________________________________________________________________________

x is the Global coord. if icont=1 and it is the local coord. if icont=0
		 x 		P. Variable 	S. Variable
______________________________________________________________________________

______________________________________________________________________________

	 0.00000e+000	 0.00000e+000	 1.87220e-001	 
	 6.25000e-002	 1.17013e-002	 1.87220e-001	 
	 1.25000e-001	 2.34025e-002	 1.87220e-001	 
	 1.87500e-001	 3.51038e-002	 1.87220e-001	 
	 2.50000e-001	 4.68051e-002	 1.87220e-001	 
	 3.12500e-001	 5.85063e-002	 1.87220e-001	 
	 3.75000e-001	 7.02076e-002	 1.87220e-001	 
	 4.37500e-001	 8.19088e-002	 1.87220e-001	 
	 5.00000e-001	 9.36101e-002	 1.87220e-001	 
	 5.00000e-001	 9.36101e-002	 7.75492e-002	 
	 5.62500e-001	 9.84569e-002	 7.75492e-002	 
	 6.25000e-001	 1.03304e-001	 7.75492e-002	 
	 6.87500e-001	 1.08151e-001	 7.75492e-002	 
	 7.50000e-001	 1.12997e-001	 7.75492e-002	 
	 8.12500e-001	 1.17844e-001	 7.75492e-002	 
	 8.75000e-001	 1.22691e-001	 7.75492e-002	 
	 9.37500e-001	 1.27538e-001	 7.75492e-002	 
	 1.00000e+000	 1.32385e-001	 7.75492e-002	 
______________________________________________________________________________


Time = 9.00000e-001 time step number = 18

SOLUTION (values of PVS) at the nodes: 
 0.00000e+000	 8.21973e-002	 1.16245e-001	
______________________________________________________________________________

______________________________________________________________________________

x is the Global coord. if icont=1 and it is the local coord. if icont=0
		 x 		P. Variable 	S. Variable
______________________________________________________________________________

______________________________________________________________________________

	 0.00000e+000	 0.00000e+000	 1.64395e-001	 
	 6.25000e-002	 1.02747e-002	 1.64395e-001	 
	 1.25000e-001	 2.05493e-002	 1.64395e-001	 
	 1.87500e-001	 3.08240e-002	 1.64395e-001	 
	 2.50000e-001	 4.10987e-002	 1.64395e-001	 
	 3.12500e-001	 5.13733e-002	 1.64395e-001	 
	 3.75000e-001	 6.16480e-002	 1.64395e-001	 
	 4.37500e-001	 7.19226e-002	 1.64395e-001	 
	 5.00000e-001	 8.21973e-002	 1.64395e-001	 
	 5.00000e-001	 8.21973e-002	 6.80945e-002	 
	 5.62500e-001	 8.64532e-002	 6.80945e-002	 
	 6.25000e-001	 9.07091e-002	 6.80945e-002	 
	 6.87500e-001	 9.49650e-002	 6.80945e-002	 
	 7.50000e-001	 9.92209e-002	 6.80945e-002	 
	 8.12500e-001	 1.03477e-001	 6.80945e-002	 
	 8.75000e-001	 1.07733e-001	 6.80945e-002	 
	 9.37500e-001	 1.11989e-001	 6.80945e-002	 
	 1.00000e+000	 1.16245e-001	 6.80945e-002	 
______________________________________________________________________________


Time = 9.50000e-001 time step number = 19

SOLUTION (values of PVS) at the nodes: 
 0.00000e+000	 7.21759e-002	 1.02072e-001	
______________________________________________________________________________

______________________________________________________________________________

x is the Global coord. if icont=1 and it is the local coord. if icont=0
		 x 		P. Variable 	S. Variable
______________________________________________________________________________

______________________________________________________________________________

	 0.00000e+000	 0.00000e+000	 1.44352e-001	 
	 6.25000e-002	 9.02199e-003	 1.44352e-001	 
	 1.25000e-001	 1.80440e-002	 1.44352e-001	 
	 1.87500e-001	 2.70660e-002	 1.44352e-001	 
	 2.50000e-001	 3.60880e-002	 1.44352e-001	 
	 3.12500e-001	 4.51100e-002	 1.44352e-001	 
	 3.75000e-001	 5.41319e-002	 1.44352e-001	 
	 4.37500e-001	 6.31539e-002	 1.44352e-001	 
	 5.00000e-001	 7.21759e-002	 1.44352e-001	 
	 5.00000e-001	 7.21759e-002	 5.97925e-002	 
	 5.62500e-001	 7.59130e-002	 5.97925e-002	 
	 6.25000e-001	 7.96500e-002	 5.97925e-002	 
	 6.87500e-001	 8.33870e-002	 5.97925e-002	 
	 7.50000e-001	 8.71241e-002	 5.97925e-002	 
	 8.12500e-001	 9.08611e-002	 5.97925e-002	 
	 8.75000e-001	 9.45981e-002	 5.97925e-002	 
	 9.37500e-001	 9.83352e-002	 5.97925e-002	 
	 1.00000e+000	 1.02072e-001	 5.97925e-002	 
______________________________________________________________________________


Time = 1.00000e+000 time step number = 20

SOLUTION (values of PVS) at the nodes: 
 0.00000e+000	 6.33764e-002	 8.96277e-002	
______________________________________________________________________________

______________________________________________________________________________

x is the Global coord. if icont=1 and it is the local coord. if icont=0
		 x 		P. Variable 	S. Variable
______________________________________________________________________________

______________________________________________________________________________

	 0.00000e+000	 0.00000e+000	 1.26753e-001	 
	 6.25000e-002	 7.92204e-003	 1.26753e-001	 
	 1.25000e-001	 1.58441e-002	 1.26753e-001	 
	 1.87500e-001	 2.37661e-002	 1.26753e-001	 
	 2.50000e-001	 3.16882e-002	 1.26753e-001	 
	 3.12500e-001	 3.96102e-002	 1.26753e-001	 
	 3.75000e-001	 4.75323e-002	 1.26753e-001	 
	 4.37500e-001	 5.54543e-002	 1.26753e-001	 
	 5.00000e-001	 6.33764e-002	 1.26753e-001	 
	 5.00000e-001	 6.33764e-002	 5.25027e-002	 
	 5.62500e-001	 6.66578e-002	 5.25027e-002	 
	 6.25000e-001	 6.99392e-002	 5.25027e-002	 
	 6.87500e-001	 7.32206e-002	 5.25027e-002	 
	 7.50000e-001	 7.65020e-002	 5.25027e-002	 
	 8.12500e-001	 7.97834e-002	 5.25027e-002	 
	 8.75000e-001	 8.30649e-002	 5.25027e-002	 
	 9.37500e-001	 8.63463e-002	 5.25027e-002	 
	 1.00000e+000	 8.96277e-002	 5.25027e-002	 
______________________________________________________________________________

	******Number of Time Steps Exceeded NTIME******
