		*** ECHO OF THE INPUT DATA STARTS ***

 Example 6.2.2a: TRANSIENT RESPONSE OF A CLAMPED BEAM (E-B element)
   3  0  2                                   MODEL, NTYPE, ITEM
   0  2                                      IELEM, NEM
   1  1                                      ICONT, NPRNT
     0.0  0.25  0.25                         DX(I)
     0.0  0.0                                AX0, AX1
     1.0  0.0                                BX0, BX1
     0.0  0.0                                CX0, CX1
     0.0  0.0  0.0                           FX0, FX1, FX2
     3                                       NSPV
   1  1   0.0                                ISPV(1,J), VSPV(J)
   1  2   0.0                                ISPV(2,J), VSPV(J)
   3  2   0.0                                ISPV(3,J), VSPV(J)
     0                                       NSSV
     0                                       NNBC
     0                                       NMPC
   1.0    0.083333E-02                       CT0, CT1 (L/H=10)
   0.005  0.5   0.5                          DT, ALFA, GAMA
   1      31    1                           INCOND, NTIME, INTVL, NCRIT
   0.0    0.0   0.1181   -0.6506   0.2146   0.0   GU0(I)
   0.0    0.0   0.0       0.0      0.0      0.0   GU1(I)

 Example 5.2.2c: TRANSIENT RESPONSE OF A CLAMPED BEAM (Timoshenko)
   2  0  2                                   MODEL, NTYPE, ITEM
   2  2                                      IELEM, NEM
   1  0                                      ICONT, NPRNT
     0.0  0.25  0.25                         DX(I)
   4.0E2  0.0                                AX0, AX1
     1.0  0.0                                BX0, BX1
     0.0  0.0                                CX0, CX1
     0.0  0.0  0.0                           FX0, FX1, FX2
     3                                       NSPV
   1  1   0.0                                ISPV(1,J), VSPV(1)
   1  2   0.0                                ISPV(2,J), VSPV(2)
   5  2   0.0                                ISPV(3,J), VSPV(3)
     0                                       NSSV
     0                                       NNBC
     0                                       NMPC
   1.0    0.083333E-02                       CT0, CT1
   0.005  0.5   0.5                          DT, ALFA, GAMA
   1      31    2                         INCOND, NTIME, INTVL, NCRIT
   0.0      0.0      0.0391   -0.5463    0.1181   -0.6506
   0.1876  -0.4168   0.2146    0.0                          GU0(I)
   0.0      0.0      0.0       0.0       0.0       0.0
   0.0      0.0      0.0       0.0                          GU1(I)

 Example 5.2.2c: TRANSIENT RESPONSE OF A CLAMPED BEAM (Timoshenko)
   2  2  2                                   MODEL, NTYPE, ITEM
   1  4                                      IELEM, NEM
   1  0                                      ICONT, NPRNT
     0.0  0.125  0.125  0.125  0.125         DX(I)
   4.0E2  0.0                                AX0, AX1
     1.0  0.0                                BX0, BX1
     0.0  0.0                                CX0, CX1
     0.0  0.0  0.0                           FX0, FX1, FX2
     3                                       NSPV
   1  1   0.0                                ISPV(1,J), VSPV(J)
   1  2   0.0                                ISPV(2,J), VSPV(J)
   5  2   0.0                                ISPV(3,J), VSPV(J)
     0                                       NSSV
     0                                       NNBC
     0                                       NMPC
   1.0    0.083333E-02                       CT0, CT1
   0.005  0.5   0.5                          DT, ALFA, GAMA
   1      31    1    5                       INCOND, NTIME, INTVL, NCRIT
   0.0      0.0      0.0391   -0.5463    0.1181   -0.6506
   0.1876  -0.4168   0.2146    0.0                          GU0(I)
   0.0      0.0      0.0       0.0       0.0       0.0
   0.0      0.0      0.0       0.0                          GU1(I)
 


  Example 5.2.2b: TRANSIENT RESPONSE OF A CLAMPED BEAM (Timoshenko)              
    2  2  2                                   MODEL, NTYPE, ITEM                 
    1  2                                      IELEM, NEM                         
    1  0                                      ICONT, NPRNT                       
      0.0  0.25  0.25                         DX(I)                              
    4.0E2  0.0                                AX0, AX1                           
      1.0  0.0                                BX0, BX1                           
      0.0  0.0                                CX0, CX1                           
      0.0  0.0  0.0                           FX0, FX1, FX2                      
      3                                       NSPV                               
    1  1   0.0                                ISPV(1,J), VSPV(J)                 
    1  2   0.0                                ISPV(2,J), VSPV(J)                 
    3  2   0.0                                ISPV(3,J), VSPV(J)                 
      0                                       NSSV                               
      0                                       NNBC                               
      0                                       NMPC                               
    1.0    0.083333E-02                       CT0, CT1                           
    0.005  0.5   0.5                          DT, ALFA, GAMA                     
    1      31    1    5                       INCOND, NTIME, INTVL, NCRIT       
    0.0    0.0   0.1181   -0.6506   0.2146   0.0   GU0(I)                        
    0.0    0.0   0.0       0.0      0.0      0.0   GU1(I)                        


		*** ECHO OF THE INPUT DATA ENDS ***

______________________________________________________________________________

               OUTPUT from program   FEM1D   by J N REDDY 
______________________________________________________________________________

	 ANALYSIS OF MODEL 3, AND TYPE 0 PROBLEM 
	  (**********see the code below**********)

	model=1:ntype=0: A problem described by model EQ. 1
	model=1:ntype=1: A circular disk (PLANE STRESS) 
	model=1:ntype>1: A circular disk (PLANE STRAIN) 
	model=2,ntype=0: A Timoshenko BEAM (RIE) problem
	model=2,ntype=1: A Timoshenko PLATE (RIE) problem
	model=2,ntype=2: A Timoshenko BEAM (CIE) problem
	model=2,ntype>2: A Timoshenko PLATE (CIE) problem
	model=3,ntype=0: A Euler-Bernoulli BEAM problem
	model=3,ntype>0: A Euler-Bernoulli circular PLATE 
	model=4,ntype=0: A plane TRUSS problem
	model=4,ntype=1: A Euler-bernoulli FRAME problem
	model=4,ntype=2: A Timoshenko (CIE) FRAME problem

Element coefficient matrix, [ELK]:
	 9.28616e-002	-3.27403e-003	 3.21462e-002	 1.93471e-003
	-3.27403e-003	 1.48821e-004	-1.93474e-003	-1.11619e-004
	 3.21462e-002	-1.93474e-003	 9.28720e-002	 3.27427e-003
	 1.93471e-003	-1.11619e-004	 3.27427e-003	 1.48829e-004

Element source vector, {ELF}:
	 2.82432e+001	-6.13280e+000	-2.82432e+001	-9.28000e-001

Element coefficient matrix, [ELK]:
	 9.28810e-002	-3.27471e-003	 3.21529e-002	 1.93511e-003
	-3.27471e-003	 1.48852e-004	-1.93514e-003	-1.11642e-004
	 3.21529e-002	-1.93514e-003	 9.28914e-002	 3.27496e-003
	 1.93511e-003	-1.11642e-004	 3.27496e-003	 1.48860e-004

Element source vector, {ELF}:
	 1.16544e+001	 1.14560e+000	-1.16544e+001	-4.05920e+000

Element coefficient matrix, [ELK]:
	 1.56259e+004	-6.19844e+002	 4.37539e+003	 2.13554e+002
	-6.19844e+002	 3.98114e+001	-2.13559e+002	-9.85900e+000
	 4.37539e+003	-2.13559e+002	 1.56275e+004	 6.19884e+002
	 2.13554e+002	-9.85900e+000	 6.19884e+002	 3.98126e+001

Element source vector, {ELF}:
	 4.03891e+002	-2.48101e+001	 1.40766e+003	 4.61551e+001

Element coefficient matrix, [ELK]:
	 1.56290e+004	-6.19953e+002	 4.37646e+003	 2.13618e+002
	-6.19953e+002	 3.98163e+001	-2.13623e+002	-9.86272e+000
	 4.37646e+003	-2.13623e+002	 1.56306e+004	 6.19993e+002
	 2.13618e+002	-9.86272e+000	 6.19993e+002	 3.98176e+001

Element source vector, {ELF}:
	 3.18979e+003	-1.43378e+002	 3.98687e+003	 1.60164e+002

Time = 5.00000e-003 time step number = 1

SOLUTION (values of PVS) at the nodes: 
 0.00000e+000	 0.00000e+000	 1.17208e-001	-6.48385e-001	 2.13389e-001	 0.00000e+000	

FIRST TIME DERIVATIVE of the primary variables: 
 0.00000e+000	 0.00000e+000	-3.56745e-001	 8.86059e-001	-4.84495e-001	 0.00000e+000	

SECOND TIME DERIVATIVE of the primary variables: 
 0.00000e+000	 0.00000e+000	-7.04567e+001	 2.64400e+002	-9.52159e+001	 0.00000e+000	
______________________________________________________________________________

______________________________________________________________________________

x is the Global coord. if icont=1 and it is the local coord. if icont=0
	 x 			Deflect. 		 rotation 		 B. Moment 		 Shear Force 
______________________________________________________________________________

______________________________________________________________________________

 0.00000e+000	 0.00000e+000	-0.00000e+000	-6.06490e+000	 2.77709e+001
 3.12500e-002	 2.82013e-003	-1.75968e-001	-5.19706e+000	 2.77709e+001
 6.25000e-002	 1.07155e-002	-3.24816e-001	-4.32922e+000	 2.77709e+001
 9.37500e-002	 2.28386e-002	-4.46544e-001	-3.46138e+000	 2.77709e+001
 1.25000e-001	 3.83420e-002	-5.41153e-001	-2.59354e+000	 2.77709e+001
 1.56250e-001	 5.63782e-002	-6.08641e-001	-1.72570e+000	 2.77709e+001
 1.87500e-001	 7.60996e-002	-6.49009e-001	-8.57858e-001	 2.77709e+001
 2.18750e-001	 9.66587e-002	-6.62257e-001	 9.98275e-003	 2.77709e+001
 2.50000e-001	 1.17208e-001	-6.48385e-001	 8.77823e-001	 2.77709e+001
 2.50000e-001	 1.17208e-001	-6.48385e-001	 1.14082e+000	 1.16218e+001
 2.81250e-001	 1.36854e-001	-6.07060e-001	 1.50400e+000	 1.16218e+001
 3.12500e-001	 1.55031e-001	-5.54385e-001	 1.86718e+000	 1.16218e+001
 3.43750e-001	 1.71385e-001	-4.90361e-001	 2.23036e+000	 1.16218e+001
 3.75000e-001	 1.85560e-001	-4.14988e-001	 2.59354e+000	 1.16218e+001
 4.06250e-001	 1.97203e-001	-3.28265e-001	 2.95672e+000	 1.16218e+001
 4.37500e-001	 2.05959e-001	-2.30193e-001	 3.31990e+000	 1.16218e+001
 4.68750e-001	 2.11472e-001	-1.20771e-001	 3.68308e+000	 1.16218e+001
 5.00000e-001	 2.13389e-001	-0.00000e+000	 4.04626e+000	 1.16218e+001
______________________________________________________________________________


Time = 1.00000e-002 time step number = 2

SOLUTION (values of PVS) at the nodes: 
 0.00000e+000	 0.00000e+000	 1.14585e-001	-6.39390e-001	 2.09781e-001	 0.00000e+000	

FIRST TIME DERIVATIVE of the primary variables: 
 0.00000e+000	 0.00000e+000	-6.92422e-001	 2.71184e+000	-9.58706e-001	 0.00000e+000	

SECOND TIME DERIVATIVE of the primary variables: 
 0.00000e+000	 0.00000e+000	-6.38139e+001	 4.65910e+002	-9.44686e+001	 0.00000e+000	
______________________________________________________________________________

______________________________________________________________________________

x is the Global coord. if icont=1 and it is the local coord. if icont=0
	 x 			Deflect. 		 rotation 		 B. Moment 		 Shear Force 
______________________________________________________________________________

______________________________________________________________________________

 0.00000e+000	 0.00000e+000	-0.00000e+000	-5.88506e+000	 2.66200e+001
 3.12500e-002	 2.73817e-003	-1.70910e-001	-5.05319e+000	 2.66200e+001
 6.25000e-002	 1.04111e-002	-3.15824e-001	-4.22131e+000	 2.66200e+001
 9.37500e-002	 2.22064e-002	-4.34742e-001	-3.38944e+000	 2.66200e+001
 1.25000e-001	 3.73117e-002	-5.27664e-001	-2.55756e+000	 2.66200e+001
 1.56250e-001	 5.49146e-002	-5.94589e-001	-1.72569e+000	 2.66200e+001
 1.87500e-001	 7.42027e-002	-6.35519e-001	-8.93811e-001	 2.66200e+001
 2.18750e-001	 9.43637e-002	-6.50453e-001	-6.19358e-002	 2.66200e+001
 2.50000e-001	 1.14585e-001	-6.39390e-001	 7.69939e-001	 2.66200e+001
 2.50000e-001	 1.14585e-001	-6.39390e-001	 1.09147e+000	 1.17287e+001
 2.81250e-001	 1.33974e-001	-5.99555e-001	 1.45799e+000	 1.17287e+001
 3.12500e-001	 1.51938e-001	-5.48266e-001	 1.82452e+000	 1.17287e+001
 3.43750e-001	 1.68121e-001	-4.85523e-001	 2.19104e+000	 1.17287e+001
 3.75000e-001	 1.82164e-001	-4.11326e-001	 2.55756e+000	 1.17287e+001
 4.06250e-001	 1.93709e-001	-3.25675e-001	 2.92408e+000	 1.17287e+001
 4.37500e-001	 2.02399e-001	-2.28571e-001	 3.29061e+000	 1.17287e+001
 4.68750e-001	 2.07876e-001	-1.20012e-001	 3.65713e+000	 1.17287e+001
 5.00000e-001	 2.09781e-001	-0.00000e+000	 4.02365e+000	 1.17287e+001
______________________________________________________________________________


Time = 1.50000e-002 time step number = 3

SOLUTION (values of PVS) at the nodes: 
 0.00000e+000	 0.00000e+000	 1.10397e-001	-6.20769e-001	 2.03741e-001	 0.00000e+000	

FIRST TIME DERIVATIVE of the primary variables: 
 0.00000e+000	 0.00000e+000	-9.82821e-001	 4.73669e+000	-1.45716e+000	 0.00000e+000	

SECOND TIME DERIVATIVE of the primary variables: 
 0.00000e+000	 0.00000e+000	-5.23458e+001	 3.44031e+002	-1.04913e+002	 0.00000e+000	
______________________________________________________________________________

______________________________________________________________________________

x is the Global coord. if icont=1 and it is the local coord. if icont=0
	 x 			Deflect. 		 rotation 		 B. Moment 		 Shear Force 
______________________________________________________________________________

______________________________________________________________________________

 0.00000e+000	 0.00000e+000	-0.00000e+000	-5.63197e+000	 2.51912e+001
 3.12500e-002	 2.62186e-003	-1.63699e-001	-4.84475e+000	 2.51912e+001
 6.25000e-002	 9.97491e-003	-3.02797e-001	-4.05752e+000	 2.51912e+001
 9.37500e-002	 2.12904e-002	-4.17294e-001	-3.27030e+000	 2.51912e+001
 1.25000e-001	 3.57995e-002	-5.07190e-001	-2.48308e+000	 2.51912e+001
 1.56250e-001	 5.27335e-002	-5.72486e-001	-1.69585e+000	 2.51912e+001
 1.87500e-001	 7.13237e-002	-6.13181e-001	-9.08627e-001	 2.51912e+001
 2.18750e-001	 9.08011e-002	-6.29275e-001	-1.21403e-001	 2.51912e+001
 2.50000e-001	 1.10397e-001	-6.20769e-001	 6.65822e-001	 2.51912e+001
 2.50000e-001	 1.10397e-001	-6.20769e-001	 9.71279e-001	 1.20944e+001
 2.81250e-001	 1.29260e-001	-5.84511e-001	 1.34923e+000	 1.20944e+001
 3.12500e-001	 1.46806e-001	-5.36442e-001	 1.72718e+000	 1.20944e+001
 3.43750e-001	 1.62665e-001	-4.76562e-001	 2.10513e+000	 1.20944e+001
 3.75000e-001	 1.76468e-001	-4.04872e-001	 2.48308e+000	 1.20944e+001
 4.06250e-001	 1.87846e-001	-3.21370e-001	 2.86102e+000	 1.20944e+001
 4.37500e-001	 1.96431e-001	-2.26058e-001	 3.23897e+000	 1.20944e+001
 4.68750e-001	 2.01852e-001	-1.18934e-001	 3.61692e+000	 1.20944e+001
 5.00000e-001	 2.03741e-001	-0.00000e+000	 3.99487e+000	 1.20944e+001
______________________________________________________________________________


Time = 2.00000e-002 time step number = 4

SOLUTION (values of PVS) at the nodes: 
 0.00000e+000	 0.00000e+000	 1.04899e-001	-5.93818e-001	 1.95087e-001	 0.00000e+000	

FIRST TIME DERIVATIVE of the primary variables: 
 0.00000e+000	 0.00000e+000	-1.21640e+000	 6.04345e+000	-2.00448e+000	 0.00000e+000	

SECOND TIME DERIVATIVE of the primary variables: 
 0.00000e+000	 0.00000e+000	-4.10877e+001	 1.78675e+002	-1.14014e+002	 0.00000e+000	
______________________________________________________________________________

______________________________________________________________________________

x is the Global coord. if icont=1 and it is the local coord. if icont=0
	 x 			Deflect. 		 rotation 		 B. Moment 		 Shear Force 
______________________________________________________________________________

______________________________________________________________________________

 0.00000e+000	 0.00000e+000	-0.00000e+000	-5.31976e+000	 2.35559e+001
 3.12500e-002	 2.47773e-003	-1.54741e-001	-4.58364e+000	 2.35559e+001
 6.25000e-002	 9.43167e-003	-2.86477e-001	-3.84752e+000	 2.35559e+001
 9.37500e-002	 2.01429e-002	-3.95210e-001	-3.11140e+000	 2.35559e+001
 1.25000e-001	 3.38927e-002	-4.80940e-001	-2.37527e+000	 2.35559e+001
 1.56250e-001	 4.99620e-002	-5.43665e-001	-1.63915e+000	 2.35559e+001
 1.87500e-001	 6.76321e-002	-5.83387e-001	-9.03030e-001	 2.35559e+001
 2.18750e-001	 8.61841e-002	-6.00104e-001	-1.66909e-001	 2.35559e+001
 2.50000e-001	 1.04899e-001	-5.93818e-001	 5.69213e-001	 2.35559e+001
 2.50000e-001	 1.04899e-001	-5.93818e-001	 8.43053e-001	 1.22578e+001
 2.81250e-001	 1.22982e-001	-5.61488e-001	 1.22611e+000	 1.22578e+001
 3.12500e-001	 1.39867e-001	-5.17187e-001	 1.60916e+000	 1.22578e+001
 3.43750e-001	 1.55181e-001	-4.60915e-001	 1.99222e+000	 1.22578e+001
 3.75000e-001	 1.68550e-001	-3.92673e-001	 2.37527e+000	 1.22578e+001
 4.06250e-001	 1.79599e-001	-3.12461e-001	 2.75833e+000	 1.22578e+001
 4.37500e-001	 1.87954e-001	-2.20277e-001	 3.14138e+000	 1.22578e+001
 4.68750e-001	 1.93241e-001	-1.16124e-001	 3.52444e+000	 1.22578e+001
 5.00000e-001	 1.95087e-001	-0.00000e+000	 3.90750e+000	 1.22578e+001
______________________________________________________________________________


Time = 2.50000e-002 time step number = 5

SOLUTION (values of PVS) at the nodes: 
 0.00000e+000	 0.00000e+000	 9.83406e-002	-5.60499e-001	 1.83680e-001	 0.00000e+000	

FIRST TIME DERIVATIVE of the primary variables: 
 0.00000e+000	 0.00000e+000	-1.40698e+000	 7.28451e+000	-2.55832e+000	 0.00000e+000	

SECOND TIME DERIVATIVE of the primary variables: 
 0.00000e+000	 0.00000e+000	-3.51412e+001	 3.17746e+002	-1.07524e+002	 0.00000e+000	
______________________________________________________________________________

______________________________________________________________________________

x is the Global coord. if icont=1 and it is the local coord. if icont=0
	 x 			Deflect. 		 rotation 		 B. Moment 		 Shear Force 
______________________________________________________________________________

______________________________________________________________________________

 0.00000e+000	 0.00000e+000	-0.00000e+000	-4.95671e+000	 2.17177e+001
 3.12500e-002	 2.30981e-003	-1.44293e-001	-4.27803e+000	 2.17177e+001
 6.25000e-002	 8.79737e-003	-2.67377e-001	-3.59935e+000	 2.17177e+001
 9.37500e-002	 1.87999e-002	-3.69252e-001	-2.92067e+000	 2.17177e+001
 1.25000e-001	 3.16547e-002	-4.49919e-001	-2.24199e+000	 2.17177e+001
 1.56250e-001	 4.66989e-002	-5.09377e-001	-1.56332e+000	 2.17177e+001
 1.87500e-001	 6.32698e-002	-5.47626e-001	-8.84637e-001	 2.17177e+001
 2.18750e-001	 8.07047e-002	-5.64667e-001	-2.05959e-001	 2.17177e+001
 2.50000e-001	 9.83406e-002	-5.60499e-001	 4.72720e-001	 2.17177e+001
 2.50000e-001	 9.83406e-002	-5.60499e-001	 7.75395e-001	 1.17328e+001
 2.81250e-001	 1.15418e-001	-5.30539e-001	 1.14205e+000	 1.17328e+001
 3.12500e-001	 1.31380e-001	-4.89121e-001	 1.50869e+000	 1.17328e+001
 3.43750e-001	 1.45869e-001	-4.36245e-001	 1.87534e+000	 1.17328e+001
 3.75000e-001	 1.58526e-001	-3.71912e-001	 2.24199e+000	 1.17328e+001
 4.06250e-001	 1.68994e-001	-2.96120e-001	 2.60864e+000	 1.17328e+001
 4.37500e-001	 1.76914e-001	-2.08871e-001	 2.97529e+000	 1.17328e+001
 4.68750e-001	 1.81929e-001	-1.10165e-001	 3.34194e+000	 1.17328e+001
 5.00000e-001	 1.83680e-001	-0.00000e+000	 3.70859e+000	 1.17328e+001
______________________________________________________________________________


Time = 3.00000e-002 time step number = 6

SOLUTION (values of PVS) at the nodes: 
 0.00000e+000	 0.00000e+000	 9.08736e-002	-5.19050e-001	 1.69636e-001	 0.00000e+000	

FIRST TIME DERIVATIVE of the primary variables: 
 0.00000e+000	 0.00000e+000	-1.57983e+000	 9.29509e+000	-3.05929e+000	 0.00000e+000	

SECOND TIME DERIVATIVE of the primary variables: 
 0.00000e+000	 0.00000e+000	-3.39989e+001	 4.86487e+002	-9.28628e+001	 0.00000e+000	
______________________________________________________________________________

______________________________________________________________________________

x is the Global coord. if icont=1 and it is the local coord. if icont=0
	 x 			Deflect. 		 rotation 		 B. Moment 		 Shear Force 
______________________________________________________________________________

______________________________________________________________________________

 0.00000e+000	 0.00000e+000	-0.00000e+000	-4.57147e+000	 1.99621e+001
 3.12500e-002	 2.13063e-003	-1.33111e-001	-3.94765e+000	 1.99621e+001
 6.25000e-002	 8.11638e-003	-2.46728e-001	-3.32383e+000	 1.99621e+001
 9.37500e-002	 1.73481e-002	-3.40851e-001	-2.70002e+000	 1.99621e+001
 1.25000e-001	 2.92165e-002	-4.15479e-001	-2.07620e+000	 1.99621e+001
 1.56250e-001	 4.31124e-002	-4.70613e-001	-1.45238e+000	 1.99621e+001
 1.87500e-001	 5.84267e-002	-5.06253e-001	-8.28564e-001	 1.99621e+001
 2.18750e-001	 7.45502e-002	-5.22398e-001	-2.04747e-001	 1.99621e+001
 2.50000e-001	 9.08736e-002	-5.19050e-001	 4.19070e-001	 1.99621e+001
 2.50000e-001	 9.08736e-002	-5.19050e-001	 7.43606e-001	 1.06607e+001
 2.81250e-001	 1.06677e-001	-4.90606e-001	 1.07675e+000	 1.06607e+001
 3.12500e-001	 1.21428e-001	-4.51752e-001	 1.40990e+000	 1.06607e+001
 3.43750e-001	 1.34803e-001	-4.02488e-001	 1.74305e+000	 1.06607e+001
 3.75000e-001	 1.46475e-001	-3.42812e-001	 2.07620e+000	 1.06607e+001
 4.06250e-001	 1.56120e-001	-2.72725e-001	 2.40935e+000	 1.06607e+001
 4.37500e-001	 1.63412e-001	-1.92228e-001	 2.74249e+000	 1.06607e+001
 4.68750e-001	 1.68026e-001	-1.01319e-001	 3.07564e+000	 1.06607e+001
 5.00000e-001	 1.69636e-001	-0.00000e+000	 3.40879e+000	 1.06607e+001
______________________________________________________________________________


Time = 3.50000e-002 time step number = 7

SOLUTION (values of PVS) at the nodes: 
 0.00000e+000	 0.00000e+000	 8.25454e-002	-4.67604e-001	 1.53241e-001	 0.00000e+000	

FIRST TIME DERIVATIVE of the primary variables: 
 0.00000e+000	 0.00000e+000	-1.75146e+000	 1.12829e+001	-3.49849e+000	 0.00000e+000	

SECOND TIME DERIVATIVE of the primary variables: 
 0.00000e+000	 0.00000e+000	-3.46548e+001	 3.08656e+002	-8.28178e+001	 0.00000e+000	
______________________________________________________________________________

______________________________________________________________________________

x is the Global coord. if icont=1 and it is the local coord. if icont=0
	 x 			Deflect. 		 rotation 		 B. Moment 		 Shear Force 
______________________________________________________________________________

______________________________________________________________________________

 0.00000e+000	 0.00000e+000	-0.00000e+000	-4.18352e+000	 1.85048e+001
 3.12500e-002	 1.94861e-003	-1.21699e-001	-3.60524e+000	 1.85048e+001
 6.25000e-002	 7.41797e-003	-2.25328e-001	-3.02697e+000	 1.85048e+001
 9.37500e-002	 1.58434e-002	-3.10885e-001	-2.44869e+000	 1.85048e+001
 1.25000e-001	 2.66600e-002	-3.78371e-001	-1.87042e+000	 1.85048e+001
 1.56250e-001	 3.93033e-002	-4.27786e-001	-1.29214e+000	 1.85048e+001
 1.87500e-001	 5.32084e-002	-4.59130e-001	-7.13868e-001	 1.85048e+001
 2.18750e-001	 6.78107e-002	-4.72403e-001	-1.35593e-001	 1.85048e+001
 2.50000e-001	 8.25454e-002	-4.67604e-001	 4.42682e-001	 1.85048e+001
 2.50000e-001	 8.25454e-002	-4.67604e-001	 6.94843e-001	 9.40460e+000
 2.81250e-001	 9.67709e-002	-4.41299e-001	 9.88737e-001	 9.40460e+000
 3.12500e-001	 1.10031e-001	-4.05808e-001	 1.28263e+000	 9.40460e+000
 3.43750e-001	 1.22038e-001	-3.61134e-001	 1.57652e+000	 9.40460e+000
 3.75000e-001	 1.32506e-001	-3.07276e-001	 1.87042e+000	 9.40460e+000
 4.06250e-001	 1.41147e-001	-2.44233e-001	 2.16431e+000	 9.40460e+000
 4.37500e-001	 1.47675e-001	-1.72006e-001	 2.45821e+000	 9.40460e+000
 4.68750e-001	 1.51802e-001	-9.05952e-002	 2.75210e+000	 9.40460e+000
 5.00000e-001	 1.53241e-001	-0.00000e+000	 3.04599e+000	 9.40460e+000
______________________________________________________________________________


Time = 4.00000e-002 time step number = 8

SOLUTION (values of PVS) at the nodes: 
 0.00000e+000	 0.00000e+000	 7.33416e-002	-4.09031e-001	 1.34783e-001	 0.00000e+000	

FIRST TIME DERIVATIVE of the primary variables: 
 0.00000e+000	 0.00000e+000	-1.93005e+000	 1.21465e+001	-3.88495e+000	 0.00000e+000	

SECOND TIME DERIVATIVE of the primary variables: 
 0.00000e+000	 0.00000e+000	-3.67798e+001	 3.67563e+001	-7.17640e+001	 0.00000e+000	
______________________________________________________________________________

______________________________________________________________________________

x is the Global coord. if icont=1 and it is the local coord. if icont=0
	 x 			Deflect. 		 rotation 		 B. Moment 		 Shear Force 
______________________________________________________________________________

______________________________________________________________________________

 0.00000e+000	 0.00000e+000	-0.00000e+000	-3.76854e+000	 1.70594e+001
 3.12500e-002	 1.75334e-003	-1.09437e-001	-3.23544e+000	 1.70594e+001
 6.25000e-002	 6.66629e-003	-2.02215e-001	-2.70233e+000	 1.70594e+001
 9.37500e-002	 1.42182e-002	-2.78333e-001	-2.16923e+000	 1.70594e+001
 1.25000e-001	 2.38886e-002	-3.37792e-001	-1.63612e+000	 1.70594e+001
 1.56250e-001	 3.51567e-002	-3.80591e-001	-1.10302e+000	 1.70594e+001
 1.87500e-001	 4.75020e-002	-4.06730e-001	-5.69913e-001	 1.70594e+001
 2.18750e-001	 6.04038e-002	-4.16210e-001	-3.68082e-002	 1.70594e+001
 2.50000e-001	 7.33416e-002	-4.09031e-001	 4.96297e-001	 1.70594e+001
 2.50000e-001	 7.33416e-002	-4.09031e-001	 6.46128e-001	 7.91996e+000
 2.81250e-001	 8.57680e-002	-3.84972e-001	 8.93627e-001	 7.91996e+000
 3.12500e-001	 9.73218e-002	-3.53179e-001	 1.14113e+000	 7.91996e+000
 3.43750e-001	 1.07761e-001	-3.13652e-001	 1.38862e+000	 7.91996e+000
 3.75000e-001	 1.16844e-001	-2.66390e-001	 1.63612e+000	 7.91996e+000
 4.06250e-001	 1.24330e-001	-2.11394e-001	 1.88362e+000	 7.91996e+000
 4.37500e-001	 1.29976e-001	-1.48664e-001	 2.13112e+000	 7.91996e+000
 4.68750e-001	 1.33541e-001	-7.81991e-002	 2.37862e+000	 7.91996e+000
 5.00000e-001	 1.34783e-001	-0.00000e+000	 2.62612e+000	 7.91996e+000
______________________________________________________________________________


Time = 4.50000e-002 time step number = 9

SOLUTION (values of PVS) at the nodes: 
 0.00000e+000	 0.00000e+000	 6.32101e-002	-3.47566e-001	 1.14597e-001	 0.00000e+000	

FIRST TIME DERIVATIVE of the primary variables: 
 0.00000e+000	 0.00000e+000	-2.12255e+000	 1.24394e+001	-4.18950e+000	 0.00000e+000	

SECOND TIME DERIVATIVE of the primary variables: 
 0.00000e+000	 0.00000e+000	-4.02194e+001	 8.04240e+001	-5.00566e+001	 0.00000e+000	
______________________________________________________________________________

______________________________________________________________________________

x is the Global coord. if icont=1 and it is the local coord. if icont=0
	 x 			Deflect. 		 rotation 		 B. Moment 		 Shear Force 
______________________________________________________________________________

______________________________________________________________________________

 0.00000e+000	 0.00000e+000	-0.00000e+000	-3.28764e+000	 1.51790e+001
 3.12500e-002	 1.52809e-003	-9.53271e-002	-2.81330e+000	 1.51790e+001
 6.25000e-002	 5.80354e-003	-1.75831e-001	-2.33895e+000	 1.51790e+001
 9.37500e-002	 1.23631e-002	-2.41512e-001	-1.86461e+000	 1.51790e+001
 1.25000e-001	 2.07436e-002	-2.92369e-001	-1.39026e+000	 1.51790e+001
 1.56250e-001	 3.04818e-002	-3.28403e-001	-9.15921e-001	 1.51790e+001
 1.87500e-001	 4.11144e-002	-3.49614e-001	-4.41577e-001	 1.51790e+001
 2.18750e-001	 5.21782e-002	-3.56002e-001	 3.27668e-002	 1.51790e+001
 2.50000e-001	 6.32101e-002	-3.47566e-001	 5.07111e-001	 1.51790e+001
 2.50000e-001	 6.32101e-002	-3.47566e-001	 6.27936e-001	 6.09863e+000
 2.81250e-001	 7.37339e-002	-3.24965e-001	 8.18518e-001	 6.09863e+000
 3.12500e-001	 8.34584e-002	-2.96409e-001	 1.00910e+000	 6.09863e+000
 3.43750e-001	 9.21974e-002	-2.61897e-001	 1.19968e+000	 6.09863e+000
 3.75000e-001	 9.97649e-002	-2.21429e-001	 1.39026e+000	 6.09863e+000
 4.06250e-001	 1.05975e-001	-1.75005e-001	 1.58085e+000	 6.09863e+000
 4.37500e-001	 1.10641e-001	-1.22626e-001	 1.77143e+000	 6.09863e+000
 4.68750e-001	 1.13577e-001	-6.42907e-002	 1.96201e+000	 6.09863e+000
 5.00000e-001	 1.14597e-001	-0.00000e+000	 2.15259e+000	 6.09863e+000
______________________________________________________________________________


Time = 5.00000e-002 time step number = 10

SOLUTION (values of PVS) at the nodes: 
 0.00000e+000	 0.00000e+000	 5.20912e-002	-2.83378e-001	 9.31637e-002	 0.00000e+000	

FIRST TIME DERIVATIVE of the primary variables: 
 0.00000e+000	 0.00000e+000	-2.32502e+000	 1.32358e+001	-4.38374e+000	 0.00000e+000	

SECOND TIME DERIVATIVE of the primary variables: 
 0.00000e+000	 0.00000e+000	-4.07716e+001	 2.38105e+002	-2.76419e+001	 0.00000e+000	
______________________________________________________________________________

______________________________________________________________________________

x is the Global coord. if icont=1 and it is the local coord. if icont=0
	 x 			Deflect. 		 rotation 		 B. Moment 		 Shear Force 
______________________________________________________________________________

______________________________________________________________________________

 0.00000e+000	 0.00000e+000	-0.00000e+000	-2.73373e+000	 1.28017e+001
 3.12500e-002	 1.26971e-003	-7.91781e-002	-2.33367e+000	 1.28017e+001
 6.25000e-002	 4.81841e-003	-1.45855e-001	-1.93362e+000	 1.28017e+001
 9.37500e-002	 1.02554e-002	-2.00029e-001	-1.53357e+000	 1.28017e+001
 1.25000e-001	 1.71900e-002	-2.41702e-001	-1.13351e+000	 1.28017e+001
 1.56250e-001	 2.52316e-002	-2.70874e-001	-7.33459e-001	 1.28017e+001
 1.87500e-001	 3.39894e-002	-2.87544e-001	-3.33406e-001	 1.28017e+001
 2.18750e-001	 4.30728e-002	-2.91712e-001	 6.66476e-002	 1.28017e+001
 2.50000e-001	 5.20912e-002	-2.83378e-001	 4.66701e-001	 1.28017e+001
 2.50000e-001	 5.20912e-002	-2.83378e-001	 5.91089e-001	 4.33939e+000
 2.81250e-001	 6.06360e-002	-2.62788e-001	 7.26695e-001	 4.33939e+000
 3.12500e-001	 6.84713e-002	-2.37960e-001	 8.62301e-001	 4.33939e+000
 3.43750e-001	 7.54644e-002	-2.08894e-001	 9.97907e-001	 4.33939e+000
 3.75000e-001	 8.14830e-002	-1.75591e-001	 1.13351e+000	 4.33939e+000
 4.06250e-001	 8.63947e-002	-1.38049e-001	 1.26912e+000	 4.33939e+000
 4.37500e-001	 9.00669e-002	-9.62706e-002	 1.40472e+000	 4.33939e+000
 4.68750e-001	 9.23674e-002	-5.02542e-002	 1.54033e+000	 4.33939e+000
 5.00000e-001	 9.31637e-002	-0.00000e+000	 1.67594e+000	 4.33939e+000
______________________________________________________________________________


Time = 5.50000e-002 time step number = 11

SOLUTION (values of PVS) at the nodes: 
 0.00000e+000	 0.00000e+000	 3.99987e-002	-2.15038e-001	 7.09494e-002	 0.00000e+000	

FIRST TIME DERIVATIVE of the primary variables: 
 0.00000e+000	 0.00000e+000	-2.51197e+000	 1.41002e+001	-4.50196e+000	 0.00000e+000	

SECOND TIME DERIVATIVE of the primary variables: 
 0.00000e+000	 0.00000e+000	-3.40084e+001	 1.07675e+002	-1.96431e+001	 0.00000e+000	
______________________________________________________________________________

______________________________________________________________________________

x is the Global coord. if icont=1 and it is the local coord. if icont=0
	 x 			Deflect. 		 rotation 		 B. Moment 		 Shear Force 
______________________________________________________________________________

______________________________________________________________________________

 0.00000e+000	 0.00000e+000	-0.00000e+000	-2.11957e+000	 1.00753e+001
 3.12500e-002	 9.83699e-004	-6.13169e-002	-1.80471e+000	 1.00753e+001
 6.25000e-002	 3.72981e-003	-1.12795e-001	-1.48986e+000	 1.00753e+001
 9.37500e-002	 7.93087e-003	-1.54433e-001	-1.17501e+000	 1.00753e+001
 1.25000e-001	 1.32794e-002	-1.86232e-001	-8.60153e-001	 1.00753e+001
 1.56250e-001	 1.94679e-002	-2.08193e-001	-5.45300e-001	 1.00753e+001
 1.87500e-001	 2.61889e-002	-2.20314e-001	-2.30447e-001	 1.00753e+001
 2.18750e-001	 3.31350e-002	-2.22596e-001	 8.44066e-002	 1.00753e+001
 2.50000e-001	 3.99987e-002	-2.15038e-001	 3.99260e-001	 1.00753e+001
 2.50000e-001	 3.99987e-002	-2.15038e-001	 4.69340e-001	 3.12651e+000
 2.81250e-001	 4.64735e-002	-1.98845e-001	 5.67043e-001	 3.12651e+000
 3.12500e-001	 5.23947e-002	-1.79598e-001	 6.64746e-001	 3.12651e+000
 3.43750e-001	 5.76666e-002	-1.57298e-001	 7.62450e-001	 3.12651e+000
 3.75000e-001	 6.21940e-002	-1.31945e-001	 8.60153e-001	 3.12651e+000
 4.06250e-001	 6.58814e-002	-1.03539e-001	 9.57857e-001	 3.12651e+000
 4.37500e-001	 6.86334e-002	-7.20790e-002	 1.05556e+000	 3.12651e+000
 4.68750e-001	 7.03545e-002	-3.75661e-002	 1.15326e+000	 3.12651e+000
 5.00000e-001	 7.09494e-002	-0.00000e+000	 1.25097e+000	 3.12651e+000
______________________________________________________________________________


Time = 6.00000e-002 time step number = 12

SOLUTION (values of PVS) at the nodes: 
 0.00000e+000	 0.00000e+000	 2.70931e-002	-1.44639e-001	 4.81909e-002	 0.00000e+000	

FIRST TIME DERIVATIVE of the primary variables: 
 0.00000e+000	 0.00000e+000	-2.65024e+000	 1.40595e+001	-4.60147e+000	 0.00000e+000	

SECOND TIME DERIVATIVE of the primary variables: 
 0.00000e+000	 0.00000e+000	-2.12986e+001	-1.23955e+002	-2.01610e+001	 0.00000e+000	
______________________________________________________________________________

______________________________________________________________________________

x is the Global coord. if icont=1 and it is the local coord. if icont=0
	 x 			Deflect. 		 rotation 		 B. Moment 		 Shear Force 
______________________________________________________________________________

______________________________________________________________________________

 0.00000e+000	 0.00000e+000	-0.00000e+000	-1.44383e+000	 6.92218e+000
 3.12500e-002	 6.69786e-004	-4.17397e-002	-1.22751e+000	 6.92218e+000
 6.25000e-002	 2.53831e-003	-7.67194e-002	-1.01119e+000	 6.92218e+000
 9.37500e-002	 5.39433e-003	-1.04939e-001	-7.94874e-001	 6.92218e+000
 1.25000e-001	 9.02660e-003	-1.26399e-001	-5.78556e-001	 6.92218e+000
 1.56250e-001	 1.32239e-002	-1.41099e-001	-3.62238e-001	 6.92218e+000
 1.87500e-001	 1.77749e-002	-1.49039e-001	-1.45920e-001	 6.92218e+000
 2.18750e-001	 2.24684e-002	-1.50219e-001	 7.03983e-002	 6.92218e+000
 2.50000e-001	 2.70931e-002	-1.44639e-001	 2.86716e-001	 6.92218e+000
 2.50000e-001	 2.70931e-002	-1.44639e-001	 2.88841e-001	 2.31772e+000
 2.81250e-001	 3.14603e-002	-1.34481e-001	 3.61270e-001	 2.31772e+000
 3.12500e-001	 3.54746e-002	-1.22060e-001	 4.33699e-001	 2.31772e+000
 3.43750e-001	 3.90654e-002	-1.07375e-001	 5.06127e-001	 2.31772e+000
 3.75000e-001	 4.21620e-002	-9.04267e-002	 5.78556e-001	 2.31772e+000
 4.06250e-001	 4.46935e-002	-7.12151e-002	 6.50985e-001	 2.31772e+000
 4.37500e-001	 4.65893e-002	-4.97402e-002	 7.23414e-001	 2.31772e+000
 4.68750e-001	 4.77787e-002	-2.60018e-002	 7.95842e-001	 2.31772e+000
 5.00000e-001	 4.81909e-002	-0.00000e+000	 8.68271e-001	 2.31772e+000
______________________________________________________________________________


Time = 6.50000e-002 time step number = 13

SOLUTION (values of PVS) at the nodes: 
 0.00000e+000	 0.00000e+000	 1.36630e-002	-7.53721e-002	 2.49706e-002	 0.00000e+000	

FIRST TIME DERIVATIVE of the primary variables: 
 0.00000e+000	 0.00000e+000	-2.72182e+000	 1.36472e+001	-4.68664e+000	 0.00000e+000	

SECOND TIME DERIVATIVE of the primary variables: 
 0.00000e+000	 0.00000e+000	-7.33083e+000	-4.09470e+001	-1.39093e+001	 0.00000e+000	
______________________________________________________________________________

______________________________________________________________________________

x is the Global coord. if icont=1 and it is the local coord. if icont=0
	 x 			Deflect. 		 rotation 		 B. Moment 		 Shear Force 
______________________________________________________________________________

______________________________________________________________________________

 0.00000e+000	 0.00000e+000	-0.00000e+000	-7.08670e-001	 3.25745e+000
 3.12500e-002	 3.29462e-004	-2.05554e-002	-6.06875e-001	 3.25745e+000
 6.25000e-002	 1.25157e-003	-3.79297e-002	-5.05079e-001	 3.25745e+000
 9.37500e-002	 2.66693e-003	-5.21228e-002	-4.03284e-001	 3.25745e+000
 1.25000e-001	 4.47612e-003	-6.31349e-002	-3.01489e-001	 3.25745e+000
 1.56250e-001	 6.57972e-003	-7.09659e-002	-1.99693e-001	 3.25745e+000
 1.87500e-001	 8.87835e-003	-7.56157e-002	-9.78979e-002	 3.25745e+000
 2.18750e-001	 1.12726e-002	-7.70845e-002	 3.89747e-003	 3.25745e+000
 2.50000e-001	 1.36630e-002	-7.53721e-002	 1.05693e-001	 3.25745e+000
 2.50000e-001	 1.36630e-002	-7.53721e-002	 1.20423e-001	 1.44852e+000
 2.81250e-001	 1.59522e-002	-7.09016e-002	 1.65690e-001	 1.44852e+000
 3.12500e-001	 1.80796e-002	-6.50165e-002	 2.10956e-001	 1.44852e+000
 3.43750e-001	 2.00010e-002	-5.77169e-002	 2.56222e-001	 1.44852e+000
 3.75000e-001	 2.16722e-002	-4.90026e-002	 3.01489e-001	 1.44852e+000
 4.06250e-001	 2.30489e-002	-3.88738e-002	 3.46755e-001	 1.44852e+000
 4.37500e-001	 2.40871e-002	-2.73305e-002	 3.92021e-001	 1.44852e+000
 4.68750e-001	 2.47423e-002	-1.43725e-002	 4.37287e-001	 1.44852e+000
 5.00000e-001	 2.49706e-002	-0.00000e+000	 4.82554e-001	 1.44852e+000
______________________________________________________________________________


Time = 7.00000e-002 time step number = 14

SOLUTION (values of PVS) at the nodes: 
 0.00000e+000	 0.00000e+000	 4.61648e-005	-6.22405e-003	 1.43029e-003	 0.00000e+000	

FIRST TIME DERIVATIVE of the primary variables: 
 0.00000e+000	 0.00000e+000	-2.72492e+000	 1.40120e+001	-4.72948e+000	 0.00000e+000	

SECOND TIME DERIVATIVE of the primary variables: 
 0.00000e+000	 0.00000e+000	 6.09087e+000	 1.86842e+002	-3.22713e+000	 0.00000e+000	
______________________________________________________________________________

______________________________________________________________________________

x is the Global coord. if icont=1 and it is the local coord. if icont=0
	 x 			Deflect. 		 rotation 		 B. Moment 		 Shear Force 
______________________________________________________________________________

______________________________________________________________________________

 0.00000e+000	 0.00000e+000	-0.00000e+000	 4.53606e-002	-5.62055e-001
 3.12500e-002	-1.92900e-005	 1.14308e-003	 2.77964e-002	-5.62055e-001
 6.25000e-002	-6.57249e-005	 1.73728e-003	 1.02322e-002	-5.62055e-001
 9.37500e-002	-1.22152e-004	 1.78259e-003	-7.33201e-003	-5.62055e-001
 1.25000e-001	-1.71419e-004	 1.27902e-003	-2.48962e-002	-5.62055e-001
 1.56250e-001	-1.96374e-004	 2.26577e-004	-4.24604e-002	-5.62055e-001
 1.87500e-001	-1.79863e-004	-1.37475e-003	-6.00246e-002	-5.62055e-001
 2.18750e-001	-1.04734e-004	-3.52496e-003	-7.75888e-002	-5.62055e-001
 2.50000e-001	 4.61648e-005	-6.22405e-003	-9.51530e-002	-5.62055e-001
 2.50000e-001	 4.61648e-005	-6.22405e-003	-3.32913e-002	 4.65500e-001
 2.81250e-001	 2.54554e-004	-7.03711e-003	-1.87444e-002	 4.65500e-001
 3.12500e-001	 4.81249e-004	-7.39558e-003	-4.19753e-003	 4.65500e-001
 3.43750e-001	 7.12043e-004	-7.29946e-003	 1.03493e-002	 4.65500e-001
 3.75000e-001	 9.32730e-004	-6.74875e-003	 2.48962e-002	 4.65500e-001
 4.06250e-001	 1.12910e-003	-5.74344e-003	 3.94431e-002	 4.65500e-001
 4.37500e-001	 1.28696e-003	-4.28355e-003	 5.39900e-002	 4.65500e-001
 4.68750e-001	 1.39209e-003	-2.36907e-003	 6.85368e-002	 4.65500e-001
 5.00000e-001	 1.43029e-003	-0.00000e+000	 8.30837e-002	 4.65500e-001
______________________________________________________________________________


Time = 7.50000e-002 time step number = 15

SOLUTION (values of PVS) at the nodes: 
 0.00000e+000	 0.00000e+000	-1.34220e-002	 6.57023e-002	-2.22328e-002	 0.00000e+000	

FIRST TIME DERIVATIVE of the primary variables: 
 0.00000e+000	 0.00000e+000	-2.66234e+000	 1.47585e+001	-4.73576e+000	 0.00000e+000	

SECOND TIME DERIVATIVE of the primary variables: 
 0.00000e+000	 0.00000e+000	 1.89409e+001	 1.11777e+002	 7.17143e-001	 0.00000e+000	
______________________________________________________________________________

______________________________________________________________________________

x is the Global coord. if icont=1 and it is the local coord. if icont=0
	 x 			Deflect. 		 rotation 		 B. Moment 		 Shear Force 
______________________________________________________________________________

______________________________________________________________________________

 0.00000e+000	 0.00000e+000	-0.00000e+000	 7.62890e-001	-4.00065e+000
 3.12500e-002	-3.52157e-004	 2.18869e-002	 6.37870e-001	-4.00065e+000
 6.25000e-002	-1.32723e-003	 3.98669e-002	 5.12850e-001	-4.00065e+000
 9.37500e-002	-2.80314e-003	 5.39400e-002	 3.87829e-001	-4.00065e+000
 1.25000e-001	-4.65779e-003	 6.41062e-002	 2.62809e-001	-4.00065e+000
 1.56250e-001	-6.76908e-003	 7.03655e-002	 1.37789e-001	-4.00065e+000
 1.87500e-001	-9.01494e-003	 7.27180e-002	 1.27683e-002	-4.00065e+000
 2.18750e-001	-1.12733e-002	 7.11636e-002	-1.12252e-001	-4.00065e+000
 2.50000e-001	-1.34220e-002	 6.57023e-002	-2.37272e-001	-4.00065e+000
 2.50000e-001	-1.34220e-002	 6.57023e-002	-2.05394e-001	-4.59316e-001
 2.81250e-001	-1.53725e-002	 5.90594e-002	-2.19748e-001	-4.59316e-001
 3.12500e-001	-1.71085e-002	 5.19680e-002	-2.34102e-001	-4.59316e-001
 3.43750e-001	-1.86159e-002	 4.44280e-002	-2.48455e-001	-4.59316e-001
 3.75000e-001	-1.98806e-002	 3.64395e-002	-2.62809e-001	-4.59316e-001
 4.06250e-001	-2.08887e-002	 2.80025e-002	-2.77163e-001	-4.59316e-001
 4.37500e-001	-2.16261e-002	 1.91169e-002	-2.91516e-001	-4.59316e-001
 4.68750e-001	-2.20788e-002	 9.78271e-003	-3.05870e-001	-4.59316e-001
 5.00000e-001	-2.22328e-002	-0.00000e+000	-3.20224e-001	-4.59316e-001
______________________________________________________________________________


Time = 8.00000e-002 time step number = 16

SOLUTION (values of PVS) at the nodes: 
 0.00000e+000	 0.00000e+000	-2.64388e-002	 1.39267e-001	-4.58823e-002	 0.00000e+000	

FIRST TIME DERIVATIVE of the primary variables: 
 0.00000e+000	 0.00000e+000	-2.54439e+000	 1.46672e+001	-4.72406e+000	 0.00000e+000	

SECOND TIME DERIVATIVE of the primary variables: 
 0.00000e+000	 0.00000e+000	 2.82355e+001	-1.48297e+002	 3.96400e+000	 0.00000e+000	
______________________________________________________________________________

______________________________________________________________________________

x is the Global coord. if icont=1 and it is the local coord. if icont=0
	 x 			Deflect. 		 rotation 		 B. Moment 		 Shear Force 
______________________________________________________________________________

______________________________________________________________________________

 0.00000e+000	 0.00000e+000	-0.00000e+000	 1.42399e+000	-6.93539e+000
 3.12500e-002	-6.60033e-004	 4.11133e-002	 1.20726e+000	-6.93539e+000
 6.25000e-002	-2.49903e-003	 7.54537e-002	 9.90528e-001	-6.93539e+000
 9.37500e-002	-5.30534e-003	 1.03021e-001	 7.73798e-001	-6.93539e+000
 1.25000e-001	-8.86731e-003	 1.23816e-001	 5.57067e-001	-6.93539e+000
 1.56250e-001	-1.29733e-002	 1.37838e-001	 3.40336e-001	-6.93539e+000
 1.87500e-001	-1.74116e-002	 1.45087e-001	 1.23605e-001	-6.93539e+000
 2.18750e-001	-2.19707e-002	 1.45563e-001	-9.31260e-002	-6.93539e+000
 2.50000e-001	-2.64388e-002	 1.39267e-001	-3.09857e-001	-6.93539e+000
 2.50000e-001	-2.64388e-002	 1.39267e-001	-3.61685e-001	-1.56305e+000
 2.81250e-001	-3.06063e-002	 1.27201e-001	-4.10531e-001	-1.56305e+000
 3.12500e-001	-3.43729e-002	 1.13609e-001	-4.59376e-001	-1.56305e+000
 3.43750e-001	-3.76909e-002	 9.84898e-002	-5.08221e-001	-1.56305e+000
 3.75000e-001	-4.05127e-002	 8.18447e-002	-5.57067e-001	-1.56305e+000
 4.06250e-001	-4.27903e-002	 6.36731e-002	-6.05912e-001	-1.56305e+000
 4.37500e-001	-4.44763e-002	 4.39752e-002	-6.54757e-001	-1.56305e+000
 4.68750e-001	-4.55229e-002	 2.27508e-002	-7.03603e-001	-1.56305e+000
 5.00000e-001	-4.58823e-002	-0.00000e+000	-7.52448e-001	-1.56305e+000
______________________________________________________________________________


Time = 8.50000e-002 time step number = 17

SOLUTION (values of PVS) at the nodes: 
 0.00000e+000	 0.00000e+000	-3.87942e-002	 2.10727e-001	-6.93458e-002	 0.00000e+000	

FIRST TIME DERIVATIVE of the primary variables: 
 0.00000e+000	 0.00000e+000	-2.39775e+000	 1.39170e+001	-4.66134e+000	 0.00000e+000	

SECOND TIME DERIVATIVE of the primary variables: 
 0.00000e+000	 0.00000e+000	 3.04224e+001	-1.51795e+002	 2.11211e+001	 0.00000e+000	
______________________________________________________________________________

______________________________________________________________________________

x is the Global coord. if icont=1 and it is the local coord. if icont=0
	 x 			Deflect. 		 rotation 		 B. Moment 		 Shear Force 
______________________________________________________________________________

______________________________________________________________________________

 0.00000e+000	 0.00000e+000	-0.00000e+000	 2.03842e+000	-9.56409e+000
 3.12500e-002	-9.46677e-004	 5.90307e-002	 1.73954e+000	-9.56409e+000
 6.25000e-002	-3.59213e-003	 1.08721e-001	 1.44066e+000	-9.56409e+000
 9.37500e-002	-7.64447e-003	 1.49072e-001	 1.14179e+000	-9.56409e+000
 1.25000e-001	-1.28118e-002	 1.80083e-001	 8.42909e-001	-9.56409e+000
 1.56250e-001	-1.88024e-002	 2.01754e-001	 5.44031e-001	-9.56409e+000
 1.87500e-001	-2.53242e-002	 2.14085e-001	 2.45153e-001	-9.56409e+000
 2.18750e-001	-3.20854e-002	 2.17076e-001	-5.37244e-002	-9.56409e+000
 2.50000e-001	-3.87942e-002	 2.10727e-001	-3.52602e-001	-9.56409e+000
 2.50000e-001	-3.87942e-002	 2.10727e-001	-4.38674e-001	-3.23388e+000
 2.81250e-001	-4.51487e-002	 1.95440e-001	-5.39733e-001	-3.23388e+000
 3.12500e-001	-5.09762e-002	 1.76994e-001	-6.40792e-001	-3.23388e+000
 3.43750e-001	-5.61780e-002	 1.55390e-001	-7.41850e-001	-3.23388e+000
 3.75000e-001	-6.06552e-002	 1.30628e-001	-8.42909e-001	-3.23388e+000
 4.06250e-001	-6.43093e-002	 1.02708e-001	-9.43968e-001	-3.23388e+000
 4.37500e-001	-6.70416e-002	 7.16303e-002	-1.04503e+000	-3.23388e+000
 4.68750e-001	-6.87533e-002	 3.73942e-002	-1.14609e+000	-3.23388e+000
 5.00000e-001	-6.93458e-002	-0.00000e+000	-1.24714e+000	-3.23388e+000
______________________________________________________________________________


Time = 9.00000e-002 time step number = 18

SOLUTION (values of PVS) at the nodes: 
 0.00000e+000	 0.00000e+000	-5.04215e-002	 2.79437e-001	-9.22232e-002	 0.00000e+000	

FIRST TIME DERIVATIVE of the primary variables: 
 0.00000e+000	 0.00000e+000	-2.25319e+000	 1.35670e+001	-4.48960e+000	 0.00000e+000	

SECOND TIME DERIVATIVE of the primary variables: 
 0.00000e+000	 0.00000e+000	 2.74035e+001	 1.17981e+001	 4.75766e+001	 0.00000e+000	
______________________________________________________________________________

______________________________________________________________________________

x is the Global coord. if icont=1 and it is the local coord. if icont=0
	 x 			Deflect. 		 rotation 		 B. Moment 		 Shear Force 
______________________________________________________________________________

______________________________________________________________________________

 0.00000e+000	 0.00000e+000	-0.00000e+000	 2.60496e+000	-1.18977e+001
 3.12500e-002	-1.21144e-003	 7.55957e-002	 2.23316e+000	-1.18977e+001
 6.25000e-002	-4.60370e-003	 1.39573e-001	 1.86136e+000	-1.18977e+001
 9.37500e-002	-9.81370e-003	 1.91931e-001	 1.48955e+000	-1.18977e+001
 1.25000e-001	-1.64783e-002	 2.32670e-001	 1.11775e+000	-1.18977e+001
 1.56250e-001	-2.42345e-002	 2.61790e-001	 7.45945e-001	-1.18977e+001
 1.87500e-001	-3.27192e-002	 2.79291e-001	 3.74141e-001	-1.18977e+001
 2.18750e-001	-4.15692e-002	 2.85174e-001	 2.33753e-003	-1.18977e+001
 2.50000e-001	-5.04215e-002	 2.79437e-001	-3.69466e-001	-1.18977e+001
 2.50000e-001	-5.04215e-002	 2.79437e-001	-4.58034e-001	-5.27772e+000
 2.81250e-001	-5.89034e-002	 2.62547e-001	-6.22963e-001	-5.27772e+000
 3.12500e-001	-6.67770e-002	 2.40502e-001	-7.87891e-001	-5.27772e+000
 3.43750e-001	-7.38811e-002	 2.13304e-001	-9.52820e-001	-5.27772e+000
 3.75000e-001	-8.00548e-002	 1.80951e-001	-1.11775e+000	-5.27772e+000
 4.06250e-001	-8.51369e-002	 1.43444e-001	-1.28268e+000	-5.27772e+000
 4.37500e-001	-8.89663e-002	 1.00783e-001	-1.44761e+000	-5.27772e+000
 4.68750e-001	-9.13821e-002	 5.29688e-002	-1.61254e+000	-5.27772e+000
 5.00000e-001	-9.22232e-002	-0.00000e+000	-1.77746e+000	-5.27772e+000
______________________________________________________________________________


Time = 9.50000e-002 time step number = 19

SOLUTION (values of PVS) at the nodes: 
 0.00000e+000	 0.00000e+000	-6.13611e-002	 3.46755e-001	-1.13962e-001	 0.00000e+000	

FIRST TIME DERIVATIVE of the primary variables: 
 0.00000e+000	 0.00000e+000	-2.12267e+000	 1.33599e+001	-4.20573e+000	 0.00000e+000	

SECOND TIME DERIVATIVE of the primary variables: 
 0.00000e+000	 0.00000e+000	 2.48022e+001	-9.46330e+001	 6.59701e+001	 0.00000e+000	
______________________________________________________________________________

______________________________________________________________________________

x is the Global coord. if icont=1 and it is the local coord. if icont=0
	 x 			Deflect. 		 rotation 		 B. Moment 		 Shear Force 
______________________________________________________________________________

______________________________________________________________________________

 0.00000e+000	 0.00000e+000	-0.00000e+000	 3.11663e+000	-1.38369e+001
 3.12500e-002	-1.45141e-003	 9.06384e-002	 2.68423e+000	-1.38369e+001
 6.25000e-002	-5.52415e-003	 1.67764e-001	 2.25183e+000	-1.38369e+001
 9.37500e-002	-1.17959e-002	 2.31378e-001	 1.81942e+000	-1.38369e+001
 1.25000e-001	-1.98445e-002	 2.81478e-001	 1.38702e+000	-1.38369e+001
 1.56250e-001	-2.92476e-002	 3.18066e-001	 9.54615e-001	-1.38369e+001
 1.87500e-001	-3.95829e-002	 3.41142e-001	 5.22212e-001	-1.38369e+001
 2.18750e-001	-5.04281e-002	 3.50704e-001	 8.98086e-002	-1.38369e+001
 2.50000e-001	-6.13611e-002	 3.46755e-001	-3.42595e-001	-1.38369e+001
 2.50000e-001	-6.13611e-002	 3.46755e-001	-4.98438e-001	-7.10865e+000
 2.81250e-001	-7.19177e-002	 3.27707e-001	-7.20583e-001	-7.10865e+000
 3.12500e-001	-8.17705e-002	 3.01718e-001	-9.42728e-001	-7.10865e+000
 3.43750e-001	-9.07028e-002	 2.68787e-001	-1.16487e+000	-7.10865e+000
 3.75000e-001	-9.84974e-002	 2.28914e-001	-1.38702e+000	-7.10865e+000
 4.06250e-001	-1.04938e-001	 1.82098e-001	-1.60916e+000	-7.10865e+000
 4.37500e-001	-1.09806e-001	 1.28341e-001	-1.83131e+000	-7.10865e+000
 4.68750e-001	-1.12887e-001	 6.76415e-002	-2.05345e+000	-7.10865e+000
 5.00000e-001	-1.13962e-001	-0.00000e+000	-2.27560e+000	-7.10865e+000
______________________________________________________________________________


Time = 1.00000e-001 time step number = 20

SOLUTION (values of PVS) at the nodes: 
 0.00000e+000	 0.00000e+000	-7.16626e-002	 4.10515e-001	-1.34108e-001	 0.00000e+000	

FIRST TIME DERIVATIVE of the primary variables: 
 0.00000e+000	 0.00000e+000	-1.99793e+000	 1.21441e+001	-3.85285e+000	 0.00000e+000	

SECOND TIME DERIVATIVE of the primary variables: 
 0.00000e+000	 0.00000e+000	 2.50946e+001	-3.91708e+002	 7.51818e+001	 0.00000e+000	
______________________________________________________________________________

______________________________________________________________________________

x is the Global coord. if icont=1 and it is the local coord. if icont=0
	 x 			Deflect. 		 rotation 		 B. Moment 		 Shear Force 
______________________________________________________________________________

______________________________________________________________________________

 0.00000e+000	 0.00000e+000	-0.00000e+000	 3.59550e+000	-1.56275e+001
 3.12500e-002	-1.67613e-003	 1.04729e-001	 3.10714e+000	-1.56275e+001
 6.25000e-002	-6.38657e-003	 1.94196e-001	 2.61878e+000	-1.56275e+001
 9.37500e-002	-1.36544e-002	 2.68402e-001	 2.13042e+000	-1.56275e+001
 1.25000e-001	-2.30027e-002	 3.27347e-001	 1.64206e+000	-1.56275e+001
 1.56250e-001	-3.39546e-002	 3.71031e-001	 1.15370e+000	-1.56275e+001
 1.87500e-001	-4.60332e-002	 3.99453e-001	 6.65340e-001	-1.56275e+001
 2.18750e-001	-5.87615e-002	 4.12615e-001	 1.76980e-001	-1.56275e+001
 2.50000e-001	-7.16626e-002	 4.10515e-001	-3.11379e-001	-1.56275e+001
 2.50000e-001	-7.16626e-002	 4.10515e-001	-5.73482e-001	-8.54862e+000
 2.81250e-001	-8.41677e-002	 3.88419e-001	-8.40626e-001	-8.54862e+000
 3.12500e-001	-9.58519e-002	 3.57976e-001	-1.10777e+000	-8.54862e+000
 3.43750e-001	-1.06454e-001	 3.19184e-001	-1.37491e+000	-8.54862e+000
 3.75000e-001	-1.15714e-001	 2.72043e-001	-1.64206e+000	-8.54862e+000
 4.06250e-001	-1.23370e-001	 2.16555e-001	-1.90920e+000	-8.54862e+000
 4.37500e-001	-1.29162e-001	 1.52718e-001	-2.17635e+000	-8.54862e+000
 4.68750e-001	-1.32828e-001	 8.05332e-002	-2.44349e+000	-8.54862e+000
 5.00000e-001	-1.34108e-001	-0.00000e+000	-2.71064e+000	-8.54862e+000
______________________________________________________________________________


Time = 1.05000e-001 time step number = 21

SOLUTION (values of PVS) at the nodes: 
 0.00000e+000	 0.00000e+000	-8.13240e-002	 4.66201e-001	-1.52356e-001	 0.00000e+000	

FIRST TIME DERIVATIVE of the primary variables: 
 0.00000e+000	 0.00000e+000	-1.86662e+000	 1.01305e+001	-3.44650e+000	 0.00000e+000	

SECOND TIME DERIVATIVE of the primary variables: 
 0.00000e+000	 0.00000e+000	 2.74286e+001	-4.13723e+002	 8.73602e+001	 0.00000e+000	
______________________________________________________________________________

______________________________________________________________________________

x is the Global coord. if icont=1 and it is the local coord. if icont=0
	 x 			Deflect. 		 rotation 		 B. Moment 		 Shear Force 
______________________________________________________________________________

______________________________________________________________________________

 0.00000e+000	 0.00000e+000	-0.00000e+000	 4.07750e+000	-1.77015e+001
 3.12500e-002	-1.90093e-003	 1.18778e-001	 3.52432e+000	-1.77015e+001
 6.25000e-002	-7.24358e-003	 2.20270e-001	 2.97115e+000	-1.77015e+001
 9.37500e-002	-1.54878e-002	 3.04475e-001	 2.41798e+000	-1.77015e+001
 1.25000e-001	-2.60932e-002	 3.71394e-001	 1.86480e+000	-1.77015e+001
 1.56250e-001	-3.85198e-002	 4.21026e-001	 1.31163e+000	-1.77015e+001
 1.87500e-001	-5.22273e-002	 4.53371e-001	 7.58458e-001	-1.77015e+001
 2.18750e-001	-6.66754e-002	 4.68429e-001	 2.05285e-001	-1.77015e+001
 2.50000e-001	-8.13240e-002	 4.66201e-001	-3.47889e-001	-1.77015e+001
 2.50000e-001	-8.13240e-002	 4.66201e-001	-6.40113e-001	-9.79753e+000
 2.81250e-001	-9.55304e-002	 4.41414e-001	-9.46286e-001	-9.79753e+000
 3.12500e-001	-1.08813e-001	 4.07058e-001	-1.25246e+000	-9.79753e+000
 3.43750e-001	-1.20872e-001	 3.63135e-001	-1.55863e+000	-9.79753e+000
 3.75000e-001	-1.31409e-001	 3.09644e-001	-1.86480e+000	-9.79753e+000
 4.06250e-001	-1.40125e-001	 2.46585e-001	-2.17098e+000	-9.79753e+000
 4.37500e-001	-1.46721e-001	 1.73958e-001	-2.47715e+000	-9.79753e+000
 4.68750e-001	-1.50898e-001	 9.17628e-002	-2.78332e+000	-9.79753e+000
 5.00000e-001	-1.52356e-001	-0.00000e+000	-3.08950e+000	-9.79753e+000
______________________________________________________________________________


Time = 1.10000e-001 time step number = 22

SOLUTION (values of PVS) at the nodes: 
 0.00000e+000	 0.00000e+000	-9.02805e-002	 5.13083e-001	-1.68415e-001	 0.00000e+000	

FIRST TIME DERIVATIVE of the primary variables: 
 0.00000e+000	 0.00000e+000	-1.71597e+000	 8.62221e+000	-2.97703e+000	 0.00000e+000	

SECOND TIME DERIVATIVE of the primary variables: 
 0.00000e+000	 0.00000e+000	 3.28331e+001	-1.89591e+002	 1.00428e+002	 0.00000e+000	
______________________________________________________________________________

______________________________________________________________________________

x is the Global coord. if icont=1 and it is the local coord. if icont=0
	 x 			Deflect. 		 rotation 		 B. Moment 		 Shear Force 
______________________________________________________________________________

______________________________________________________________________________

 0.00000e+000	 0.00000e+000	-0.00000e+000	 4.56226e+000	-2.00795e+001
 3.12500e-002	-2.12554e-003	 1.32766e-001	 3.93478e+000	-2.00795e+001
 6.25000e-002	-8.09364e-003	 2.45924e-001	 3.30730e+000	-2.00795e+001
 9.37500e-002	-1.72915e-002	 3.39472e-001	 2.67981e+000	-2.00795e+001
 1.25000e-001	-2.91064e-002	 4.13412e-001	 2.05233e+000	-2.00795e+001
 1.56250e-001	-4.29255e-002	 4.67743e-001	 1.42485e+000	-2.00795e+001
 1.87500e-001	-5.81361e-002	 5.02465e-001	 7.97365e-001	-2.00795e+001
 2.18750e-001	-7.41253e-002	 5.17578e-001	 1.69882e-001	-2.00795e+001
 2.50000e-001	-9.02805e-002	 5.13083e-001	-4.57602e-001	-2.00795e+001
 2.50000e-001	-9.02805e-002	 5.13083e-001	-7.08396e-001	-1.07515e+001
 2.81250e-001	-1.05914e-001	 4.85696e-001	-1.04438e+000	-1.07515e+001
 3.12500e-001	-1.20527e-001	 4.47809e-001	-1.38036e+000	-1.07515e+001
 3.43750e-001	-1.33792e-001	 3.99423e-001	-1.71635e+000	-1.07515e+001
 3.75000e-001	-1.45382e-001	 3.40537e-001	-2.05233e+000	-1.07515e+001
 4.06250e-001	-1.54967e-001	 2.71152e-001	-2.38831e+000	-1.07515e+001
 4.37500e-001	-1.62219e-001	 1.91268e-001	-2.72430e+000	-1.07515e+001
 4.68750e-001	-1.66812e-001	 1.00884e-001	-3.06028e+000	-1.07515e+001
 5.00000e-001	-1.68415e-001	-0.00000e+000	-3.39627e+000	-1.07515e+001
______________________________________________________________________________


Time = 1.15000e-001 time step number = 23

SOLUTION (values of PVS) at the nodes: 
 0.00000e+000	 0.00000e+000	-9.83834e-002	 5.53884e-001	-1.82045e-001	 0.00000e+000	

FIRST TIME DERIVATIVE of the primary variables: 
 0.00000e+000	 0.00000e+000	-1.52519e+000	 7.69838e+000	-2.47478e+000	 0.00000e+000	

SECOND TIME DERIVATIVE of the primary variables: 
 0.00000e+000	 0.00000e+000	 4.34775e+001	-1.79941e+002	 1.00470e+002	 0.00000e+000	
______________________________________________________________________________

______________________________________________________________________________

x is the Global coord. if icont=1 and it is the local coord. if icont=0
	 x 			Deflect. 		 rotation 		 B. Moment 		 Shear Force 
______________________________________________________________________________

______________________________________________________________________________

 0.00000e+000	 0.00000e+000	-0.00000e+000	 5.01373e+000	-2.23855e+001
 3.12500e-002	-2.33425e-003	 1.45749e-001	 4.31418e+000	-2.23855e+001
 6.25000e-002	-8.88157e-003	 2.69636e-001	 3.61463e+000	-2.23855e+001
 9.37500e-002	-1.89588e-002	 3.71663e-001	 2.91509e+000	-2.23855e+001
 1.25000e-001	-3.18828e-002	 4.51829e-001	 2.21554e+000	-2.23855e+001
 1.56250e-001	-4.69704e-002	 5.10134e-001	 1.51599e+000	-2.23855e+001
 1.87500e-001	-6.35385e-002	 5.46578e-001	 8.16441e-001	-2.23855e+001
 2.18750e-001	-8.09039e-002	 5.61162e-001	 1.16892e-001	-2.23855e+001
 2.50000e-001	-9.83834e-002	 5.53884e-001	-5.82656e-001	-2.23855e+001
 2.50000e-001	-9.83834e-002	 5.53884e-001	-8.30665e-001	-1.10790e+001
 2.81250e-001	-1.15230e-001	 5.22516e-001	-1.17688e+000	-1.10790e+001
 3.12500e-001	-1.30928e-001	 4.80329e-001	-1.52310e+000	-1.10790e+001
 3.43750e-001	-1.45138e-001	 4.27323e-001	-1.86932e+000	-1.10790e+001
 3.75000e-001	-1.57523e-001	 3.63497e-001	-2.21554e+000	-1.10790e+001
 4.06250e-001	-1.67744e-001	 2.88851e-001	-2.56176e+000	-1.10790e+001
 4.37500e-001	-1.75463e-001	 2.03387e-001	-2.90797e+000	-1.10790e+001
 4.68750e-001	-1.80343e-001	 1.07103e-001	-3.25419e+000	-1.10790e+001
 5.00000e-001	-1.82045e-001	-0.00000e+000	-3.60041e+000	-1.10790e+001
______________________________________________________________________________


Time = 1.20000e-001 time step number = 24

SOLUTION (values of PVS) at the nodes: 
 0.00000e+000	 0.00000e+000	-1.05382e-001	 5.88789e-001	-1.93229e-001	 0.00000e+000	

FIRST TIME DERIVATIVE of the primary variables: 
 0.00000e+000	 0.00000e+000	-1.27415e+000	 6.26338e+000	-1.99889e+000	 0.00000e+000	

SECOND TIME DERIVATIVE of the primary variables: 
 0.00000e+000	 0.00000e+000	 5.69377e+001	-3.94057e+002	 8.98855e+001	 0.00000e+000	
______________________________________________________________________________

______________________________________________________________________________

x is the Global coord. if icont=1 and it is the local coord. if icont=0
	 x 			Deflect. 		 rotation 		 B. Moment 		 Shear Force 
______________________________________________________________________________

______________________________________________________________________________

 0.00000e+000	 0.00000e+000	-0.00000e+000	 5.40634e+000	-2.44095e+001
 3.12500e-002	-2.51566e-003	 1.57029e-001	 4.64354e+000	-2.44095e+001
 6.25000e-002	-9.56603e-003	 2.90221e-001	 3.88075e+000	-2.44095e+001
 9.37500e-002	-2.04062e-002	 3.99576e-001	 3.11795e+000	-2.44095e+001
 1.25000e-001	-3.42912e-002	 4.85093e-001	 2.35515e+000	-2.44095e+001
 1.56250e-001	-5.04762e-002	 5.46773e-001	 1.59236e+000	-2.44095e+001
 1.87500e-001	-6.82162e-002	 5.84616e-001	 8.29564e-001	-2.44095e+001
 2.18750e-001	-8.67664e-002	 5.98621e-001	 6.67679e-002	-2.44095e+001
 2.50000e-001	-1.05382e-001	 5.88789e-001	-6.96028e-001	-2.44095e+001
 2.50000e-001	-1.05382e-001	 5.88789e-001	-9.87297e-001	-1.09429e+001
 2.81250e-001	-1.23244e-001	 5.52592e-001	-1.32926e+000	-1.09429e+001
 3.12500e-001	-1.39807e-001	 5.05710e-001	-1.67123e+000	-1.09429e+001
 3.43750e-001	-1.54739e-001	 4.48141e-001	-2.01319e+000	-1.09429e+001
 3.75000e-001	-1.67705e-001	 3.79885e-001	-2.35515e+000	-1.09429e+001
 4.06250e-001	-1.78371e-001	 3.00944e-001	-2.69712e+000	-1.09429e+001
 4.37500e-001	-1.86403e-001	 2.11315e-001	-3.03908e+000	-1.09429e+001
 4.68750e-001	-1.91467e-001	 1.11001e-001	-3.38105e+000	-1.09429e+001
 5.00000e-001	-1.93229e-001	-0.00000e+000	-3.72301e+000	-1.09429e+001
______________________________________________________________________________


Time = 1.25000e-001 time step number = 25

SOLUTION (values of PVS) at the nodes: 
 0.00000e+000	 0.00000e+000	-1.10978e-001	 6.15211e-001	-2.02121e-001	 0.00000e+000	

FIRST TIME DERIVATIVE of the primary variables: 
 0.00000e+000	 0.00000e+000	-9.64206e-001	 4.30561e+000	-1.55807e+000	 0.00000e+000	

SECOND TIME DERIVATIVE of the primary variables: 
 0.00000e+000	 0.00000e+000	 6.70409e+001	-3.89053e+002	 8.64406e+001	 0.00000e+000	
______________________________________________________________________________

______________________________________________________________________________

x is the Global coord. if icont=1 and it is the local coord. if icont=0
	 x 			Deflect. 		 rotation 		 B. Moment 		 Shear Force 
______________________________________________________________________________

______________________________________________________________________________

 0.00000e+000	 0.00000e+000	-0.00000e+000	 5.73216e+000	-2.61705e+001
 3.12500e-002	-2.66580e-003	 1.66352e-001	 4.91433e+000	-2.61705e+001
 6.25000e-002	-1.01307e-002	 3.07146e-001	 4.09650e+000	-2.61705e+001
 9.37500e-002	-2.15962e-002	 4.22383e-001	 3.27867e+000	-2.61705e+001
 1.25000e-001	-3.62635e-002	 5.12063e-001	 2.46084e+000	-2.61705e+001
 1.56250e-001	-5.33339e-002	 5.76186e-001	 1.64301e+000	-2.61705e+001
 1.87500e-001	-7.20089e-002	 6.14751e-001	 8.25185e-001	-2.61705e+001
 2.18750e-001	-9.14897e-002	 6.27760e-001	 7.35557e-003	-2.61705e+001
 2.50000e-001	-1.10978e-001	 6.15211e-001	-8.10474e-001	-2.61705e+001
 2.50000e-001	-1.10978e-001	 6.15211e-001	-1.09359e+000	-1.09380e+001
 2.81250e-001	-1.29613e-001	 5.75696e-001	-1.43541e+000	-1.09380e+001
 3.12500e-001	-1.46847e-001	 5.25498e-001	-1.77722e+000	-1.09380e+001
 3.43750e-001	-1.62346e-001	 4.64619e-001	-2.11903e+000	-1.09380e+001
 3.75000e-001	-1.75775e-001	 3.93059e-001	-2.46084e+000	-1.09380e+001
 4.06250e-001	-1.86801e-001	 3.10817e-001	-2.80266e+000	-1.09380e+001
 4.37500e-001	-1.95090e-001	 2.17893e-001	-3.14447e+000	-1.09380e+001
 4.68750e-001	-2.00308e-001	 1.14287e-001	-3.48628e+000	-1.09380e+001
 5.00000e-001	-2.02121e-001	-0.00000e+000	-3.82810e+000	-1.09380e+001
______________________________________________________________________________


Time = 1.30000e-001 time step number = 26

SOLUTION (values of PVS) at the nodes: 
 0.00000e+000	 0.00000e+000	-1.14936e-001	 6.33390e-001	-2.08786e-001	 0.00000e+000	

FIRST TIME DERIVATIVE of the primary variables: 
 0.00000e+000	 0.00000e+000	-6.19201e-001	 2.96608e+000	-1.10768e+000	 0.00000e+000	

SECOND TIME DERIVATIVE of the primary variables: 
 0.00000e+000	 0.00000e+000	 7.09614e+001	-1.46760e+002	 9.37150e+001	 0.00000e+000	
______________________________________________________________________________

______________________________________________________________________________

x is the Global coord. if icont=1 and it is the local coord. if icont=0
	 x 			Deflect. 		 rotation 		 B. Moment 		 Shear Force 
______________________________________________________________________________

______________________________________________________________________________

 0.00000e+000	 0.00000e+000	-0.00000e+000	 5.96675e+000	-2.74655e+001
 3.12500e-002	-2.77375e-003	 1.73050e-001	 5.10845e+000	-2.74655e+001
 6.25000e-002	-1.05362e-002	 3.19278e-001	 4.25015e+000	-2.74655e+001
 9.37500e-002	-2.24492e-002	 4.38685e-001	 3.39186e+000	-2.74655e+001
 1.25000e-001	-3.76746e-002	 5.31269e-001	 2.53356e+000	-2.74655e+001
 1.56250e-001	-5.53742e-002	 5.97032e-001	 1.67526e+000	-2.74655e+001
 1.87500e-001	-7.47097e-002	 6.35973e-001	 8.16969e-001	-2.74655e+001
 2.18750e-001	-9.48431e-002	 6.48093e-001	-4.13279e-002	-2.74655e+001
 2.50000e-001	-1.14936e-001	 6.33390e-001	-8.99624e-001	-2.74655e+001
 2.50000e-001	-1.14936e-001	 6.33390e-001	-1.12470e+000	-1.12709e+001
 2.81250e-001	-1.34123e-001	 5.92740e-001	-1.47691e+000	-1.12709e+001
 3.12500e-001	-1.51868e-001	 5.41083e-001	-1.82913e+000	-1.12709e+001
 3.43750e-001	-1.67826e-001	 4.78420e-001	-2.18134e+000	-1.12709e+001
 3.75000e-001	-1.81654e-001	 4.04749e-001	-2.53356e+000	-1.12709e+001
 4.06250e-001	-1.93008e-001	 3.20072e-001	-2.88578e+000	-1.12709e+001
 4.37500e-001	-2.01544e-001	 2.24388e-001	-3.23799e+000	-1.12709e+001
 4.68750e-001	-2.06918e-001	 1.17697e-001	-3.59021e+000	-1.12709e+001
 5.00000e-001	-2.08786e-001	-0.00000e+000	-3.94243e+000	-1.12709e+001
______________________________________________________________________________


Time = 1.35000e-001 time step number = 27

SOLUTION (values of PVS) at the nodes: 
 0.00000e+000	 0.00000e+000	-1.17148e-001	 6.46505e-001	-2.13124e-001	 0.00000e+000	

FIRST TIME DERIVATIVE of the primary variables: 
 0.00000e+000	 0.00000e+000	-2.65495e-001	 2.27987e+000	-6.27665e-001	 0.00000e+000	

SECOND TIME DERIVATIVE of the primary variables: 
 0.00000e+000	 0.00000e+000	 7.05209e+001	-1.27723e+002	 9.82927e+001	 0.00000e+000	
______________________________________________________________________________

______________________________________________________________________________

x is the Global coord. if icont=1 and it is the local coord. if icont=0
	 x 			Deflect. 		 rotation 		 B. Moment 		 Shear Force 
______________________________________________________________________________

______________________________________________________________________________

 0.00000e+000	 0.00000e+000	-0.00000e+000	 6.07416e+000	-2.79051e+001
 3.12500e-002	-2.82396e-003	 1.76192e-001	 5.20212e+000	-2.79051e+001
 6.25000e-002	-1.07281e-002	 3.25133e-001	 4.33009e+000	-2.79051e+001
 9.37500e-002	-2.28609e-002	 4.46822e-001	 3.45805e+000	-2.79051e+001
 1.25000e-001	-3.83707e-002	 5.41261e-001	 2.58602e+000	-2.79051e+001
 1.56250e-001	-5.64058e-002	 6.08449e-001	 1.71399e+000	-2.79051e+001
 1.87500e-001	-7.61148e-002	 6.48385e-001	 8.41954e-001	-2.79051e+001
 2.18750e-001	-9.66460e-002	 6.61071e-001	-3.00801e-002	-2.79051e+001
 2.50000e-001	-1.17148e-001	 6.46505e-001	-9.02114e-001	-2.79051e+001
 2.50000e-001	-1.17148e-001	 6.46505e-001	-1.13038e+000	-1.16452e+001
 2.81250e-001	-1.36740e-001	 6.05495e-001	-1.49429e+000	-1.16452e+001
 3.12500e-001	-1.54873e-001	 5.53112e-001	-1.85820e+000	-1.16452e+001
 3.43750e-001	-1.71191e-001	 4.89357e-001	-2.22211e+000	-1.16452e+001
 3.75000e-001	-1.85339e-001	 4.14230e-001	-2.58602e+000	-1.16452e+001
 4.06250e-001	-1.96962e-001	 3.27731e-001	-2.94993e+000	-1.16452e+001
 4.37500e-001	-2.05704e-001	 2.29860e-001	-3.31384e+000	-1.16452e+001
 4.68750e-001	-2.11210e-001	 1.20616e-001	-3.67775e+000	-1.16452e+001
 5.00000e-001	-2.13124e-001	-0.00000e+000	-4.04167e+000	-1.16452e+001
______________________________________________________________________________


Time = 1.40000e-001 time step number = 28

SOLUTION (values of PVS) at the nodes: 
 0.00000e+000	 0.00000e+000	-1.17618e-001	 6.54660e-001	-2.15038e-001	 0.00000e+000	

FIRST TIME DERIVATIVE of the primary variables: 
 0.00000e+000	 0.00000e+000	 7.73270e-002	 9.82147e-001	-1.37786e-001	 0.00000e+000	

SECOND TIME DERIVATIVE of the primary variables: 
 0.00000e+000	 0.00000e+000	 6.66080e+001	-3.91364e+002	 9.76590e+001	 0.00000e+000	
______________________________________________________________________________

______________________________________________________________________________

x is the Global coord. if icont=1 and it is the local coord. if icont=0
	 x 			Deflect. 		 rotation 		 B. Moment 		 Shear Force 
______________________________________________________________________________

______________________________________________________________________________

 0.00000e+000	 0.00000e+000	-0.00000e+000	 6.05408e+000	-2.74835e+001
 3.12500e-002	-2.81630e-003	 1.75770e-001	 5.19522e+000	-2.74835e+001
 6.25000e-002	-1.07061e-002	 3.24701e-001	 4.33636e+000	-2.74835e+001
 9.37500e-002	-2.28305e-002	 4.46793e-001	 3.47750e+000	-2.74835e+001
 1.25000e-001	-3.83510e-002	 5.42045e-001	 2.61864e+000	-2.74835e+001
 1.56250e-001	-5.64288e-002	 6.10458e-001	 1.75978e+000	-2.74835e+001
 1.87500e-001	-7.62250e-002	 6.52031e-001	 9.00924e-001	-2.74835e+001
 2.18750e-001	-9.69011e-002	 6.66765e-001	 4.20651e-002	-2.74835e+001
 2.50000e-001	-1.17618e-001	 6.54660e-001	-8.16794e-001	-2.74835e+001
 2.50000e-001	-1.17618e-001	 6.54660e-001	-1.12231e+000	-1.19707e+001
 2.81250e-001	-1.37468e-001	 6.13743e-001	-1.49639e+000	-1.19707e+001
 3.12500e-001	-1.55855e-001	 5.61136e-001	-1.87047e+000	-1.19707e+001
 3.43750e-001	-1.72417e-001	 4.96838e-001	-2.24456e+000	-1.19707e+001
 3.75000e-001	-1.86786e-001	 4.20851e-001	-2.61864e+000	-1.19707e+001
 4.06250e-001	-1.98598e-001	 3.33173e-001	-2.99272e+000	-1.19707e+001
 4.37500e-001	-2.07488e-001	 2.33806e-001	-3.36681e+000	-1.19707e+001
 4.68750e-001	-2.13089e-001	 1.22748e-001	-3.74089e+000	-1.19707e+001
 5.00000e-001	-2.15038e-001	-0.00000e+000	-4.11497e+000	-1.19707e+001
______________________________________________________________________________


Time = 1.45000e-001 time step number = 29

SOLUTION (values of PVS) at the nodes: 
 0.00000e+000	 0.00000e+000	-1.16452e-001	 6.54140e-001	-2.14465e-001	 0.00000e+000	

FIRST TIME DERIVATIVE of the primary variables: 
 0.00000e+000	 0.00000e+000	 3.89329e-001	-1.19013e+000	 3.66919e-001	 0.00000e+000	

SECOND TIME DERIVATIVE of the primary variables: 
 0.00000e+000	 0.00000e+000	 5.81929e+001	-4.77546e+002	 1.04223e+002	 0.00000e+000	
______________________________________________________________________________

______________________________________________________________________________

x is the Global coord. if icont=1 and it is the local coord. if icont=0
	 x 			Deflect. 		 rotation 		 B. Moment 		 Shear Force 
______________________________________________________________________________

______________________________________________________________________________

 0.00000e+000	 0.00000e+000	-0.00000e+000	 5.94624e+000	-2.66374e+001
 3.12500e-002	-2.76795e-003	 1.72813e-001	 5.11382e+000	-2.66374e+001
 6.25000e-002	-1.05299e-002	 3.19614e-001	 4.28140e+000	-2.66374e+001
 9.37500e-002	-2.24728e-002	 4.40401e-001	 3.44898e+000	-2.66374e+001
 1.25000e-001	-3.77839e-002	 5.35175e-001	 2.61656e+000	-2.66374e+001
 1.56250e-001	-5.56503e-002	 6.03936e-001	 1.78414e+000	-2.66374e+001
 1.87500e-001	-7.52590e-002	 6.46684e-001	 9.51723e-001	-2.66374e+001
 2.18750e-001	-9.57971e-002	 6.63419e-001	 1.19304e-001	-2.66374e+001
 2.50000e-001	-1.16452e-001	 6.54140e-001	-7.13115e-001	-2.66374e+001
 2.50000e-001	-1.16452e-001	 6.54140e-001	-1.05698e+000	-1.24766e+001
 2.81250e-001	-1.36314e-001	 6.15017e-001	-1.44688e+000	-1.24766e+001
 3.12500e-001	-1.54763e-001	 5.63710e-001	-1.83677e+000	-1.24766e+001
 3.43750e-001	-1.71419e-001	 5.00219e-001	-2.22667e+000	-1.24766e+001
 3.75000e-001	-1.85900e-001	 4.24544e-001	-2.61656e+000	-1.24766e+001
 4.06250e-001	-1.97826e-001	 3.36684e-001	-3.00646e+000	-1.24766e+001
 4.37500e-001	-2.06816e-001	 2.36640e-001	-3.39635e+000	-1.24766e+001
 4.68750e-001	-2.12489e-001	 1.24412e-001	-3.78624e+000	-1.24766e+001
 5.00000e-001	-2.14465e-001	-0.00000e+000	-4.17614e+000	-1.24766e+001
______________________________________________________________________________


Time = 1.50000e-001 time step number = 30

SOLUTION (values of PVS) at the nodes: 
 0.00000e+000	 0.00000e+000	-1.13844e-001	 6.43459e-001	-2.11241e-001	 0.00000e+000	

FIRST TIME DERIVATIVE of the primary variables: 
 0.00000e+000	 0.00000e+000	 6.53753e-001	-3.08253e+000	 9.22414e-001	 0.00000e+000	

SECOND TIME DERIVATIVE of the primary variables: 
 0.00000e+000	 0.00000e+000	 4.75768e+001	-2.79416e+002	 1.17975e+002	 0.00000e+000	
______________________________________________________________________________

______________________________________________________________________________

x is the Global coord. if icont=1 and it is the local coord. if icont=0
	 x 			Deflect. 		 rotation 		 B. Moment 		 Shear Force 
______________________________________________________________________________

______________________________________________________________________________

 0.00000e+000	 0.00000e+000	-0.00000e+000	 5.78135e+000	-2.56601e+001
 3.12500e-002	-2.69241e-003	 1.68138e-001	 4.97947e+000	-2.56601e+001
 6.25000e-002	-1.02476e-002	 3.11217e-001	 4.17759e+000	-2.56601e+001
 9.37500e-002	-2.18824e-002	 4.29237e-001	 3.37571e+000	-2.56601e+001
 1.25000e-001	-3.68139e-002	 5.22199e-001	 2.57383e+000	-2.56601e+001
 1.56250e-001	-5.42589e-002	 5.90102e-001	 1.77196e+000	-2.56601e+001
 1.87500e-001	-7.34342e-002	 6.32946e-001	 9.70076e-001	-2.56601e+001
 2.18750e-001	-9.35570e-002	 6.50732e-001	 1.68197e-001	-2.56601e+001
 2.50000e-001	-1.13844e-001	 6.43459e-001	-6.33682e-001	-2.56601e+001
 2.50000e-001	-1.13844e-001	 6.43459e-001	-9.45177e-001	-1.30293e+001
 2.81250e-001	-1.33424e-001	 6.07560e-001	-1.35234e+000	-1.30293e+001
 3.12500e-001	-1.51684e-001	 5.58937e-001	-1.75951e+000	-1.30293e+001
 3.43750e-001	-1.68225e-001	 4.97591e-001	-2.16667e+000	-1.30293e+001
 3.75000e-001	-1.82651e-001	 4.23520e-001	-2.57383e+000	-1.30293e+001
 4.06250e-001	-1.94563e-001	 3.36726e-001	-2.98100e+000	-1.30293e+001
 4.37500e-001	-2.03564e-001	 2.37208e-001	-3.38816e+000	-1.30293e+001
 4.68750e-001	-2.09256e-001	 1.24966e-001	-3.79533e+000	-1.30293e+001
 5.00000e-001	-2.11241e-001	-0.00000e+000	-4.20249e+000	-1.30293e+001
______________________________________________________________________________

	******Number of Time Steps Exceeded NTIME******
