		*** ECHO OF THE INPUT DATA STARTS ***

 PROBLEM 5.7: BEAM PROBLEM USING FRAME ELEMENT 
   4  1  0                     MODEL, NTYPE, ITEM
   0  2                        IELEM, NEM
   0  1                        ICONT, NPRNT
      3                        NNM
   0.3 6.0E8 96.0  1.0  1.0  1.0  0.0 
   0.0 50.0  0.0   0.0  0.0  1.0 
     1  2   
   0.3 6.0E8 48.0  1.0  1.0  1.0  0.0 
   0.0  0.0  1.E3 48.0  0.0  1.0 
     2  3   
   0                           NCON
   3                           NSPV
   1  1    0.0                 ISPV(1,1),ISPV(1,2),VSPV(1) 
   1  2    0.0                 ISPV(1,1),ISPV(1,2),VSPV(1) 
   2  2    0.0                 ISPV(2,1),ISPV(2,2),VSPV(2) 
   0                           NSSV
   0                           NNBC
   0                           NMPC

 PROBLEM 5.7: BEAM PROBLEM 
   3  0  0                     MODEL, NTYPE, ITEM
   0  2                        IELEM, NEM
   0  1                        ICONT, NPRNT
      3                        NNM
     1  2  96.0                NOD(1,J),GLX(1)
     0.0    0.0                AX0, AX1
     6.0E8  0.0                BX0, BX1
     0.0    0.0                CX0, CX1
    50.0    0.0  0.0           FX0,FX1,FX2
     2  3  48.0                NOD(1,J),GLX(2)
     0.0    0.0                AX0, AX1 
     6.0E8  0.0                BX0, BX1
     0.0    0.0                CX0, CX1
     0.0    0.0  0.0           FX0,FX1,FX2
   2                           NSPV
   1  1    0.0                 ISPV(1,1),ISPV(1,2),VSPV(1) 
   2  1    0.0                 ISPV(2,1),ISPV(2,2),VSPV(2) 
   1                           NSSV
   3  1   1000.0               ISSV(1,1),ISSV(1,2),VSSV(1) 
   0                           NNBC  
   0                           NMPC


		*** ECHO OF THE INPUT DATA ENDS ***

______________________________________________________________________________

               OUTPUT from program   FEM1D   by J N REDDY 
______________________________________________________________________________

	 ANALYSIS OF MODEL 4, AND TYPE 1 PROBLEM 
	  (**********see the code below**********)

	model=1:ntype=0: A problem described by model EQ. 1
	model=1:ntype=1: A circular disk (PLANE STRESS) 
	model=1:ntype>1: A circular disk (PLANE STRAIN) 
	model=2,ntype=0: A Timoshenko BEAM (RIE) problem
	model=2,ntype=1: A Timoshenko PLATE (RIE) problem
	model=2,ntype=2: A Timoshenko BEAM (CIE) problem
	model=2,ntype>2: A Timoshenko PLATE (CIE) problem
	model=3,ntype=0: A Euler-Bernoulli BEAM problem
	model=3,ntype>0: A Euler-Bernoulli circular PLATE 
	model=4,ntype=0: A plane TRUSS problem
	model=4,ntype=1: A Euler-bernoulli FRAME problem
	model=4,ntype=2: A Timoshenko (CIE) FRAME problem

Element coefficient matrix, [ELK]:
	 6.25000e+006	 0.00000e+000	 0.00000e+000	-6.25000e+006	-0.00000e+000	 0.00000e+000
	 0.00000e+000	 8.13802e+003	-3.90625e+005	-0.00000e+000	-8.13802e+003	-3.90625e+005
	 0.00000e+000	-3.90625e+005	 2.50000e+007	-0.00000e+000	 3.90625e+005	 1.25000e+007
	-6.25000e+006	-0.00000e+000	-0.00000e+000	 6.25000e+006	 0.00000e+000	-0.00000e+000
	-0.00000e+000	-8.13802e+003	 3.90625e+005	 0.00000e+000	 8.13802e+003	 3.90625e+005
	 0.00000e+000	-3.90625e+005	 1.25000e+007	-0.00000e+000	 3.90625e+005	 2.50000e+007

Element source vector, {ELF}:
	 0.00000e+000	 2.40000e+003	-3.84000e+004	 0.00000e+000	 2.40000e+003	 3.84000e+004

Element coefficient matrix, [ELK]:
	 1.25000e+007	 0.00000e+000	 0.00000e+000	-1.25000e+007	-0.00000e+000	 0.00000e+000
	 0.00000e+000	 6.51042e+004	-1.56250e+006	-0.00000e+000	-6.51042e+004	-1.56250e+006
	 0.00000e+000	-1.56250e+006	 5.00000e+007	-0.00000e+000	 1.56250e+006	 2.50000e+007
	-1.25000e+007	-0.00000e+000	-0.00000e+000	 1.25000e+007	 0.00000e+000	-0.00000e+000
	-0.00000e+000	-6.51042e+004	 1.56250e+006	 0.00000e+000	 6.51042e+004	 1.56250e+006
	 0.00000e+000	-1.56250e+006	 2.50000e+007	-0.00000e+000	 1.56250e+006	 5.00000e+007

Element source vector, {ELF}:
	 0.00000e+000	 0.00000e+000	-0.00000e+000	 0.00000e+000	 1.00000e+003	 0.00000e+000

SOLUTION (values of pvs) at the NODES:
 0.00000e+000  0.00000e+000 -1.79200e-003  0.00000e+000  0.00000e+000  5.12000e-004  0.00000e+000  3.68640e-002 -1.40800e-003 

		Generalized internal forces in the element
	Second line gives the results in the global coordinates

______________________________________________________________________________

ele  force, h1   force, v1  moment, m1  force, h2, force, v2  moment, m2
______________________________________________________________________________

______________________________________________________________________________

1 	 0.00000e+000 	-1.90000e+003 	 0.00000e+000 	 0.00000e+000 	-2.90000e+003 	-4.80000e+004 	
 	 0.00000e+000 	-1.90000e+003 	 0.00000e+000 	 0.00000e+000 	-2.90000e+003 	-4.80000e+004 	

2 	 0.00000e+000 	-1.00000e+003 	 4.80000e+004 	 0.00000e+000 	 0.00000e+000 	 0.00000e+000 	
 	 0.00000e+000 	-1.00000e+003 	 4.80000e+004 	 0.00000e+000 	 0.00000e+000 	 0.00000e+000 	

______________________________________________________________________________

