2007.01.16 10:05 B C:\Documents and Settings\dbarnard\My Documents\websites\Belytschko\programs\ch08\assembly.m --> dev1.wiley.com /export/home/coll/belytschko/0470035803/programs/ch08 assembly.m
2007.01.16 10:05 B C:\Documents and Settings\dbarnard\My Documents\websites\Belytschko\programs\ch08\BmatHeat2D.m --> dev1.wiley.com /export/home/coll/belytschko/0470035803/programs/ch08 BmatHeat2D.m
2007.01.16 10:05 B C:\Documents and Settings\dbarnard\My Documents\websites\Belytschko\programs\ch08\gauss.m --> dev1.wiley.com /export/home/coll/belytschko/0470035803/programs/ch08 gauss.m
2007.01.16 10:06 B C:\Documents and Settings\dbarnard\My Documents\websites\Belytschko\programs\ch08\get_flux.m --> dev1.wiley.com /export/home/coll/belytschko/0470035803/programs/ch08 get_flux.m
2007.01.16 10:06 B C:\Documents and Settings\dbarnard\My Documents\websites\Belytschko\programs\ch08\heat2d.m --> dev1.wiley.com /export/home/coll/belytschko/0470035803/programs/ch08 heat2d.m
2007.01.16 10:06 B C:\Documents and Settings\dbarnard\My Documents\websites\Belytschko\programs\ch08\heat2Delem.m --> dev1.wiley.com /export/home/coll/belytschko/0470035803/programs/ch08 heat2Delem.m
2007.01.16 10:06 B C:\Documents and Settings\dbarnard\My Documents\websites\Belytschko\programs\ch08\include_flags.m --> dev1.wiley.com /export/home/coll/belytschko/0470035803/programs/ch08 include_flags.m
2007.01.16 10:06 B C:\Documents and Settings\dbarnard\My Documents\websites\Belytschko\programs\ch08\input_file_16ele.m --> dev1.wiley.com /export/home/coll/belytschko/0470035803/programs/ch08 input_file_16ele.m
2007.01.16 10:06 B C:\Documents and Settings\dbarnard\My Documents\websites\Belytschko\programs\ch08\input_file_1ele.m --> dev1.wiley.com /export/home/coll/belytschko/0470035803/programs/ch08 input_file_1ele.m
2007.01.16 10:06 B C:\Documents and Settings\dbarnard\My Documents\websites\Belytschko\programs\ch08\input_file_64ele.m --> dev1.wiley.com /export/home/coll/belytschko/0470035803/programs/ch08 input_file_64ele.m
2007.01.16 10:06 B C:\Documents and Settings\dbarnard\My Documents\websites\Belytschko\programs\ch08\mesh2d.m --> dev1.wiley.com /export/home/coll/belytschko/0470035803/programs/ch08 mesh2d.m
2007.01.16 10:06 B C:\Documents and Settings\dbarnard\My Documents\websites\Belytschko\programs\ch08\mesh2d_16ele.m --> dev1.wiley.com /export/home/coll/belytschko/0470035803/programs/ch08 mesh2d_16ele.m
2007.01.16 10:06 B C:\Documents and Settings\dbarnard\My Documents\websites\Belytschko\programs\ch08\mesh2d_1ele.m --> dev1.wiley.com /export/home/coll/belytschko/0470035803/programs/ch08 mesh2d_1ele.m
2007.01.16 10:06 B C:\Documents and Settings\dbarnard\My Documents\websites\Belytschko\programs\ch08\mesh2d_64ele.m --> dev1.wiley.com /export/home/coll/belytschko/0470035803/programs/ch08 mesh2d_64ele.m
2007.01.16 10:06 B C:\Documents and Settings\dbarnard\My Documents\websites\Belytschko\programs\ch08\NmatHeat2D.m --> dev1.wiley.com /export/home/coll/belytschko/0470035803/programs/ch08 NmatHeat2D.m
2007.01.16 10:06 B C:\Documents and Settings\dbarnard\My Documents\websites\Belytschko\programs\ch08\plotmesh.m --> dev1.wiley.com /export/home/coll/belytschko/0470035803/programs/ch08 plotmesh.m
2007.01.16 10:06 B C:\Documents and Settings\dbarnard\My Documents\websites\Belytschko\programs\ch08\postprocessor.m --> dev1.wiley.com /export/home/coll/belytschko/0470035803/programs/ch08 postprocessor.m
2007.01.16 10:06 B C:\Documents and Settings\dbarnard\My Documents\websites\Belytschko\programs\ch08\preprocessor.m --> dev1.wiley.com /export/home/coll/belytschko/0470035803/programs/ch08 preprocessor.m
2007.01.16 10:06 B C:\Documents and Settings\dbarnard\My Documents\websites\Belytschko\programs\ch08\setup_ID_LM.m --> dev1.wiley.com /export/home/coll/belytschko/0470035803/programs/ch08 setup_ID_LM.m
2007.01.16 10:06 B C:\Documents and Settings\dbarnard\My Documents\websites\Belytschko\programs\ch08\solvedr.m --> dev1.wiley.com /export/home/coll/belytschko/0470035803/programs/ch08 solvedr.m
2007.01.16 10:06 B C:\Documents and Settings\dbarnard\My Documents\websites\Belytschko\programs\ch08\src_and_flux.m --> dev1.wiley.com /export/home/coll/belytschko/0470035803/programs/ch08 src_and_flux.m
