                                                       Bee foraging analysis
                                                              raw data

                                                                          access_    access_    access_
                             Obs    miticide     colony    bee    week     early      late       diff

                               1    1.control      11       1       1       29.72      19.64      10.08
                               2    1.control      11       2       1       11.38       9.60       1.78
                               3    1.control      11       3       1       16.36       7.35       9.01
                               4    1.control      11       4       1       12.66       6.60       6.06
                               5    1.control      11       5       1       14.73       8.07       6.66
                               6    1.control      11       6       1       11.05       6.63       4.42
                               7    1.control      17       1       3       13.30       6.10       7.20
                               8    1.control      17       2       3        9.87       4.01       5.86
                               9    1.control      17       3       3       16.40       5.37      11.03
                              10    1.control      17       4       3       12.78       8.71       4.06
                              11    1.control      17       5       3        6.82      11.36      -4.54
                              12    1.control      17       6       3       17.89       4.58      13.31
                              13    1.control      21       1       2       11.10       5.47       5.64
                              14    1.control      21       2       2        8.32       7.30       1.01
                              15    1.control      21       3       2        6.69       4.49       2.19
                              16    1.control      21       4       2       10.28       5.06       5.22
                              17    1.control      21       5       2        6.58       4.76       1.82
                              18    1.control      21       6       2       20.07      11.55       8.53
                              19    2.low          14       1       2        6.62       3.94       2.68
                              20    2.low          14       2       2        9.00       6.36       2.64
                              21    2.low          14       3       2       10.93       3.95       6.99
                              22    2.low          14       4       2       11.50       7.92       3.58
                              23    2.low          15       1       3       15.92       7.55       8.37
                              24    2.low          15       2       3        5.74       5.42       0.32
                              25    2.low          15       3       3        6.33       8.30      -1.97
                              26    2.low          15       4       3       11.07       4.78       6.29
                              27    2.low          15       5       3       14.31       5.55       8.76
                              28    2.low          15       6       3       10.13       6.11       4.02
                              29    2.low          19       1       1        7.05       6.29       0.76
                              30    2.low          19       2       1        5.34       7.80      -2.46
                              31    2.low          19       3       1       11.13      10.00       1.13
                              32    2.low          19       4       1        8.20       7.13       1.07
                              33    2.low          19       5       1        6.85       8.99      -2.15
                              34    3.high         10       1       3        7.11       6.28       0.82
                              35    3.high         10       2       3        7.51       4.06       3.45
                              36    3.high         10       3       3       10.31       5.75       4.55
                              37    3.high         10       4       3        8.73       4.82       3.91
                              38    3.high         20       1       2       12.12       6.46       5.66
                              39    3.high         20       2       2       14.20       5.23       8.97
                              40    3.high         20       3       2       10.33      10.53      -0.20
                              41    3.high         20       4       2        4.90      12.33      -7.43
                              42    3.high          5       1       1        9.65       8.70       0.96
                              43    3.high          5       2       1        7.33       6.33       1.00
                              44    3.high          5       3       1        9.84      11.65      -1.81
                                                       Bee foraging analysis
                                            average difference over bees within a colony

                                                                                            mean_
                                                                                           access_
                                 Obs    colony    miticide     week    _TYPE_    _FREQ_     diff

                                  1        5      3.high         1        0         3         0.05
                                  2       10      3.high         3        0         4         3.18
                                  3       11      1.control      1        0         6         6.34
                                  4       14      2.low          2        0         4         3.97
                                  5       15      2.low          3        0         6         4.30
                                  6       17      1.control      3        0         6         6.15
                                  7       19      2.low          1        0         5        -0.33
                                  8       20      3.high         2        0         4         1.75
                                  9       21      1.control      2        0         6         4.07
                                                       Bee foraging analysis
                                        analyze average difference over bees within a colony

                                                        The Mixed Procedure

                                                         Model Information

                                       Data Set                     WORK.COLONYMEAN          
                                       Dependent Variable           mean_access_diff         
                                       Covariance Structure         Diagonal                 
                                       Estimation Method            REML                     
                                       Residual Variance Method     Profile                  
                                       Fixed Effects SE Method      Model-Based              
                                       Degrees of Freedom Method    Residual                 


                                                      Class Level Information
 
                                        Class       Levels    Values

                                        week             3    1 2 3                         
                                        colony           9    5 10 11 14 15 17 19 20 21     
                                        miticide         3    1.control 2.low 3.high        


                                                            Dimensions

                                                Covariance Parameters             1
                                                Columns in X                      7
                                                Columns in Z                      0
                                                Subjects                          1
                                                Max Obs Per Subject               9
                                                Observations Used                 9
                                                Observations Not Used             0
                                                Total Observations                9


                                                       Covariance Parameter
                                                             Estimates
 
                                                       Cov Parm     Estimate

                                                       Residual       2.9648


                                                          Fit Statistics

                                               -2 Res Log Likelihood            20.1
                                               AIC (smaller is better)          22.1
                                               AICC (smaller is better)         24.1
                                               BIC (smaller is better)          21.5
 
 
 
 
 
                           The test for miticide examines if the mean learning is equal for all miticides
                          The ci from the LSMeans examin if there is no learning for each miticide in turn
                                       The estimate statements repeat the LSmeans statements
                            The contrast output examines an omnibus test of no learning in all miticides
                                                       Bee foraging analysis
                                        analyze average difference over bees within a colony

                                                        The Mixed Procedure

                                                   Type 3 Tests of Fixed Effects
 
                                                         Num     Den
                                           Effect         DF      DF    F Value    Pr > F

                                           week            2       4       1.61    0.3061
                                           miticide        2       4       4.06    0.1088


                                                             Estimates
 
                                            Standard
               Label            Estimate       Error      DF    t Value    Pr > |t|     Alpha       Lower       Upper

               no learning 1      5.5191      0.9941       4       5.55      0.0052      0.05      2.7590      8.2792
               no learning 2      2.6469      0.9941       4       2.66      0.0562      0.05     -0.1132      5.4070
               no learning 3      1.6621      0.9941       4       1.67      0.1699      0.05     -1.0980      4.4222
               avg learning       3.2760      0.5740       4       5.71      0.0047      0.05      1.6825      4.8696


                                                             Contrasts
 
                                                          Num     Den
                                         Label             DF      DF    F Value    Pr > F

                                         omnibus test       3       4      13.57    0.0146


                                                        Least Squares Means
 
                                                Standard
           Effect      miticide     Estimate       Error      DF    t Value    Pr > |t|     Alpha       Lower       Upper

           miticide    1.control      5.5191      0.9941       4       5.55      0.0052      0.05      2.7590      8.2792
           miticide    2.low          2.6469      0.9941       4       2.66      0.0562      0.05     -0.1132      5.4070
           miticide    3.high         1.6621      0.9941       4       1.67      0.1699      0.05     -1.0980      4.4222
 
 
 
 
 
 
 
 
 
 
 
 
 
 
 
                           The test for miticide examines if the mean learning is equal for all miticides
                          The ci from the LSMeans examin if there is no learning for each miticide in turn
                                       The estimate statements repeat the LSmeans statements
                            The contrast output examines an omnibus test of no learning in all miticides
                                                       Bee foraging analysis
                                                 analysis of individual differenes

                                                        The Mixed Procedure

                                                         Model Information

                                       Data Set                     WORK.BEES                
                                       Dependent Variable           access_diff              
                                       Covariance Structure         Variance Components      
                                       Estimation Method            REML                     
                                       Residual Variance Method     Profile                  
                                       Fixed Effects SE Method      Model-Based              
                                       Degrees of Freedom Method    Satterthwaite            


                                                      Class Level Information
 
                                        Class       Levels    Values

                                        colony           9    5 10 11 14 15 17 19 20 21     
                                        miticide         3    1.control 2.low 3.high        
                                        week             3    1 2 3                         


                                                            Dimensions

                                                Covariance Parameters             2
                                                Columns in X                      7
                                                Columns in Z                      9
                                                Subjects                          1
                                                Max Obs Per Subject              44
                                                Observations Used                44
                                                Observations Not Used             0
                                                Total Observations               44


                                                         Iteration History
 
                                    Iteration    Evaluations    -2 Res Log Like       Criterion

                                            0              1       231.76485265                
                                            1              3       231.75358105      0.00000001


                                                     Convergence criteria met.                    


                                                        Covariance Parameter
                                                             Estimates
 
                                                     Cov Parm          Estimate

                                                     miticide*week       0.2465
                                                     Residual           16.1702
 
                           The test for miticide examines if the mean learning is equal for all miticides
                          The ci from the LSMeans examin if there is no learning for each miticide in turn
                                       The estimate statements repeat the LSmeans statements
                            The contrast output examines an omnibus test of no learning in all miticides
                                                       Bee foraging analysis
                                                 analysis of individual differenes

                                                        The Mixed Procedure

                                                          Fit Statistics

                                               -2 Res Log Likelihood           231.8
                                               AIC (smaller is better)         235.8
                                               AICC (smaller is better)        236.1
                                               BIC (smaller is better)         236.1


                                                   Type 3 Tests of Fixed Effects
 
                                                         Num     Den
                                           Effect         DF      DF    F Value    Pr > F

                                           week            2    4.29       1.18    0.3911
                                           miticide        2     4.4       3.47    0.1246


                                                             Estimates
 
                                            Standard
               Label            Estimate       Error      DF    t Value    Pr > |t|     Alpha       Lower       Upper

               no learning 1      5.5191      0.9902    3.14       5.57      0.0101      0.05      2.4448      8.5934
               no learning 2      2.5754      1.0822    4.33       2.38      0.0711      0.05     -0.3411      5.4920
               no learning 3      1.7100      1.2488    7.54       1.37      0.2103      0.05     -1.2008      4.6209
               avg learning       3.2682      0.6421    4.88       5.09      0.0041      0.05      1.6052      4.9312


                                                             Contrasts
 
                                                          Num     Den
                                         Label             DF      DF    F Value    Pr > F

                                         omnibus test       3    4.02      12.87    0.0158


                                                        Least Squares Means
 
                                                Standard
           Effect      miticide     Estimate       Error      DF    t Value    Pr > |t|     Alpha       Lower       Upper

           miticide    1.control      5.5191      0.9902    3.14       5.57      0.0101      0.05      2.4448      8.5934
           miticide    2.low          2.5754      1.0822    4.33       2.38      0.0711      0.05     -0.3411      5.4920
           miticide    3.high         1.7100      1.2488    7.54       1.37      0.2103      0.05     -1.2008      4.6209
 
 
 
 
 
 
 
                           The test for miticide examines if the mean learning is equal for all miticides
                          The ci from the LSMeans examin if there is no learning for each miticide in turn
                                       The estimate statements repeat the LSmeans statements
                            The contrast output examines an omnibus test of no learning in all miticides
                                                       Bee foraging analysis
                                              raw data after stacking the access times

                                                                                         access_
                                   Obs    miticide     colony    bee    week    phase     time

                                     1    3.high          5       1       1     early       9.65
                                     2    3.high          5       1       1     late        8.70
                                     3    3.high          5       2       1     early       7.33
                                     4    3.high          5       2       1     late        6.33
                                     5    3.high          5       3       1     early       9.84
                                     6    3.high          5       3       1     late       11.65
                                     7    3.high         10       1       3     early       7.11
                                     8    3.high         10       1       3     late        6.28
                                     9    3.high         10       2       3     early       7.51
                                    10    3.high         10       2       3     late        4.06
                                    11    3.high         10       3       3     early      10.31
                                    12    3.high         10       3       3     late        5.75
                                    13    3.high         10       4       3     early       8.73
                                    14    3.high         10       4       3     late        4.82
                                    15    1.control      11       1       1     early      29.72
                                    16    1.control      11       1       1     late       19.64
                                    17    1.control      11       2       1     early      11.38
                                    18    1.control      11       2       1     late        9.60
                                    19    1.control      11       3       1     early      16.36
                                    20    1.control      11       3       1     late        7.35
                                    21    1.control      11       4       1     early      12.66
                                    22    1.control      11       4       1     late        6.60
                                    23    1.control      11       5       1     early      14.73
                                    24    1.control      11       5       1     late        8.07
                                    25    1.control      11       6       1     early      11.05
                                    26    1.control      11       6       1     late        6.63
                                    27    2.low          14       1       2     early       6.62
                                    28    2.low          14       1       2     late        3.94
                                    29    2.low          14       2       2     early       9.00
                                    30    2.low          14       2       2     late        6.36
                                    31    2.low          14       3       2     early      10.93
                                    32    2.low          14       3       2     late        3.95
                                    33    2.low          14       4       2     early      11.50
                                    34    2.low          14       4       2     late        7.92
                                    35    2.low          15       1       3     early      15.92
                                    36    2.low          15       1       3     late        7.55
                                    37    2.low          15       2       3     early       5.74
                                    38    2.low          15       2       3     late        5.42
                                    39    2.low          15       3       3     early       6.33
                                    40    2.low          15       3       3     late        8.30
                                    41    2.low          15       4       3     early      11.07
                                    42    2.low          15       4       3     late        4.78
                                    43    2.low          15       5       3     early      14.31
                                    44    2.low          15       5       3     late        5.55
                                    45    2.low          15       6       3     early      10.13
                                    46    2.low          15       6       3     late        6.11
                                    47    1.control      17       1       3     early      13.30
                                    48    1.control      17       1       3     late        6.10
                                    49    1.control      17       2       3     early       9.87
                                    50    1.control      17       2       3     late        4.01
                                    51    1.control      17       3       3     early      16.40
                                    52    1.control      17       3       3     late        5.37
 
                                                                 '
                                                       Bee foraging analysis
                                              raw data after stacking the access times

                                                                                         access_
                                   Obs    miticide     colony    bee    week    phase     time

                                    53    1.control      17       4       3     early      12.78
                                    54    1.control      17       4       3     late        8.71
                                    55    1.control      17       5       3     early       6.82
                                    56    1.control      17       5       3     late       11.36
                                    57    1.control      17       6       3     early      17.89
                                    58    1.control      17       6       3     late        4.58
                                    59    2.low          19       1       1     early       7.05
                                    60    2.low          19       1       1     late        6.29
                                    61    2.low          19       2       1     early       5.34
                                    62    2.low          19       2       1     late        7.80
                                    63    2.low          19       3       1     early      11.13
                                    64    2.low          19       3       1     late       10.00
                                    65    2.low          19       4       1     early       8.20
                                    66    2.low          19       4       1     late        7.13
                                    67    2.low          19       5       1     early       6.85
                                    68    2.low          19       5       1     late        8.99
                                    69    3.high         20       1       2     early      12.12
                                    70    3.high         20       1       2     late        6.46
                                    71    3.high         20       2       2     early      14.20
                                    72    3.high         20       2       2     late        5.23
                                    73    3.high         20       3       2     early      10.33
                                    74    3.high         20       3       2     late       10.53
                                    75    3.high         20       4       2     early       4.90
                                    76    3.high         20       4       2     late       12.33
                                    77    1.control      21       1       2     early      11.10
                                    78    1.control      21       1       2     late        5.47
                                    79    1.control      21       2       2     early       8.32
                                    80    1.control      21       2       2     late        7.30
                                    81    1.control      21       3       2     early       6.69
                                    82    1.control      21       3       2     late        4.49
                                    83    1.control      21       4       2     early      10.28
                                    84    1.control      21       4       2     late        5.06
                                    85    1.control      21       5       2     early       6.58
                                    86    1.control      21       5       2     late        4.76
                                    87    1.control      21       6       2     early      20.07
                                    88    1.control      21       6       2     late       11.55
 
 
 
 
 
 
 
 
 
 
 
 
 
 
 
 
 
                                                                 '
                                                       Bee foraging analysis
                                                         average over bees

                                                                                                 mean_
                                                                                                access_
                             Obs    colony    phase    week    miticide     _TYPE_    _FREQ_     time

                               1       5      early      1     3.high          0         3         8.94
                               2       5      late       1     3.high          0         3         8.89
                               3      10      early      3     3.high          0         4         8.41
                               4      10      late       3     3.high          0         4         5.23
                               5      11      early      1     1.control       0         6        15.98
                               6      11      late       1     1.control       0         6         9.65
                               7      14      early      2     2.low           0         4         9.51
                               8      14      late       2     2.low           0         4         5.54
                               9      15      early      3     2.low           0         6        10.58
                              10      15      late       3     2.low           0         6         6.29
                              11      17      early      3     1.control       0         6        12.84
                              12      17      late       3     1.control       0         6         6.69
                              13      19      early      1     2.low           0         5         7.71
                              14      19      late       1     2.low           0         5         8.04
                              15      20      early      2     3.high          0         4        10.39
                              16      20      late       2     3.high          0         4         8.63
                              17      21      early      2     1.control       0         6        10.51
                              18      21      late       2     1.control       0         6         6.44
 
 
 
 
 
 
 
 
 
 
 
 
 
 
 
 
 
 
 
 
 
 
 
 
 
 
 
 
 
 
 
 
 
 
                                                                 '
                                                       Bee foraging analysis
                                     analysis in a split-plot structure using average over bees

                                                        The Mixed Procedure

                                                         Model Information

                                       Data Set                     WORK.MEANCOLONY          
                                       Dependent Variable           mean_access_time         
                                       Covariance Structure         Variance Components      
                                       Estimation Method            REML                     
                                       Residual Variance Method     Profile                  
                                       Fixed Effects SE Method      Model-Based              
                                       Degrees of Freedom Method    Satterthwaite            


                                                      Class Level Information
 
                                        Class       Levels    Values

                                        week             3    1 2 3                         
                                        colony           9    5 10 11 14 15 17 19 20 21     
                                        miticide         3    1.control 2.low 3.high        
                                        phase            2    early late                    


                                                            Dimensions

                                                Covariance Parameters             2
                                                Columns in X                     15
                                                Columns in Z                      9
                                                Subjects                          1
                                                Max Obs Per Subject              18
                                                Observations Used                18
                                                Observations Not Used             0
                                                Total Observations               18


                                                         Iteration History
 
                                    Iteration    Evaluations    -2 Res Log Like       Criterion

                                            0              1        48.75464200                
                                            1              1        47.42080197      0.00000000


                                                     Convergence criteria met.                    


                                                        Covariance Parameter
                                                             Estimates
 
                                                     Cov Parm          Estimate

                                                     week*miticide       1.6365
                                                     Residual            1.7862
 
                              The phase*miticide test examines if learning was equal for all miticides
                         The lsmeans with slice option examines if learning occured at each miticide level
                      The estimate output examines learning at each miticide level (same as lsmeans with slice
                                                       Bee foraging analysis
                                     analysis in a split-plot structure using average over bees

                                                        The Mixed Procedure

                                                          Fit Statistics

                                               -2 Res Log Likelihood            47.4
                                               AIC (smaller is better)          51.4
                                               AICC (smaller is better)         53.1
                                               BIC (smaller is better)          51.8


                                                   Type 3 Tests of Fixed Effects
 
                                                           Num     Den
                                        Effect              DF      DF    F Value    Pr > F

                                        week                 2       4       0.84    0.4966
                                        miticide             2       4       1.93    0.2596
                                        phase                1       6      27.04    0.0020
                                        miticide*phase       2       6       3.37    0.1043


                                                             Estimates
 
                                           Standard
               Label           Estimate       Error      DF    t Value    Pr > |t|     Alpha       Lower       Upper

               learning 1        5.5191      1.0912       6       5.06      0.0023      0.05      2.8489      8.1892
               learning 2        2.6469      1.0912       6       2.43      0.0515      0.05    -0.02323      5.3171
               learning 3        1.6621      1.0912       6       1.52      0.1786      0.05     -1.0081      4.3322
               avg learning      3.2760      0.6300       6       5.20      0.0020      0.05      1.7344      4.8176


                                                        Least Squares Means
 
                                                       Standard
   Effect            miticide     phase    Estimate       Error      DF    t Value    Pr > |t|     Alpha       Lower       Upper

   miticide*phase    1.control    early     13.1104      1.0681    6.76      12.27      <.0001      0.05     10.5664     15.6543
   miticide*phase    1.control    late       7.5913      1.0681    6.76       7.11      0.0002      0.05      5.0474     10.1353
   miticide*phase    2.low        early      9.2707      1.0681    6.76       8.68      <.0001      0.05      6.7267     11.8146
   miticide*phase    2.low        late       6.6237      1.0681    6.76       6.20      0.0005      0.05      4.0798      9.1677
   miticide*phase    3.high       early      9.2471      1.0681    6.76       8.66      <.0001      0.05      6.7031     11.7910
   miticide*phase    3.high       late       7.5850      1.0681    6.76       7.10      0.0002      0.05      5.0411     10.1289


                                                       Tests of Effect Slices
 
                                                                  Num     Den
                                  Effect            miticide       DF      DF    F Value    Pr > F

                                  miticide*phase    1.control       1       6      25.58    0.0023
                                  miticide*phase    2.low           1       6       5.88    0.0515
                                  miticide*phase    3.high          1       6       2.32    0.1786
 
                              The phase*miticide test examines if learning was equal for all miticides
                         The lsmeans with slice option examines if learning occured at each miticide level
                      The estimate output examines learning at each miticide level (same as lsmeans with slice
                                                       Bee foraging analysis
                                             split plot analysis using individual bees

                                                        The Mixed Procedure

                                                         Model Information

                                       Data Set                     WORK.BEES2               
                                       Dependent Variable           access_time              
                                       Covariance Structure         Variance Components      
                                       Estimation Method            REML                     
                                       Residual Variance Method     Profile                  
                                       Fixed Effects SE Method      Model-Based              
                                       Degrees of Freedom Method    Satterthwaite            


                                                      Class Level Information
 
                                        Class       Levels    Values

                                        colony           9    5 10 11 14 15 17 19 20 21     
                                        miticide         3    1.control 2.low 3.high        
                                        week             3    1 2 3                         
                                        bee              6    1 2 3 4 5 6                   
                                        phase            2    early late                    


                                                            Dimensions

                                                Covariance Parameters             4
                                                Columns in X                     21
                                                Columns in Z                     71
                                                Subjects                          1
                                                Max Obs Per Subject              88
                                                Observations Used                88
                                                Observations Not Used             0
                                                Total Observations               88


                                                         Iteration History
 
                                    Iteration    Evaluations    -2 Res Log Like       Criterion

                                            0              1       448.52565021                
                                            1              3       441.60227551      0.00000016
                                            2              1       441.60225182      0.00000000


                                                     Convergence criteria met.                    


 
 
 
 
 
 
                              The phase*miticide test examines if learning was equal for all miticides
                         The lsmeans with slice option examines if learning occured at each miticide level
                      The estimate output examines learning at each miticide level (same as lsmeans with slice
                                                       Bee foraging analysis
                                             split plot analysis using individual bees

                                                        The Mixed Procedure

                                                   Covariance Parameter Estimates
 
                                                  Cov Parm                Estimate

                                                  miticide*week             0.8206
                                                  bee(miticide*week)        4.8869
                                                  miticide*week*phase       0.1241
                                                  Residual                  8.0847


                                                          Fit Statistics

                                               -2 Res Log Likelihood           441.6
                                               AIC (smaller is better)         449.6
                                               AICC (smaller is better)        450.2
                                               BIC (smaller is better)         450.4


                                                   Type 3 Tests of Fixed Effects
 
                                                           Num     Den
                                        Effect              DF      DF    F Value    Pr > F

                                        week                 2    4.11       0.91    0.4718
                                        miticide             2    4.16       1.86    0.2642
                                        phase                1    4.87      25.90    0.0041
                                        miticide*phase       2     4.4       3.47    0.1248
                                        week*phase           2    4.29       1.18    0.3913


                                                             Estimates
 
                                           Standard
               Label           Estimate       Error      DF    t Value    Pr > |t|     Alpha       Lower       Upper

               learning 1        5.5191      0.9905    3.14       5.57      0.0101      0.05      2.4426      8.5956
               learning 2        2.5755      1.0825    4.33       2.38      0.0712      0.05     -0.3427      5.4937
               learning 3        1.7100      1.2490    7.53       1.37      0.2104      0.05     -1.2019      4.6220
               avg learning      3.2682      0.6422    4.87       5.09      0.0041      0.05      1.6043      4.9321


                                                        Least Squares Means
 
                                                       Standard
   Effect            miticide     phase    Estimate       Error      DF    t Value    Pr > |t|     Alpha       Lower       Upper

   miticide*phase    1.control    early     13.1104      1.0176    5.01      12.88      <.0001      0.05     10.4955     15.7253
   miticide*phase    1.control    late       7.5913      1.0176    5.01       7.46      0.0007      0.05      4.9764     10.2062
   miticide*phase    2.low        early      9.2695      1.0915    6.51       8.49      <.0001      0.05      6.6483     11.8906
   miticide*phase    2.low        late       6.6940      1.0915    6.51       6.13      0.0006      0.05      4.0729      9.3151
   miticide*phase    3.high       early      9.3096      1.2258    10.3       7.59      <.0001      0.05      6.5875     12.0317
 
                              The phase*miticide test examines if learning was equal for all miticides
                         The lsmeans with slice option examines if learning occured at each miticide level
                      The estimate output examines learning at each miticide level (same as lsmeans with slice
                                                       Bee foraging analysis
                                             split plot analysis using individual bees

                                                        The Mixed Procedure

                                                        Least Squares Means
 
                                                       Standard
   Effect            miticide     phase    Estimate       Error      DF    t Value    Pr > |t|     Alpha       Lower       Upper

   miticide*phase    3.high       late       7.5996      1.2258    10.3       6.20      <.0001      0.05      4.8775     10.3217


                                                       Tests of Effect Slices
 
                                                                  Num     Den
                                  Effect            miticide       DF      DF    F Value    Pr > F

                                  miticide*phase    1.control       1    3.14      31.05    0.0101
                                  miticide*phase    2.low           1    4.33       5.66    0.0712
                                  miticide*phase    3.high          1    7.53       1.87    0.2104
 
 
 
 
 
 
 
 
 
 
 
 
 
 
 
 
 
 
 
 
 
 
 
 
 
 
 
 
 
 
 
 
 
 
 
 
                              The phase*miticide test examines if learning was equal for all miticides
                         The lsmeans with slice option examines if learning occured at each miticide level
                      The estimate output examines learning at each miticide level (same as lsmeans with slice
