                                             Effect of dissolved gas on fish behaviour
                                                         expanded data set

                           Obs    status    dazed    time    trt    block    condfact    weight    length

                             1     live      yes     90.0     C       1        0.99        1.1       48  
                             2     live      yes     90.0     C       1        0.96        1.0       47  
                             3     live      no      15.6     C       1        1.13        0.9       43  
                             4     live      yes     90.0     C       1        0.94        1.4       53  
                             5     live      no       2.5     C       1        0.95        1.5       54  
                             6     live      no       2.4     C       1        0.92        1.3       52  
                             7     live      no       9.5     C       1        0.92        0.9       46  
                             8     live      no       5.8     C       1        0.97        1.8       57  
                             9     live      no       2.4     C       1        0.84        1.4       55  
                            10     live      yes     90.0     C       1        0.96        1.6       55  
                            11     dead                .      C       1         .           .         .  
                            12     dead                .      C       1         .           .         .  
                            13     dead                .      C       1         .           .         .  
                            14     dead                .      C       1         .           .         .  
                            15     dead                .      C       1         .           .         .  
                            16     dead                .      C       1         .           .         .  
                            17     dead                .      C       1         .           .         .  
                            18     dead                .      C       1         .           .         .  
                            19     dead                .      C       1         .           .         .  
                            20     dead                .      C       1         .           .         .  
                            21     live      no       2.6     C       2        0.94        0.8       44  
                            22     live      no       2.0     C       2        0.92        1.7       57  
                            23     live      no      12.2     C       2        0.88        0.7       43  
                            24     live      no       6.7     C       2        0.81        0.9       48  
                            25     live      yes     90.0     C       2        0.83        1.3       54  
                            26     live      no       5.3     C       2        0.87        1.3       53  
                            27     live      no       4.8     C       2        0.97        1.7       56  
                            28     live      no       4.7     C       2        0.97        1.7       56  
                            29     live      no       1.6     C       2        0.74        1.1       53  
                            30     live      no       1.5     C       2        1.07        1.6       53  
                            31     live      yes     90.0     C       2        0.90        1.5       55  
                            32     live      no      11.1     C       2        0.95        1.5       54  
                            33     live      yes     90.0     C       2        0.95        1.5       54  
                            34     live      no       3.7     C       2        0.91        1.6       56  
                            35     live      no      10.8     C       2        0.98        1.3       51  
                            36     live      yes     90.0     C       2        0.90        1.2       51  
                            37     live      no       2.7     C       2        0.92        1.3       52  
                            38     dead                .      C       2         .           .         .  
                            39     dead                .      C       2         .           .         .  
                            40     dead                .      C       2         .           .         .  
                                             Effect of dissolved gas on fish behaviour
                                                         expanded data set

                                           ---------------------------------------------
                                           |                               |  status   |
                                           |                               |-----------|
                                           |                               |dead |live |
                                           |                               |-----+-----|
                                           |                               |  N  |  N  |
                                           |-------------------------------+-----+-----|
                                           |trt            |block          |     |     |
                                           |---------------+---------------|     |     |
                                           |C              |1              |   10|   10|
                                           |               |---------------+-----+-----|
                                           |               |2              |    3|   17|
                                           |               |---------------+-----+-----|
                                           |               |3              |    5|   15|
                                           |---------------+---------------+-----+-----|
                                           |T              |1              |   12|    8|
                                           |               |---------------+-----+-----|
                                           |               |2              |    5|   15|
                                           |               |---------------+-----+-----|
                                           |               |3              |    5|   15|
                                           ---------------------------------------------
                                             Effect of dissolved gas on fish behaviour
                                                         expanded data set

                                        ---------------------------------------------------
                                        |                               |      dazed      |
                                        |                               |-----------------|
                                        |                               |     | no  | yes |
                                        |                               |-----+-----+-----|
                                        |                               |  N  |  N  |  N  |
                                        |-------------------------------+-----+-----+-----|
                                        |trt            |block          |     |     |     |
                                        |---------------+---------------|     |     |     |
                                        |C              |1              |   10|    6|    4|
                                        |               |---------------+-----+-----+-----|
                                        |               |2              |    3|   13|    4|
                                        |               |---------------+-----+-----+-----|
                                        |               |3              |    5|   13|    2|
                                        |---------------+---------------+-----+-----+-----|
                                        |T              |1              |   12|    2|    6|
                                        |               |---------------+-----+-----+-----|
                                        |               |2              |    5|    7|    8|
                                        |               |---------------+-----+-----+-----|
                                        |               |3              |    5|   11|    4|
                                        ---------------------------------------------------
                                             Effect of dissolved gas on fish behaviour
                                                    Analysis of live/dead status

                                                        The GENMOD Procedure

                                                         Model Information

                                             Data Set                        WORK.TIME2
                                             Distribution                      Binomial
                                             Link Function                        Logit
                                             Dependent Variable                  status
                                             Observations Used                      120
                                             Probability Modeled    Pr( status = live )


                                                      Class Level Information
 
                                                    Class      Levels    Values

                                                    trt             2    C T   
                                                    block           3    1 2 3 


                                                          Response Profile
 
                                                   Ordered    Ordered
                                                     Level    Value        Count

                                                         1    dead            40
                                                         2    live            80


                                                       Parameter Information
 
                                             Parameter       Effect       trt    block

                                             Prm1            Intercept                
                                             Prm2            trt          C           
                                             Prm3            trt          T           
                                             Prm4            block               1    
                                             Prm5            block               2    
                                             Prm6            block               3    


                                               Criteria For Assessing Goodness Of Fit
 
                                    Criterion                 DF           Value        Value/DF

                                    Deviance                 116        139.3966          1.2017
                                    Scaled Deviance          116        139.3966          1.2017
                                    Pearson Chi-Square       116        119.9284          1.0339
                                    Scaled Pearson X2        116        119.9284          1.0339
                                    Log Likelihood                      -69.6983                


                            Algorithm converged.                                                       
                                             Effect of dissolved gas on fish behaviour
                                                    Analysis of live/dead status

                                                        The GENMOD Procedure

                                                  Analysis Of Parameter Estimates
 
                                                       Standard     Wald 95% Confidence       Chi-
                   Parameter         DF    Estimate       Error           Limits            Square    Pr > ChiSq

                   Intercept          1      0.9370      0.4119      0.1298      1.7443       5.18        0.0229
                   trt          C     1      0.3374      0.4122     -0.4706      1.1453       0.67        0.4131
                   trt          T     0      0.0000      0.0000      0.0000      0.0000        .           .    
                   block        1     1     -1.3078      0.4860     -2.2604     -0.3553       7.24        0.0071
                   block        2     1      0.2891      0.5395     -0.7682      1.3464       0.29        0.5920
                   block        3     0      0.0000      0.0000      0.0000      0.0000        .           .    
                   Scale              0      1.0000      0.0000      1.0000      1.0000                         

NOTE: The scale parameter was held fixed.


                                                 LR Statistics For Type 3 Analysis
 
                                                                      Chi-
                                            Source           DF     Square    Pr > ChiSq

                                            trt               1       0.67        0.4118
                                            block             2      12.77        0.0017


                                                     Contrast Estimate Results
 
                                               Standard                                        Chi-
                   Label           Estimate       Error     Alpha      Confidence Limits     Square    Pr > ChiSq

                   diff             -0.3374      0.4122      0.05     -1.1453      0.4706      0.67        0.4131
                   Exp(diff   )      0.7137      0.2942      0.05      0.3181      1.6009                        
                                             Effect of dissolved gas on fish behaviour
                                                    Analysis of dazed/not dazed

                                                        The GENMOD Procedure

                                                         Model Information

                                              Data Set                      WORK.TIME2
                                              Distribution                    Binomial
                                              Link Function                      Logit
                                              Dependent Variable                 dazed
                                              Observations Used                     80
                                              Probability Modeled    Pr( dazed = yes )


                                                      Class Level Information
 
                                                    Class      Levels    Values

                                                    trt             2    C T   
                                                    block           3    1 2 3 


                                                          Response Profile
 
                                                   Ordered    Ordered
                                                     Level    Value        Count

                                                         1    no              52
                                                         2    yes             28


                                                       Parameter Information
 
                                             Parameter       Effect       trt    block

                                             Prm1            Intercept                
                                             Prm2            trt          C           
                                             Prm3            trt          T           
                                             Prm4            block               1    
                                             Prm5            block               2    
                                             Prm6            block               3    


                                               Criteria For Assessing Goodness Of Fit
 
                                    Criterion                 DF           Value        Value/DF

                                    Deviance                  76         91.1397          1.1992
                                    Scaled Deviance           76         91.1397          1.1992
                                    Pearson Chi-Square        76         81.2984          1.0697
                                    Scaled Pearson X2         76         81.2984          1.0697
                                    Log Likelihood                      -45.5699                


                            Algorithm converged.                                                       
                                             Effect of dissolved gas on fish behaviour
                                                    Analysis of dazed/not dazed

                                                        The GENMOD Procedure

                                                  Analysis Of Parameter Estimates
 
                                                       Standard     Wald 95% Confidence       Chi-
                   Parameter         DF    Estimate       Error           Limits            Square    Pr > ChiSq

                   Intercept          1     -0.8830      0.4975     -1.8581      0.0921       3.15        0.0759
                   trt          C     1     -1.2341      0.5227     -2.2585     -0.2098       5.58        0.0182
                   trt          T     0      0.0000      0.0000      0.0000      0.0000        .           .    
                   block        1     1      1.8174      0.6988      0.4478      3.1870       6.76        0.0093
                   block        2     1      0.9812      0.6091     -0.2126      2.1749       2.60        0.1072
                   block        3     0      0.0000      0.0000      0.0000      0.0000        .           .    
                   Scale              0      1.0000      0.0000      1.0000      1.0000                         

NOTE: The scale parameter was held fixed.


                                                 LR Statistics For Type 3 Analysis
 
                                                                      Chi-
                                            Source           DF     Square    Pr > ChiSq

                                            trt               1       5.96        0.0147
                                            block             2       7.54        0.0231


                                                     Contrast Estimate Results
 
                                               Standard                                        Chi-
                   Label           Estimate       Error     Alpha      Confidence Limits     Square    Pr > ChiSq

                   diff              1.2341      0.5227      0.05      0.2098      2.2585      5.58        0.0182
                   Exp(diff   )      3.4354      1.7955      0.05      1.2334      9.5688                        
                                             Effect of dissolved gas on fish behaviour
                 Analysis of dazed/not dazed - cluster effects - independent correlation structure - model based se

                                                        The GENMOD Procedure

                                                         Model Information

                                              Data Set                      WORK.TIME2
                                              Distribution                    Binomial
                                              Link Function                      Logit
                                              Dependent Variable                 dazed
                                              Observations Used                     80
                                              Probability Modeled    Pr( dazed = yes )


                                                      Class Level Information
 
                                                    Class      Levels    Values

                                                    trt             2    C T   
                                                    block           3    1 2 3 


                                                          Response Profile
 
                                                   Ordered    Ordered
                                                     Level    Value        Count

                                                         1    no              52
                                                         2    yes             28


                                                       Parameter Information
 
                                             Parameter       Effect       trt    block

                                             Prm1            Intercept                
                                             Prm2            trt          C           
                                             Prm3            trt          T           
                                             Prm4            block               1    
                                             Prm5            block               2    
                                             Prm6            block               3    


                                               Criteria For Assessing Goodness Of Fit
 
                                    Criterion                 DF           Value        Value/DF

                                    Deviance                  76         91.1397          1.1992
                                    Scaled Deviance           76         91.1397          1.1992
                                    Pearson Chi-Square        76         81.2984          1.0697
                                    Scaled Pearson X2         76         81.2984          1.0697
                                    Log Likelihood                      -45.5699                


                            Algorithm converged.                                                       
                                             Effect of dissolved gas on fish behaviour
                 Analysis of dazed/not dazed - cluster effects - independent correlation structure - model based se

                                                        The GENMOD Procedure

                                              Analysis Of Initial Parameter Estimates
 
                                                       Standard     Wald 95% Confidence       Chi-
                   Parameter         DF    Estimate       Error           Limits            Square    Pr > ChiSq

                   Intercept          1     -0.8830      0.4975     -1.8581      0.0921       3.15        0.0759
                   trt          C     1     -1.2341      0.5227     -2.2585     -0.2098       5.58        0.0182
                   trt          T     0      0.0000      0.0000      0.0000      0.0000        .           .    
                   block        1     1      1.8174      0.6988      0.4478      3.1870       6.76        0.0093
                   block        2     1      0.9812      0.6091     -0.2126      2.1749       2.60        0.1072
                   block        3     0      0.0000      0.0000      0.0000      0.0000        .           .    
                   Scale              0      1.0000      0.0000      1.0000      1.0000                         

NOTE: The scale parameter was held fixed.


                                                       GEE Model Information

                                        Correlation Structure                    Independent
                                        Subject Effect                  trt*block (6 levels)
                                        Number of Clusters                                 6
                                        Correlation Matrix Dimension                      17
                                        Maximum Cluster Size                              17
                                        Minimum Cluster Size                               8


                            Algorithm converged.                                                       


                                                Analysis Of GEE Parameter Estimates
                                                 Empirical Standard Error Estimates
 
                                                       Standard   95% Confidence
                                  Parameter   Estimate    Error       Limits            Z Pr > |Z|

                                  Intercept    -0.8830   0.1161  -1.1105  -0.6555   -7.61   <.0001
                                  trt       C  -1.2341   0.0979  -1.4261  -1.0422  -12.60   <.0001
                                  trt       T   0.0000   0.0000   0.0000   0.0000     .      .    
                                  block     1   1.8174   0.1605   1.5029   2.1319   11.33   <.0001
                                  block     2   0.9812   0.1282   0.7298   1.2325    7.65   <.0001
                                  block     3   0.0000   0.0000   0.0000   0.0000     .      .    


                                                Analysis Of GEE Parameter Estimates
                                                Model-Based Standard Error Estimates
 
                                                       Standard   95% Confidence
                                  Parameter   Estimate    Error       Limits            Z Pr > |Z|

                                  Intercept    -0.8830   0.4975  -1.8581   0.0921   -1.77   0.0759
                                  trt       C  -1.2341   0.5227  -2.2585  -0.2098   -2.36   0.0182
                                  trt       T   0.0000   0.0000   0.0000   0.0000     .      .    
                                  block     1   1.8174   0.6988   0.4478   3.1870    2.60   0.0093
                                  block     2   0.9812   0.6091  -0.2126   2.1749    1.61   0.1072
                                  block     3   0.0000   0.0000   0.0000   0.0000     .      .    
                                             Effect of dissolved gas on fish behaviour
                 Analysis of dazed/not dazed - cluster effects - independent correlation structure - model based se

                                                        The GENMOD Procedure

                                                Analysis Of GEE Parameter Estimates
                                                Model-Based Standard Error Estimates
 
                                                       Standard   95% Confidence
                                  Parameter   Estimate    Error       Limits            Z Pr > |Z|

                                  Scale         1.0000    .        .        .         .      .    
NOTE: The scale parameter was held fixed.


                                              Score Statistics For Type 3 GEE Analysis
 
                                                                      Chi-
                                            Source           DF     Square    Pr > ChiSq

                                            trt               1       5.34        0.0209
                                            block             2       4.01        0.1348


                                                     Contrast Estimate Results
 
                                               Standard                                        Chi-
                   Label           Estimate       Error     Alpha      Confidence Limits     Square    Pr > ChiSq

                   diff              1.2341      0.0979      0.05      1.0422      1.4261    158.81        <.0001
                   Exp(diff   )      3.4354      0.3364      0.05      2.8354      4.1623                        
                                             Effect of dissolved gas on fish behaviour
                  Analysis of dazed/not dazed - cluster effects - compound symmetric covariances - model based se

                                                        The GENMOD Procedure

                                                         Model Information

                                              Data Set                      WORK.TIME2
                                              Distribution                    Binomial
                                              Link Function                      Logit
                                              Dependent Variable                 dazed
                                              Observations Used                     80
                                              Probability Modeled    Pr( dazed = yes )


                                                      Class Level Information
 
                                                    Class      Levels    Values

                                                    trt             2    C T   
                                                    block           3    1 2 3 


                                                          Response Profile
 
                                                   Ordered    Ordered
                                                     Level    Value        Count

                                                         1    no              52
                                                         2    yes             28


                                                       Parameter Information
 
                                             Parameter       Effect       trt    block

                                             Prm1            Intercept                
                                             Prm2            trt          C           
                                             Prm3            trt          T           
                                             Prm4            block               1    
                                             Prm5            block               2    
                                             Prm6            block               3    


                                               Criteria For Assessing Goodness Of Fit
 
                                    Criterion                 DF           Value        Value/DF

                                    Deviance                  76         91.1397          1.1992
                                    Scaled Deviance           76         91.1397          1.1992
                                    Pearson Chi-Square        76         81.2984          1.0697
                                    Scaled Pearson X2         76         81.2984          1.0697
                                    Log Likelihood                      -45.5699                


                            Algorithm converged.                                                       
                                             Effect of dissolved gas on fish behaviour
                  Analysis of dazed/not dazed - cluster effects - compound symmetric covariances - model based se

                                                        The GENMOD Procedure

                                              Analysis Of Initial Parameter Estimates
 
                                                       Standard     Wald 95% Confidence       Chi-
                   Parameter         DF    Estimate       Error           Limits            Square    Pr > ChiSq

                   Intercept          1     -0.8830      0.4975     -1.8581      0.0921       3.15        0.0759
                   trt          C     1     -1.2341      0.5227     -2.2585     -0.2098       5.58        0.0182
                   trt          T     0      0.0000      0.0000      0.0000      0.0000        .           .    
                   block        1     1      1.8174      0.6988      0.4478      3.1870       6.76        0.0093
                   block        2     1      0.9812      0.6091     -0.2126      2.1749       2.60        0.1072
                   block        3     0      0.0000      0.0000      0.0000      0.0000        .           .    
                   Scale              0      1.0000      0.0000      1.0000      1.0000                         

NOTE: The scale parameter was held fixed.


                                                       GEE Model Information

                                        Correlation Structure                   Exchangeable
                                        Subject Effect                  trt*block (6 levels)
                                        Number of Clusters                                 6
                                        Correlation Matrix Dimension                      17
                                        Maximum Cluster Size                              17
                                        Minimum Cluster Size                               8


                            Algorithm converged.                                                       


                                                Analysis Of GEE Parameter Estimates
                                                 Empirical Standard Error Estimates
 
                                                       Standard   95% Confidence
                                  Parameter   Estimate    Error       Limits            Z Pr > |Z|

                                  Intercept    -0.8854   0.1153  -1.1114  -0.6595   -7.68   <.0001
                                  trt       C  -1.2265   0.0866  -1.3962  -1.0568  -14.17   <.0001
                                  trt       T   0.0000   0.0000   0.0000   0.0000     .      .    
                                  block     1   1.7995   0.1551   1.4956   2.1034   11.61   <.0001
                                  block     2   0.9345   0.1436   0.6530   1.2161    6.51   <.0001
                                  block     3   0.0000   0.0000   0.0000   0.0000     .      .    


                                                Analysis Of GEE Parameter Estimates
                                                Model-Based Standard Error Estimates
 
                                                       Standard   95% Confidence
                                  Parameter   Estimate    Error       Limits            Z Pr > |Z|

                                  Intercept    -0.8854   0.1744  -1.2272  -0.5437   -5.08   <.0001
                                  trt       C  -1.2265   0.1603  -1.5407  -0.9122   -7.65   <.0001
                                  trt       T   0.0000   0.0000   0.0000   0.0000     .      .    
                                  block     1   1.7995   0.3858   1.0432   2.5557    4.66   <.0001
                                  block     2   0.9345   0.1994   0.5437   1.3253    4.69   <.0001
                                  block     3   0.0000   0.0000   0.0000   0.0000     .      .    
                                             Effect of dissolved gas on fish behaviour
                  Analysis of dazed/not dazed - cluster effects - compound symmetric covariances - model based se

                                                        The GENMOD Procedure

                                                Analysis Of GEE Parameter Estimates
                                                Model-Based Standard Error Estimates
 
                                                       Standard   95% Confidence
                                  Parameter   Estimate    Error       Limits            Z Pr > |Z|

                                  Scale         1.0000    .        .        .         .      .    
NOTE: The scale parameter was held fixed.


                                              Score Statistics For Type 3 GEE Analysis
 
                                                                      Chi-
                                            Source           DF     Square    Pr > ChiSq

                                            trt               1       5.34        0.0209
                                            block             2       3.96        0.1379


                                                     Contrast Estimate Results
 
                                               Standard                                        Chi-
                   Label           Estimate       Error     Alpha      Confidence Limits     Square    Pr > ChiSq

                   diff              1.2265      0.0866      0.05      1.0568      1.3962    200.68        <.0001
                   Exp(diff   )      3.4091      0.2952      0.05      2.8771      4.0396                        
                                             Effect of dissolved gas on fish behaviour
                   Analysis of dazed/not dazed - cluster effects - compound symmetric - model based se - logodds

                                                        The GENMOD Procedure

                                                         Model Information

                                              Data Set                      WORK.TIME2
                                              Distribution                    Binomial
                                              Link Function                      Logit
                                              Dependent Variable                 dazed
                                              Observations Used                     80
                                              Probability Modeled    Pr( dazed = yes )


                                                      Class Level Information
 
                                                    Class      Levels    Values

                                                    trt             2    C T   
                                                    block           3    1 2 3 


                                                          Response Profile
 
                                                   Ordered    Ordered
                                                     Level    Value        Count

                                                         1    no              52
                                                         2    yes             28


                                                       Parameter Information
 
                                             Parameter       Effect       trt    block

                                             Prm1            Intercept                
                                             Prm2            trt          C           
                                             Prm3            trt          T           
                                             Prm4            block               1    
                                             Prm5            block               2    
                                             Prm6            block               3    


                                               Criteria For Assessing Goodness Of Fit
 
                                    Criterion                 DF           Value        Value/DF

                                    Deviance                  76         91.1397          1.1992
                                    Scaled Deviance           76         91.1397          1.1992
                                    Pearson Chi-Square        76         81.2984          1.0697
                                    Scaled Pearson X2         76         81.2984          1.0697
                                    Log Likelihood                      -45.5699                


                            Algorithm converged.                                                       
                                             Effect of dissolved gas on fish behaviour
                   Analysis of dazed/not dazed - cluster effects - compound symmetric - model based se - logodds

                                                        The GENMOD Procedure

                                              Analysis Of Initial Parameter Estimates
 
                                                       Standard     Wald 95% Confidence       Chi-
                   Parameter         DF    Estimate       Error           Limits            Square    Pr > ChiSq

                   Intercept          1     -0.8830      0.4975     -1.8581      0.0921       3.15        0.0759
                   trt          C     1     -1.2341      0.5227     -2.2585     -0.2098       5.58        0.0182
                   trt          T     0      0.0000      0.0000      0.0000      0.0000        .           .    
                   block        1     1      1.8174      0.6988      0.4478      3.1870       6.76        0.0093
                   block        2     1      0.9812      0.6091     -0.2126      2.1749       2.60        0.1072
                   block        3     0      0.0000      0.0000      0.0000      0.0000        .           .    
                   Scale              0      1.0000      0.0000      1.0000      1.0000                         

NOTE: The scale parameter was held fixed.


                                                       GEE Model Information

                                        Log Odds Ratio Structure                Exchangeable
                                        Subject Effect                  trt*block (6 levels)
                                        Number of Clusters                                 6
                                        Correlation Matrix Dimension                      17
                                        Maximum Cluster Size                              17
                                        Minimum Cluster Size                               8
WARNING: The generalized Hessian matrix is not positive definite. Iteration will be terminated.


                            ERROR: Error in estimation routine.                                        


                                                Analysis Of GEE Parameter Estimates
                                                 Empirical Standard Error Estimates
 
                                                       Standard   95% Confidence
                                  Parameter   Estimate    Error       Limits            Z Pr > |Z|

                                  Intercept    -0.8830    .        .        .         .      .    
                                  trt       C  -1.2341    .        .        .         .      .    
                                  trt       T   0.0000   0.0000   0.0000   0.0000     .      .    
                                  block     1   1.8174    .        .        .         .      .    
                                  block     2   0.9812    .        .        .         .      .    
                                  block     3   0.0000   0.0000   0.0000   0.0000     .      .    
                                  Alpha1       -0.3567   0.0000  -0.3567  -0.3567     .      .    


                                                Analysis Of GEE Parameter Estimates
                                                Model-Based Standard Error Estimates
 
                                                       Standard   95% Confidence
                                  Parameter   Estimate    Error       Limits            Z Pr > |Z|

                                  Intercept    -0.8830    .        .        .         .      .    
                                  trt       C  -1.2341    .        .        .         .      .    
                                  trt       T   0.0000   0.0000   0.0000   0.0000     .      .    
                                  block     1   1.8174    .        .        .         .      .    
                                             Effect of dissolved gas on fish behaviour
                   Analysis of dazed/not dazed - cluster effects - compound symmetric - model based se - logodds

                                                        The GENMOD Procedure

                                                Analysis Of GEE Parameter Estimates
                                                Model-Based Standard Error Estimates
 
                                                       Standard   95% Confidence
                                  Parameter   Estimate    Error       Limits            Z Pr > |Z|

                                  block     2   0.9812    .        .        .         .      .    
                                  block     3   0.0000   0.0000   0.0000   0.0000     .      .    
                                  Scale         1.0000    .        .        .         .      .    
NOTE: The scale parameter was held fixed.
                                             Effect of dissolved gas on fish behaviour
                                                          NLMIXED approach
                                                              raw data

                   Obs    trt    block    _TYPE_    _FREQ_     n    ndazed    xtrt    xblock1    xblock2    tank

                    1      C       1         0        10      10       4        1        1          0        11 
                    2      C       2         0        17      17       4        1        0          1        12 
                    3      C       3         0        15      15       2        1        0          0        13 
                    4      T       1         0         8       8       6        0        1          0         1 
                    5      T       2         0        15      15       8        0        0          1         2 
                    6      T       3         0        15      15       4        0        0          0         3 
                                             Effect of dissolved gas on fish behaviour
                                                          NLMIXED approach
                                                                  

                                                       The NLMIXED Procedure

                                                           Specifications
 
                                  Description                                 Value

                                  Data Set                                    WORK.DAZED2         
                                  Dependent Variable                          ndazed              
                                  Distribution for Dependent Variable         Binomial            
                                  Random Effects                              alpha               
                                  Distribution for Random Effects             Normal              
                                  Subject Variable                            tank                
                                  Optimization Technique                      Dual Quasi-Newton   
                                  Integration Method                          Adaptive Gaussian   
                                                                              Quadrature          


                                                             Dimensions
 
                                              Description                        Value

                                              Observations Used                      6
                                              Observations Not Used                  0
                                              Total Observations                     6
                                              Subjects                               6
                                              Max Obs Per Subject                    1
                                              Parameters                             5
                                              Quadrature Points                      5


                                                             Parameters
 
                                     b0          bc         bb1         bb2          s2    NegLogLike

                                      0           0           0           0           1    14.8340582


                                                          Iteration History
 
                                  Iter     Calls    NegLogLike        Diff     MaxGrad       Slope

                                     1         2    13.4044671    1.429591    2.055596    -27.4141
                                     2         3    12.8753697    0.529097    8.147261    -14.4782
                                     3         4    11.9645917    0.910778    4.745709    -21.2624
                                     4         5    10.4570495    1.507542    4.608116    -3.35434
                                     5         7    9.37725635    1.079793    2.228102    -16.9509
                                     6         9    8.95369353    0.423563    2.132641    -2.05766
                                     7        10    8.62394356     0.32975    0.961718    -2.01862
                                     8        12    8.48807921    0.135864     0.31667    -0.38827
                                     9        14    8.47413983    0.013939    0.127778    -0.04123
                                    10        16    8.47339473    0.000745    0.040087    -0.00191
                                    11        18    8.47332828    0.000066    0.002641    -0.00015
                                    12        20    8.47332683    1.444E-6    0.000278    -3.05E-6
                                    13        22    8.47332682     7.94E-9    0.000025    -1.69E-8
                                             Effect of dissolved gas on fish behaviour
                                                          NLMIXED approach
                                                                  

                                                       The NLMIXED Procedure

                                            NOTE: GCONV convergence criterion satisfied.          


                                                           Fit Statistics
 
                                              Description                        Value

                                              -2 Log Likelihood                   16.9
                                              AIC (smaller is better)             26.9
                                              BIC (smaller is better)             25.9
                                              Log Likelihood                      -8.5
                                              AIC (larger is better)             -13.5
                                              BIC (larger is better)             -13.0


                                                        Parameter Estimates
 
                                    Standard
           Parameter    Estimate       Error      DF    t Value    Pr > |t|     Alpha       Lower       Upper    Gradient

           b0             0.8830      0.4975       5       1.77      0.1361      0.05     -0.3959      2.1619    0.000022
           bc             1.2341      0.5227       5       2.36      0.0646      0.05     -0.1094      2.5777    0.000023
           bb1           -1.8174      0.6988       5      -2.60      0.0482      0.05     -3.6137    -0.02111    -4.31E-6
           bb2           -0.9812      0.6091       5      -1.61      0.1681      0.05     -2.5468      0.5845    0.000025
           s2           -9.33E-7      0.2581       5      -0.00      1.0000      0.05     -0.6635      0.6635    -0.00001


                                                       Additional Estimates
 
                                          Standard
                Label         Estimate       Error      DF    t Value    Pr > |t|     Alpha       Lower       Upper

                odds for c      3.4354      1.7955       5       1.91      0.1139      0.05     -1.1801      8.0509
                                             Effect of dissolved gas on fish behaviour
                                                      Analysis of time to swim

                                                        The Mixed Procedure

                                                         Model Information

                                       Data Set                     WORK.TIME2               
                                       Dependent Variable           time                     
                                       Covariance Structure         Variance Components      
                                       Estimation Method            REML                     
                                       Residual Variance Method     Profile                  
                                       Fixed Effects SE Method      Model-Based              
                                       Degrees of Freedom Method    Satterthwaite            


                                                      Class Level Information
 
                                         Class    Levels    Values

                                         trt           2    C T                           
                                         block         3    1 2 3                         


                                                            Dimensions

                                                Covariance Parameters             2
                                                Columns in X                      6
                                                Columns in Z                      6
                                                Subjects                          1
                                                Max Obs Per Subject              52
                                                Observations Used                52
                                                Observations Not Used             0
                                                Total Observations               52


                                                         Iteration History
 
                                    Iteration    Evaluations    -2 Res Log Like       Criterion

                                            0              1       288.15591975                
                                            1              3       287.03266793      0.00028246
                                            2              1       287.00021002      0.00002358
                                            3              1       286.99772849      0.00000021
                                            4              1       286.99770722      0.00000000


                                                     Convergence criteria met.                    


                                                        Covariance Parameter
                                                             Estimates
 
                                                       Cov Parm      Estimate

                                                       trt*block       3.0795
                                                       Residual       17.9120
                                             Effect of dissolved gas on fish behaviour
                                                      Analysis of time to swim

                                                        The Mixed Procedure

                                                           Fit Statistics

                                             Res Log Likelihood                  -143.5
                                             Akaike's Information Criterion      -145.5
                                             Schwarz's Bayesian Criterion        -145.3
                                             -2 Res Log Likelihood                287.0


                                                   Type 3 Tests of Fixed Effects
 
                                                         Num     Den
                                           Effect         DF      DF    F Value    Pr > F

                                           trt             1    2.11       1.14    0.3924
                                           block           2     2.2       0.45    0.6853


                                                             Estimates
 
                                                          Standard
                                   Label      Estimate       Error      DF    t Value    Pr > |t|

                                   diff        -2.0799      1.9484    2.11      -1.07      0.3924
                                             Effect of dissolved gas on fish behaviour
                                                          NLMIXED approach
                                                              raw data

                   Obs    trt    block    _TYPE_    _FREQ_     n    ndazed    xtrt    xblock1    xblock2    tank

                    1      C       1         0        10      10       4        1        1          0        11 
                    2      C       2         0        17      17       4        1        0          1        12 
                    3      C       3         0        15      15       2        1        0          0        13 
                    4      T       1         0         8       8       6        0        1          0         1 
                    5      T       2         0        15      15       8        0        0          1         2 
                    6      T       3         0        15      15       4        0        0          0         3 
                                             Effect of dissolved gas on fish behaviour
                                                          NLMIXED approach
                                                                  

                                                       The NLMIXED Procedure

                                                           Specifications
 
                                  Description                                 Value

                                  Data Set                                    WORK.DAZED2         
                                  Dependent Variable                          ndazed              
                                  Distribution for Dependent Variable         Binomial            
                                  Random Effects                              alpha               
                                  Distribution for Random Effects             Normal              
                                  Subject Variable                            tank                
                                  Optimization Technique                      Dual Quasi-Newton   
                                  Integration Method                          Adaptive Gaussian   
                                                                              Quadrature          


                                                             Dimensions
 
                                              Description                        Value

                                              Observations Used                      6
                                              Observations Not Used                  0
                                              Total Observations                     6
                                              Subjects                               6
                                              Max Obs Per Subject                    1
                                              Parameters                             5
                                              Quadrature Points                      5


                                                             Parameters
 
                                     b0          bc         bb1         bb2          s2    NegLogLike

                                      0           0           0           0           1    14.8340582


                                                          Iteration History
 
                                  Iter     Calls    NegLogLike        Diff     MaxGrad       Slope

                                     1         2    13.4044671    1.429591    2.055596    -27.4141
                                     2         3    12.8753697    0.529097    8.147261    -14.4782
                                     3         4    11.9645917    0.910778    4.745709    -21.2624
                                     4         5    10.4570495    1.507542    4.608116    -3.35434
                                     5         7    9.37725635    1.079793    2.228102    -16.9509
                                     6         9    8.95369353    0.423563    2.132641    -2.05766
                                     7        10    8.62394356     0.32975    0.961718    -2.01862
                                     8        12    8.48807921    0.135864     0.31667    -0.38827
                                     9        14    8.47413983    0.013939    0.127778    -0.04123
                                    10        16    8.47339473    0.000745    0.040087    -0.00191
                                    11        18    8.47332828    0.000066    0.002641    -0.00015
                                    12        20    8.47332683    1.444E-6    0.000278    -3.05E-6
                                    13        22    8.47332682     7.94E-9    0.000025    -1.69E-8
                                             Effect of dissolved gas on fish behaviour
                                                          NLMIXED approach
                                                                  

                                                       The NLMIXED Procedure

                                            NOTE: GCONV convergence criterion satisfied.          


                                                           Fit Statistics
 
                                              Description                        Value

                                              -2 Log Likelihood                   16.9
                                              AIC (smaller is better)             26.9
                                              BIC (smaller is better)             25.9
                                              Log Likelihood                      -8.5
                                              AIC (larger is better)             -13.5
                                              BIC (larger is better)             -13.0


                                                        Parameter Estimates
 
                                    Standard
           Parameter    Estimate       Error      DF    t Value    Pr > |t|     Alpha       Lower       Upper    Gradient

           b0             0.8830      0.4975       5       1.77      0.1361      0.05     -0.3959      2.1619    0.000022
           bc             1.2341      0.5227       5       2.36      0.0646      0.05     -0.1094      2.5777    0.000023
           bb1           -1.8174      0.6988       5      -2.60      0.0482      0.05     -3.6137    -0.02111    -4.31E-6
           bb2           -0.9812      0.6091       5      -1.61      0.1681      0.05     -2.5468      0.5845    0.000025
           s2           -9.33E-7      0.2581       5      -0.00      1.0000      0.05     -0.6635      0.6635    -0.00001


                                                       Additional Estimates
 
                                          Standard
                Label         Estimate       Error      DF    t Value    Pr > |t|     Alpha       Lower       Upper

                odds for c      3.4354      1.7955       5       1.91      0.1139      0.05     -1.1801      8.0509
