                 Annual peak discharges from Saddle River, N.J.
                            portion of the raw data

                       Obs    year       flow    logflow

                         1    1925        980       6.89
                         2    1926        741       6.61
                         3    1927       1630       7.40
                         4    1928        829       6.72
                         5    1929        903       6.81
                         6    1930        418       6.04
                         7    1931        549       6.31
                         8    1932        686       6.53
                         9    1933       1320       7.19
                        10    1934        850       6.75
                 Annual peak discharges from Saddle River, N.J.
                test for normality on original and logged scale

                            The CAPABILITY Procedure
                         Variable:  flow  (Flow (cfs))

                                    Moments

        N                          65    Sum Weights                 65
        Mean               1677.21538    Sum Observations        109019
        Std Deviation      925.907131    Variance            857304.015
        Skewness           0.88463043    Kurtosis            0.23825232
        Uncorrected SS      237715801    Corrected SS          54867457
        Coeff Variation    55.2050225    Std Error Mean      114.844645


                           Basic Statistical Measures
 
                 Location                    Variability

             Mean     1677.215     Std Deviation          925.90713
             Median   1540.000     Variance                  857304
             Mode     1030.000     Range                       4082
                                   Interquartile Range         1337

     NOTE: The mode displayed is the smallest of 2 modes with a count of 2.


                           Tests for Location: Mu0=0
 
                Test           -Statistic-    -----p Value------

                Student's t    t  14.60421    Pr > |t|    <.0001
                Sign           M      32.5    Pr >= |M|   <.0001
                Signed Rank    S    1072.5    Pr >= |S|   <.0001


                              Tests for Normality
 
           Test                  --Statistic---    -----p Value-----

           Shapiro-Wilk          W     0.923431    Pr < W      0.001
           Kolmogorov-Smirnov    D     0.133491    Pr > D     <0.010
           Cramer-von Mises      W-Sq  0.239129    Pr > W-Sq  <0.005
           Anderson-Darling      A-Sq  1.528221    Pr > A-Sq  <0.005


                            Quantiles (Definition 5)
 
                             Quantile      Estimate

                             100% Max          4500
                             99%               4500
                             95%               3350
                             90%               3130
                             75% Q3            2240
                             50% Median        1540
                             25% Q1             903
                             10%                741
                             5%                 614
                 Annual peak discharges from Saddle River, N.J.
                test for normality on original and logged scale

                            The CAPABILITY Procedure
                         Variable:  flow  (Flow (cfs))

                            Quantiles (Definition 5)
 
                             Quantile      Estimate

                             1%                 418
                             0% Min             418


                              Extreme Observations
 
                      ----Lowest----        ----Highest---
 
                      Value      Obs        Value      Obs

                        418        6         3330       44
                        452       26         3350       60
                        549        7         3500       21
                        614       11         3770       47
                        686        8         4500       54
                 Annual peak discharges from Saddle River, N.J.
                test for normality on original and logged scale

                            The CAPABILITY Procedure
                      Fitted Normal Distribution for flow

                       Parameters for Normal Distribution
 
                         Parameter   Symbol   Estimate

                         Mean        Mu       1677.215
                         Std Dev     Sigma    925.9071


                 Goodness-of-Fit Tests for Normal Distribution
 
     Test                  ----Statistic-----     DF   ------p Value------

     Kolmogorov-Smirnov    D        0.1334909          Pr > D       <0.010
     Cramer-von Mises      W-Sq     0.2391286          Pr > W-Sq    <0.005
     Anderson-Darling      A-Sq     1.5282207          Pr > A-Sq    <0.005
     Chi-Square            Chi-Sq  20.4792762      5   Pr > Chi-Sq   0.001


                       Quantiles for Normal Distribution
 
                                  -------Quantile------
                        Percent    Observed   Estimated

                            1.0     418.000    -476.767
                            5.0     614.000     154.234
                           10.0     741.000     490.618
                           25.0     903.000    1052.701
                           50.0    1540.000    1677.215
                           75.0    2240.000    2301.730
                           90.0    3130.000    2863.813
                           95.0    3350.000    3200.197
                           99.0    4500.000    3831.197
                 Annual peak discharges from Saddle River, N.J.
                test for normality on original and logged scale

                            The CAPABILITY Procedure
                     Variable:  logflow  (log(Flow - cfs))

                                    Moments

        N                          65    Sum Weights                 65
        Mean               7.27388398    Sum Observations    472.802459
        Std Deviation       0.5634649    Variance            0.31749269
        Skewness             -0.07386    Kurtosis            -0.8118262
        Uncorrected SS     3459.42977    Corrected SS        20.3195324
        Coeff Variation    7.74641032    Std Error Mean      0.06988922


                           Basic Statistical Measures
 
                 Location                    Variability

             Mean     7.273884     Std Deviation            0.56346
             Median   7.339538     Variance                 0.31749
             Mode     6.937314     Range                    2.37635
                                   Interquartile Range      0.90851

     NOTE: The mode displayed is the smallest of 2 modes with a count of 2.


                           Tests for Location: Mu0=0
 
                Test           -Statistic-    -----p Value------

                Student's t    t  104.0773    Pr > |t|    <.0001
                Sign           M      32.5    Pr >= |M|   <.0001
                Signed Rank    S    1072.5    Pr >= |S|   <.0001


                              Tests for Normality
 
           Test                  --Statistic---    -----p Value-----

           Shapiro-Wilk          W     0.977623    Pr < W      0.287
           Kolmogorov-Smirnov    D     0.094085    Pr > D     >0.150
           Cramer-von Mises      W-Sq  0.093566    Pr > W-Sq   0.137
           Anderson-Darling      A-Sq  0.528755    Pr > A-Sq   0.178


                           Quantiles (Definition 5)
 
                           Quantile         Estimate

                           100% Max       8.41183268
                           99%            8.41183268
                           95%            8.11671562
                           90%            8.04878828
                           75% Q3         7.71423114
                           50% Median     7.33953770
                           25% Q1         6.80572255
                           10%            6.60800063
                           5%             6.41999493
                 Annual peak discharges from Saddle River, N.J.
                test for normality on original and logged scale

                            The CAPABILITY Procedure
                     Variable:  logflow  (log(Flow - cfs))

                           Quantiles (Definition 5)
 
                           Quantile         Estimate

                           1%             6.03548143
                           0% Min         6.03548143


                              Extreme Observations
 
                -------Lowest-------        -------Highest------
 
                      Value      Obs              Value      Obs

                 6.03548143        6         8.11072758       44
                 6.11368218       26         8.11671562       60
                 6.30809844        7         8.16051825       21
                 6.41999493       11         8.23483028       47
                 6.53087763        8         8.41183268       54
                 Annual peak discharges from Saddle River, N.J.
                test for normality on original and logged scale

                            The CAPABILITY Procedure
                     Fitted Normal Distribution for logflow

                       Parameters for Normal Distribution
 
                         Parameter   Symbol   Estimate

                         Mean        Mu       7.273884
                         Std Dev     Sigma    0.563465


                 Goodness-of-Fit Tests for Normal Distribution
 
     Test                  ----Statistic-----     DF   ------p Value------

     Kolmogorov-Smirnov    D        0.0940845          Pr > D       >0.150
     Cramer-von Mises      W-Sq     0.0935662          Pr > W-Sq     0.137
     Anderson-Darling      A-Sq     0.5287550          Pr > A-Sq     0.178
     Chi-Square            Chi-Sq  11.5152043      6   Pr > Chi-Sq   0.074


                        Quantiles for Normal Distribution
 
                                   ------Quantile------
                         Percent   Observed   Estimated

                             1.0    6.03548     5.96307
                             5.0    6.41999     6.34707
                            10.0    6.60800     6.55177
                            25.0    6.80572     6.89383
                            50.0    7.33954     7.27388
                            75.0    7.71423     7.65394
                            90.0    8.04879     7.99599
                            95.0    8.11672     8.20070
                            99.0    8.41183     8.58470
                 Annual peak discharges from Saddle River, N.J.
                     Use log(flow) as the response variable

                            The CAPABILITY Procedure
                     Variable:  logflow  (log(Flow - cfs))

                                    Moments

        N                          65    Sum Weights                 65
        Mean               7.27388398    Sum Observations    472.802459
        Std Deviation       0.5634649    Variance            0.31749269
        Skewness             -0.07386    Kurtosis            -0.8118262
        Uncorrected SS     3459.42977    Corrected SS        20.3195324
        Coeff Variation    7.74641032    Std Error Mean      0.06988922


                           Basic Statistical Measures
 
                 Location                    Variability

             Mean     7.273884     Std Deviation            0.56346
             Median   7.339538     Variance                 0.31749
             Mode     6.937314     Range                    2.37635
                                   Interquartile Range      0.90851

     NOTE: The mode displayed is the smallest of 2 modes with a count of 2.


                           Tests for Location: Mu0=0
 
                Test           -Statistic-    -----p Value------

                Student's t    t  104.0773    Pr > |t|    <.0001
                Sign           M      32.5    Pr >= |M|   <.0001
                Signed Rank    S    1072.5    Pr >= |S|   <.0001


                              Tests for Normality
 
           Test                  --Statistic---    -----p Value-----

           Shapiro-Wilk          W     0.977623    Pr < W      0.287
           Kolmogorov-Smirnov    D     0.094085    Pr > D     >0.150
           Cramer-von Mises      W-Sq  0.093566    Pr > W-Sq   0.137
           Anderson-Darling      A-Sq  0.528755    Pr > A-Sq   0.178


                           Quantiles (Definition 5)
 
                                            95% Confidence Limits
             Quantile         Estimate       Assuming Normality

             100% Max       8.41183268                            
             99%            8.41183268    8.35463683    8.89855321
             95%            8.11671562    8.01476793    8.44696503
             90%            8.04878828    7.83011137    8.20956044
             75% Q3         7.71423114    7.51176755    7.82197067
             50% Median     7.33953770    7.13426422    7.41350375
             25% Q1         6.80572255    6.72579730    7.03600042
             10%            6.60800063    6.33820753    6.71765660
                 Annual peak discharges from Saddle River, N.J.
                     Use log(flow) as the response variable

                            The CAPABILITY Procedure
                     Variable:  logflow  (log(Flow - cfs))

                           Quantiles (Definition 5)
 
                                            95% Confidence Limits
             Quantile         Estimate       Assuming Normality

             5%             6.41999493    6.10080294    6.53300004
             1%             6.03548143    5.64921476    6.19313114
             0% Min         6.03548143                            

                           Quantiles (Definition 5)
 
                   95% Confidence Limits    -------Order Statistics-------
     Quantile        Distribution Free      LCL Rank  UCL Rank    Coverage

     100% Max                                                             
     99%            8.16052      8.41183          63        65       45.21
     95%            8.04879      8.41183          59        65       92.11
     90%            7.83597      8.23483          54        64       96.49
     75% Q3         7.52833      7.96901          43        57       95.03
     50% Median     6.96602      7.47307          25        41       95.36
     25% Q1         6.67834      6.93731           9        23       95.03
     10%            6.11368      6.70930           2        12       96.49
     5%             6.03548      6.60800           1         7       92.11
     1%             6.03548      6.30810           1         3       45.21
     0% Min                                                               


                              Extreme Observations
 
                -------Lowest-------        -------Highest------
 
                      Value      Obs              Value      Obs

                 6.03548143        6         8.11072758       44
                 6.11368218       26         8.11671562       60
                 6.30809844        7         8.16051825       21
                 6.41999493       11         8.23483028       47
                 6.53087763        8         8.41183268       54
                 Annual peak discharges from Saddle River, N.J.
                     Use log(flow) as the response variable

                            The CAPABILITY Procedure
         Two-Sided Statistical Intervals for logflow Assuming Normality

                        Approximate Prediction Interval
                              Containing All of k
                              Future Observations
 
                       Confidence     k   Prediction Limits

                         99.00%       1    5.767    8.781

                         95.00%       1    6.140    8.408

                         90.00%       1    6.326    8.222


                         Approximate Tolerance Interval
                         Containing At Least Proportion
                              p of the Population
 
                      Confidence     p     Tolerance Limits

                        99.00%     0.900    6.102    8.446
                        99.00%     0.950    5.877    8.670
                        99.00%     0.990    5.439    9.109

                        95.00%     0.900    6.179    8.368
                        95.00%     0.950    5.970    8.578
                        95.00%     0.990    5.560    8.988

                        90.00%     0.900    6.217    8.331
                        90.00%     0.950    6.015    8.533
                        90.00%     0.990    5.619    8.929
