                                                          Lichen densities                                                         1
                                                              raw data

                                                                    biomass_
                    Obs    site        method    plot      basal      total     biomass1    biomass2    section

                      1    stratton      ST        93     16.266      150.0        75.00       75.00       1   
                      2    stratton      ST        94     31.616      357.5       157.75      119.75       1   
                      3    stratton      ST        95     20.704      325.0       110.00      215.00       1   
                      4    stratton      ST        96     20.524       30.0         9.25       20.75       1   
                      5    stratton      ST        97     15.890      152.5        76.00       76.50       1   
                      6    stratton      ST        98     24.525      117.5        52.50      122.50       1   
                      7    stratton      ST        99      7.059      680.0       246.25      433.50       1   
                      8    stratton      ST       100     40.212      455.0       226.75      228.25       1   
                      9    stratton      UC       101     11.680       32.5        23.75        8.75       2   
                     10    stratton      UC       102     21.297      127.5        48.50       79.00       2   
                     11    stratton      UC       103     26.983       52.5        28.25       24.25       2   
                     12    stratton      UC       104     45.254      375.0       112.50      262.50       2   
                     13    stratton      UC       105     52.415      280.0        89.25      190.75       2   
                     14    stratton      UC       106     46.595     1532.5       432.25     1100.25       2   
                     15    stratton      UC       107     62.072     2052.5      1103.50      949.00       2   
                     16    stratton      IU       108     22.688     2727.5      2587.50      140.00       3   
                     17    stratton      IU       109     35.028     1005.0       918.50       86.50       3   
                     18    stratton      IU       110      4.141      452.5       452.25        0.25       3   
                     19    stratton      IU       111     25.944     1102.5       937.50      165.00       3   
                     20    stratton      IU       112     11.415       27.5        27.25        0.25       3   
                     21    stratton      IU       113     12.353      800.0       720.00       80.00       3   
                     22    stratton      IU       114     36.861      675.0       587.50       87.50       3   
                     23    Avola         ST        56      8.106        5.0         2.25        2.75       4   
                     24    Avola         ST        57     41.892       55.0        26.75       28.25       4   
                     25    Avola         ST        58     29.866       60.0        26.25       33.75       4   
                     26    Avola         ST        59      3.472        2.5         1.00        1.50       4   
                     27    Avola         ST        60     14.503      180.0        57.00      123.00       4   
                     28    Avola         ST        61     24.284      202.5        61.00      141.50       4   
                     29    Avola         ST        62      8.277       25.0         7.50       17.50       4   
                     30    Avola         ST        63     22.683        2.5         0.75        1.75       4   
                     31    Avola         UC        81     68.590      502.5       135.50      367.00       5   
                     32    Avola         UC        82    109.475      677.5       205.75      471.75       5   
                     33    Avola         UC        83     69.833     1062.5       403.75      658.75       5   
                     34    Avola         UC        84     79.709      865.0       287.75      577.25       5   
                     35    Avola         UC        85     10.203      160.0        65.75       94.25       5   
                     36    Avola         UC        86      0.100        0.0         0.00        0.00       5   
                     37    Avola         UC        87     33.065      232.5        69.75      162.75       5   
                     38    Avola         UC        88     15.845      752.5       165.75      586.75       5   
                     39    Avola         UC        89     17.598       27.5         8.25       19.25       5   
                     40    Avola         UC        90     60.747       42.5        13.25       29.25       5   
                                                          Lichen densities                                                         2
                                                      basic summary statistics

                           ------------------------------------------------------------------------------
                           |                               |                   method                   |
                           |                               |--------------------------------------------|
                           |                               |      IU      |      ST      |      UC      |
                           |                               |--------------+--------------+--------------|
                           |                               |    basal     |    basal     |    basal     |
                           |                               |--------------+--------------+--------------|
                           |                               |  N   | Mean  |  N   | Mean  |  N   | Mean  |
                           |-------------------------------+------+-------+------+-------+------+-------|
                           |site                           |      |       |      |       |      |       |
                           |-------------------------------|      |       |      |       |      |       |
                           |Avola                          |     8|   19.3|    17|   26.2|    12|   49.4|
                           |-------------------------------+------+-------+------+-------+------+-------|
                           |Berry                          |     .|      .|     9|   23.9|     5|   50.7|
                           |-------------------------------+------+-------+------+-------+------+-------|
                           |Paturage                       |    11|   13.0|     9|   23.7|     6|   47.4|
                           |-------------------------------+------+-------+------+-------+------+-------|
                           |Raft-Ber                       |    11|   18.5|    18|   21.7|     6|   66.6|
                           |-------------------------------+------+-------+------+-------+------+-------|
                           |stratton                       |     7|   21.2|     8|   22.1|     7|   38.0|
                           ------------------------------------------------------------------------------
                                                          Lichen densities                                                         3
                                                 average over the pseudo-replicates

                           Obs    section    site        method    _TYPE_    _FREQ_     mbasal     sbasal

                             1        1      stratton      ST         0         8      22.0994    10.1963
                             2        2      stratton      UC         0         7      38.0423    18.2886
                             3        3      stratton      IU         0         7      21.2042    12.4245
                             4        4      Avola         ST         0         8      19.1354    12.9749
                             5        5      Avola         UC         0        12      49.4381    33.7341
                             6        6      Avola         ST         0         9      32.3892    22.7334
                             7        7      Avola         IU         0         8      19.2877    19.9928
                             8        8      Berry         ST         0         9      23.9480    12.0454
                             9        9      Berry         UC         0         5      50.6969    11.5784
                            10       10      Raft-Ber      ST         0        18      21.7176    14.2888
                            11       11      Raft-Ber      IU         0         5       9.6779     8.7141
                            12       12      Raft-Ber      UC         0         6      66.6209    39.8307
                            13       13      Raft-Ber      IU         0         6      25.8345    13.3800
                            14       14      Paturage      ST         0         9      23.7412    13.3530
                            15       15      Paturage      IU         0        11      12.9939    15.8484
                            16       16      Paturage      UC         0         6      47.4349    21.5996
                                                          Lichen densities                                                         4
                                                 average over the pseudo-replicates

                                                        The Mixed Procedure

                                                         Model Information

                                       Data Set                     WORK.MBASAL              
                                       Dependent Variable           mbasal                   
                                       Covariance Structure         Variance Components      
                                       Estimation Method            REML                     
                                       Residual Variance Method     Profile                  
                                       Fixed Effects SE Method      Model-Based              
                                       Degrees of Freedom Method    Satterthwaite            


                                                      Class Level Information
 
                                        Class      Levels    Values

                                        site            5    Avola Berry Paturage Raft-Ber 
                                                             stratton                      
                                        method          3    IU ST UC                      
                                        section        16    1 2 3 4 5 6 7 8 9 10 11 12 13 
                                                             14 15 16                      


                                                            Dimensions

                                                Covariance Parameters             2
                                                Columns in X                      9
                                                Columns in Z                     14
                                                Subjects                          1
                                                Max Obs Per Subject              16
                                                Observations Used                16
                                                Observations Not Used             0
                                                Total Observations               16


                                                         Iteration History
 
                                    Iteration    Evaluations    -2 Res Log Like       Criterion

                                            0              1        70.83585522                
                                            1              1        70.83585522      0.00000000


                                                     Convergence criteria met.                    


                                                        Covariance Parameter
                                                             Estimates
 
                                                      Cov Parm        Estimate

                                                      site*method            0
                                                      Residual         64.6383
                                                          Lichen densities                                                         5
                                                 average over the pseudo-replicates

                                                        The Mixed Procedure

                                                           Fit Statistics

                                             Res Log Likelihood                   -35.4
                                             Akaike's Information Criterion       -36.4
                                             Schwarz's Bayesian Criterion         -36.7
                                             -2 Res Log Likelihood                 70.8


                                                   Type 3 Tests of Fixed Effects
 
                                                         Num     Den
                                           Effect         DF      DF    F Value    Pr > F

                                           site            4       9       0.44    0.7763
                                           method          2       9      23.43    0.0003


                                                        Least Squares Means
 
                                              Standard
            Effect    method      Estimate       Error      DF    t Value    Pr > |t|     Alpha       Lower       Upper

            method    IU           17.0765      3.8829       9       4.40      0.0017      0.05      8.2927     25.8602
            method    ST           23.6089      3.3420       9       7.06      <.0001      0.05     16.0487     31.1691
            method    UC           50.4466      3.5955       9      14.03      <.0001      0.05     42.3130     58.5802


                                                Differences of Least Squares Means
 
                                           Standard
     Effect  method    _method   Estimate     Error    DF  t Value  Pr > |t|  Adjustment     Adj P   Alpha     Lower     Upper

     method  IU        ST         -6.5324    5.1040     9    -1.28    0.2326  Tukey-Kramer  0.4402    0.05  -18.0785    5.0136
     method  IU        UC        -33.3702    5.2919     9    -6.31    0.0001  Tukey-Kramer  0.0004    0.05  -45.3413  -21.3990
     method  ST        UC        -26.8377    4.9089     9    -5.47    0.0004  Tukey-Kramer  0.0010    0.05  -37.9423  -15.7331

                                                 Differences of Least Squares Means
 
                                                                           Adj         Adj
                                          Effect  method    _method      Lower       Upper

                                          method  IU        ST        -20.7828      7.7179
                                          method  IU        UC        -48.1453    -18.5951
                                          method  ST        UC        -40.5433    -13.1321
                                                          Lichen densities                                                         6
                                                Analysis using the individual plots

                                                        The Mixed Procedure

                                                         Model Information

                                       Data Set                     WORK.LICHEN              
                                       Dependent Variable           basal                    
                                       Covariance Structure         Variance Components      
                                       Estimation Method            REML                     
                                       Residual Variance Method     Profile                  
                                       Fixed Effects SE Method      Model-Based              
                                       Degrees of Freedom Method    Satterthwaite            


                                                      Class Level Information
 
                                        Class      Levels    Values

                                        site            5    Avola Berry Paturage Raft-Ber 
                                                             stratton                      
                                        method          3    IU ST UC                      
                                        section        16    1 2 3 4 5 6 7 8 9 10 11 12 13 
                                                             14 15 16                      
                                        plot          134    1 2 3 4 5 6 7 8 9 10 11 12 13 
                                                             14 15 16 17 18 19 20 21 22 23 
                                                             24 25 26 27 28 29 30 31 32 33 
                                                             34 35 36 37 38 39 40 41 42 43 
                                                             44 45 46 47 48 49 50 51 52 53 
                                                             54 55 56 57 58 59 60 61 62 63 
                                                             64 65 66 67 68 69 70 71 72 73 
                                                             74 75 76 77 78 79 80 81 82 83 
                                                             84 85 86 87 88 89 90 91 92 93 
                                                             94 95 96 97 98 99 100 101 102 
                                                             103 104 105 106 107 108 109   
                                                             110 111 112 113 114 115 116   
                                                             117 118 119 120 121 122 123   
                                                             124 125 126 127 128 130 131   
                                                             132 133 134 135               


                                                            Dimensions

                                                Covariance Parameters             3
                                                Columns in X                      9
                                                Columns in Z                     30
                                                Subjects                          1
                                                Max Obs Per Subject             134
                                                Observations Used               134
                                                Observations Not Used             0
                                                Total Observations              134


                                                         Iteration History
 
                                    Iteration    Evaluations    -2 Res Log Like       Criterion

                                            0              1      1139.05618619                
                                                          Lichen densities                                                         7
                                                Analysis using the individual plots

                                                        The Mixed Procedure

                                                         Iteration History
 
                                    Iteration    Evaluations    -2 Res Log Like       Criterion

                                            1              4      1139.05618619       .        
                                            2              1      1138.98870847      0.00000689
                                            3              1      1138.98547716      0.00000002
                                            4              1      1138.98546707      0.00000000


                                                     Convergence criteria met.                    


                                                  Covariance Parameter Estimates
 
                                                 Cov Parm                 Estimate

                                                 site*method                     0
                                                 section(site*method)       6.5961
                                                 Residual                   381.65


                                                           Fit Statistics

                                             Res Log Likelihood                  -569.5
                                             Akaike's Information Criterion      -571.5
                                             Schwarz's Bayesian Criterion        -572.1
                                             -2 Res Log Likelihood               1139.0


                                                   Type 3 Tests of Fixed Effects
 
                                                         Num     Den
                                           Effect         DF      DF    F Value    Pr > F

                                           site            4    7.29       0.38    0.8138
                                           method          2    7.62      25.15    0.0004


                                                        Least Squares Means
 
                                              Standard
            Effect    method      Estimate       Error      DF    t Value    Pr > |t|     Alpha       Lower       Upper

            method    IU           17.6140      3.6505    8.95       4.83      0.0010      0.05      9.3487     25.8794
            method    ST           23.0979      2.7939    5.54       8.27      0.0003      0.05     16.1222     30.0736
            method    UC           49.8448      3.5111    9.87      14.20      <.0001      0.05     42.0080     57.6817


                                                          Lichen densities                                                         8
                                                Analysis using the individual plots

                                                        The Mixed Procedure

                                                Differences of Least Squares Means
 
                                           Standard
     Effect  method    _method   Estimate     Error    DF  t Value  Pr > |t|  Adjustment     Adj P   Alpha     Lower     Upper

     method  IU        ST         -5.4839    4.5190  7.04    -1.21    0.2641  Tukey-Kramer  0.4800    0.05  -16.1575    5.1897
     method  IU        UC        -32.2308    5.0090  9.03    -6.43    0.0001  Tukey-Kramer  0.0006    0.05  -43.5557  -20.9059
     method  ST        UC        -26.7469    4.4414  7.54    -6.02    0.0004  Tukey-Kramer  0.0010    0.05  -37.0979  -16.3960

                                                 Differences of Least Squares Means
 
                                                                           Adj         Adj
                                          Effect  method    _method      Lower       Upper

                                          method  IU        ST        -18.5311      7.5633
                                          method  IU        UC        -46.6928    -17.7689
                                          method  ST        UC        -39.5701    -13.9238
                                                          Lichen densities                                                         9
                            Analysis using the individual plots -- Intra block information now included

                                                        The Mixed Procedure

                                                         Model Information

                                       Data Set                     WORK.LICHEN              
                                       Dependent Variable           basal                    
                                       Covariance Structure         Variance Components      
                                       Estimation Method            REML                     
                                       Residual Variance Method     Profile                  
                                       Fixed Effects SE Method      Model-Based              
                                       Degrees of Freedom Method    Satterthwaite            


                                                      Class Level Information
 
                                        Class      Levels    Values

                                        site            5    Avola Berry Paturage Raft-Ber 
                                                             stratton                      
                                        method          3    IU ST UC                      
                                        section        16    1 2 3 4 5 6 7 8 9 10 11 12 13 
                                                             14 15 16                      
                                        plot          134    1 2 3 4 5 6 7 8 9 10 11 12 13 
                                                             14 15 16 17 18 19 20 21 22 23 
                                                             24 25 26 27 28 29 30 31 32 33 
                                                             34 35 36 37 38 39 40 41 42 43 
                                                             44 45 46 47 48 49 50 51 52 53 
                                                             54 55 56 57 58 59 60 61 62 63 
                                                             64 65 66 67 68 69 70 71 72 73 
                                                             74 75 76 77 78 79 80 81 82 83 
                                                             84 85 86 87 88 89 90 91 92 93 
                                                             94 95 96 97 98 99 100 101 102 
                                                             103 104 105 106 107 108 109   
                                                             110 111 112 113 114 115 116   
                                                             117 118 119 120 121 122 123   
                                                             124 125 126 127 128 130 131   
                                                             132 133 134 135               


                                                            Dimensions

                                                Covariance Parameters             4
                                                Columns in X                      4
                                                Columns in Z                     35
                                                Subjects                          1
                                                Max Obs Per Subject             134
                                                Observations Used               134
                                                Observations Not Used             0
                                                Total Observations              134


                                                         Iteration History
 
                                    Iteration    Evaluations    -2 Res Log Like       Criterion

                                            0              1      1160.67273296                
                                                          Lichen densities                                                        10
                            Analysis using the individual plots -- Intra block information now included

                                                        The Mixed Procedure

                                                         Iteration History
 
                                    Iteration    Evaluations    -2 Res Log Like       Criterion

                                            1              4      1160.67273296      0.00000000


                                                     Convergence criteria met.                    


                                                  Covariance Parameter Estimates
 
                                                 Cov Parm                 Estimate

                                                 site                            0
                                                 site*method                     0
                                                 section(site*method)            0
                                                 Residual                   378.39


                                                           Fit Statistics

                                             Res Log Likelihood                  -580.3
                                             Akaike's Information Criterion      -581.3
                                             Schwarz's Bayesian Criterion        -581.1
                                             -2 Res Log Likelihood               1160.7


                                                   Type 3 Tests of Fixed Effects
 
                                                         Num     Den
                                           Effect         DF      DF    F Value    Pr > F

                                           method          2     131      29.57    <.0001


                                                        Least Squares Means
 
                                              Standard
            Effect    method      Estimate       Error      DF    t Value    Pr > |t|     Alpha       Lower       Upper

            method    IU           17.5422      3.1979     131       5.49      <.0001      0.05     11.2159     23.8684
            method    ST           23.6312      2.4906     131       9.49      <.0001      0.05     18.7042     28.5582
            method    UC           49.9270      3.2420     131      15.40      <.0001      0.05     43.5135     56.3405


                                                Differences of Least Squares Means
 
                                           Standard
     Effect  method    _method   Estimate     Error    DF  t Value  Pr > |t|  Adjustment     Adj P   Alpha     Lower     Upper

     method  IU        ST         -6.0890    4.0534   131    -1.50    0.1355  Tukey-Kramer  0.2932    0.05  -14.1075    1.9295
     method  IU        UC        -32.3848    4.5538   131    -7.11    <.0001  Tukey-Kramer  <.0001    0.05  -41.3934  -23.3762
     method  ST        UC        -26.2958    4.0883   131    -6.43    <.0001  Tukey-Kramer  <.0001    0.05  -34.3834  -18.2083

                                                          Lichen densities                                                        11
                            Analysis using the individual plots -- Intra block information now included

                                                        The Mixed Procedure

                                                 Differences of Least Squares Means
 
                                                                           Adj         Adj
                                          Effect  method    _method      Lower       Upper

                                          method  IU        ST        -15.6982      3.5203
                                          method  IU        UC        -43.1806    -21.5891
                                          method  ST        UC        -35.9878    -16.6039
