Effect of moisture and temperature on yield of tomato                          1
raw data

Obs    yield    moist    temp     mm     tt     mt

  1     49.2       6      20      36    400    120
  2     48.1       6      21      36    441    126
  3     48.0       6      22      36    484    132
  4     49.6       6      23      36    529    138
  5     47.0       6      24      36    576    144
  6     51.5       8      20      64    400    160
  7     51.7       8      21      64    441    168
  8     50.4       8      22      64    484    176
  9     51.2       8      23      64    529    184
 10     48.4       8      24      64    576    192
 11     51.1      10      20     100    400    200
 12     51.5      10      21     100    441    210
 13     50.3      10      22     100    484    220
 14     48.9      10      23     100    529    230
 15     48.7      10      24     100    576    240
 16     48.6      12      20     144    400    240
 17     47.0      12      21     144    441    252
 18     48.0      12      22     144    484    264
 19     46.4      12      23     144    529    276
 20     46.2      12      24     144    576    288
 21     43.2      14      20     196    400    280
 22     42.6      14      21     196    441    294
 23     42.1      14      22     196    484    308
 24     43.9      14      23     196    529    322
 25     40.5      14      24     196    576    336
 26       .        7      22      49    484    154
Effect of moisture and temperature on yield of tomato                          2
initial response surface

The REG Procedure
Model: MODEL1
Dependent Variable: yield 

Number of Observations Read                         26
Number of Observations Used                         25
Number of Observations with Missing Values           1


                             Analysis of Variance
 
                                    Sum of           Mean
Source                   DF        Squares         Square    F Value    Pr > F

Model                     5      227.58719       45.51744      62.62    <.0001
Error                    19       13.81041        0.72686                     
Corrected Total          24      241.39760                                    


Root MSE              0.85256    R-Square     0.9428
Dependent Mean       47.76400    Adj R-Sq     0.9277
Coeff Var             1.78495                       


                        Parameter Estimates
 
                     Parameter       Standard
Variable     DF       Estimate          Error    t Value    Pr > |t|

Intercept     1      -27.90029       50.13254      -0.56      0.5843
moist         1        5.21614        1.06899       4.88      0.0001
temp          1        5.62214        4.50547       1.25      0.2272
mm            1       -0.29286        0.02548     -11.50      <.0001
tt            1       -0.13857        0.10190      -1.36      0.1898
mt            1       -0.00550        0.04263      -0.13      0.8987
Effect of moisture and temperature on yield of tomato                          3
initial response surface

The REG Procedure
Model: MODEL1
Dependent Variable: yield 

                              Output Statistics
 
          Dependent  Predicted     Std Error
     Obs   Variable      Value  Mean Predict       95% CL Mean       Residual

       1    49.2000    49.2080        0.5871    47.9791    50.4369  -0.008000
       2    48.1000    49.1157        0.4275    48.2210    50.0105    -1.0157
       3    48.0000    48.7463        0.4127    47.8826    49.6100    -0.7463
       4    49.6000    48.0997        0.4275    47.2050    48.9945     1.5003
       5    47.0000    47.1760        0.5871    45.9471    48.4049    -0.1760
       6    51.5000    51.2203        0.4275    50.3255    52.1150     0.2797
       7    51.7000    51.1170        0.2936    50.5025    51.7315     0.5830
       8    50.4000    50.7366        0.3091    50.0897    51.3835    -0.3366
       9    51.2000    50.0790        0.2936    49.4645    50.6935     1.1210
      10    48.4000    49.1443        0.4275    48.2495    50.0390    -0.7443
      11    51.1000    50.8897        0.4127    50.0260    51.7534     0.2103
      12    51.5000    50.7754        0.3091    50.1285    51.4223     0.7246
      13    50.3000    50.3840        0.3349    49.6831    51.0849    -0.0840
      14    48.9000    49.7154        0.3091    49.0685    50.3623    -0.8154
      15    48.7000    48.7697        0.4127    47.9060    49.6334    -0.0697
      16    48.6000    48.2163        0.4275    47.3215    49.1110     0.3837
      17    47.0000    48.0910        0.2936    47.4765    48.7055    -1.0910
      18    48.0000    47.6886        0.3091    47.0417    48.3355     0.3114
      19    46.4000    47.0090        0.2936    46.3945    47.6235    -0.6090
      20    46.2000    46.0523        0.4275    45.1575    46.9470     0.1477
      21    43.2000    43.2000        0.5871    41.9711    44.4289  5.116E-12
      22    42.6000    43.0637        0.4275    42.1690    43.9585    -0.4637
      23    42.1000    42.6503        0.4127    41.7866    43.5140    -0.5503
      24    43.9000    41.9597        0.4275    41.0650    42.8545     1.9403
      25    40.5000    40.9920        0.5871    39.7631    42.2209    -0.4920
      26          .    50.0343        0.3224    49.3594    50.7092          .


Sum of Residuals                           0
Sum of Squared Residuals            13.81041
Predicted Residual SS (PRESS)       22.85842
Effect of moisture and temperature on yield of tomato                          4
initial response surface

The REG Procedure
Model: MODEL1

     Test ctest Results for Dependent Variable yield
 
                                Mean
Source             DF         Square    F Value    Pr > F

Numerator           2        0.67812       0.93    0.4107
Denominator        19        0.72686                     
Effect of moisture and temperature on yield of tomato                          5
initial response surface
residual and other plots

            Plot of yield*pred.  Legend: A = 1 obs, B = 2 obs, etc.

yield |
      |
   52 +
      |                                                                   A
      |                                                                 A A
      |                                                            A    A
      |
      |
      |                                                              A A
   50 +
      |                                                 A
      |
      |                                                       A
      |                                                          A
      |                                                 A   A
      |                                                       A
   48 +                                              A     A  A
      |
      |
      |                                           A     A
      |
      |
      |                                    A     A
   46 +
      |
      |
      |
      |
      |
      |
   44 +            A
      |
      |
      |                   A
      |
      |                  A
      |
   42 +                A
      |
      |
      |
      |
      |      A
      |
   40 +
      |
      -+-----------+-----------+-----------+-----------+-----------+-----------+
      40          42          44          46          48          50          52

                               Predicted Value of yield

NOTE: 1 obs had missing values.
Effect of moisture and temperature on yield of tomato                          6
simpler model with no interaction

The REG Procedure
Model: MODEL1
Dependent Variable: yield 

Number of Observations Read                         26
Number of Observations Used                         25
Number of Observations with Missing Values           1


                             Analysis of Variance
 
                                    Sum of           Mean
Source                   DF        Squares         Square    F Value    Pr > F

Model                     4      227.57509       56.89377      82.32    <.0001
Error                    20       13.82251        0.69113                     
Corrected Total          24      241.39760                                    


Root MSE              0.83134    R-Square     0.9427
Dependent Mean       47.76400    Adj R-Sq     0.9313
Coeff Var             1.74052                       


                        Parameter Estimates
 
                     Parameter       Standard
Variable     DF       Estimate          Error    t Value    Pr > |t|

Intercept     1      -26.69029       48.02159      -0.56      0.5845
moist         1        5.09514        0.50029      10.18      <.0001
temp          1        5.56714        4.37360       1.27      0.2177
mm            1       -0.29286        0.02484     -11.79      <.0001
tt            1       -0.13857        0.09936      -1.39      0.1784
Effect of moisture and temperature on yield of tomato                          7
final model with no interaction

The REG Procedure
Model: MODEL1
Dependent Variable: yield 

Number of Observations Read                       1379
Number of Observations Used                         25
Number of Observations with Missing Values        1354


                             Analysis of Variance
 
                                    Sum of           Mean
Source                   DF        Squares         Square    F Value    Pr > F

Model                     3      226.23094       75.41031     104.41    <.0001
Error                    21       15.16666        0.72222                     
Corrected Total          24      241.39760                                    


Root MSE              0.84984    R-Square     0.9372
Dependent Mean       47.76400    Adj R-Sq     0.9282
Coeff Var             1.77924                       


                        Parameter Estimates
 
                     Parameter       Standard
Variable     DF       Estimate          Error    t Value    Pr > |t|

Intercept     1       40.10114        3.58316      11.19      <.0001
moist         1        5.09514        0.51142       9.96      <.0001
temp          1       -0.53000        0.12019      -4.41      0.0002
mm            1       -0.29286        0.02539     -11.53      <.0001
Effect of moisture and temperature on yield of tomato                          8
final model with no interaction
residual and other plots

            Plot of resid*pred.  Legend: A = 1 obs, B = 2 obs, etc.

       |
       |
   2.5 +
       |
       |
       |
       |
       |            A
   2.0 +
       |
       |
       |
       |                                              A
       |
   1.5 +
       |
       |
       |                                                         A
       |
R      |
e  1.0 +
s      |
i      |                                                             A
d      |                                                              A
u      |
a      |                                           A
l  0.5 +
       |
       |
       |
       |                                                 A        A
       |
   0.0 +-----------------------------------------------------------------A-----
       |                                                            A  A
       |                                     A
       |               A     A
       |                  A                                 A A
       |                                           A
  -0.5 +                                        A        A
       |
       |                                                       A
       |
       |         A
       |                                              A    A
  -1.0 +                                                      A
       |
       ---+----------+----------+----------+----------+----------+----------+--
         40         42         44         46         48         50         52

                               Predicted Value of yield

NOTE: 1354 obs had missing values.
Effect of moisture and temperature on yield of tomato                          9
final model with no interaction
residual and other plots

            Plot of resid*moist.  Legend: A = 1 obs, B = 2 obs, etc.

        |
        |
    2.5 +
        |
        |
        |
        |
        |                                                                  A
    2.0 +
        |
        |
        |
        |  A
        |
    1.5 +
        |
        |
        |                  A
        |
 R      |
 e  1.0 +
 s      |
 i      |                                  A
 d      |                  A
 u      |
 a      |                                                  A
 l  0.5 +
        |
        |
        |
        |                                  A               A
        |
    0.0 +------------------A--------------------------------------------------
        |                  A               A
        |                                                  A
        |                                                                  B
        |  A                               A                               A
        |  A
   -0.5 +  A                                               A
        |
        |                                  A
        |
        |                                                                  A
        |  A                                               A
   -1.0 +                  A
        |
        ---+-------+-------+-------+-------+-------+-------+-------+-------+--
           6       7       8       9      10      11      12      13      14

                                         moist

NOTE: 1354 obs had missing values.
Effect of moisture and temperature on yield of tomato                         10
final model with no interaction
residual and other plots

            Plot of resid*temp.  Legend: A = 1 obs, B = 2 obs, etc.

                    |
                    |
                2.5 +
                    |
                    |
                    |
                    |
                    |                                A
                2.0 +
                    |
                    |
                    |
                    |                                A
                    |
                1.5 +
                    |
                    |
                    |                                A
                    |
             R      |
             e  1.0 +
             s      |
             i      |            A
             d      |            A
             u      |
             a      |                      A
             l  0.5 +
                    |
                    |
                    |
                    |  A                   A
                    |
                0.0 +--A------------------------------------------
                    |  A                   A
                    |                                          A
                    |  A                   A
                    |  A         A                             A
                    |                                          A
               -0.5 +                      A         A
                    |
                    |                                A
                    |
                    |                                          A
                    |            B
               -1.0 +                                          A
                    |
                    ---+---------+---------+---------+---------+--
                      20        21        22        23        24

                                         temp

NOTE: 1354 obs had missing values.
Effect of moisture and temperature on yield of tomato                         11
final model with no interaction
contour plot of response

                          Contour plot of temp*moist.
  temp
  24.0 +  X X X W W W W W W W * * * W W W W W W X X X O O O + + = = - ' ' .
  23.9 +  X X X W W W W W W * * * * * W W W W W X X X O O O + + = = - ' ' .
  23.8 +  X X X W W W W W * * * * * * W W W W W W X X X O O + + = = - ' ' .
  23.7 +  X X X W W W W W * * * * * * * W W W W W X X X O O + + = = - - ' .
  23.6 +  X X X W W W W W * * * * * * * W W W W W X X X O O + + = = - - ' .
  23.5 +  X X X W W W W * * * * * * * * W W W W W X X X O O + + = = - - ' .
  23.4 +  X X W W W W W * * * * * * * * * W W W W X X X O O + + = = - - ' .
  23.3 +  X X W W W W W * * * * * * * * * W W W W X X X O O O + + = - - ' .
  23.2 +  X X W W W W * * * * * * * * * * W W W W W X X O O O + + = - - ' .
  23.1 +  X X W W W W * * * * * * * * * * * W W W W X X O O O + + = - - ' .
  23.0 +  X X W W W W * * * * * * * * * * * W W W W X X X O O + + = = - ' '
  22.9 +  X X W W W * * * * * * * * * * * * W W W W X X X O O + + = = - ' '
  22.8 +  X W W W W * * * * * * * * * * * * W W W W X X X O O + + = = - ' '
  22.7 +  X W W W W * * * * * * * * * * * * * W W W X X X O O + + = = - ' '
  22.6 +  X W W W W * * * * * * * * * * * * * W W W X X X O O + + = = - ' '
  22.5 +  X W W W W * * * * * * * * * * * * * W W W W X X O O + + = = - ' '
  22.4 +  X W W W * * * * * * * * * * * * * * W W W W X X O O + + = = - - '
  22.3 +  X W W W * * * * * * * * * * * * * * W W W W X X O O O + = = - - '
  22.2 +  X W W W * * * * * * * * * * * * * * * W W W X X X O O + = = - - '
  22.1 +  W W W W * * * * * * * * * * * * * * * W W W X X X O O + + = - - '
  22.0 +  W W W W * * * * * * * # * * * * * * * W W W X X X O O + + = - - '
  21.9 +  W W W * * * * * * * # # # * * * * * * W W W X X X O O + + = - - '
  21.8 +  W W W * * * * * * # # # # # * * * * * W W W W X X O O + + = - - '
  21.7 +  W W W * * * * * # # # # # # * * * * * * W W W X X O O + + = = - '
  21.6 +  W W W * * * * * # # # # # # # * * * * * W W W X X O O + + = = - '
  21.5 +  W W W * * * * # # # # # # # # * * * * * W W W X X O O + + = = - '
  21.4 +  W W * * * * * # # # # # # # # * * * * * W W W X X O O + + = = - '
  21.3 +  W W * * * * * # # # # # # # # # * * * * W W W X X O O + + = = - '
  21.2 +  W W * * * * # # # # # # # # # # * * * * W W W X X X O O + = = - '
  21.1 +  W W * * * * # # # # # # # # # # * * * * * W W X X X O O + = = - '
  21.0 +  W W * * * * # # # # # # # # # # # * * * * W W W X X O O + = = - -
  20.9 +  W W * * * * # # # # # # # # # # # * * * * W W W X X O O + + = - -
  20.8 +  W W * * * # # # # # # # # # # # # * * * * W W W X X O O + + = - -
  20.7 +  W * * * * # # # # # # # # # # # # * * * * W W W X X O O + + = - -
  20.6 +  W * * * * # # # # # # # # # # # # # * * * W W W X X O O + + = - -
  20.5 +  W * * * * # # # # # # # # # # # # # * * * W W W X X O O + + = - -
  20.4 +  W * * * # # # # # # # # # # # # # # * * * * W W X X O O + + = - -
  20.3 +  W * * * # # # # # # # # # # # # # # * * * * W W X X O O + + = = -
  20.2 +  W * * * # # # # # # # # # # # # # # # * * * W W X X X O + + = = -
  20.1 +  W * * * # # # # # # # # # # # # # # # * * * W W W X X O + + = = -
  20.0 +  * * * * # # # # # # # # # # # # # # # * * * W W W X X O O + = = -
       ---+-------+-------+-------+-------+-------+-------+-------+-------+--
          6       7       8       9      10      11      12      13      14

                                        moist

      Symbol         pred     Symbol         pred     Symbol         pred

      .....   40.7 - 41.8     +++++   45.1 - 46.2     *****   49.5 - 50.6
      '''''   41.8 - 42.9     OOOOO   46.2 - 47.3     #####   50.6 - 51.7
      -----   42.9 - 44.0     XXXXX   47.3 - 48.4
      =====   44.0 - 45.1     WWWWW   48.4 - 49.5

NOTE: 26 obs hidden.
Effect of moisture and temperature on yield of tomato                         12
final model with no interaction
normal probability plot

           Plot of resid*normscr.  Legend: A = 1 obs, B = 2 obs, etc.

        |
        |
    2.5 +
        |
        |
        |
        |
        |                                                              A
    2.0 +
        |
        |
        |
        |                                                         A
        |
    1.5 +
        |
        |
        |                                                     A
        |
 R      |
 e  1.0 +
 s      |
 i      |                                                  A
 d      |                                                A
 u      |
 a      |                                              A
 l  0.5 +
        |
        |
        |
        |                                          A A
        |
    0.0 +                                        A
        |                                     A A
        |                                    A
        |                                A A
        |                            AA A
        |                          A
   -0.5 +                      A A
        |
        |                    A
        |
        |                  A
        |           A   A
   -1.0 +      A
        |
        ---+-------+-------+-------+-------+-------+-------+-------+-------+--
         -2.0    -1.5    -1.0    -0.5     0.0     0.5     1.0     1.5     2.0

                                     Normal score

NOTE: 1354 obs had missing values.
Effect of moisture and temperature on yield of tomato                         13
response surface regression

The RSREG Procedure

Coding Coefficients for the Independent Variables
 
Factor    Subtracted off      Divided by

moist          10.000000        4.000000
temp           22.000000        2.000000


  Response Surface for Variable yield

Response Mean                  47.764000
Root MSE                        0.852563
R-Square                          0.9428
Coefficient of Variation          1.7849


                            Type I Sum
Regression          DF      of Squares    R-Square    F Value    Pr > F

Linear               2      130.173800      0.5393      89.54    <.0001
Quadratic            2       97.401286      0.4035      67.00    <.0001
Crossproduct         1        0.012100      0.0001       0.02    0.8987
Total Model          5      227.587186      0.9428      62.62    <.0001


                               Sum of
Residual           DF         Squares     Mean Square

Total Error        19       13.810414        0.726864


                                                                   Parameter
                                                                    Estimate
                                   Standard                       from Coded
Parameter    DF      Estimate         Error  t Value  Pr > |t|          Data

Intercept     1    -27.900286     50.132535    -0.56    0.5843     50.384000
moist         1      5.216143      1.068987     4.88    0.0001     -3.048000
temp          1      5.622143      4.505467     1.25    0.2272     -1.060000
moist*moist   1     -0.292857      0.025475   -11.50    <.0001     -4.685714
temp*moist    1     -0.005500      0.042628    -0.13    0.8987     -0.044000
temp*temp     1     -0.138571      0.101901    -1.36    0.1898     -0.554286


                       Sum of
Factor     DF         Squares     Mean Square    F Value    Pr > F

moist       3      212.198043       70.732681      97.31    <.0001
temp        3       15.401243        5.133748       7.06    0.0022
Effect of moisture and temperature on yield of tomato                         14
response surface regression

The RSREG Procedure
Canonical Analysis of Response Surface Based on Coded Data

                 Critical Value
Factor           Coded         Uncoded

moist        -0.320814        8.716743
temp         -0.943452       20.113096

Predicted value at stationary point: 51.372951


                        Eigenvectors
 Eigenvalues           moist            temp

   -0.554169       -0.005325        0.999986
   -4.685831        0.999986        0.005325

       Stationary point is a maximum.
