 ENTER POINT OF INTEREST (X,Y,Z):
0,0,1
 AREA OF PANEL=   1.00000000    
 SOURCE (POTENTIAL)=  -7.38955215E-02
 SOURCE (VELOCITY):
 VXS=   0.00000000    
 VYS=   0.00000000    
 VZS=   6.40942678E-02
 TVS=   6.40942678E-02
 DOUBLET (POTENTIAL):  -6.40942678E-02
 DOUBLET (VELOCITY):
 VXD=   0.00000000    
 VYD=   0.00000000    
 VZD=  0.103959650    
 TVD=  0.103959650    
 TOTAL VELOCITY:
 VX=   0.00000000    
 VY=   0.00000000    
 VZ=  0.168053925    
 TV=  0.168053925    
 DO YOU WANT ANOTHER TRY? 1:YES, 2:NO
2

