2010-04-19 12:00:17 startup archives unpack
2010-04-19 12:00:30 install python-tz <none> 2007k-0ubuntu2
2010-04-19 12:00:30 status half-installed python-tz 2007k-0ubuntu2
2010-04-19 12:00:31 status unpacked python-tz 2007k-0ubuntu2
2010-04-19 12:00:31 status unpacked python-tz 2007k-0ubuntu2
2010-04-19 12:00:32 startup packages configure
2010-04-19 12:00:32 configure python-tz 2007k-0ubuntu2 2007k-0ubuntu2
2010-04-19 12:00:32 status unpacked python-tz 2007k-0ubuntu2
2010-04-19 12:00:32 status half-configured python-tz 2007k-0ubuntu2
2010-04-19 12:00:32 status installed python-tz 2007k-0ubuntu2
2010-04-19 12:01:45 startup archives unpack
2010-04-19 12:01:45 install python-dateutil <none> 1.3-1
2010-04-19 12:01:45 status half-installed python-dateutil 1.3-1
2010-04-19 12:01:45 status unpacked python-dateutil 1.3-1
2010-04-19 12:01:45 status unpacked python-dateutil 1.3-1
2010-04-19 12:01:46 startup packages configure
2010-04-19 12:01:46 configure python-dateutil 1.3-1 1.3-1
2010-04-19 12:01:46 status unpacked python-dateutil 1.3-1
2010-04-19 12:01:46 status half-configured python-dateutil 1.3-1
2010-04-19 12:01:46 status installed python-dateutil 1.3-1
2010-04-19 22:54:18 startup archives unpack
2010-04-19 22:54:18 install make <none> 3.81-3build1
2010-04-19 22:54:18 status half-installed make 3.81-3build1
2010-04-19 22:54:19 status unpacked make 3.81-3build1
2010-04-19 22:54:19 status unpacked make 3.81-3build1
2010-04-19 22:54:19 startup packages configure
2010-04-19 22:54:19 configure make 3.81-3build1 3.81-3build1
2010-04-19 22:54:19 status unpacked make 3.81-3build1
2010-04-19 22:54:20 status half-configured make 3.81-3build1
2010-04-19 22:54:20 status installed make 3.81-3build1
2010-04-19 23:02:55 startup archives unpack
2010-04-19 23:02:55 install binutils <none> 2.18.1~cvs20080103-0ubuntu1
2010-04-19 23:02:55 status half-installed binutils 2.18.1~cvs20080103-0ubuntu1
2010-04-19 23:02:55 status unpacked binutils 2.18.1~cvs20080103-0ubuntu1
2010-04-19 23:02:55 status unpacked binutils 2.18.1~cvs20080103-0ubuntu1
2010-04-19 23:02:55 install linux-libc-dev <none> 2.6.24-27.68
2010-04-19 23:02:55 status half-installed linux-libc-dev 2.6.24-27.68
2010-04-19 23:02:56 status unpacked linux-libc-dev 2.6.24-27.68
2010-04-19 23:02:56 status unpacked linux-libc-dev 2.6.24-27.68
2010-04-19 23:02:56 install libc6-dev <none> 2.7-10ubuntu5
2010-04-19 23:02:56 status half-installed libc6-dev 2.7-10ubuntu5
2010-04-19 23:02:58 status unpacked libc6-dev 2.7-10ubuntu5
2010-04-19 23:02:58 status unpacked libc6-dev 2.7-10ubuntu5
2010-04-19 23:02:58 install libgomp1 <none> 4.2.4-1ubuntu4
2010-04-19 23:02:58 status half-installed libgomp1 4.2.4-1ubuntu4
2010-04-19 23:02:58 status unpacked libgomp1 4.2.4-1ubuntu4
2010-04-19 23:02:58 status unpacked libgomp1 4.2.4-1ubuntu4
2010-04-19 23:02:58 install gcc-4.2 <none> 4.2.4-1ubuntu4
2010-04-19 23:02:58 status half-installed gcc-4.2 4.2.4-1ubuntu4
2010-04-19 23:02:58 status unpacked gcc-4.2 4.2.4-1ubuntu4
2010-04-19 23:02:58 status unpacked gcc-4.2 4.2.4-1ubuntu4
2010-04-19 23:02:58 install gcc <none> 4:4.2.3-1ubuntu6
2010-04-19 23:02:58 status half-installed gcc 4:4.2.3-1ubuntu6
2010-04-19 23:02:58 status unpacked gcc 4:4.2.3-1ubuntu6
2010-04-19 23:02:58 status unpacked gcc 4:4.2.3-1ubuntu6
2010-04-19 23:02:58 install libstdc++6-4.2-dev <none> 4.2.4-1ubuntu4
2010-04-19 23:02:58 status half-installed libstdc++6-4.2-dev 4.2.4-1ubuntu4
2010-04-19 23:02:59 status unpacked libstdc++6-4.2-dev 4.2.4-1ubuntu4
2010-04-19 23:02:59 status unpacked libstdc++6-4.2-dev 4.2.4-1ubuntu4
2010-04-19 23:02:59 install g++-4.2 <none> 4.2.4-1ubuntu4
2010-04-19 23:02:59 status half-installed g++-4.2 4.2.4-1ubuntu4
2010-04-19 23:03:00 status unpacked g++-4.2 4.2.4-1ubuntu4
2010-04-19 23:03:00 status unpacked g++-4.2 4.2.4-1ubuntu4
2010-04-19 23:03:00 install g++ <none> 4:4.2.3-1ubuntu6
2010-04-19 23:03:00 status half-installed g++ 4:4.2.3-1ubuntu6
2010-04-19 23:03:00 status unpacked g++ 4:4.2.3-1ubuntu6
2010-04-19 23:03:00 status unpacked g++ 4:4.2.3-1ubuntu6
2010-04-19 23:03:00 install libtimedate-perl <none> 1.1600-9
2010-04-19 23:03:00 status half-installed libtimedate-perl 1.1600-9
2010-04-19 23:03:00 status unpacked libtimedate-perl 1.1600-9
2010-04-19 23:03:00 status unpacked libtimedate-perl 1.1600-9
2010-04-19 23:03:00 install dpkg-dev <none> 1.14.16.6ubuntu4.1
2010-04-19 23:03:00 status half-installed dpkg-dev 1.14.16.6ubuntu4.1
2010-04-19 23:03:01 status unpacked dpkg-dev 1.14.16.6ubuntu4.1
2010-04-19 23:03:01 status unpacked dpkg-dev 1.14.16.6ubuntu4.1
2010-04-19 23:03:01 install build-essential <none> 11.3ubuntu1
2010-04-19 23:03:01 status half-installed build-essential 11.3ubuntu1
2010-04-19 23:03:01 status unpacked build-essential 11.3ubuntu1
2010-04-19 23:03:01 status unpacked build-essential 11.3ubuntu1
2010-04-19 23:03:02 startup packages configure
2010-04-19 23:03:02 configure binutils 2.18.1~cvs20080103-0ubuntu1 2.18.1~cvs20080103-0ubuntu1
2010-04-19 23:03:02 status unpacked binutils 2.18.1~cvs20080103-0ubuntu1
2010-04-19 23:03:02 status half-configured binutils 2.18.1~cvs20080103-0ubuntu1
2010-04-19 23:03:02 status installed binutils 2.18.1~cvs20080103-0ubuntu1
2010-04-19 23:03:02 status triggers-pending libc6 2.7-10ubuntu5
2010-04-19 23:03:02 configure linux-libc-dev 2.6.24-27.68 2.6.24-27.68
2010-04-19 23:03:02 status unpacked linux-libc-dev 2.6.24-27.68
2010-04-19 23:03:02 status half-configured linux-libc-dev 2.6.24-27.68
2010-04-19 23:03:02 status installed linux-libc-dev 2.6.24-27.68
2010-04-19 23:03:02 configure libc6-dev 2.7-10ubuntu5 2.7-10ubuntu5
2010-04-19 23:03:02 status unpacked libc6-dev 2.7-10ubuntu5
2010-04-19 23:03:02 status half-configured libc6-dev 2.7-10ubuntu5
2010-04-19 23:03:02 status installed libc6-dev 2.7-10ubuntu5
2010-04-19 23:03:02 configure libgomp1 4.2.4-1ubuntu4 4.2.4-1ubuntu4
2010-04-19 23:03:02 status unpacked libgomp1 4.2.4-1ubuntu4
2010-04-19 23:03:02 status half-configured libgomp1 4.2.4-1ubuntu4
2010-04-19 23:03:02 status installed libgomp1 4.2.4-1ubuntu4
2010-04-19 23:03:02 configure gcc-4.2 4.2.4-1ubuntu4 4.2.4-1ubuntu4
2010-04-19 23:03:02 status unpacked gcc-4.2 4.2.4-1ubuntu4
2010-04-19 23:03:02 status half-configured gcc-4.2 4.2.4-1ubuntu4
2010-04-19 23:03:02 status installed gcc-4.2 4.2.4-1ubuntu4
2010-04-19 23:03:02 configure gcc 4:4.2.3-1ubuntu6 4:4.2.3-1ubuntu6
2010-04-19 23:03:02 status unpacked gcc 4:4.2.3-1ubuntu6
2010-04-19 23:03:02 status half-configured gcc 4:4.2.3-1ubuntu6
2010-04-19 23:03:03 status installed gcc 4:4.2.3-1ubuntu6
2010-04-19 23:03:03 configure libtimedate-perl 1.1600-9 1.1600-9
2010-04-19 23:03:03 status unpacked libtimedate-perl 1.1600-9
2010-04-19 23:03:03 status half-configured libtimedate-perl 1.1600-9
2010-04-19 23:03:03 status installed libtimedate-perl 1.1600-9
2010-04-19 23:03:03 configure dpkg-dev 1.14.16.6ubuntu4.1 1.14.16.6ubuntu4.1
2010-04-19 23:03:03 status unpacked dpkg-dev 1.14.16.6ubuntu4.1
2010-04-19 23:03:03 status unpacked dpkg-dev 1.14.16.6ubuntu4.1
2010-04-19 23:03:03 status unpacked dpkg-dev 1.14.16.6ubuntu4.1
2010-04-19 23:03:03 status half-configured dpkg-dev 1.14.16.6ubuntu4.1
2010-04-19 23:03:03 status installed dpkg-dev 1.14.16.6ubuntu4.1
2010-04-19 23:03:03 configure libstdc++6-4.2-dev 4.2.4-1ubuntu4 4.2.4-1ubuntu4
2010-04-19 23:03:03 status unpacked libstdc++6-4.2-dev 4.2.4-1ubuntu4
2010-04-19 23:03:03 status half-configured libstdc++6-4.2-dev 4.2.4-1ubuntu4
2010-04-19 23:03:03 status installed libstdc++6-4.2-dev 4.2.4-1ubuntu4
2010-04-19 23:03:03 configure g++-4.2 4.2.4-1ubuntu4 4.2.4-1ubuntu4
2010-04-19 23:03:03 status unpacked g++-4.2 4.2.4-1ubuntu4
2010-04-19 23:03:03 status half-configured g++-4.2 4.2.4-1ubuntu4
2010-04-19 23:03:03 status installed g++-4.2 4.2.4-1ubuntu4
2010-04-19 23:03:03 configure g++ 4:4.2.3-1ubuntu6 4:4.2.3-1ubuntu6
2010-04-19 23:03:03 status unpacked g++ 4:4.2.3-1ubuntu6
2010-04-19 23:03:03 status half-configured g++ 4:4.2.3-1ubuntu6
2010-04-19 23:03:03 status installed g++ 4:4.2.3-1ubuntu6
2010-04-19 23:03:03 configure build-essential 11.3ubuntu1 11.3ubuntu1
2010-04-19 23:03:03 status unpacked build-essential 11.3ubuntu1
2010-04-19 23:03:03 status half-configured build-essential 11.3ubuntu1
2010-04-19 23:03:03 status installed build-essential 11.3ubuntu1
2010-04-19 23:03:03 trigproc libc6 2.7-10ubuntu5 2.7-10ubuntu5
2010-04-19 23:03:03 status half-configured libc6 2.7-10ubuntu5
2010-04-19 23:03:03 status installed libc6 2.7-10ubuntu5
2010-04-19 23:27:51 startup archives unpack
2010-04-19 23:27:51 install html2text <none> 1.3.2a-3build2
2010-04-19 23:27:51 status half-installed html2text 1.3.2a-3build2
2010-04-19 23:27:52 status unpacked html2text 1.3.2a-3build2
2010-04-19 23:27:52 status unpacked html2text 1.3.2a-3build2
2010-04-19 23:27:52 install gettext <none> 0.17-2ubuntu1
2010-04-19 23:27:52 status half-installed gettext 0.17-2ubuntu1
2010-04-19 23:27:52 status unpacked gettext 0.17-2ubuntu1
2010-04-19 23:27:52 status unpacked gettext 0.17-2ubuntu1
2010-04-19 23:27:52 install intltool-debian <none> 0.35.0+20060710.1
2010-04-19 23:27:52 status half-installed intltool-debian 0.35.0+20060710.1
2010-04-19 23:27:52 status unpacked intltool-debian 0.35.0+20060710.1
2010-04-19 23:27:52 status unpacked intltool-debian 0.35.0+20060710.1
2010-04-19 23:27:53 install po-debconf <none> 1.0.10
2010-04-19 23:27:53 status half-installed po-debconf 1.0.10
2010-04-19 23:27:53 status unpacked po-debconf 1.0.10
2010-04-19 23:27:53 status unpacked po-debconf 1.0.10
2010-04-19 23:27:53 install debhelper <none> 6.0.4ubuntu1
2010-04-19 23:27:53 status half-installed debhelper 6.0.4ubuntu1
2010-04-19 23:27:53 status unpacked debhelper 6.0.4ubuntu1
2010-04-19 23:27:53 status unpacked debhelper 6.0.4ubuntu1
2010-04-19 23:27:53 install libbeecrypt6 <none> 4.1.2-6build1
2010-04-19 23:27:53 status half-installed libbeecrypt6 4.1.2-6build1
2010-04-19 23:27:53 status unpacked libbeecrypt6 4.1.2-6build1
2010-04-19 23:27:53 status unpacked libbeecrypt6 4.1.2-6build1
2010-04-19 23:27:53 install librpm4.4 <none> 4.4.2.1-1ubuntu6
2010-04-19 23:27:53 status half-installed librpm4.4 4.4.2.1-1ubuntu6
2010-04-19 23:27:54 status unpacked librpm4.4 4.4.2.1-1ubuntu6
2010-04-19 23:27:54 status unpacked librpm4.4 4.4.2.1-1ubuntu6
2010-04-19 23:27:54 install rpm <none> 4.4.2.1-1ubuntu6
2010-04-19 23:27:54 status half-installed rpm 4.4.2.1-1ubuntu6
2010-04-19 23:27:54 status unpacked rpm 4.4.2.1-1ubuntu6
2010-04-19 23:27:54 status unpacked rpm 4.4.2.1-1ubuntu6
2010-04-19 23:27:54 install alien <none> 8.69
2010-04-19 23:27:54 status half-installed alien 8.69
2010-04-19 23:27:54 status unpacked alien 8.69
2010-04-19 23:27:54 status unpacked alien 8.69
2010-04-19 23:27:55 startup packages configure
2010-04-19 23:27:55 configure html2text 1.3.2a-3build2 1.3.2a-3build2
2010-04-19 23:27:55 status unpacked html2text 1.3.2a-3build2
2010-04-19 23:27:55 status half-configured html2text 1.3.2a-3build2
2010-04-19 23:27:55 status installed html2text 1.3.2a-3build2
2010-04-19 23:27:55 configure gettext 0.17-2ubuntu1 0.17-2ubuntu1
2010-04-19 23:27:55 status unpacked gettext 0.17-2ubuntu1
2010-04-19 23:27:55 status half-configured gettext 0.17-2ubuntu1
2010-04-19 23:27:55 status installed gettext 0.17-2ubuntu1
2010-04-19 23:27:55 status triggers-pending libc6 2.7-10ubuntu5
2010-04-19 23:27:55 configure intltool-debian 0.35.0+20060710.1 0.35.0+20060710.1
2010-04-19 23:27:55 status unpacked intltool-debian 0.35.0+20060710.1
2010-04-19 23:27:55 status half-configured intltool-debian 0.35.0+20060710.1
2010-04-19 23:27:55 status installed intltool-debian 0.35.0+20060710.1
2010-04-19 23:27:55 configure po-debconf 1.0.10 1.0.10
2010-04-19 23:27:55 status unpacked po-debconf 1.0.10
2010-04-19 23:27:55 status half-configured po-debconf 1.0.10
2010-04-19 23:27:55 status installed po-debconf 1.0.10
2010-04-19 23:27:55 configure debhelper 6.0.4ubuntu1 6.0.4ubuntu1
2010-04-19 23:27:55 status unpacked debhelper 6.0.4ubuntu1
2010-04-19 23:27:55 status half-configured debhelper 6.0.4ubuntu1
2010-04-19 23:27:55 status installed debhelper 6.0.4ubuntu1
2010-04-19 23:27:55 configure libbeecrypt6 4.1.2-6build1 4.1.2-6build1
2010-04-19 23:27:55 status unpacked libbeecrypt6 4.1.2-6build1
2010-04-19 23:27:55 status half-configured libbeecrypt6 4.1.2-6build1
2010-04-19 23:27:55 status installed libbeecrypt6 4.1.2-6build1
2010-04-19 23:27:55 configure librpm4.4 4.4.2.1-1ubuntu6 4.4.2.1-1ubuntu6
2010-04-19 23:27:55 status unpacked librpm4.4 4.4.2.1-1ubuntu6
2010-04-19 23:27:55 status half-configured librpm4.4 4.4.2.1-1ubuntu6
2010-04-19 23:27:55 status installed librpm4.4 4.4.2.1-1ubuntu6
2010-04-19 23:27:55 configure rpm 4.4.2.1-1ubuntu6 4.4.2.1-1ubuntu6
2010-04-19 23:27:55 status unpacked rpm 4.4.2.1-1ubuntu6
2010-04-19 23:27:55 status half-configured rpm 4.4.2.1-1ubuntu6
2010-04-19 23:27:55 status installed rpm 4.4.2.1-1ubuntu6
2010-04-19 23:27:56 configure alien 8.69 8.69
2010-04-19 23:27:56 status unpacked alien 8.69
2010-04-19 23:27:56 status half-configured alien 8.69
2010-04-19 23:27:56 status installed alien 8.69
2010-04-19 23:27:56 trigproc libc6 2.7-10ubuntu5 2.7-10ubuntu5
2010-04-19 23:27:56 status half-configured libc6 2.7-10ubuntu5
2010-04-19 23:27:56 status installed libc6 2.7-10ubuntu5
2010-04-19 23:29:44 startup archives install
2010-04-19 23:29:44 install lsb-build <none> 4.0.9-2
2010-04-19 23:29:44 status half-installed lsb-build 4.0.9-2
2010-04-19 23:29:44 status unpacked lsb-build 4.0.9-2
2010-04-19 23:29:44 status unpacked lsb-build 4.0.9-2
2010-04-19 23:29:45 configure lsb-build 4.0.9-2 4.0.9-2
2010-04-19 23:29:45 status unpacked lsb-build 4.0.9-2
2010-04-19 23:29:45 status half-configured lsb-build 4.0.9-2
2010-04-19 23:29:45 status installed lsb-build 4.0.9-2
2010-04-19 23:34:43 startup archives unpack
2010-04-19 23:34:43 install x11-common <none> 1:7.3+10ubuntu10.2
2010-04-19 23:34:43 status half-installed x11-common 1:7.3+10ubuntu10.2
2010-04-19 23:34:45 status unpacked x11-common 1:7.3+10ubuntu10.2
2010-04-19 23:34:45 status unpacked x11-common 1:7.3+10ubuntu10.2
2010-04-19 23:34:46 startup packages configure
2010-04-19 23:34:46 configure x11-common 1:7.3+10ubuntu10.2 1:7.3+10ubuntu10.2
2010-04-19 23:34:46 status unpacked x11-common 1:7.3+10ubuntu10.2
2010-04-19 23:34:46 status unpacked x11-common 1:7.3+10ubuntu10.2
2010-04-19 23:34:46 status unpacked x11-common 1:7.3+10ubuntu10.2
2010-04-19 23:34:46 status unpacked x11-common 1:7.3+10ubuntu10.2
2010-04-19 23:34:46 status unpacked x11-common 1:7.3+10ubuntu10.2
2010-04-19 23:34:46 status unpacked x11-common 1:7.3+10ubuntu10.2
2010-04-19 23:34:46 status unpacked x11-common 1:7.3+10ubuntu10.2
2010-04-19 23:34:46 status unpacked x11-common 1:7.3+10ubuntu10.2
2010-04-19 23:34:46 status unpacked x11-common 1:7.3+10ubuntu10.2
2010-04-19 23:34:46 status unpacked x11-common 1:7.3+10ubuntu10.2
2010-04-19 23:34:46 status unpacked x11-common 1:7.3+10ubuntu10.2
2010-04-19 23:34:46 status unpacked x11-common 1:7.3+10ubuntu10.2
2010-04-19 23:34:46 status unpacked x11-common 1:7.3+10ubuntu10.2
2010-04-19 23:34:46 status unpacked x11-common 1:7.3+10ubuntu10.2
2010-04-19 23:34:46 status unpacked x11-common 1:7.3+10ubuntu10.2
2010-04-19 23:34:46 status unpacked x11-common 1:7.3+10ubuntu10.2
2010-04-19 23:34:46 status half-configured x11-common 1:7.3+10ubuntu10.2
2010-04-19 23:34:48 status installed x11-common 1:7.3+10ubuntu10.2
2010-04-19 23:34:48 startup archives unpack
2010-04-19 23:34:48 install libx11-data <none> 2:1.1.3-1ubuntu2
2010-04-19 23:34:48 status half-installed libx11-data 2:1.1.3-1ubuntu2
2010-04-19 23:34:49 status unpacked libx11-data 2:1.1.3-1ubuntu2
2010-04-19 23:34:49 status unpacked libx11-data 2:1.1.3-1ubuntu2
2010-04-19 23:34:49 install libxau6 <none> 1:1.0.3-2
2010-04-19 23:34:49 status half-installed libxau6 1:1.0.3-2
2010-04-19 23:34:49 status unpacked libxau6 1:1.0.3-2
2010-04-19 23:34:49 status unpacked libxau6 1:1.0.3-2
2010-04-19 23:34:49 install libxdmcp6 <none> 1:1.0.2-2
2010-04-19 23:34:49 status half-installed libxdmcp6 1:1.0.2-2
2010-04-19 23:34:49 status unpacked libxdmcp6 1:1.0.2-2
2010-04-19 23:34:49 status unpacked libxdmcp6 1:1.0.2-2
2010-04-19 23:34:49 install libxcb1 <none> 1.1-1ubuntu1
2010-04-19 23:34:49 status half-installed libxcb1 1.1-1ubuntu1
2010-04-19 23:34:49 status unpacked libxcb1 1.1-1ubuntu1
2010-04-19 23:34:49 status unpacked libxcb1 1.1-1ubuntu1
2010-04-19 23:34:49 install libxcb-xlib0 <none> 1.1-1ubuntu1
2010-04-19 23:34:49 status half-installed libxcb-xlib0 1.1-1ubuntu1
2010-04-19 23:34:49 status unpacked libxcb-xlib0 1.1-1ubuntu1
2010-04-19 23:34:49 status unpacked libxcb-xlib0 1.1-1ubuntu1
2010-04-19 23:34:49 install libx11-6 <none> 2:1.1.3-1ubuntu2
2010-04-19 23:34:49 status half-installed libx11-6 2:1.1.3-1ubuntu2
2010-04-19 23:34:50 status unpacked libx11-6 2:1.1.3-1ubuntu2
2010-04-19 23:34:50 status unpacked libx11-6 2:1.1.3-1ubuntu2
2010-04-19 23:34:50 install tcl8.4 <none> 8.4.16-4ubuntu1
2010-04-19 23:34:50 status half-installed tcl8.4 8.4.16-4ubuntu1
2010-04-19 23:34:50 status unpacked tcl8.4 8.4.16-4ubuntu1
2010-04-19 23:34:50 status unpacked tcl8.4 8.4.16-4ubuntu1
2010-04-19 23:34:50 install tk8.4 <none> 8.4.16-2ubuntu1.1
2010-04-19 23:34:50 status half-installed tk8.4 8.4.16-2ubuntu1.1
2010-04-19 23:34:50 status unpacked tk8.4 8.4.16-2ubuntu1.1
2010-04-19 23:34:50 status unpacked tk8.4 8.4.16-2ubuntu1.1
2010-04-19 23:34:51 startup packages configure
2010-04-19 23:34:51 configure libx11-data 2:1.1.3-1ubuntu2 2:1.1.3-1ubuntu2
2010-04-19 23:34:51 status unpacked libx11-data 2:1.1.3-1ubuntu2
2010-04-19 23:34:51 status half-configured libx11-data 2:1.1.3-1ubuntu2
2010-04-19 23:34:51 status installed libx11-data 2:1.1.3-1ubuntu2
2010-04-19 23:34:51 configure libxau6 1:1.0.3-2 1:1.0.3-2
2010-04-19 23:34:51 status unpacked libxau6 1:1.0.3-2
2010-04-19 23:34:51 status half-configured libxau6 1:1.0.3-2
2010-04-19 23:34:51 status installed libxau6 1:1.0.3-2
2010-04-19 23:34:51 status triggers-pending libc6 2.7-10ubuntu5
2010-04-19 23:34:51 configure libxdmcp6 1:1.0.2-2 1:1.0.2-2
2010-04-19 23:34:51 status unpacked libxdmcp6 1:1.0.2-2
2010-04-19 23:34:51 status half-configured libxdmcp6 1:1.0.2-2
2010-04-19 23:34:51 status installed libxdmcp6 1:1.0.2-2
2010-04-19 23:34:51 configure libxcb1 1.1-1ubuntu1 1.1-1ubuntu1
2010-04-19 23:34:51 status unpacked libxcb1 1.1-1ubuntu1
2010-04-19 23:34:51 status half-configured libxcb1 1.1-1ubuntu1
2010-04-19 23:34:51 status installed libxcb1 1.1-1ubuntu1
2010-04-19 23:34:51 configure libxcb-xlib0 1.1-1ubuntu1 1.1-1ubuntu1
2010-04-19 23:34:51 status unpacked libxcb-xlib0 1.1-1ubuntu1
2010-04-19 23:34:51 status half-configured libxcb-xlib0 1.1-1ubuntu1
2010-04-19 23:34:51 status installed libxcb-xlib0 1.1-1ubuntu1
2010-04-19 23:34:51 configure libx11-6 2:1.1.3-1ubuntu2 2:1.1.3-1ubuntu2
2010-04-19 23:34:51 status unpacked libx11-6 2:1.1.3-1ubuntu2
2010-04-19 23:34:51 status half-configured libx11-6 2:1.1.3-1ubuntu2
2010-04-19 23:34:51 status installed libx11-6 2:1.1.3-1ubuntu2
2010-04-19 23:34:51 configure tcl8.4 8.4.16-4ubuntu1 8.4.16-4ubuntu1
2010-04-19 23:34:51 status unpacked tcl8.4 8.4.16-4ubuntu1
2010-04-19 23:34:51 status half-configured tcl8.4 8.4.16-4ubuntu1
2010-04-19 23:34:51 status installed tcl8.4 8.4.16-4ubuntu1
2010-04-19 23:34:51 configure tk8.4 8.4.16-2ubuntu1.1 8.4.16-2ubuntu1.1
2010-04-19 23:34:51 status unpacked tk8.4 8.4.16-2ubuntu1.1
2010-04-19 23:34:51 status half-configured tk8.4 8.4.16-2ubuntu1.1
2010-04-19 23:34:51 status installed tk8.4 8.4.16-2ubuntu1.1
2010-04-19 23:34:51 trigproc libc6 2.7-10ubuntu5 2.7-10ubuntu5
2010-04-19 23:34:51 status half-configured libc6 2.7-10ubuntu5
2010-04-19 23:34:51 status installed libc6 2.7-10ubuntu5
2010-04-19 23:38:05 startup archives unpack
2010-04-19 23:38:05 install tcl8.5 <none> 8.5.0-2ubuntu1
2010-04-19 23:38:05 status half-installed tcl8.5 8.5.0-2ubuntu1
2010-04-19 23:38:05 status unpacked tcl8.5 8.5.0-2ubuntu1
2010-04-19 23:38:05 status unpacked tcl8.5 8.5.0-2ubuntu1
2010-04-19 23:38:05 install tcl8.5-dev <none> 8.5.0-2ubuntu1
2010-04-19 23:38:05 status half-installed tcl8.5-dev 8.5.0-2ubuntu1
2010-04-19 23:38:06 status unpacked tcl8.5-dev 8.5.0-2ubuntu1
2010-04-19 23:38:06 status unpacked tcl8.5-dev 8.5.0-2ubuntu1
2010-04-19 23:38:06 startup packages configure
2010-04-19 23:38:06 configure tcl8.5 8.5.0-2ubuntu1 8.5.0-2ubuntu1
2010-04-19 23:38:06 status unpacked tcl8.5 8.5.0-2ubuntu1
2010-04-19 23:38:06 status half-configured tcl8.5 8.5.0-2ubuntu1
2010-04-19 23:38:06 status installed tcl8.5 8.5.0-2ubuntu1
2010-04-19 23:38:06 status triggers-pending libc6 2.7-10ubuntu5
2010-04-19 23:38:06 configure tcl8.5-dev 8.5.0-2ubuntu1 8.5.0-2ubuntu1
2010-04-19 23:38:06 status unpacked tcl8.5-dev 8.5.0-2ubuntu1
2010-04-19 23:38:06 status half-configured tcl8.5-dev 8.5.0-2ubuntu1
2010-04-19 23:38:06 status installed tcl8.5-dev 8.5.0-2ubuntu1
2010-04-19 23:38:06 trigproc libc6 2.7-10ubuntu5 2.7-10ubuntu5
2010-04-19 23:38:06 status half-configured libc6 2.7-10ubuntu5
2010-04-19 23:38:06 status installed libc6 2.7-10ubuntu5
2010-04-19 23:38:27 startup archives unpack
2010-04-19 23:38:27 install eggdrop-data <none> 1.6.18-1.1ubuntu1
2010-04-19 23:38:27 status half-installed eggdrop-data 1.6.18-1.1ubuntu1
2010-04-19 23:38:27 status unpacked eggdrop-data 1.6.18-1.1ubuntu1
2010-04-19 23:38:27 status unpacked eggdrop-data 1.6.18-1.1ubuntu1
2010-04-19 23:38:27 install eggdrop <none> 1.6.18-1.1ubuntu1
2010-04-19 23:38:27 status half-installed eggdrop 1.6.18-1.1ubuntu1
2010-04-19 23:38:28 status unpacked eggdrop 1.6.18-1.1ubuntu1
2010-04-19 23:38:28 status unpacked eggdrop 1.6.18-1.1ubuntu1
2010-04-19 23:38:28 startup packages configure
2010-04-19 23:38:28 configure eggdrop-data 1.6.18-1.1ubuntu1 1.6.18-1.1ubuntu1
2010-04-19 23:38:28 status unpacked eggdrop-data 1.6.18-1.1ubuntu1
2010-04-19 23:38:28 status half-configured eggdrop-data 1.6.18-1.1ubuntu1
2010-04-19 23:38:28 status installed eggdrop-data 1.6.18-1.1ubuntu1
2010-04-19 23:38:28 configure eggdrop 1.6.18-1.1ubuntu1 1.6.18-1.1ubuntu1
2010-04-19 23:38:28 status unpacked eggdrop 1.6.18-1.1ubuntu1
2010-04-19 23:38:28 status half-configured eggdrop 1.6.18-1.1ubuntu1
2010-04-19 23:38:28 status installed eggdrop 1.6.18-1.1ubuntu1
2010-04-24 19:26:40 startup archives unpack
2010-04-24 19:26:42 install libglib2.0-0 <none> 2.16.6-0ubuntu1.2
2010-04-24 19:26:42 status half-installed libglib2.0-0 2.16.6-0ubuntu1.2
2010-04-24 19:26:42 status unpacked libglib2.0-0 2.16.6-0ubuntu1.2
2010-04-24 19:26:42 status unpacked libglib2.0-0 2.16.6-0ubuntu1.2
2010-04-24 19:26:42 install gconf2-common <none> 2.22.0-0ubuntu3
2010-04-24 19:26:42 status half-installed gconf2-common 2.22.0-0ubuntu3
2010-04-24 19:26:42 status unpacked gconf2-common 2.22.0-0ubuntu3
2010-04-24 19:26:42 status unpacked gconf2-common 2.22.0-0ubuntu3
2010-04-24 19:26:42 install libidl0 <none> 0.8.10-0.1
2010-04-24 19:26:42 status half-installed libidl0 0.8.10-0.1
2010-04-24 19:26:43 status unpacked libidl0 0.8.10-0.1
2010-04-24 19:26:43 status unpacked libidl0 0.8.10-0.1
2010-04-24 19:26:43 install liborbit2 <none> 1:2.14.12-0.1
2010-04-24 19:26:43 status half-installed liborbit2 1:2.14.12-0.1
2010-04-24 19:26:44 status unpacked liborbit2 1:2.14.12-0.1
2010-04-24 19:26:44 status unpacked liborbit2 1:2.14.12-0.1
2010-04-24 19:26:44 install libgconf2-4 <none> 2.22.0-0ubuntu3
2010-04-24 19:26:44 status half-installed libgconf2-4 2.22.0-0ubuntu3
2010-04-24 19:26:44 status unpacked libgconf2-4 2.22.0-0ubuntu3
2010-04-24 19:26:44 status unpacked libgconf2-4 2.22.0-0ubuntu3
2010-04-24 19:26:45 startup packages configure
2010-04-24 19:26:45 configure libglib2.0-0 2.16.6-0ubuntu1.2 2.16.6-0ubuntu1.2
2010-04-24 19:26:45 status unpacked libglib2.0-0 2.16.6-0ubuntu1.2
2010-04-24 19:26:45 status half-configured libglib2.0-0 2.16.6-0ubuntu1.2
2010-04-24 19:26:45 status installed libglib2.0-0 2.16.6-0ubuntu1.2
2010-04-24 19:26:45 status triggers-pending libc6 2.7-10ubuntu5
2010-04-24 19:26:45 trigproc libc6 2.7-10ubuntu5 2.7-10ubuntu5
2010-04-24 19:26:45 status half-configured libc6 2.7-10ubuntu5
2010-04-24 19:26:45 status installed libc6 2.7-10ubuntu5
2010-04-24 19:26:46 startup archives unpack
2010-04-24 19:26:46 install gconf2 <none> 2.22.0-0ubuntu3
2010-04-24 19:26:46 status half-installed gconf2 2.22.0-0ubuntu3
2010-04-24 19:26:47 status unpacked gconf2 2.22.0-0ubuntu3
2010-04-24 19:26:47 status unpacked gconf2 2.22.0-0ubuntu3
2010-04-24 19:26:47 install libxfixes3 <none> 1:4.0.3-2
2010-04-24 19:26:47 status half-installed libxfixes3 1:4.0.3-2
2010-04-24 19:26:48 status unpacked libxfixes3 1:4.0.3-2
2010-04-24 19:26:48 status unpacked libxfixes3 1:4.0.3-2
2010-04-24 19:26:48 install fontconfig-config <none> 2.5.0-2ubuntu3
2010-04-24 19:26:48 status half-installed fontconfig-config 2.5.0-2ubuntu3
2010-04-24 19:26:48 status unpacked fontconfig-config 2.5.0-2ubuntu3
2010-04-24 19:26:48 status unpacked fontconfig-config 2.5.0-2ubuntu3
2010-04-24 19:26:48 install libfontconfig1 <none> 2.5.0-2ubuntu3
2010-04-24 19:26:48 status half-installed libfontconfig1 2.5.0-2ubuntu3
2010-04-24 19:26:48 status unpacked libfontconfig1 2.5.0-2ubuntu3
2010-04-24 19:26:48 status unpacked libfontconfig1 2.5.0-2ubuntu3
2010-04-24 19:26:48 install libxrender1 <none> 1:0.9.4-1
2010-04-24 19:26:48 status half-installed libxrender1 1:0.9.4-1
2010-04-24 19:26:48 status unpacked libxrender1 1:0.9.4-1
2010-04-24 19:26:48 status unpacked libxrender1 1:0.9.4-1
2010-04-24 19:26:48 install libxft2 <none> 2.1.12-2ubuntu5
2010-04-24 19:26:48 status half-installed libxft2 2.1.12-2ubuntu5
2010-04-24 19:26:49 status unpacked libxft2 2.1.12-2ubuntu5
2010-04-24 19:26:49 status unpacked libxft2 2.1.12-2ubuntu5
2010-04-24 19:26:49 install libice6 <none> 2:1.0.4-1
2010-04-24 19:26:49 status half-installed libice6 2:1.0.4-1
2010-04-24 19:26:49 status unpacked libice6 2:1.0.4-1
2010-04-24 19:26:49 status unpacked libice6 2:1.0.4-1
2010-04-24 19:26:49 install libsm6 <none> 2:1.0.3-1
2010-04-24 19:26:49 status half-installed libsm6 2:1.0.3-1
2010-04-24 19:26:49 status unpacked libsm6 2:1.0.3-1
2010-04-24 19:26:49 status unpacked libsm6 2:1.0.3-1
2010-04-24 19:26:49 install libxt6 <none> 1:1.0.5-3
2010-04-24 19:26:49 status half-installed libxt6 1:1.0.5-3
2010-04-24 19:26:49 status unpacked libxt6 1:1.0.5-3
2010-04-24 19:26:49 status unpacked libxt6 1:1.0.5-3
2010-04-24 19:26:50 install libxext6 <none> 2:1.0.3-2build1
2010-04-24 19:26:50 status half-installed libxext6 2:1.0.3-2build1
2010-04-24 19:26:50 status unpacked libxext6 2:1.0.3-2build1
2010-04-24 19:26:50 status unpacked libxext6 2:1.0.3-2build1
2010-04-24 19:26:50 install libxmu6 <none> 2:1.0.4-1
2010-04-24 19:26:50 status half-installed libxmu6 2:1.0.4-1
2010-04-24 19:26:50 status unpacked libxmu6 2:1.0.4-1
2010-04-24 19:26:50 status unpacked libxmu6 2:1.0.4-1
2010-04-24 19:26:50 install libxpm4 <none> 1:3.5.7-1
2010-04-24 19:26:50 status half-installed libxpm4 1:3.5.7-1
2010-04-24 19:26:50 status unpacked libxpm4 1:3.5.7-1
2010-04-24 19:26:50 status unpacked libxpm4 1:3.5.7-1
2010-04-24 19:26:50 install libxaw7 <none> 2:1.0.4-1
2010-04-24 19:26:50 status half-installed libxaw7 2:1.0.4-1
2010-04-24 19:26:50 status unpacked libxaw7 2:1.0.4-1
2010-04-24 19:26:50 status unpacked libxaw7 2:1.0.4-1
2010-04-24 19:26:50 install libxcursor1 <none> 1:1.1.9-1
2010-04-24 19:26:50 status half-installed libxcursor1 1:1.1.9-1
2010-04-24 19:26:50 status unpacked libxcursor1 1:1.1.9-1
2010-04-24 19:26:50 status unpacked libxcursor1 1:1.1.9-1
2010-04-24 19:26:50 install libxkbfile1 <none> 1:1.0.4-1
2010-04-24 19:26:50 status half-installed libxkbfile1 1:1.0.4-1
2010-04-24 19:26:50 status unpacked libxkbfile1 1:1.0.4-1
2010-04-24 19:26:50 status unpacked libxkbfile1 1:1.0.4-1
2010-04-24 19:26:51 install libxmuu1 <none> 2:1.0.4-1
2010-04-24 19:26:51 status half-installed libxmuu1 2:1.0.4-1
2010-04-24 19:26:51 status unpacked libxmuu1 2:1.0.4-1
2010-04-24 19:26:51 status unpacked libxmuu1 2:1.0.4-1
2010-04-24 19:26:51 install x11-apps <none> 7.3+1
2010-04-24 19:26:51 status half-installed x11-apps 7.3+1
2010-04-24 19:26:51 status unpacked x11-apps 7.3+1
2010-04-24 19:26:51 status unpacked x11-apps 7.3+1
2010-04-24 19:26:51 install x11-session-utils <none> 7.3+1
2010-04-24 19:26:51 status half-installed x11-session-utils 7.3+1
2010-04-24 19:26:51 status unpacked x11-session-utils 7.3+1
2010-04-24 19:26:51 status unpacked x11-session-utils 7.3+1
2010-04-24 19:26:51 install libfontenc1 <none> 1:1.0.4-2
2010-04-24 19:26:51 status half-installed libfontenc1 1:1.0.4-2
2010-04-24 19:26:51 status unpacked libfontenc1 1:1.0.4-2
2010-04-24 19:26:51 status unpacked libfontenc1 1:1.0.4-2
2010-04-24 19:26:51 install libdrm2 <none> 2.3.0-4ubuntu1
2010-04-24 19:26:51 status half-installed libdrm2 2.3.0-4ubuntu1
2010-04-24 19:26:51 status unpacked libdrm2 2.3.0-4ubuntu1
2010-04-24 19:26:51 status unpacked libdrm2 2.3.0-4ubuntu1
2010-04-24 19:26:52 install libxdamage1 <none> 1:1.1.1-3
2010-04-24 19:26:52 status half-installed libxdamage1 1:1.1.1-3
2010-04-24 19:26:52 status unpacked libxdamage1 1:1.1.1-3
2010-04-24 19:26:52 status unpacked libxdamage1 1:1.1.1-3
2010-04-24 19:26:52 install libxxf86vm1 <none> 1:1.0.1-2
2010-04-24 19:26:52 status half-installed libxxf86vm1 1:1.0.1-2
2010-04-24 19:26:52 status unpacked libxxf86vm1 1:1.0.1-2
2010-04-24 19:26:52 status unpacked libxxf86vm1 1:1.0.1-2
2010-04-24 19:26:52 install libgl1-mesa-glx <none> 7.0.3~rc2-1ubuntu3
2010-04-24 19:26:52 status half-installed libgl1-mesa-glx 7.0.3~rc2-1ubuntu3
2010-04-24 19:26:52 status unpacked libgl1-mesa-glx 7.0.3~rc2-1ubuntu3
2010-04-24 19:26:52 status unpacked libgl1-mesa-glx 7.0.3~rc2-1ubuntu3
2010-04-24 19:26:52 install libxi6 <none> 2:1.1.3-1
2010-04-24 19:26:52 status half-installed libxi6 2:1.1.3-1
2010-04-24 19:26:53 status unpacked libxi6 2:1.1.3-1
2010-04-24 19:26:53 status unpacked libxi6 2:1.1.3-1
2010-04-24 19:26:53 install libxinerama1 <none> 2:1.0.2-1build1
2010-04-24 19:26:53 status half-installed libxinerama1 2:1.0.2-1build1
2010-04-24 19:26:53 status unpacked libxinerama1 2:1.0.2-1build1
2010-04-24 19:26:53 status unpacked libxinerama1 2:1.0.2-1build1
2010-04-24 19:26:53 install libxtst6 <none> 2:1.0.3-1
2010-04-24 19:26:53 status half-installed libxtst6 2:1.0.3-1
2010-04-24 19:26:53 status unpacked libxtst6 2:1.0.3-1
2010-04-24 19:26:53 status unpacked libxtst6 2:1.0.3-1
2010-04-24 19:26:53 install libxv1 <none> 2:1.0.3-1ubuntu1
2010-04-24 19:26:53 status half-installed libxv1 2:1.0.3-1ubuntu1
2010-04-24 19:26:53 status unpacked libxv1 2:1.0.3-1ubuntu1
2010-04-24 19:26:53 status unpacked libxv1 2:1.0.3-1ubuntu1
2010-04-24 19:26:53 install libxxf86dga1 <none> 2:1.0.2-1
2010-04-24 19:26:53 status half-installed libxxf86dga1 2:1.0.2-1
2010-04-24 19:26:53 status unpacked libxxf86dga1 2:1.0.2-1
2010-04-24 19:26:53 status unpacked libxxf86dga1 2:1.0.2-1
2010-04-24 19:26:53 install x11-utils <none> 7.3+1
2010-04-24 19:26:53 status half-installed x11-utils 7.3+1
2010-04-24 19:26:53 status unpacked x11-utils 7.3+1
2010-04-24 19:26:53 status unpacked x11-utils 7.3+1
2010-04-24 19:26:53 install libfs6 <none> 2:1.0.0-4ubuntu2
2010-04-24 19:26:53 status half-installed libfs6 2:1.0.0-4ubuntu2
2010-04-24 19:26:53 status unpacked libfs6 2:1.0.0-4ubuntu2
2010-04-24 19:26:53 status unpacked libfs6 2:1.0.0-4ubuntu2
2010-04-24 19:26:54 install x11-xfs-utils <none> 7.3+1
2010-04-24 19:26:54 status half-installed x11-xfs-utils 7.3+1
2010-04-24 19:26:54 status unpacked x11-xfs-utils 7.3+1
2010-04-24 19:26:54 status unpacked x11-xfs-utils 7.3+1
2010-04-24 19:26:54 install x11-xkb-utils <none> 7.3+1
2010-04-24 19:26:54 status half-installed x11-xkb-utils 7.3+1
2010-04-24 19:26:54 status unpacked x11-xkb-utils 7.3+1
2010-04-24 19:26:54 status unpacked x11-xkb-utils 7.3+1
2010-04-24 19:26:54 install libxrandr2 <none> 2:1.2.2-1
2010-04-24 19:26:54 status half-installed libxrandr2 2:1.2.2-1
2010-04-24 19:26:54 status unpacked libxrandr2 2:1.2.2-1
2010-04-24 19:26:54 status unpacked libxrandr2 2:1.2.2-1
2010-04-24 19:26:54 install libxtrap6 <none> 2:1.0.0-4build1
2010-04-24 19:26:54 status half-installed libxtrap6 2:1.0.0-4build1
2010-04-24 19:26:54 status unpacked libxtrap6 2:1.0.0-4build1
2010-04-24 19:26:54 status unpacked libxtrap6 2:1.0.0-4build1
2010-04-24 19:26:54 install libxxf86misc1 <none> 1:1.0.1-2
2010-04-24 19:26:54 status half-installed libxxf86misc1 1:1.0.1-2
2010-04-24 19:26:54 status unpacked libxxf86misc1 1:1.0.1-2
2010-04-24 19:26:54 status unpacked libxxf86misc1 1:1.0.1-2
2010-04-24 19:26:54 install x11-xserver-utils <none> 7.3+2
2010-04-24 19:26:54 status half-installed x11-xserver-utils 7.3+2
2010-04-24 19:26:54 status unpacked x11-xserver-utils 7.3+2
2010-04-24 19:26:54 status unpacked x11-xserver-utils 7.3+2
2010-04-24 19:26:54 install xauth <none> 1:1.0.2-2
2010-04-24 19:26:54 status half-installed xauth 1:1.0.2-2
2010-04-24 19:26:54 status unpacked xauth 1:1.0.2-2
2010-04-24 19:26:54 status unpacked xauth 1:1.0.2-2
2010-04-24 19:26:54 install xinit <none> 1.0.7-2
2010-04-24 19:26:54 status half-installed xinit 1.0.7-2
2010-04-24 19:26:54 status unpacked xinit 1.0.7-2
2010-04-24 19:26:55 status unpacked xinit 1.0.7-2
2010-04-24 19:26:55 install dbus <none> 1.1.20-1ubuntu3.3
2010-04-24 19:26:55 status half-installed dbus 1.1.20-1ubuntu3.3
2010-04-24 19:26:55 status unpacked dbus 1.1.20-1ubuntu3.3
2010-04-24 19:26:55 status unpacked dbus 1.1.20-1ubuntu3.3
2010-04-24 19:26:55 install libdbus-glib-1-2 <none> 0.74-2
2010-04-24 19:26:55 status half-installed libdbus-glib-1-2 0.74-2
2010-04-24 19:26:55 status unpacked libdbus-glib-1-2 0.74-2
2010-04-24 19:26:55 status unpacked libdbus-glib-1-2 0.74-2
2010-04-24 19:26:55 install consolekit <none> 0.2.3-3ubuntu5
2010-04-24 19:26:55 status half-installed consolekit 0.2.3-3ubuntu5
2010-04-24 19:26:55 status unpacked consolekit 0.2.3-3ubuntu5
2010-04-24 19:26:55 status unpacked consolekit 0.2.3-3ubuntu5
2010-04-24 19:26:55 install esound-common <none> 0.2.38-0ubuntu9
2010-04-24 19:26:55 status half-installed esound-common 0.2.38-0ubuntu9
2010-04-24 19:26:55 status unpacked esound-common 0.2.38-0ubuntu9
2010-04-24 19:26:55 status unpacked esound-common 0.2.38-0ubuntu9
2010-04-24 19:26:55 install libatk1.0-0 <none> 1.22.0-0ubuntu1
2010-04-24 19:26:55 status half-installed libatk1.0-0 1.22.0-0ubuntu1
2010-04-24 19:26:55 status unpacked libatk1.0-0 1.22.0-0ubuntu1
2010-04-24 19:26:56 status unpacked libatk1.0-0 1.22.0-0ubuntu1
2010-04-24 19:26:56 install libpixman-1-0 <none> 0.10.0-0ubuntu1
2010-04-24 19:26:56 status half-installed libpixman-1-0 0.10.0-0ubuntu1
2010-04-24 19:26:56 status unpacked libpixman-1-0 0.10.0-0ubuntu1
2010-04-24 19:26:56 status unpacked libpixman-1-0 0.10.0-0ubuntu1
2010-04-24 19:26:56 install libcairo2 <none> 1.6.0-0ubuntu2
2010-04-24 19:26:56 status half-installed libcairo2 1.6.0-0ubuntu2
2010-04-24 19:26:56 status unpacked libcairo2 1.6.0-0ubuntu2
2010-04-24 19:26:56 status unpacked libcairo2 1.6.0-0ubuntu2
2010-04-24 19:26:56 install libcupsys2 <none> 1.3.7-1ubuntu3.9
2010-04-24 19:26:56 status half-installed libcupsys2 1.3.7-1ubuntu3.9
2010-04-24 19:26:56 status unpacked libcupsys2 1.3.7-1ubuntu3.9
2010-04-24 19:26:56 status unpacked libcupsys2 1.3.7-1ubuntu3.9
2010-04-24 19:26:56 install libgtk2.0-common <none> 2.12.9-3ubuntu5
2010-04-24 19:26:56 status half-installed libgtk2.0-common 2.12.9-3ubuntu5
2010-04-24 19:26:56 status unpacked libgtk2.0-common 2.12.9-3ubuntu5
2010-04-24 19:26:56 status unpacked libgtk2.0-common 2.12.9-3ubuntu5
2010-04-24 19:26:57 install libjpeg62 <none> 6b-14
2010-04-24 19:26:57 status half-installed libjpeg62 6b-14
2010-04-24 19:26:57 status unpacked libjpeg62 6b-14
2010-04-24 19:26:57 status unpacked libjpeg62 6b-14
2010-04-24 19:26:57 install libdatrie0 <none> 0.1.2-2
2010-04-24 19:26:57 status half-installed libdatrie0 0.1.2-2
2010-04-24 19:26:57 status unpacked libdatrie0 0.1.2-2
2010-04-24 19:26:57 status unpacked libdatrie0 0.1.2-2
2010-04-24 19:26:57 install fontconfig <none> 2.5.0-2ubuntu3
2010-04-24 19:26:57 status half-installed fontconfig 2.5.0-2ubuntu3
2010-04-24 19:26:57 status unpacked fontconfig 2.5.0-2ubuntu3
2010-04-24 19:26:57 status unpacked fontconfig 2.5.0-2ubuntu3
2010-04-24 19:26:57 install libpango1.0-common <none> 1.20.5-0ubuntu1.1
2010-04-24 19:26:57 status half-installed libpango1.0-common 1.20.5-0ubuntu1.1
2010-04-24 19:26:57 status unpacked libpango1.0-common 1.20.5-0ubuntu1.1
2010-04-24 19:26:57 status unpacked libpango1.0-common 1.20.5-0ubuntu1.1
2010-04-24 19:26:57 install libthai-data <none> 0.1.9-1ubuntu0.2
2010-04-24 19:26:57 status half-installed libthai-data 0.1.9-1ubuntu0.2
2010-04-24 19:26:57 status unpacked libthai-data 0.1.9-1ubuntu0.2
2010-04-24 19:26:57 status unpacked libthai-data 0.1.9-1ubuntu0.2
2010-04-24 19:26:57 install libthai0 <none> 0.1.9-1ubuntu0.2
2010-04-24 19:26:57 status half-installed libthai0 0.1.9-1ubuntu0.2
2010-04-24 19:26:57 status unpacked libthai0 0.1.9-1ubuntu0.2
2010-04-24 19:26:57 status unpacked libthai0 0.1.9-1ubuntu0.2
2010-04-24 19:26:57 install libpango1.0-0 <none> 1.20.5-0ubuntu1.1
2010-04-24 19:26:57 status half-installed libpango1.0-0 1.20.5-0ubuntu1.1
2010-04-24 19:26:57 status unpacked libpango1.0-0 1.20.5-0ubuntu1.1
2010-04-24 19:26:57 status unpacked libpango1.0-0 1.20.5-0ubuntu1.1
2010-04-24 19:26:57 install libtiff4 <none> 3.8.2-7ubuntu3.4
2010-04-24 19:26:57 status half-installed libtiff4 3.8.2-7ubuntu3.4
2010-04-24 19:26:57 status unpacked libtiff4 3.8.2-7ubuntu3.4
2010-04-24 19:26:57 status unpacked libtiff4 3.8.2-7ubuntu3.4
2010-04-24 19:26:58 install libxcomposite1 <none> 1:0.4.0-1
2010-04-24 19:26:58 status half-installed libxcomposite1 1:0.4.0-1
2010-04-24 19:26:58 status unpacked libxcomposite1 1:0.4.0-1
2010-04-24 19:26:58 status unpacked libxcomposite1 1:0.4.0-1
2010-04-24 19:26:58 install libgtk2.0-0 <none> 2.12.9-3ubuntu5
2010-04-24 19:26:58 status half-installed libgtk2.0-0 2.12.9-3ubuntu5
2010-04-24 19:26:58 status unpacked libgtk2.0-0 2.12.9-3ubuntu5
2010-04-24 19:26:58 status unpacked libgtk2.0-0 2.12.9-3ubuntu5
2010-04-24 19:26:58 install libhal1 <none> 0.5.11~rc2-1ubuntu8.3
2010-04-24 19:26:58 status half-installed libhal1 0.5.11~rc2-1ubuntu8.3
2010-04-24 19:26:59 status unpacked libhal1 0.5.11~rc2-1ubuntu8.3
2010-04-24 19:26:59 status unpacked libhal1 0.5.11~rc2-1ubuntu8.3
2010-04-24 19:26:59 install libhal-storage1 <none> 0.5.11~rc2-1ubuntu8.3
2010-04-24 19:26:59 status half-installed libhal-storage1 0.5.11~rc2-1ubuntu8.3
2010-04-24 19:26:59 status unpacked libhal-storage1 0.5.11~rc2-1ubuntu8.3
2010-04-24 19:26:59 status unpacked libhal-storage1 0.5.11~rc2-1ubuntu8.3
2010-04-24 19:26:59 install gnome-keyring <none> 2.22.2-0ubuntu1
2010-04-24 19:26:59 status half-installed gnome-keyring 2.22.2-0ubuntu1
2010-04-24 19:26:59 status unpacked gnome-keyring 2.22.2-0ubuntu1
2010-04-24 19:26:59 status unpacked gnome-keyring 2.22.2-0ubuntu1
2010-04-24 19:26:59 install libglade2-0 <none> 1:2.6.2-1
2010-04-24 19:26:59 status half-installed libglade2-0 1:2.6.2-1
2010-04-24 19:26:59 status unpacked libglade2-0 1:2.6.2-1
2010-04-24 19:26:59 status unpacked libglade2-0 1:2.6.2-1
2010-04-24 19:26:59 install libgnome-keyring0 <none> 2.22.2-0ubuntu1
2010-04-24 19:26:59 status half-installed libgnome-keyring0 2.22.2-0ubuntu1
2010-04-24 19:26:59 status unpacked libgnome-keyring0 2.22.2-0ubuntu1
2010-04-24 19:26:59 status unpacked libgnome-keyring0 2.22.2-0ubuntu1
2010-04-24 19:26:59 install libgtop2-common <none> 2.22.0-0ubuntu1
2010-04-24 19:26:59 status half-installed libgtop2-common 2.22.0-0ubuntu1
2010-04-24 19:26:59 status unpacked libgtop2-common 2.22.0-0ubuntu1
2010-04-24 19:26:59 status unpacked libgtop2-common 2.22.0-0ubuntu1
2010-04-24 19:26:59 install libgtop2-7 <none> 2.22.0-0ubuntu1
2010-04-24 19:26:59 status half-installed libgtop2-7 2.22.0-0ubuntu1
2010-04-24 19:26:59 status unpacked libgtop2-7 2.22.0-0ubuntu1
2010-04-24 19:26:59 status unpacked libgtop2-7 2.22.0-0ubuntu1
2010-04-24 19:26:59 install libstartup-notification0 <none> 0.9-1
2010-04-24 19:26:59 status half-installed libstartup-notification0 0.9-1
2010-04-24 19:27:00 status unpacked libstartup-notification0 0.9-1
2010-04-24 19:27:00 status unpacked libstartup-notification0 0.9-1
2010-04-24 19:27:00 install xbase-clients <none> 1:7.3+10ubuntu10.2
2010-04-24 19:27:00 status half-installed xbase-clients 1:7.3+10ubuntu10.2
2010-04-24 19:27:00 status unpacked xbase-clients 1:7.3+10ubuntu10.2
2010-04-24 19:27:00 status unpacked xbase-clients 1:7.3+10ubuntu10.2
2010-04-24 19:27:00 install libgksu2-0 <none> 2.0.5-1ubuntu5.2
2010-04-24 19:27:00 status half-installed libgksu2-0 2.0.5-1ubuntu5.2
2010-04-24 19:27:00 status unpacked libgksu2-0 2.0.5-1ubuntu5.2
2010-04-24 19:27:00 status unpacked libgksu2-0 2.0.5-1ubuntu5.2
2010-04-24 19:27:00 install gksu <none> 2.0.0-5ubuntu3.8.04.1
2010-04-24 19:27:00 status half-installed gksu 2.0.0-5ubuntu3.8.04.1
2010-04-24 19:27:00 status unpacked gksu 2.0.0-5ubuntu3.8.04.1
2010-04-24 19:27:00 status unpacked gksu 2.0.0-5ubuntu3.8.04.1
2010-04-24 19:27:00 install libbonobo2-common <none> 2.22.0-0ubuntu1
2010-04-24 19:27:00 status half-installed libbonobo2-common 2.22.0-0ubuntu1
2010-04-24 19:27:00 status unpacked libbonobo2-common 2.22.0-0ubuntu1
2010-04-24 19:27:00 status unpacked libbonobo2-common 2.22.0-0ubuntu1
2010-04-24 19:27:00 install libbonobo2-0 <none> 2.22.0-0ubuntu1
2010-04-24 19:27:00 status half-installed libbonobo2-0 2.22.0-0ubuntu1
2010-04-24 19:27:00 status unpacked libbonobo2-0 2.22.0-0ubuntu1
2010-04-24 19:27:00 status unpacked libbonobo2-0 2.22.0-0ubuntu1
2010-04-24 19:27:00 install libbonoboui2-common <none> 2.21.90-1
2010-04-24 19:27:00 status half-installed libbonoboui2-common 2.21.90-1
2010-04-24 19:27:01 status unpacked libbonoboui2-common 2.21.90-1
2010-04-24 19:27:01 status unpacked libbonoboui2-common 2.21.90-1
2010-04-24 19:27:01 install libaudiofile0 <none> 0.2.6-7ubuntu1.8.04.1
2010-04-24 19:27:01 status half-installed libaudiofile0 0.2.6-7ubuntu1.8.04.1
2010-04-24 19:27:01 status unpacked libaudiofile0 0.2.6-7ubuntu1.8.04.1
2010-04-24 19:27:01 status unpacked libaudiofile0 0.2.6-7ubuntu1.8.04.1
2010-04-24 19:27:01 install libasound2 <none> 1.0.15-3ubuntu4
2010-04-24 19:27:01 status half-installed libasound2 1.0.15-3ubuntu4
2010-04-24 19:27:01 status unpacked libasound2 1.0.15-3ubuntu4
2010-04-24 19:27:01 status unpacked libasound2 1.0.15-3ubuntu4
2010-04-24 19:27:01 install libesd-alsa0 <none> 0.2.38-0ubuntu9
2010-04-24 19:27:01 status half-installed libesd-alsa0 0.2.38-0ubuntu9
2010-04-24 19:27:01 status unpacked libesd-alsa0 0.2.38-0ubuntu9
2010-04-24 19:27:01 status unpacked libesd-alsa0 0.2.38-0ubuntu9
2010-04-24 19:27:01 install libgnome2-common <none> 2.22.0-0ubuntu1
2010-04-24 19:27:01 status half-installed libgnome2-common 2.22.0-0ubuntu1
2010-04-24 19:27:02 status unpacked libgnome2-common 2.22.0-0ubuntu1
2010-04-24 19:27:02 status unpacked libgnome2-common 2.22.0-0ubuntu1
2010-04-24 19:27:02 install libavahi-common-data <none> 0.6.22-2ubuntu4.1
2010-04-24 19:27:02 status half-installed libavahi-common-data 0.6.22-2ubuntu4.1
2010-04-24 19:27:02 status unpacked libavahi-common-data 0.6.22-2ubuntu4.1
2010-04-24 19:27:02 status unpacked libavahi-common-data 0.6.22-2ubuntu4.1
2010-04-24 19:27:02 install libavahi-common3 <none> 0.6.22-2ubuntu4.1
2010-04-24 19:27:02 status half-installed libavahi-common3 0.6.22-2ubuntu4.1
2010-04-24 19:27:02 status unpacked libavahi-common3 0.6.22-2ubuntu4.1
2010-04-24 19:27:02 status unpacked libavahi-common3 0.6.22-2ubuntu4.1
2010-04-24 19:27:02 install libavahi-client3 <none> 0.6.22-2ubuntu4.1
2010-04-24 19:27:02 status half-installed libavahi-client3 0.6.22-2ubuntu4.1
2010-04-24 19:27:02 status unpacked libavahi-client3 0.6.22-2ubuntu4.1
2010-04-24 19:27:02 status unpacked libavahi-client3 0.6.22-2ubuntu4.1
2010-04-24 19:27:03 install libavahi-glib1 <none> 0.6.22-2ubuntu4.1
2010-04-24 19:27:03 status half-installed libavahi-glib1 0.6.22-2ubuntu4.1
2010-04-24 19:27:03 status unpacked libavahi-glib1 0.6.22-2ubuntu4.1
2010-04-24 19:27:03 status unpacked libavahi-glib1 0.6.22-2ubuntu4.1
2010-04-24 19:27:03 install gamin <none> 0.1.9-2ubuntu2
2010-04-24 19:27:03 status half-installed gamin 0.1.9-2ubuntu2
2010-04-24 19:27:03 status unpacked gamin 0.1.9-2ubuntu2
2010-04-24 19:27:03 status unpacked gamin 0.1.9-2ubuntu2
2010-04-24 19:27:03 install libgamin0 <none> 0.1.9-2ubuntu2
2010-04-24 19:27:03 status half-installed libgamin0 0.1.9-2ubuntu2
2010-04-24 19:27:03 status unpacked libgamin0 0.1.9-2ubuntu2
2010-04-24 19:27:03 status unpacked libgamin0 0.1.9-2ubuntu2
2010-04-24 19:27:03 install gnome-mime-data <none> 2.18.0-1
2010-04-24 19:27:03 status half-installed gnome-mime-data 2.18.0-1
2010-04-24 19:27:03 status unpacked gnome-mime-data 2.18.0-1
2010-04-24 19:27:03 status unpacked gnome-mime-data 2.18.0-1
2010-04-24 19:27:03 install shared-mime-info <none> 0.23-5
2010-04-24 19:27:03 status half-installed shared-mime-info 0.23-5
2010-04-24 19:27:04 status unpacked shared-mime-info 0.23-5
2010-04-24 19:27:04 status unpacked shared-mime-info 0.23-5
2010-04-24 19:27:04 install libgnomevfs2-common <none> 1:2.22.0-2ubuntu1
2010-04-24 19:27:04 status half-installed libgnomevfs2-common 1:2.22.0-2ubuntu1
2010-04-24 19:27:04 status unpacked libgnomevfs2-common 1:2.22.0-2ubuntu1
2010-04-24 19:27:04 status unpacked libgnomevfs2-common 1:2.22.0-2ubuntu1
2010-04-24 19:27:04 install libgnomevfs2-0 <none> 1:2.22.0-2ubuntu1
2010-04-24 19:27:04 status half-installed libgnomevfs2-0 1:2.22.0-2ubuntu1
2010-04-24 19:27:04 status unpacked libgnomevfs2-0 1:2.22.0-2ubuntu1
2010-04-24 19:27:04 status unpacked libgnomevfs2-0 1:2.22.0-2ubuntu1
2010-04-24 19:27:04 install libgnome2-0 <none> 2.22.0-0ubuntu1
2010-04-24 19:27:04 status half-installed libgnome2-0 2.22.0-0ubuntu1
2010-04-24 19:27:05 status unpacked libgnome2-0 2.22.0-0ubuntu1
2010-04-24 19:27:05 status unpacked libgnome2-0 2.22.0-0ubuntu1
2010-04-24 19:27:05 install libgail18 <none> 1.22.1-0ubuntu1
2010-04-24 19:27:05 status half-installed libgail18 1.22.1-0ubuntu1
2010-04-24 19:27:05 status unpacked libgail18 1.22.1-0ubuntu1
2010-04-24 19:27:05 status unpacked libgail18 1.22.1-0ubuntu1
2010-04-24 19:27:05 install libgail-common <none> 1.22.1-0ubuntu1
2010-04-24 19:27:05 status half-installed libgail-common 1.22.1-0ubuntu1
2010-04-24 19:27:05 status unpacked libgail-common 1.22.1-0ubuntu1
2010-04-24 19:27:05 status unpacked libgail-common 1.22.1-0ubuntu1
2010-04-24 19:27:05 install libgnomecanvas2-common <none> 2.20.1.1-1
2010-04-24 19:27:05 status half-installed libgnomecanvas2-common 2.20.1.1-1
2010-04-24 19:27:05 status unpacked libgnomecanvas2-common 2.20.1.1-1
2010-04-24 19:27:05 status unpacked libgnomecanvas2-common 2.20.1.1-1
2010-04-24 19:27:05 install libgnomecanvas2-0 <none> 2.20.1.1-1
2010-04-24 19:27:05 status half-installed libgnomecanvas2-0 2.20.1.1-1
2010-04-24 19:27:05 status unpacked libgnomecanvas2-0 2.20.1.1-1
2010-04-24 19:27:05 status unpacked libgnomecanvas2-0 2.20.1.1-1
2010-04-24 19:27:05 install libbonoboui2-0 <none> 2.21.90-1
2010-04-24 19:27:05 status half-installed libbonoboui2-0 2.21.90-1
2010-04-24 19:27:05 status unpacked libbonoboui2-0 2.21.90-1
2010-04-24 19:27:05 status unpacked libbonoboui2-0 2.21.90-1
2010-04-24 19:27:06 install libgnomeui-common <none> 2.22.1.0-0ubuntu2
2010-04-24 19:27:06 status half-installed libgnomeui-common 2.22.1.0-0ubuntu2
2010-04-24 19:27:06 status unpacked libgnomeui-common 2.22.1.0-0ubuntu2
2010-04-24 19:27:06 status unpacked libgnomeui-common 2.22.1.0-0ubuntu2
2010-04-24 19:27:06 install libgnomeui-0 <none> 2.22.1.0-0ubuntu2
2010-04-24 19:27:06 status half-installed libgnomeui-0 2.22.1.0-0ubuntu2
2010-04-24 19:27:06 status unpacked libgnomeui-0 2.22.1.0-0ubuntu2
2010-04-24 19:27:06 status unpacked libgnomeui-0 2.22.1.0-0ubuntu2
2010-04-24 19:27:06 install firestarter <none> 1.0.3-6ubuntu3
2010-04-24 19:27:06 status half-installed firestarter 1.0.3-6ubuntu3
2010-04-24 19:27:07 status unpacked firestarter 1.0.3-6ubuntu3
2010-04-24 19:27:07 status unpacked firestarter 1.0.3-6ubuntu3
2010-04-24 19:27:07 startup packages configure
2010-04-24 19:27:07 configure gconf2-common 2.22.0-0ubuntu3 2.22.0-0ubuntu3
2010-04-24 19:27:07 status unpacked gconf2-common 2.22.0-0ubuntu3
2010-04-24 19:27:08 status unpacked gconf2-common 2.22.0-0ubuntu3
2010-04-24 19:27:08 status half-configured gconf2-common 2.22.0-0ubuntu3
2010-04-24 19:27:09 status installed gconf2-common 2.22.0-0ubuntu3
2010-04-24 19:27:09 configure libidl0 0.8.10-0.1 0.8.10-0.1
2010-04-24 19:27:09 status unpacked libidl0 0.8.10-0.1
2010-04-24 19:27:09 status half-configured libidl0 0.8.10-0.1
2010-04-24 19:27:09 status installed libidl0 0.8.10-0.1
2010-04-24 19:27:09 status triggers-pending libc6 2.7-10ubuntu5
2010-04-24 19:27:09 configure liborbit2 1:2.14.12-0.1 1:2.14.12-0.1
2010-04-24 19:27:09 status unpacked liborbit2 1:2.14.12-0.1
2010-04-24 19:27:09 status half-configured liborbit2 1:2.14.12-0.1
2010-04-24 19:27:09 status installed liborbit2 1:2.14.12-0.1
2010-04-24 19:27:09 configure libgconf2-4 2.22.0-0ubuntu3 2.22.0-0ubuntu3
2010-04-24 19:27:09 status unpacked libgconf2-4 2.22.0-0ubuntu3
2010-04-24 19:27:09 status half-configured libgconf2-4 2.22.0-0ubuntu3
2010-04-24 19:27:09 status installed libgconf2-4 2.22.0-0ubuntu3
2010-04-24 19:27:09 configure gconf2 2.22.0-0ubuntu3 2.22.0-0ubuntu3
2010-04-24 19:27:09 status unpacked gconf2 2.22.0-0ubuntu3
2010-04-24 19:27:09 status half-configured gconf2 2.22.0-0ubuntu3
2010-04-24 19:27:11 status installed gconf2 2.22.0-0ubuntu3
2010-04-24 19:27:11 configure libxfixes3 1:4.0.3-2 1:4.0.3-2
2010-04-24 19:27:11 status unpacked libxfixes3 1:4.0.3-2
2010-04-24 19:27:11 status half-configured libxfixes3 1:4.0.3-2
2010-04-24 19:27:11 status installed libxfixes3 1:4.0.3-2
2010-04-24 19:27:11 configure fontconfig-config 2.5.0-2ubuntu3 2.5.0-2ubuntu3
2010-04-24 19:27:11 status unpacked fontconfig-config 2.5.0-2ubuntu3
2010-04-24 19:27:11 status unpacked fontconfig-config 2.5.0-2ubuntu3
2010-04-24 19:27:11 status unpacked fontconfig-config 2.5.0-2ubuntu3
2010-04-24 19:27:11 status unpacked fontconfig-config 2.5.0-2ubuntu3
2010-04-24 19:27:11 status unpacked fontconfig-config 2.5.0-2ubuntu3
2010-04-24 19:27:11 status unpacked fontconfig-config 2.5.0-2ubuntu3
2010-04-24 19:27:11 status unpacked fontconfig-config 2.5.0-2ubuntu3
2010-04-24 19:27:11 status unpacked fontconfig-config 2.5.0-2ubuntu3
2010-04-24 19:27:11 status unpacked fontconfig-config 2.5.0-2ubuntu3
2010-04-24 19:27:11 status unpacked fontconfig-config 2.5.0-2ubuntu3
2010-04-24 19:27:11 status unpacked fontconfig-config 2.5.0-2ubuntu3
2010-04-24 19:27:11 status unpacked fontconfig-config 2.5.0-2ubuntu3
2010-04-24 19:27:11 status unpacked fontconfig-config 2.5.0-2ubuntu3
2010-04-24 19:27:11 status unpacked fontconfig-config 2.5.0-2ubuntu3
2010-04-24 19:27:11 status unpacked fontconfig-config 2.5.0-2ubuntu3
2010-04-24 19:27:11 status unpacked fontconfig-config 2.5.0-2ubuntu3
2010-04-24 19:27:11 status unpacked fontconfig-config 2.5.0-2ubuntu3
2010-04-24 19:27:11 status unpacked fontconfig-config 2.5.0-2ubuntu3
2010-04-24 19:27:11 status unpacked fontconfig-config 2.5.0-2ubuntu3
2010-04-24 19:27:11 status unpacked fontconfig-config 2.5.0-2ubuntu3
2010-04-24 19:27:11 status unpacked fontconfig-config 2.5.0-2ubuntu3
2010-04-24 19:27:11 status unpacked fontconfig-config 2.5.0-2ubuntu3
2010-04-24 19:27:11 status unpacked fontconfig-config 2.5.0-2ubuntu3
2010-04-24 19:27:11 status unpacked fontconfig-config 2.5.0-2ubuntu3
2010-04-24 19:27:11 status unpacked fontconfig-config 2.5.0-2ubuntu3
2010-04-24 19:27:11 status unpacked fontconfig-config 2.5.0-2ubuntu3
2010-04-24 19:27:11 status unpacked fontconfig-config 2.5.0-2ubuntu3
2010-04-24 19:27:11 status unpacked fontconfig-config 2.5.0-2ubuntu3
2010-04-24 19:27:11 status unpacked fontconfig-config 2.5.0-2ubuntu3
2010-04-24 19:27:11 status unpacked fontconfig-config 2.5.0-2ubuntu3
2010-04-24 19:27:11 status unpacked fontconfig-config 2.5.0-2ubuntu3
2010-04-24 19:27:11 status unpacked fontconfig-config 2.5.0-2ubuntu3
2010-04-24 19:27:11 status unpacked fontconfig-config 2.5.0-2ubuntu3
2010-04-24 19:27:11 status unpacked fontconfig-config 2.5.0-2ubuntu3
2010-04-24 19:27:11 status unpacked fontconfig-config 2.5.0-2ubuntu3
2010-04-24 19:27:11 status unpacked fontconfig-config 2.5.0-2ubuntu3
2010-04-24 19:27:11 status half-configured fontconfig-config 2.5.0-2ubuntu3
2010-04-24 19:27:11 status installed fontconfig-config 2.5.0-2ubuntu3
2010-04-24 19:27:11 configure libfontconfig1 2.5.0-2ubuntu3 2.5.0-2ubuntu3
2010-04-24 19:27:11 status unpacked libfontconfig1 2.5.0-2ubuntu3
2010-04-24 19:27:11 status half-configured libfontconfig1 2.5.0-2ubuntu3
2010-04-24 19:27:12 status installed libfontconfig1 2.5.0-2ubuntu3
2010-04-24 19:27:12 configure libxrender1 1:0.9.4-1 1:0.9.4-1
2010-04-24 19:27:12 status unpacked libxrender1 1:0.9.4-1
2010-04-24 19:27:12 status half-configured libxrender1 1:0.9.4-1
2010-04-24 19:27:12 status installed libxrender1 1:0.9.4-1
2010-04-24 19:27:12 configure libxft2 2.1.12-2ubuntu5 2.1.12-2ubuntu5
2010-04-24 19:27:12 status unpacked libxft2 2.1.12-2ubuntu5
2010-04-24 19:27:12 status half-configured libxft2 2.1.12-2ubuntu5
2010-04-24 19:27:12 status installed libxft2 2.1.12-2ubuntu5
2010-04-24 19:27:12 configure libice6 2:1.0.4-1 2:1.0.4-1
2010-04-24 19:27:12 status unpacked libice6 2:1.0.4-1
2010-04-24 19:27:12 status half-configured libice6 2:1.0.4-1
2010-04-24 19:27:12 status installed libice6 2:1.0.4-1
2010-04-24 19:27:12 configure libsm6 2:1.0.3-1 2:1.0.3-1
2010-04-24 19:27:12 status unpacked libsm6 2:1.0.3-1
2010-04-24 19:27:12 status half-configured libsm6 2:1.0.3-1
2010-04-24 19:27:12 status installed libsm6 2:1.0.3-1
2010-04-24 19:27:12 configure libxt6 1:1.0.5-3 1:1.0.5-3
2010-04-24 19:27:12 status unpacked libxt6 1:1.0.5-3
2010-04-24 19:27:12 status half-configured libxt6 1:1.0.5-3
2010-04-24 19:27:12 status installed libxt6 1:1.0.5-3
2010-04-24 19:27:12 configure libxext6 2:1.0.3-2build1 2:1.0.3-2build1
2010-04-24 19:27:12 status unpacked libxext6 2:1.0.3-2build1
2010-04-24 19:27:12 status half-configured libxext6 2:1.0.3-2build1
2010-04-24 19:27:12 status installed libxext6 2:1.0.3-2build1
2010-04-24 19:27:12 configure libxmu6 2:1.0.4-1 2:1.0.4-1
2010-04-24 19:27:12 status unpacked libxmu6 2:1.0.4-1
2010-04-24 19:27:12 status half-configured libxmu6 2:1.0.4-1
2010-04-24 19:27:12 status installed libxmu6 2:1.0.4-1
2010-04-24 19:27:12 configure libxpm4 1:3.5.7-1 1:3.5.7-1
2010-04-24 19:27:12 status unpacked libxpm4 1:3.5.7-1
2010-04-24 19:27:12 status half-configured libxpm4 1:3.5.7-1
2010-04-24 19:27:12 status installed libxpm4 1:3.5.7-1
2010-04-24 19:27:12 configure libxaw7 2:1.0.4-1 2:1.0.4-1
2010-04-24 19:27:12 status unpacked libxaw7 2:1.0.4-1
2010-04-24 19:27:12 status half-configured libxaw7 2:1.0.4-1
2010-04-24 19:27:12 status installed libxaw7 2:1.0.4-1
2010-04-24 19:27:12 configure libxcursor1 1:1.1.9-1 1:1.1.9-1
2010-04-24 19:27:12 status unpacked libxcursor1 1:1.1.9-1
2010-04-24 19:27:12 status half-configured libxcursor1 1:1.1.9-1
2010-04-24 19:27:12 status installed libxcursor1 1:1.1.9-1
2010-04-24 19:27:12 configure libxkbfile1 1:1.0.4-1 1:1.0.4-1
2010-04-24 19:27:12 status unpacked libxkbfile1 1:1.0.4-1
2010-04-24 19:27:12 status half-configured libxkbfile1 1:1.0.4-1
2010-04-24 19:27:12 status installed libxkbfile1 1:1.0.4-1
2010-04-24 19:27:12 configure libxmuu1 2:1.0.4-1 2:1.0.4-1
2010-04-24 19:27:12 status unpacked libxmuu1 2:1.0.4-1
2010-04-24 19:27:12 status half-configured libxmuu1 2:1.0.4-1
2010-04-24 19:27:12 status installed libxmuu1 2:1.0.4-1
2010-04-24 19:27:12 configure x11-apps 7.3+1 7.3+1
2010-04-24 19:27:12 status unpacked x11-apps 7.3+1
2010-04-24 19:27:12 status unpacked x11-apps 7.3+1
2010-04-24 19:27:12 status unpacked x11-apps 7.3+1
2010-04-24 19:27:12 status unpacked x11-apps 7.3+1
2010-04-24 19:27:12 status unpacked x11-apps 7.3+1
2010-04-24 19:27:12 status unpacked x11-apps 7.3+1
2010-04-24 19:27:12 status unpacked x11-apps 7.3+1
2010-04-24 19:27:12 status unpacked x11-apps 7.3+1
2010-04-24 19:27:12 status unpacked x11-apps 7.3+1
2010-04-24 19:27:12 status unpacked x11-apps 7.3+1
2010-04-24 19:27:12 status unpacked x11-apps 7.3+1
2010-04-24 19:27:12 status unpacked x11-apps 7.3+1
2010-04-24 19:27:12 status unpacked x11-apps 7.3+1
2010-04-24 19:27:12 status unpacked x11-apps 7.3+1
2010-04-24 19:27:12 status unpacked x11-apps 7.3+1
2010-04-24 19:27:12 status unpacked x11-apps 7.3+1
2010-04-24 19:27:12 status unpacked x11-apps 7.3+1
2010-04-24 19:27:12 status unpacked x11-apps 7.3+1
2010-04-24 19:27:12 status half-configured x11-apps 7.3+1
2010-04-24 19:27:12 status installed x11-apps 7.3+1
2010-04-24 19:27:12 configure x11-session-utils 7.3+1 7.3+1
2010-04-24 19:27:12 status unpacked x11-session-utils 7.3+1
2010-04-24 19:27:12 status unpacked x11-session-utils 7.3+1
2010-04-24 19:27:13 status half-configured x11-session-utils 7.3+1
2010-04-24 19:27:13 status installed x11-session-utils 7.3+1
2010-04-24 19:27:13 configure libfontenc1 1:1.0.4-2 1:1.0.4-2
2010-04-24 19:27:13 status unpacked libfontenc1 1:1.0.4-2
2010-04-24 19:27:13 status half-configured libfontenc1 1:1.0.4-2
2010-04-24 19:27:13 status installed libfontenc1 1:1.0.4-2
2010-04-24 19:27:13 configure libdrm2 2.3.0-4ubuntu1 2.3.0-4ubuntu1
2010-04-24 19:27:13 status unpacked libdrm2 2.3.0-4ubuntu1
2010-04-24 19:27:13 status half-configured libdrm2 2.3.0-4ubuntu1
2010-04-24 19:27:13 status installed libdrm2 2.3.0-4ubuntu1
2010-04-24 19:27:13 configure libxdamage1 1:1.1.1-3 1:1.1.1-3
2010-04-24 19:27:13 status unpacked libxdamage1 1:1.1.1-3
2010-04-24 19:27:13 status half-configured libxdamage1 1:1.1.1-3
2010-04-24 19:27:13 status installed libxdamage1 1:1.1.1-3
2010-04-24 19:27:13 configure libxxf86vm1 1:1.0.1-2 1:1.0.1-2
2010-04-24 19:27:13 status unpacked libxxf86vm1 1:1.0.1-2
2010-04-24 19:27:13 status half-configured libxxf86vm1 1:1.0.1-2
2010-04-24 19:27:13 status installed libxxf86vm1 1:1.0.1-2
2010-04-24 19:27:13 configure libgl1-mesa-glx 7.0.3~rc2-1ubuntu3 7.0.3~rc2-1ubuntu3
2010-04-24 19:27:13 status unpacked libgl1-mesa-glx 7.0.3~rc2-1ubuntu3
2010-04-24 19:27:13 status half-configured libgl1-mesa-glx 7.0.3~rc2-1ubuntu3
2010-04-24 19:27:13 status installed libgl1-mesa-glx 7.0.3~rc2-1ubuntu3
2010-04-24 19:27:13 configure libxi6 2:1.1.3-1 2:1.1.3-1
2010-04-24 19:27:13 status unpacked libxi6 2:1.1.3-1
2010-04-24 19:27:13 status half-configured libxi6 2:1.1.3-1
2010-04-24 19:27:13 status installed libxi6 2:1.1.3-1
2010-04-24 19:27:13 configure libxinerama1 2:1.0.2-1build1 2:1.0.2-1build1
2010-04-24 19:27:13 status unpacked libxinerama1 2:1.0.2-1build1
2010-04-24 19:27:13 status half-configured libxinerama1 2:1.0.2-1build1
2010-04-24 19:27:13 status installed libxinerama1 2:1.0.2-1build1
2010-04-24 19:27:13 configure libxtst6 2:1.0.3-1 2:1.0.3-1
2010-04-24 19:27:13 status unpacked libxtst6 2:1.0.3-1
2010-04-24 19:27:13 status half-configured libxtst6 2:1.0.3-1
2010-04-24 19:27:13 status installed libxtst6 2:1.0.3-1
2010-04-24 19:27:13 configure libxv1 2:1.0.3-1ubuntu1 2:1.0.3-1ubuntu1
2010-04-24 19:27:13 status unpacked libxv1 2:1.0.3-1ubuntu1
2010-04-24 19:27:13 status half-configured libxv1 2:1.0.3-1ubuntu1
2010-04-24 19:27:13 status installed libxv1 2:1.0.3-1ubuntu1
2010-04-24 19:27:13 configure libxxf86dga1 2:1.0.2-1 2:1.0.2-1
2010-04-24 19:27:13 status unpacked libxxf86dga1 2:1.0.2-1
2010-04-24 19:27:14 status half-configured libxxf86dga1 2:1.0.2-1
2010-04-24 19:27:14 status installed libxxf86dga1 2:1.0.2-1
2010-04-24 19:27:14 configure x11-utils 7.3+1 7.3+1
2010-04-24 19:27:14 status unpacked x11-utils 7.3+1
2010-04-24 19:27:14 status unpacked x11-utils 7.3+1
2010-04-24 19:27:14 status unpacked x11-utils 7.3+1
2010-04-24 19:27:14 status unpacked x11-utils 7.3+1
2010-04-24 19:27:14 status unpacked x11-utils 7.3+1
2010-04-24 19:27:14 status unpacked x11-utils 7.3+1
2010-04-24 19:27:14 status unpacked x11-utils 7.3+1
2010-04-24 19:27:14 status unpacked x11-utils 7.3+1
2010-04-24 19:27:14 status half-configured x11-utils 7.3+1
2010-04-24 19:27:14 status installed x11-utils 7.3+1
2010-04-24 19:27:14 configure libfs6 2:1.0.0-4ubuntu2 2:1.0.0-4ubuntu2
2010-04-24 19:27:14 status unpacked libfs6 2:1.0.0-4ubuntu2
2010-04-24 19:27:14 status half-configured libfs6 2:1.0.0-4ubuntu2
2010-04-24 19:27:14 status installed libfs6 2:1.0.0-4ubuntu2
2010-04-24 19:27:14 configure x11-xfs-utils 7.3+1 7.3+1
2010-04-24 19:27:14 status unpacked x11-xfs-utils 7.3+1
2010-04-24 19:27:14 status half-configured x11-xfs-utils 7.3+1
2010-04-24 19:27:14 status installed x11-xfs-utils 7.3+1
2010-04-24 19:27:14 configure x11-xkb-utils 7.3+1 7.3+1
2010-04-24 19:27:14 status unpacked x11-xkb-utils 7.3+1
2010-04-24 19:27:14 status half-configured x11-xkb-utils 7.3+1
2010-04-24 19:27:14 status installed x11-xkb-utils 7.3+1
2010-04-24 19:27:14 configure libxrandr2 2:1.2.2-1 2:1.2.2-1
2010-04-24 19:27:14 status unpacked libxrandr2 2:1.2.2-1
2010-04-24 19:27:14 status half-configured libxrandr2 2:1.2.2-1
2010-04-24 19:27:14 status installed libxrandr2 2:1.2.2-1
2010-04-24 19:27:14 configure libxtrap6 2:1.0.0-4build1 2:1.0.0-4build1
2010-04-24 19:27:14 status unpacked libxtrap6 2:1.0.0-4build1
2010-04-24 19:27:14 status half-configured libxtrap6 2:1.0.0-4build1
2010-04-24 19:27:14 status installed libxtrap6 2:1.0.0-4build1
2010-04-24 19:27:14 configure libxxf86misc1 1:1.0.1-2 1:1.0.1-2
2010-04-24 19:27:14 status unpacked libxxf86misc1 1:1.0.1-2
2010-04-24 19:27:14 status half-configured libxxf86misc1 1:1.0.1-2
2010-04-24 19:27:14 status installed libxxf86misc1 1:1.0.1-2
2010-04-24 19:27:14 configure x11-xserver-utils 7.3+2 7.3+2
2010-04-24 19:27:14 status unpacked x11-xserver-utils 7.3+2
2010-04-24 19:27:14 status unpacked x11-xserver-utils 7.3+2
2010-04-24 19:27:14 status half-configured x11-xserver-utils 7.3+2
2010-04-24 19:27:14 status installed x11-xserver-utils 7.3+2
2010-04-24 19:27:14 configure xauth 1:1.0.2-2 1:1.0.2-2
2010-04-24 19:27:14 status unpacked xauth 1:1.0.2-2
2010-04-24 19:27:14 status half-configured xauth 1:1.0.2-2
2010-04-24 19:27:14 status installed xauth 1:1.0.2-2
2010-04-24 19:27:15 configure xinit 1.0.7-2 1.0.7-2
2010-04-24 19:27:15 status unpacked xinit 1.0.7-2
2010-04-24 19:27:15 status unpacked xinit 1.0.7-2
2010-04-24 19:27:15 status unpacked xinit 1.0.7-2
2010-04-24 19:27:15 status half-configured xinit 1.0.7-2
2010-04-24 19:27:15 status installed xinit 1.0.7-2
2010-04-24 19:27:15 configure libdbus-glib-1-2 0.74-2 0.74-2
2010-04-24 19:27:15 status unpacked libdbus-glib-1-2 0.74-2
2010-04-24 19:27:15 status half-configured libdbus-glib-1-2 0.74-2
2010-04-24 19:27:15 status installed libdbus-glib-1-2 0.74-2
2010-04-24 19:27:15 configure esound-common 0.2.38-0ubuntu9 0.2.38-0ubuntu9
2010-04-24 19:27:15 status unpacked esound-common 0.2.38-0ubuntu9
2010-04-24 19:27:15 status unpacked esound-common 0.2.38-0ubuntu9
2010-04-24 19:27:15 status half-configured esound-common 0.2.38-0ubuntu9
2010-04-24 19:27:15 status installed esound-common 0.2.38-0ubuntu9
2010-04-24 19:27:15 configure libatk1.0-0 1.22.0-0ubuntu1 1.22.0-0ubuntu1
2010-04-24 19:27:15 status unpacked libatk1.0-0 1.22.0-0ubuntu1
2010-04-24 19:27:15 status half-configured libatk1.0-0 1.22.0-0ubuntu1
2010-04-24 19:27:15 status installed libatk1.0-0 1.22.0-0ubuntu1
2010-04-24 19:27:15 configure libpixman-1-0 0.10.0-0ubuntu1 0.10.0-0ubuntu1
2010-04-24 19:27:15 status unpacked libpixman-1-0 0.10.0-0ubuntu1
2010-04-24 19:27:15 status half-configured libpixman-1-0 0.10.0-0ubuntu1
2010-04-24 19:27:15 status installed libpixman-1-0 0.10.0-0ubuntu1
2010-04-24 19:27:15 configure libcairo2 1.6.0-0ubuntu2 1.6.0-0ubuntu2
2010-04-24 19:27:15 status unpacked libcairo2 1.6.0-0ubuntu2
2010-04-24 19:27:15 status half-configured libcairo2 1.6.0-0ubuntu2
2010-04-24 19:27:15 status installed libcairo2 1.6.0-0ubuntu2
2010-04-24 19:27:15 configure libcupsys2 1.3.7-1ubuntu3.9 1.3.7-1ubuntu3.9
2010-04-24 19:27:15 status unpacked libcupsys2 1.3.7-1ubuntu3.9
2010-04-24 19:27:15 status half-configured libcupsys2 1.3.7-1ubuntu3.9
2010-04-24 19:27:15 status installed libcupsys2 1.3.7-1ubuntu3.9
2010-04-24 19:27:15 configure libgtk2.0-common 2.12.9-3ubuntu5 2.12.9-3ubuntu5
2010-04-24 19:27:15 status unpacked libgtk2.0-common 2.12.9-3ubuntu5
2010-04-24 19:27:15 status half-configured libgtk2.0-common 2.12.9-3ubuntu5
2010-04-24 19:27:15 status installed libgtk2.0-common 2.12.9-3ubuntu5
2010-04-24 19:27:15 configure libjpeg62 6b-14 6b-14
2010-04-24 19:27:15 status unpacked libjpeg62 6b-14
2010-04-24 19:27:15 status half-configured libjpeg62 6b-14
2010-04-24 19:27:15 status installed libjpeg62 6b-14
2010-04-24 19:27:15 configure libdatrie0 0.1.2-2 0.1.2-2
2010-04-24 19:27:15 status unpacked libdatrie0 0.1.2-2
2010-04-24 19:27:15 status half-configured libdatrie0 0.1.2-2
2010-04-24 19:27:15 status installed libdatrie0 0.1.2-2
2010-04-24 19:27:15 configure fontconfig 2.5.0-2ubuntu3 2.5.0-2ubuntu3
2010-04-24 19:27:15 status unpacked fontconfig 2.5.0-2ubuntu3
2010-04-24 19:27:15 status half-configured fontconfig 2.5.0-2ubuntu3
2010-04-24 19:27:26 status installed fontconfig 2.5.0-2ubuntu3
2010-04-24 19:27:26 configure libpango1.0-common 1.20.5-0ubuntu1.1 1.20.5-0ubuntu1.1
2010-04-24 19:27:26 status unpacked libpango1.0-common 1.20.5-0ubuntu1.1
2010-04-24 19:27:26 status unpacked libpango1.0-common 1.20.5-0ubuntu1.1
2010-04-24 19:27:26 status half-configured libpango1.0-common 1.20.5-0ubuntu1.1
2010-04-24 19:27:27 status installed libpango1.0-common 1.20.5-0ubuntu1.1
2010-04-24 19:27:27 configure libthai-data 0.1.9-1ubuntu0.2 0.1.9-1ubuntu0.2
2010-04-24 19:27:27 status unpacked libthai-data 0.1.9-1ubuntu0.2
2010-04-24 19:27:27 status half-configured libthai-data 0.1.9-1ubuntu0.2
2010-04-24 19:27:27 status installed libthai-data 0.1.9-1ubuntu0.2
2010-04-24 19:27:27 configure libthai0 0.1.9-1ubuntu0.2 0.1.9-1ubuntu0.2
2010-04-24 19:27:27 status unpacked libthai0 0.1.9-1ubuntu0.2
2010-04-24 19:27:27 status half-configured libthai0 0.1.9-1ubuntu0.2
2010-04-24 19:27:27 status installed libthai0 0.1.9-1ubuntu0.2
2010-04-24 19:27:27 configure libpango1.0-0 1.20.5-0ubuntu1.1 1.20.5-0ubuntu1.1
2010-04-24 19:27:27 status unpacked libpango1.0-0 1.20.5-0ubuntu1.1
2010-04-24 19:27:27 status half-configured libpango1.0-0 1.20.5-0ubuntu1.1
2010-04-24 19:27:27 status installed libpango1.0-0 1.20.5-0ubuntu1.1
2010-04-24 19:27:27 configure libtiff4 3.8.2-7ubuntu3.4 3.8.2-7ubuntu3.4
2010-04-24 19:27:27 status unpacked libtiff4 3.8.2-7ubuntu3.4
2010-04-24 19:27:27 status half-configured libtiff4 3.8.2-7ubuntu3.4
2010-04-24 19:27:27 status installed libtiff4 3.8.2-7ubuntu3.4
2010-04-24 19:27:27 configure libxcomposite1 1:0.4.0-1 1:0.4.0-1
2010-04-24 19:27:27 status unpacked libxcomposite1 1:0.4.0-1
2010-04-24 19:27:27 status half-configured libxcomposite1 1:0.4.0-1
2010-04-24 19:27:27 status installed libxcomposite1 1:0.4.0-1
2010-04-24 19:27:27 configure libgtk2.0-0 2.12.9-3ubuntu5 2.12.9-3ubuntu5
2010-04-24 19:27:27 status unpacked libgtk2.0-0 2.12.9-3ubuntu5
2010-04-24 19:27:27 status unpacked libgtk2.0-0 2.12.9-3ubuntu5
2010-04-24 19:27:27 status half-configured libgtk2.0-0 2.12.9-3ubuntu5
2010-04-24 19:27:27 status installed libgtk2.0-0 2.12.9-3ubuntu5
2010-04-24 19:27:27 configure libhal1 0.5.11~rc2-1ubuntu8.3 0.5.11~rc2-1ubuntu8.3
2010-04-24 19:27:27 status unpacked libhal1 0.5.11~rc2-1ubuntu8.3
2010-04-24 19:27:27 status half-configured libhal1 0.5.11~rc2-1ubuntu8.3
2010-04-24 19:27:27 status installed libhal1 0.5.11~rc2-1ubuntu8.3
2010-04-24 19:27:27 configure libhal-storage1 0.5.11~rc2-1ubuntu8.3 0.5.11~rc2-1ubuntu8.3
2010-04-24 19:27:27 status unpacked libhal-storage1 0.5.11~rc2-1ubuntu8.3
2010-04-24 19:27:27 status half-configured libhal-storage1 0.5.11~rc2-1ubuntu8.3
2010-04-24 19:27:27 status installed libhal-storage1 0.5.11~rc2-1ubuntu8.3
2010-04-24 19:27:27 configure gnome-keyring 2.22.2-0ubuntu1 2.22.2-0ubuntu1
2010-04-24 19:27:27 status unpacked gnome-keyring 2.22.2-0ubuntu1
2010-04-24 19:27:28 status half-configured gnome-keyring 2.22.2-0ubuntu1
2010-04-24 19:27:28 status installed gnome-keyring 2.22.2-0ubuntu1
2010-04-24 19:27:28 configure libglade2-0 1:2.6.2-1 1:2.6.2-1
2010-04-24 19:27:28 status unpacked libglade2-0 1:2.6.2-1
2010-04-24 19:27:28 status half-configured libglade2-0 1:2.6.2-1
2010-04-24 19:27:28 status installed libglade2-0 1:2.6.2-1
2010-04-24 19:27:28 configure libgnome-keyring0 2.22.2-0ubuntu1 2.22.2-0ubuntu1
2010-04-24 19:27:28 status unpacked libgnome-keyring0 2.22.2-0ubuntu1
2010-04-24 19:27:28 status half-configured libgnome-keyring0 2.22.2-0ubuntu1
2010-04-24 19:27:28 status installed libgnome-keyring0 2.22.2-0ubuntu1
2010-04-24 19:27:29 configure libgtop2-common 2.22.0-0ubuntu1 2.22.0-0ubuntu1
2010-04-24 19:27:29 status unpacked libgtop2-common 2.22.0-0ubuntu1
2010-04-24 19:27:29 status half-configured libgtop2-common 2.22.0-0ubuntu1
2010-04-24 19:27:29 status installed libgtop2-common 2.22.0-0ubuntu1
2010-04-24 19:27:29 configure libgtop2-7 2.22.0-0ubuntu1 2.22.0-0ubuntu1
2010-04-24 19:27:29 status unpacked libgtop2-7 2.22.0-0ubuntu1
2010-04-24 19:27:29 status half-configured libgtop2-7 2.22.0-0ubuntu1
2010-04-24 19:27:29 status installed libgtop2-7 2.22.0-0ubuntu1
2010-04-24 19:27:29 configure libstartup-notification0 0.9-1 0.9-1
2010-04-24 19:27:29 status unpacked libstartup-notification0 0.9-1
2010-04-24 19:27:29 status half-configured libstartup-notification0 0.9-1
2010-04-24 19:27:29 status installed libstartup-notification0 0.9-1
2010-04-24 19:27:29 configure xbase-clients 1:7.3+10ubuntu10.2 1:7.3+10ubuntu10.2
2010-04-24 19:27:29 status unpacked xbase-clients 1:7.3+10ubuntu10.2
2010-04-24 19:27:29 status half-configured xbase-clients 1:7.3+10ubuntu10.2
2010-04-24 19:27:29 status installed xbase-clients 1:7.3+10ubuntu10.2
2010-04-24 19:27:29 configure libgksu2-0 2.0.5-1ubuntu5.2 2.0.5-1ubuntu5.2
2010-04-24 19:27:29 status unpacked libgksu2-0 2.0.5-1ubuntu5.2
2010-04-24 19:27:29 status half-configured libgksu2-0 2.0.5-1ubuntu5.2
2010-04-24 19:27:29 status installed libgksu2-0 2.0.5-1ubuntu5.2
2010-04-24 19:27:29 configure gksu 2.0.0-5ubuntu3.8.04.1 2.0.0-5ubuntu3.8.04.1
2010-04-24 19:27:29 status unpacked gksu 2.0.0-5ubuntu3.8.04.1
2010-04-24 19:27:29 status half-configured gksu 2.0.0-5ubuntu3.8.04.1
2010-04-24 19:27:29 status installed gksu 2.0.0-5ubuntu3.8.04.1
2010-04-24 19:27:29 configure libbonobo2-common 2.22.0-0ubuntu1 2.22.0-0ubuntu1
2010-04-24 19:27:29 status unpacked libbonobo2-common 2.22.0-0ubuntu1
2010-04-24 19:27:29 status unpacked libbonobo2-common 2.22.0-0ubuntu1
2010-04-24 19:27:29 status half-configured libbonobo2-common 2.22.0-0ubuntu1
2010-04-24 19:27:29 status installed libbonobo2-common 2.22.0-0ubuntu1
2010-04-24 19:27:29 configure libbonobo2-0 2.22.0-0ubuntu1 2.22.0-0ubuntu1
2010-04-24 19:27:29 status unpacked libbonobo2-0 2.22.0-0ubuntu1
2010-04-24 19:27:29 status half-configured libbonobo2-0 2.22.0-0ubuntu1
2010-04-24 19:27:29 status installed libbonobo2-0 2.22.0-0ubuntu1
2010-04-24 19:27:29 configure libbonoboui2-common 2.21.90-1 2.21.90-1
2010-04-24 19:27:29 status unpacked libbonoboui2-common 2.21.90-1
2010-04-24 19:27:29 status half-configured libbonoboui2-common 2.21.90-1
2010-04-24 19:27:29 status installed libbonoboui2-common 2.21.90-1
2010-04-24 19:27:29 configure libaudiofile0 0.2.6-7ubuntu1.8.04.1 0.2.6-7ubuntu1.8.04.1
2010-04-24 19:27:29 status unpacked libaudiofile0 0.2.6-7ubuntu1.8.04.1
2010-04-24 19:27:30 status half-configured libaudiofile0 0.2.6-7ubuntu1.8.04.1
2010-04-24 19:27:30 status installed libaudiofile0 0.2.6-7ubuntu1.8.04.1
2010-04-24 19:27:30 configure libasound2 1.0.15-3ubuntu4 1.0.15-3ubuntu4
2010-04-24 19:27:30 status unpacked libasound2 1.0.15-3ubuntu4
2010-04-24 19:27:30 status half-configured libasound2 1.0.15-3ubuntu4
2010-04-24 19:27:30 status installed libasound2 1.0.15-3ubuntu4
2010-04-24 19:27:30 configure libesd-alsa0 0.2.38-0ubuntu9 0.2.38-0ubuntu9
2010-04-24 19:27:30 status unpacked libesd-alsa0 0.2.38-0ubuntu9
2010-04-24 19:27:30 status half-configured libesd-alsa0 0.2.38-0ubuntu9
2010-04-24 19:27:30 status installed libesd-alsa0 0.2.38-0ubuntu9
2010-04-24 19:27:30 configure libgnome2-common 2.22.0-0ubuntu1 2.22.0-0ubuntu1
2010-04-24 19:27:30 status unpacked libgnome2-common 2.22.0-0ubuntu1
2010-04-24 19:27:30 status unpacked libgnome2-common 2.22.0-0ubuntu1
2010-04-24 19:27:30 status unpacked libgnome2-common 2.22.0-0ubuntu1
2010-04-24 19:27:30 status half-configured libgnome2-common 2.22.0-0ubuntu1
2010-04-24 19:27:31 status installed libgnome2-common 2.22.0-0ubuntu1
2010-04-24 19:27:31 configure libavahi-common-data 0.6.22-2ubuntu4.1 0.6.22-2ubuntu4.1
2010-04-24 19:27:31 status unpacked libavahi-common-data 0.6.22-2ubuntu4.1
2010-04-24 19:27:31 status half-configured libavahi-common-data 0.6.22-2ubuntu4.1
2010-04-24 19:27:31 status installed libavahi-common-data 0.6.22-2ubuntu4.1
2010-04-24 19:27:31 configure libavahi-common3 0.6.22-2ubuntu4.1 0.6.22-2ubuntu4.1
2010-04-24 19:27:31 status unpacked libavahi-common3 0.6.22-2ubuntu4.1
2010-04-24 19:27:31 status half-configured libavahi-common3 0.6.22-2ubuntu4.1
2010-04-24 19:27:31 status installed libavahi-common3 0.6.22-2ubuntu4.1
2010-04-24 19:27:31 configure libavahi-client3 0.6.22-2ubuntu4.1 0.6.22-2ubuntu4.1
2010-04-24 19:27:31 status unpacked libavahi-client3 0.6.22-2ubuntu4.1
2010-04-24 19:27:31 status half-configured libavahi-client3 0.6.22-2ubuntu4.1
2010-04-24 19:27:31 status installed libavahi-client3 0.6.22-2ubuntu4.1
2010-04-24 19:27:31 configure libavahi-glib1 0.6.22-2ubuntu4.1 0.6.22-2ubuntu4.1
2010-04-24 19:27:31 status unpacked libavahi-glib1 0.6.22-2ubuntu4.1
2010-04-24 19:27:31 status half-configured libavahi-glib1 0.6.22-2ubuntu4.1
2010-04-24 19:27:31 status installed libavahi-glib1 0.6.22-2ubuntu4.1
2010-04-24 19:27:31 configure gnome-mime-data 2.18.0-1 2.18.0-1
2010-04-24 19:27:31 status unpacked gnome-mime-data 2.18.0-1
2010-04-24 19:27:31 status unpacked gnome-mime-data 2.18.0-1
2010-04-24 19:27:31 status half-configured gnome-mime-data 2.18.0-1
2010-04-24 19:27:31 status installed gnome-mime-data 2.18.0-1
2010-04-24 19:27:31 configure shared-mime-info 0.23-5 0.23-5
2010-04-24 19:27:31 status unpacked shared-mime-info 0.23-5
2010-04-24 19:27:31 status half-configured shared-mime-info 0.23-5
2010-04-24 19:27:33 status installed shared-mime-info 0.23-5
2010-04-24 19:27:33 configure libgnomevfs2-common 1:2.22.0-2ubuntu1 1:2.22.0-2ubuntu1
2010-04-24 19:27:33 status unpacked libgnomevfs2-common 1:2.22.0-2ubuntu1
2010-04-24 19:27:33 status unpacked libgnomevfs2-common 1:2.22.0-2ubuntu1
2010-04-24 19:27:33 status half-configured libgnomevfs2-common 1:2.22.0-2ubuntu1
2010-04-24 19:27:33 status installed libgnomevfs2-common 1:2.22.0-2ubuntu1
2010-04-24 19:27:33 configure libgail18 1.22.1-0ubuntu1 1.22.1-0ubuntu1
2010-04-24 19:27:33 status unpacked libgail18 1.22.1-0ubuntu1
2010-04-24 19:27:33 status half-configured libgail18 1.22.1-0ubuntu1
2010-04-24 19:27:33 status installed libgail18 1.22.1-0ubuntu1
2010-04-24 19:27:33 configure libgail-common 1.22.1-0ubuntu1 1.22.1-0ubuntu1
2010-04-24 19:27:33 status unpacked libgail-common 1.22.1-0ubuntu1
2010-04-24 19:27:33 status half-configured libgail-common 1.22.1-0ubuntu1
2010-04-24 19:27:33 status installed libgail-common 1.22.1-0ubuntu1
2010-04-24 19:27:33 configure libgnomecanvas2-common 2.20.1.1-1 2.20.1.1-1
2010-04-24 19:27:33 status unpacked libgnomecanvas2-common 2.20.1.1-1
2010-04-24 19:27:34 status half-configured libgnomecanvas2-common 2.20.1.1-1
2010-04-24 19:27:34 status installed libgnomecanvas2-common 2.20.1.1-1
2010-04-24 19:27:34 configure libgnomecanvas2-0 2.20.1.1-1 2.20.1.1-1
2010-04-24 19:27:34 status unpacked libgnomecanvas2-0 2.20.1.1-1
2010-04-24 19:27:34 status half-configured libgnomecanvas2-0 2.20.1.1-1
2010-04-24 19:27:34 status installed libgnomecanvas2-0 2.20.1.1-1
2010-04-24 19:27:34 configure libgnomeui-common 2.22.1.0-0ubuntu2 2.22.1.0-0ubuntu2
2010-04-24 19:27:34 status unpacked libgnomeui-common 2.22.1.0-0ubuntu2
2010-04-24 19:27:34 status half-configured libgnomeui-common 2.22.1.0-0ubuntu2
2010-04-24 19:27:34 status installed libgnomeui-common 2.22.1.0-0ubuntu2
2010-04-24 19:27:34 configure gamin 0.1.9-2ubuntu2 0.1.9-2ubuntu2
2010-04-24 19:27:34 status unpacked gamin 0.1.9-2ubuntu2
2010-04-24 19:27:34 status unpacked gamin 0.1.9-2ubuntu2
2010-04-24 19:27:34 status half-configured gamin 0.1.9-2ubuntu2
2010-04-24 19:27:34 status installed gamin 0.1.9-2ubuntu2
2010-04-24 19:27:34 configure consolekit 0.2.3-3ubuntu5 0.2.3-3ubuntu5
2010-04-24 19:27:34 status unpacked consolekit 0.2.3-3ubuntu5
2010-04-24 19:27:34 status unpacked consolekit 0.2.3-3ubuntu5
2010-04-24 19:27:34 status unpacked consolekit 0.2.3-3ubuntu5
2010-04-24 19:27:34 status unpacked consolekit 0.2.3-3ubuntu5
2010-04-24 19:27:34 status half-configured consolekit 0.2.3-3ubuntu5
2010-04-24 19:27:34 status installed consolekit 0.2.3-3ubuntu5
2010-04-24 19:27:34 configure dbus 1.1.20-1ubuntu3.3 1.1.20-1ubuntu3.3
2010-04-24 19:27:34 status unpacked dbus 1.1.20-1ubuntu3.3
2010-04-24 19:27:34 status unpacked dbus 1.1.20-1ubuntu3.3
2010-04-24 19:27:34 status unpacked dbus 1.1.20-1ubuntu3.3
2010-04-24 19:27:34 status unpacked dbus 1.1.20-1ubuntu3.3
2010-04-24 19:27:34 status unpacked dbus 1.1.20-1ubuntu3.3
2010-04-24 19:27:34 status half-configured dbus 1.1.20-1ubuntu3.3
2010-04-24 19:27:36 status installed dbus 1.1.20-1ubuntu3.3
2010-04-24 19:27:36 configure libgamin0 0.1.9-2ubuntu2 0.1.9-2ubuntu2
2010-04-24 19:27:36 status unpacked libgamin0 0.1.9-2ubuntu2
2010-04-24 19:27:36 status half-configured libgamin0 0.1.9-2ubuntu2
2010-04-24 19:27:36 status installed libgamin0 0.1.9-2ubuntu2
2010-04-24 19:27:36 configure libgnomevfs2-0 1:2.22.0-2ubuntu1 1:2.22.0-2ubuntu1
2010-04-24 19:27:36 status unpacked libgnomevfs2-0 1:2.22.0-2ubuntu1
2010-04-24 19:27:36 status half-configured libgnomevfs2-0 1:2.22.0-2ubuntu1
2010-04-24 19:27:36 status installed libgnomevfs2-0 1:2.22.0-2ubuntu1
2010-04-24 19:27:36 configure libgnome2-0 2.22.0-0ubuntu1 2.22.0-0ubuntu1
2010-04-24 19:27:36 status unpacked libgnome2-0 2.22.0-0ubuntu1
2010-04-24 19:27:36 status half-configured libgnome2-0 2.22.0-0ubuntu1
2010-04-24 19:27:36 status installed libgnome2-0 2.22.0-0ubuntu1
2010-04-24 19:27:36 configure libbonoboui2-0 2.21.90-1 2.21.90-1
2010-04-24 19:27:36 status unpacked libbonoboui2-0 2.21.90-1
2010-04-24 19:27:36 status half-configured libbonoboui2-0 2.21.90-1
2010-04-24 19:27:36 status installed libbonoboui2-0 2.21.90-1
2010-04-24 19:27:36 configure libgnomeui-0 2.22.1.0-0ubuntu2 2.22.1.0-0ubuntu2
2010-04-24 19:27:36 status unpacked libgnomeui-0 2.22.1.0-0ubuntu2
2010-04-24 19:27:36 status half-configured libgnomeui-0 2.22.1.0-0ubuntu2
2010-04-24 19:27:36 status installed libgnomeui-0 2.22.1.0-0ubuntu2
2010-04-24 19:27:36 configure firestarter 1.0.3-6ubuntu3 1.0.3-6ubuntu3
2010-04-24 19:27:36 status unpacked firestarter 1.0.3-6ubuntu3
2010-04-24 19:27:36 status unpacked firestarter 1.0.3-6ubuntu3
2010-04-24 19:27:36 status unpacked firestarter 1.0.3-6ubuntu3
2010-04-24 19:27:36 status unpacked firestarter 1.0.3-6ubuntu3
2010-04-24 19:27:36 status unpacked firestarter 1.0.3-6ubuntu3
2010-04-24 19:27:36 status unpacked firestarter 1.0.3-6ubuntu3
2010-04-24 19:27:37 status unpacked firestarter 1.0.3-6ubuntu3
2010-04-24 19:27:37 status half-configured firestarter 1.0.3-6ubuntu3
2010-04-24 19:27:37 status installed firestarter 1.0.3-6ubuntu3
2010-04-24 19:27:37 trigproc libc6 2.7-10ubuntu5 2.7-10ubuntu5
2010-04-24 19:27:37 status half-configured libc6 2.7-10ubuntu5
2010-04-24 19:27:37 status installed libc6 2.7-10ubuntu5
2010-04-24 19:38:15 startup archives unpack
2010-04-24 19:38:15 install nmap <none> 4.53-3
2010-04-24 19:38:15 status half-installed nmap 4.53-3
2010-04-24 19:38:15 status unpacked nmap 4.53-3
2010-04-24 19:38:15 status unpacked nmap 4.53-3
2010-04-24 19:38:16 startup packages configure
2010-04-24 19:38:16 configure nmap 4.53-3 4.53-3
2010-04-24 19:38:16 status unpacked nmap 4.53-3
2010-04-24 19:38:16 status half-configured nmap 4.53-3
2010-04-24 19:38:16 status installed nmap 4.53-3
2010-04-24 20:00:06 startup archives unpack
2010-04-24 20:00:06 upgrade dpkg 1.14.16.6ubuntu4 1.14.16.6ubuntu4.1
2010-04-24 20:00:06 status half-configured dpkg 1.14.16.6ubuntu4
2010-04-24 20:00:06 status unpacked dpkg 1.14.16.6ubuntu4
2010-04-24 20:00:06 status half-installed dpkg 1.14.16.6ubuntu4
2010-04-24 20:00:07 status half-installed dpkg 1.14.16.6ubuntu4
2010-04-24 20:00:07 status unpacked dpkg 1.14.16.6ubuntu4.1
2010-04-24 20:00:07 status unpacked dpkg 1.14.16.6ubuntu4.1
2010-04-24 20:00:08 startup packages configure
2010-04-24 20:00:08 configure dpkg 1.14.16.6ubuntu4.1 1.14.16.6ubuntu4.1
2010-04-24 20:00:08 status unpacked dpkg 1.14.16.6ubuntu4.1
2010-04-24 20:00:08 status unpacked dpkg 1.14.16.6ubuntu4.1
2010-04-24 20:00:08 status unpacked dpkg 1.14.16.6ubuntu4.1
2010-04-24 20:00:08 status unpacked dpkg 1.14.16.6ubuntu4.1
2010-04-24 20:00:08 status unpacked dpkg 1.14.16.6ubuntu4.1
2010-04-24 20:00:08 status half-configured dpkg 1.14.16.6ubuntu4.1
2010-04-24 20:00:08 status installed dpkg 1.14.16.6ubuntu4.1
2010-04-24 20:00:09 startup archives unpack
2010-04-24 20:00:09 upgrade tzdata 2009u~repack-0ubuntu0.8.04 2010h~repack-0ubuntu0.8.04
2010-04-24 20:00:09 status half-configured tzdata 2009u~repack-0ubuntu0.8.04
2010-04-24 20:00:09 status unpacked tzdata 2009u~repack-0ubuntu0.8.04
2010-04-24 20:00:09 status half-installed tzdata 2009u~repack-0ubuntu0.8.04
2010-04-24 20:00:11 status half-installed tzdata 2009u~repack-0ubuntu0.8.04
2010-04-24 20:00:11 status unpacked tzdata 2010h~repack-0ubuntu0.8.04
2010-04-24 20:00:11 status unpacked tzdata 2010h~repack-0ubuntu0.8.04
2010-04-24 20:00:12 startup packages configure
2010-04-24 20:00:12 configure tzdata 2010h~repack-0ubuntu0.8.04 2010h~repack-0ubuntu0.8.04
2010-04-24 20:00:12 status unpacked tzdata 2010h~repack-0ubuntu0.8.04
2010-04-24 20:00:12 status half-configured tzdata 2010h~repack-0ubuntu0.8.04
2010-04-24 20:00:12 status installed tzdata 2010h~repack-0ubuntu0.8.04
2010-04-24 20:00:13 startup archives unpack
2010-04-24 20:00:13 upgrade libkrb53 1.6.dfsg.3~beta1-2ubuntu1.3 1.6.dfsg.3~beta1-2ubuntu1.4
2010-04-24 20:00:13 status half-configured libkrb53 1.6.dfsg.3~beta1-2ubuntu1.3
2010-04-24 20:00:13 status unpacked libkrb53 1.6.dfsg.3~beta1-2ubuntu1.3
2010-04-24 20:00:13 status half-installed libkrb53 1.6.dfsg.3~beta1-2ubuntu1.3
2010-04-24 20:00:13 status half-installed libkrb53 1.6.dfsg.3~beta1-2ubuntu1.3
2010-04-24 20:00:14 status unpacked libkrb53 1.6.dfsg.3~beta1-2ubuntu1.4
2010-04-24 20:00:14 status unpacked libkrb53 1.6.dfsg.3~beta1-2ubuntu1.4
2010-04-24 20:00:14 upgrade exim4-config 4.69-2 4.69-2ubuntu0.1
2010-04-24 20:00:14 status half-configured exim4-config 4.69-2
2010-04-24 20:00:14 status unpacked exim4-config 4.69-2
2010-04-24 20:00:14 status half-installed exim4-config 4.69-2
2010-04-24 20:00:14 status half-installed exim4-config 4.69-2
2010-04-24 20:00:14 status unpacked exim4-config 4.69-2ubuntu0.1
2010-04-24 20:00:14 status unpacked exim4-config 4.69-2ubuntu0.1
2010-04-24 20:00:14 upgrade exim4-base 4.69-2 4.69-2ubuntu0.1
2010-04-24 20:00:14 status half-configured exim4-base 4.69-2
2010-04-24 20:00:14 status unpacked exim4-base 4.69-2
2010-04-24 20:00:14 status half-installed exim4-base 4.69-2
2010-04-24 20:00:14 status half-installed exim4-base 4.69-2
2010-04-24 20:00:15 status unpacked exim4-base 4.69-2ubuntu0.1
2010-04-24 20:00:15 status unpacked exim4-base 4.69-2ubuntu0.1
2010-04-24 20:00:15 upgrade exim4-daemon-light 4.69-2 4.69-2ubuntu0.1
2010-04-24 20:00:15 status half-configured exim4-daemon-light 4.69-2
2010-04-24 20:00:16 status unpacked exim4-daemon-light 4.69-2
2010-04-24 20:00:16 status half-installed exim4-daemon-light 4.69-2
2010-04-24 20:00:16 status half-installed exim4-daemon-light 4.69-2
2010-04-24 20:00:16 status unpacked exim4-daemon-light 4.69-2ubuntu0.1
2010-04-24 20:00:16 status unpacked exim4-daemon-light 4.69-2ubuntu0.1
2010-04-24 20:00:16 upgrade exim4 4.69-2 4.69-2ubuntu0.1
2010-04-24 20:00:16 status half-configured exim4 4.69-2
2010-04-24 20:00:16 status unpacked exim4 4.69-2
2010-04-24 20:00:16 status half-installed exim4 4.69-2
2010-04-24 20:00:16 status half-installed exim4 4.69-2
2010-04-24 20:00:16 status unpacked exim4 4.69-2ubuntu0.1
2010-04-24 20:00:16 status unpacked exim4 4.69-2ubuntu0.1
2010-04-24 20:00:16 upgrade fuse-utils 2.7.2-1ubuntu2 2.7.2-1ubuntu2.1
2010-04-24 20:00:16 status half-configured fuse-utils 2.7.2-1ubuntu2
2010-04-24 20:00:16 status unpacked fuse-utils 2.7.2-1ubuntu2
2010-04-24 20:00:16 status half-installed fuse-utils 2.7.2-1ubuntu2
2010-04-24 20:00:16 status half-installed fuse-utils 2.7.2-1ubuntu2
2010-04-24 20:00:16 status unpacked fuse-utils 2.7.2-1ubuntu2.1
2010-04-24 20:00:16 status unpacked fuse-utils 2.7.2-1ubuntu2.1
2010-04-24 20:00:16 upgrade libfuse2 2.7.2-1ubuntu2 2.7.2-1ubuntu2.1
2010-04-24 20:00:16 status half-configured libfuse2 2.7.2-1ubuntu2
2010-04-24 20:00:16 status unpacked libfuse2 2.7.2-1ubuntu2
2010-04-24 20:00:16 status half-installed libfuse2 2.7.2-1ubuntu2
2010-04-24 20:00:16 status half-installed libfuse2 2.7.2-1ubuntu2
2010-04-24 20:00:17 status unpacked libfuse2 2.7.2-1ubuntu2.1
2010-04-24 20:00:17 status unpacked libfuse2 2.7.2-1ubuntu2.1
2010-04-24 20:00:17 upgrade libpq5 8.3.9-0ubuntu8.04 8.3.10-0ubuntu8.04
2010-04-24 20:00:17 status half-configured libpq5 8.3.9-0ubuntu8.04
2010-04-24 20:00:17 status unpacked libpq5 8.3.9-0ubuntu8.04
2010-04-24 20:00:17 status half-installed libpq5 8.3.9-0ubuntu8.04
2010-04-24 20:00:17 status half-installed libpq5 8.3.9-0ubuntu8.04
2010-04-24 20:00:17 status unpacked libpq5 8.3.10-0ubuntu8.04
2010-04-24 20:00:17 status unpacked libpq5 8.3.10-0ubuntu8.04
2010-04-24 20:00:17 upgrade sudo 1.6.9p10-1ubuntu3.5 1.6.9p10-1ubuntu3.7
2010-04-24 20:00:17 status half-configured sudo 1.6.9p10-1ubuntu3.5
2010-04-24 20:00:17 status unpacked sudo 1.6.9p10-1ubuntu3.5
2010-04-24 20:00:17 status half-installed sudo 1.6.9p10-1ubuntu3.5
2010-04-24 20:00:17 status half-installed sudo 1.6.9p10-1ubuntu3.5
2010-04-24 20:00:17 status unpacked sudo 1.6.9p10-1ubuntu3.7
2010-04-24 20:00:17 status unpacked sudo 1.6.9p10-1ubuntu3.7
2010-04-24 20:00:18 startup packages configure
2010-04-24 20:00:18 configure libkrb53 1.6.dfsg.3~beta1-2ubuntu1.4 1.6.dfsg.3~beta1-2ubuntu1.4
2010-04-24 20:00:18 status unpacked libkrb53 1.6.dfsg.3~beta1-2ubuntu1.4
2010-04-24 20:00:18 status half-configured libkrb53 1.6.dfsg.3~beta1-2ubuntu1.4
2010-04-24 20:00:18 status installed libkrb53 1.6.dfsg.3~beta1-2ubuntu1.4
2010-04-24 20:00:18 status triggers-pending libc6 2.7-10ubuntu5
2010-04-24 20:00:18 configure exim4-config 4.69-2ubuntu0.1 4.69-2ubuntu0.1
2010-04-24 20:00:18 status unpacked exim4-config 4.69-2ubuntu0.1
2010-04-24 20:00:18 status unpacked exim4-config 4.69-2ubuntu0.1
2010-04-24 20:00:18 status unpacked exim4-config 4.69-2ubuntu0.1
2010-04-24 20:00:18 status unpacked exim4-config 4.69-2ubuntu0.1
2010-04-24 20:00:18 status unpacked exim4-config 4.69-2ubuntu0.1
2010-04-24 20:00:18 status unpacked exim4-config 4.69-2ubuntu0.1
2010-04-24 20:00:18 status unpacked exim4-config 4.69-2ubuntu0.1
2010-04-24 20:00:18 status unpacked exim4-config 4.69-2ubuntu0.1
2010-04-24 20:00:18 status unpacked exim4-config 4.69-2ubuntu0.1
2010-04-24 20:00:18 status unpacked exim4-config 4.69-2ubuntu0.1
2010-04-24 20:00:18 status unpacked exim4-config 4.69-2ubuntu0.1
2010-04-24 20:00:18 status unpacked exim4-config 4.69-2ubuntu0.1
2010-04-24 20:00:18 status unpacked exim4-config 4.69-2ubuntu0.1
2010-04-24 20:00:18 status unpacked exim4-config 4.69-2ubuntu0.1
2010-04-24 20:00:18 status unpacked exim4-config 4.69-2ubuntu0.1
2010-04-24 20:00:18 status unpacked exim4-config 4.69-2ubuntu0.1
2010-04-24 20:00:18 status unpacked exim4-config 4.69-2ubuntu0.1
2010-04-24 20:00:18 status unpacked exim4-config 4.69-2ubuntu0.1
2010-04-24 20:00:18 status unpacked exim4-config 4.69-2ubuntu0.1
2010-04-24 20:00:18 status unpacked exim4-config 4.69-2ubuntu0.1
2010-04-24 20:00:18 status unpacked exim4-config 4.69-2ubuntu0.1
2010-04-24 20:00:18 status unpacked exim4-config 4.69-2ubuntu0.1
2010-04-24 20:00:18 status unpacked exim4-config 4.69-2ubuntu0.1
2010-04-24 20:00:18 status unpacked exim4-config 4.69-2ubuntu0.1
2010-04-24 20:00:18 status unpacked exim4-config 4.69-2ubuntu0.1
2010-04-24 20:00:18 status unpacked exim4-config 4.69-2ubuntu0.1
2010-04-24 20:00:18 status unpacked exim4-config 4.69-2ubuntu0.1
2010-04-24 20:00:18 status unpacked exim4-config 4.69-2ubuntu0.1
2010-04-24 20:00:18 status unpacked exim4-config 4.69-2ubuntu0.1
2010-04-24 20:00:19 status unpacked exim4-config 4.69-2ubuntu0.1
2010-04-24 20:00:19 status unpacked exim4-config 4.69-2ubuntu0.1
2010-04-24 20:00:19 status unpacked exim4-config 4.69-2ubuntu0.1
2010-04-24 20:00:19 status unpacked exim4-config 4.69-2ubuntu0.1
2010-04-24 20:00:19 status unpacked exim4-config 4.69-2ubuntu0.1
2010-04-24 20:00:19 status unpacked exim4-config 4.69-2ubuntu0.1
2010-04-24 20:00:19 status unpacked exim4-config 4.69-2ubuntu0.1
2010-04-24 20:00:19 status unpacked exim4-config 4.69-2ubuntu0.1
2010-04-24 20:00:19 status unpacked exim4-config 4.69-2ubuntu0.1
2010-04-24 20:00:19 status unpacked exim4-config 4.69-2ubuntu0.1
2010-04-24 20:00:19 status unpacked exim4-config 4.69-2ubuntu0.1
2010-04-24 20:00:19 status unpacked exim4-config 4.69-2ubuntu0.1
2010-04-24 20:00:19 status unpacked exim4-config 4.69-2ubuntu0.1
2010-04-24 20:00:19 status unpacked exim4-config 4.69-2ubuntu0.1
2010-04-24 20:00:19 status unpacked exim4-config 4.69-2ubuntu0.1
2010-04-24 20:00:19 status half-configured exim4-config 4.69-2ubuntu0.1
2010-04-24 20:00:22 status installed exim4-config 4.69-2ubuntu0.1
2010-04-24 20:00:22 configure exim4-base 4.69-2ubuntu0.1 4.69-2ubuntu0.1
2010-04-24 20:00:22 status unpacked exim4-base 4.69-2ubuntu0.1
2010-04-24 20:00:22 status unpacked exim4-base 4.69-2ubuntu0.1
2010-04-24 20:00:22 status unpacked exim4-base 4.69-2ubuntu0.1
2010-04-24 20:00:22 status unpacked exim4-base 4.69-2ubuntu0.1
2010-04-24 20:00:22 status half-configured exim4-base 4.69-2ubuntu0.1
2010-04-24 20:00:22 status installed exim4-base 4.69-2ubuntu0.1
2010-04-24 20:00:22 configure exim4-daemon-light 4.69-2ubuntu0.1 4.69-2ubuntu0.1
2010-04-24 20:00:22 status unpacked exim4-daemon-light 4.69-2ubuntu0.1
2010-04-24 20:00:22 status half-configured exim4-daemon-light 4.69-2ubuntu0.1
2010-04-24 20:00:24 status installed exim4-daemon-light 4.69-2ubuntu0.1
2010-04-24 20:00:24 configure exim4 4.69-2ubuntu0.1 4.69-2ubuntu0.1
2010-04-24 20:00:24 status unpacked exim4 4.69-2ubuntu0.1
2010-04-24 20:00:24 status half-configured exim4 4.69-2ubuntu0.1
2010-04-24 20:00:24 status installed exim4 4.69-2ubuntu0.1
2010-04-24 20:00:24 configure libfuse2 2.7.2-1ubuntu2.1 2.7.2-1ubuntu2.1
2010-04-24 20:00:24 status unpacked libfuse2 2.7.2-1ubuntu2.1
2010-04-24 20:00:24 status half-configured libfuse2 2.7.2-1ubuntu2.1
2010-04-24 20:00:24 status installed libfuse2 2.7.2-1ubuntu2.1
2010-04-24 20:00:24 configure fuse-utils 2.7.2-1ubuntu2.1 2.7.2-1ubuntu2.1
2010-04-24 20:00:24 status unpacked fuse-utils 2.7.2-1ubuntu2.1
2010-04-24 20:00:24 status unpacked fuse-utils 2.7.2-1ubuntu2.1
2010-04-24 20:00:24 status unpacked fuse-utils 2.7.2-1ubuntu2.1
2010-04-24 20:00:24 status unpacked fuse-utils 2.7.2-1ubuntu2.1
2010-04-24 20:00:24 status half-configured fuse-utils 2.7.2-1ubuntu2.1
2010-04-24 20:00:24 status installed fuse-utils 2.7.2-1ubuntu2.1
2010-04-24 20:00:24 status triggers-pending initramfs-tools 0.85eubuntu39.3
2010-04-24 20:00:24 configure libpq5 8.3.10-0ubuntu8.04 8.3.10-0ubuntu8.04
2010-04-24 20:00:24 status unpacked libpq5 8.3.10-0ubuntu8.04
2010-04-24 20:00:24 status half-configured libpq5 8.3.10-0ubuntu8.04
2010-04-24 20:00:24 status installed libpq5 8.3.10-0ubuntu8.04
2010-04-24 20:00:24 configure sudo 1.6.9p10-1ubuntu3.7 1.6.9p10-1ubuntu3.7
2010-04-24 20:00:24 status unpacked sudo 1.6.9p10-1ubuntu3.7
2010-04-24 20:00:24 status unpacked sudo 1.6.9p10-1ubuntu3.7
2010-04-24 20:00:24 status half-configured sudo 1.6.9p10-1ubuntu3.7
2010-04-24 20:00:25 status installed sudo 1.6.9p10-1ubuntu3.7
2010-04-24 20:00:25 trigproc libc6 2.7-10ubuntu5 2.7-10ubuntu5
2010-04-24 20:00:25 status half-configured libc6 2.7-10ubuntu5
2010-04-24 20:00:25 status installed libc6 2.7-10ubuntu5
2010-04-24 20:00:25 trigproc initramfs-tools 0.85eubuntu39.3 0.85eubuntu39.3
2010-04-24 20:00:25 status half-configured initramfs-tools 0.85eubuntu39.3
2010-04-24 20:00:53 status installed initramfs-tools 0.85eubuntu39.3
2010-04-26 04:53:20 startup archives unpack
2010-04-26 04:53:21 install python-elementtree <none> 1.2.6-11ubuntu1
2010-04-26 04:53:21 status half-installed python-elementtree 1.2.6-11ubuntu1
2010-04-26 04:53:21 status unpacked python-elementtree 1.2.6-11ubuntu1
2010-04-26 04:53:21 status unpacked python-elementtree 1.2.6-11ubuntu1
2010-04-26 04:53:21 install python-celementtree <none> 1.0.5-9
2010-04-26 04:53:21 status half-installed python-celementtree 1.0.5-9
2010-04-26 04:53:21 status unpacked python-celementtree 1.0.5-9
2010-04-26 04:53:21 status unpacked python-celementtree 1.0.5-9
2010-04-26 04:53:21 install python-libxml2 <none> 2.6.31.dfsg-2ubuntu1.4
2010-04-26 04:53:21 status half-installed python-libxml2 2.6.31.dfsg-2ubuntu1.4
2010-04-26 04:53:21 status unpacked python-libxml2 2.6.31.dfsg-2ubuntu1.4
2010-04-26 04:53:21 status unpacked python-libxml2 2.6.31.dfsg-2ubuntu1.4
2010-04-26 04:53:21 install python-urlgrabber <none> 3.1.0-4
2010-04-26 04:53:21 status half-installed python-urlgrabber 3.1.0-4
2010-04-26 04:53:22 status unpacked python-urlgrabber 3.1.0-4
2010-04-26 04:53:22 status unpacked python-urlgrabber 3.1.0-4
2010-04-26 04:53:22 install python-rpm <none> 4.4.2.1-1ubuntu6
2010-04-26 04:53:22 status half-installed python-rpm 4.4.2.1-1ubuntu6
2010-04-26 04:53:22 status unpacked python-rpm 4.4.2.1-1ubuntu6
2010-04-26 04:53:22 status unpacked python-rpm 4.4.2.1-1ubuntu6
2010-04-26 04:53:22 install yum <none> 2.4.0-3.1
2010-04-26 04:53:22 status half-installed yum 2.4.0-3.1
2010-04-26 04:53:22 status unpacked yum 2.4.0-3.1
2010-04-26 04:53:22 status unpacked yum 2.4.0-3.1
2010-04-26 04:53:23 startup packages configure
2010-04-26 04:53:23 configure python-elementtree 1.2.6-11ubuntu1 1.2.6-11ubuntu1
2010-04-26 04:53:23 status unpacked python-elementtree 1.2.6-11ubuntu1
2010-04-26 04:53:23 status half-configured python-elementtree 1.2.6-11ubuntu1
2010-04-26 04:53:23 status installed python-elementtree 1.2.6-11ubuntu1
2010-04-26 04:53:23 configure python-celementtree 1.0.5-9 1.0.5-9
2010-04-26 04:53:23 status unpacked python-celementtree 1.0.5-9
2010-04-26 04:53:23 status half-configured python-celementtree 1.0.5-9
2010-04-26 04:53:23 status installed python-celementtree 1.0.5-9
2010-04-26 04:53:23 configure python-libxml2 2.6.31.dfsg-2ubuntu1.4 2.6.31.dfsg-2ubuntu1.4
2010-04-26 04:53:23 status unpacked python-libxml2 2.6.31.dfsg-2ubuntu1.4
2010-04-26 04:53:23 status half-configured python-libxml2 2.6.31.dfsg-2ubuntu1.4
2010-04-26 04:53:23 status installed python-libxml2 2.6.31.dfsg-2ubuntu1.4
2010-04-26 04:53:23 configure python-urlgrabber 3.1.0-4 3.1.0-4
2010-04-26 04:53:23 status unpacked python-urlgrabber 3.1.0-4
2010-04-26 04:53:23 status half-configured python-urlgrabber 3.1.0-4
2010-04-26 04:53:23 status installed python-urlgrabber 3.1.0-4
2010-04-26 04:53:23 configure python-rpm 4.4.2.1-1ubuntu6 4.4.2.1-1ubuntu6
2010-04-26 04:53:23 status unpacked python-rpm 4.4.2.1-1ubuntu6
2010-04-26 04:53:23 status half-configured python-rpm 4.4.2.1-1ubuntu6
2010-04-26 04:53:23 status installed python-rpm 4.4.2.1-1ubuntu6
2010-04-26 04:53:23 configure yum 2.4.0-3.1 2.4.0-3.1
2010-04-26 04:53:23 status unpacked yum 2.4.0-3.1
2010-04-26 04:53:23 status unpacked yum 2.4.0-3.1
2010-04-26 04:53:23 status unpacked yum 2.4.0-3.1
2010-04-26 04:53:23 status unpacked yum 2.4.0-3.1
2010-04-26 04:53:23 status unpacked yum 2.4.0-3.1
2010-04-26 04:53:23 status unpacked yum 2.4.0-3.1
2010-04-26 04:53:23 status unpacked yum 2.4.0-3.1
2010-04-26 04:53:23 status half-configured yum 2.4.0-3.1
2010-04-26 04:53:23 status installed yum 2.4.0-3.1
