      0.250000        1.000000        2.499997
      0.750000        1.000001        2.499995
      1.250000        1.000001        2.499995
      1.750000        0.999999        2.500001
      2.250000        0.999995        2.500015
      2.750000        0.999979        2.500063
      3.250000        0.999924        2.500236
      3.750000        0.999751        2.500776
      4.250000        0.999204        2.502489
      4.750000        0.997670        2.507291
      5.250000        0.993238        2.521169
      5.750000        0.984276        2.549361
      6.250000        0.972721        2.585892
      6.750000        0.959883        2.626782
      7.250000        0.946418        2.669956
      7.750000        0.932623        2.714507
      8.250000        0.918647        2.759980
      8.750000        0.904569        2.806137
      9.250000        0.890445        2.852804
      9.750000        0.876340        2.899773
     10.250000        0.862351        2.946652
     10.750000        0.848195        2.994612
     11.250000        0.833928        3.043317
     11.750000        0.819838        3.091825
     12.250000        0.805968        3.139990
     12.750000        0.792309        3.187823
     13.250000        0.778840        3.235395
     13.750000        0.765539        3.282778
     14.250000        0.752378        3.330066
     14.750000        0.739342        3.377319
     15.250000        0.726414        3.424593
     15.750000        0.713589        3.471914
     16.250000        0.700855        3.519320
     16.750000        0.688214        3.566803
     17.250000        0.675693        3.614277
     17.750000        0.663373        3.661430
     18.250000        0.651434        3.707554
     18.750000        0.640198        3.751330
     19.250000        0.630211        3.790566
     19.750000        0.622125        3.822560
     20.250000        0.616394        3.845365
     20.750000        0.613014        3.858871
     21.250000        0.611486        3.864984
     21.750000        0.611072        3.866640
     22.250000        0.611095        3.866541
     22.750000        0.611439        3.865159
     23.250000        0.611911        3.863267
     23.750000        0.612102        3.862500
     24.250000        0.612135        3.862359
     24.750000        0.612110        3.862457
     25.250000        0.611988        3.862946
     25.750000        0.611789        3.863745
     26.250000        0.611667        3.864235
     26.750000        0.611619        3.864428
     27.250000        0.611610        3.864459
     27.750000        0.611618        3.864423
     28.250000        0.611657        3.864257
     28.750000        0.611725        3.863976
     29.250000        0.611767        3.863794
     29.750000        0.611787        3.863702
     30.250000        0.611799        3.863652
     30.750000        0.611811        3.863607
     31.250000        0.611833        3.863528
     31.750000        0.611880        3.863344
     32.250000        0.611930        3.863141
     32.750000        0.611945        3.863069
     33.250000        0.611941        3.863081
     33.750000        0.611907        3.863201
     34.250000        0.611798        3.863616
     34.750000        0.611654        3.864170
     35.250000        0.611557        3.864540
     35.750000        0.611533        3.864628
     36.250000        0.611542        3.864595
     36.750000        0.611607        3.864341
     37.250000        0.611666        3.864104
     37.750000        0.611763        3.863710
     38.250000        0.611740        3.863788
     38.750000        0.611819        3.863444
     39.250000        0.611683        3.863960
     39.750000        0.611903        3.863052
     40.250000        0.611535        3.864492
     40.750000        0.612068        3.862334
     41.250000        0.611439        3.864528
     41.750000        0.609692        3.849188
     42.250000        0.466125        3.256367
     42.750000        0.127271        0.394346
     43.250000        0.100070        0.000749
     43.750000        0.100000       -0.000001
     44.250000        0.100000       -0.000001
     44.750000        0.100000        0.000000
     45.250000        0.100000        0.000000
     45.750000        0.100000        0.000000
     46.250000        0.100000        0.000000
     46.750000        0.100000        0.000000
     47.250000        0.100000        0.000000
     47.750000        0.100000        0.000000
     48.250000        0.100000        0.000000
     48.750000        0.100000        0.000000
     49.250000        0.100000        0.000000
     49.750000        0.100000        0.000000
