      0.005000        0.292682       -0.624950        0.188870        1.613269
      0.015000        0.301357       -0.628256        0.193400        1.604410
      0.025000        0.326451       -0.010701        0.227335        1.740957
      0.035000        0.374327       -0.142893        0.273593        1.827228
      0.045000        0.404917        0.160192        0.294671        1.819332
      0.055000        0.425986        0.127675        0.329674        1.934770
      0.065000        0.510358        0.435953        0.374884        1.836375
      0.075000        0.538064        0.487062        0.423919        1.969648
      0.085000        0.595236        0.457213        0.466436        1.959039
      0.095000        0.662253        0.781009        0.534261        2.016831
      0.105000        0.684152        0.724917        0.572013        2.090230
      0.115000        0.728207        0.646195        0.625804        2.148442
      0.125000        0.712374        0.793214        0.600885        2.108742
      0.135000        0.763894        0.694985        0.669518        2.191135
      0.145000        0.738350        0.773047        0.643399        2.178502
      0.155000        0.768455        0.785635        0.681490        2.217081
      0.165000        0.790636        0.740749        0.711556        2.249948
      0.175000        0.784674        0.856421        0.702904        2.239478
      0.185000        0.771292        0.722889        0.683506        2.215458
      0.195000        0.802353        0.904425        0.728545        2.270026
      0.205000        0.814957        0.839757        0.741485        2.274614
      0.215000        0.817816        0.856713        0.743888        2.274010
      0.225000        0.784167        0.827732        0.706753        2.253199
      0.235000        0.788298        0.844577        0.706883        2.241800
      0.245000        0.792113        0.932457        0.718767        2.268511
      0.255000        0.789671        0.892395        0.715203        2.264245
      0.265000        0.755769        0.902733        0.674417        2.230897
      0.275000        0.756690        0.918338        0.674256        2.227651
      0.285000        0.754468        0.972243        0.671718        2.225800
      0.295000        0.744397        1.034157        0.660418        2.217963
      0.305000        0.663891        1.149074        0.562939        2.119848
      0.315000        0.648007        1.196590        0.544140        2.099282
      0.325000        0.631503        1.234650        0.524640        2.076951
      0.335000        0.616886        1.269376        0.507531        2.056825
      0.345000        0.603686        1.299262        0.492328        2.038841
      0.355000        0.591786        1.322539        0.478872        2.022994
      0.365000        0.582002        1.338438        0.468022        2.010396
      0.375000        0.576084        1.345649        0.461666        2.003467
      0.385000        0.575095        1.344431        0.460934        2.003730
      0.395000        0.577027        1.339280        0.463548        2.008348
      0.405000        0.577234        1.337852        0.464266        2.010734
      0.415000        0.573448        1.342922        0.460510        2.007637
      0.425000        0.567377        1.350601        0.454208        2.001351
      0.435000        0.562593        1.354347        0.449380        1.996913
      0.445000        0.560421        1.352324        0.447543        1.996460
      0.455000        0.559198        1.348570        0.446940        1.998128
      0.465000        0.556038        1.349290        0.444517        1.998592
      0.475000        0.552309        1.352086        0.442082        2.001062
      0.485000        0.552983        1.346765        0.445668        2.014837
      0.495000        0.562978        1.322215        0.461828        2.050827
      0.505000        0.567398        1.304841        0.474594        2.091098
      0.515000        0.551412        1.321641        0.466580        2.115387
      0.525000        0.533222        1.337232        0.459114        2.152546
      0.535000        0.518290        1.339064        0.459203        2.214993
      0.545000        0.509401        1.318684        0.471448        2.313737
      0.555000        0.488806        1.316822        0.472207        2.415105
      0.565000        0.451116        1.355814        0.449991        2.493769
      0.575000        0.432938        1.344623        0.455361        2.629481
      0.585000        0.413272        1.338445        0.458067        2.770976
      0.595000        0.394833        1.333389        0.460407        2.915200
      0.605000        0.371744        1.354022        0.450427        3.029145
      0.615000        0.359186        1.351932        0.453321        3.155194
      0.625000        0.353173        1.358593        0.462939        3.276995
      0.635000        0.346690        1.342082        0.466747        3.365737
      0.645000        0.337687        1.358511        0.461026        3.413115
      0.655000        0.333822        1.348547        0.461330        3.454906
      0.665000        0.330910        1.412946        0.459789        3.473668
      0.675000        0.334454        1.328866        0.469446        3.509052
      0.685000        0.336221        1.302582        0.472013        3.509691
      0.695000        0.335538        1.194499        0.469477        3.497947
      0.705000        0.301147        1.294947        0.403186        3.347085
      0.715000        0.293267        1.170310        0.389144        3.317314
      0.725000        0.255316        1.040286        0.316537        3.099467
      0.735000        0.226146        0.700504        0.252802        2.794675
      0.745000        0.202615        0.425945        0.217591        2.684786
      0.755000        0.189339        0.631748        0.191516        2.528738
      0.765000        0.185675        0.290031        0.185522        2.497943
      0.775000        0.149404        0.092380        0.135624        2.269408
      0.785000        0.148392        0.352956        0.125803        2.119433
      0.795000        0.143994        0.256879        0.123218        2.139292
      0.805000        0.128178       -0.021715        0.100083        1.952030
      0.815000        0.117372       -0.074362        0.096548        2.056450
      0.825000        0.121398        0.092253        0.094362        1.943237
      0.835000        0.128738        0.127240        0.095701        1.858449
      0.845000        0.123970       -0.023255        0.097466        1.965510
      0.855000        0.126006        0.099685        0.099596        1.976019
      0.865000        0.133572        0.017248        0.104937        1.964053
      0.875000        0.121406       -0.324166        0.097302        2.003649
      0.885000        0.120753        0.171749        0.099197        2.053726
      0.895000        0.123383        0.094599        0.099558        2.017255
      0.905000        0.137746        0.028737        0.106806        1.938463
      0.915000        0.116645        0.070807        0.101197        2.168918
      0.925000        0.130327       -0.103222        0.108311        2.077682
      0.935000        0.141832       -0.041759        0.110914        1.955034
      0.945000        0.110057        0.076756        0.087328        1.983687
      0.955000        0.132755        0.131715        0.100525        1.893061
      0.965000        0.128566       -0.316097        0.106307        2.067151
      0.975000        0.120776        0.541745        0.079188        1.639156
      0.985000        0.132697       -0.213183        0.110853        2.088454
      0.995000        0.139675        0.701805        0.114174        2.043567
