1
 
 
 
 
                                                             
                 Copyright 2016 Siemens Product Lifecycle    
                        Management Software Inc.             
                         All Rights Reserved.                
                                                             
               This software and related documentation are   
                 proprietary to Siemens Product Lifecycle    
                        Management Software Inc.             
                                                             
              Siemens and the Siemens logo are registered    
             trademarks of Siemens AG. NX is a trademark or  
                registered trademark of Siemens Product      
               Lifecycle Management Software Inc. or its     
             subsidiaries in the United States and in other  
             countries.  NASTRAN is a registered trademark   
                 of the National Aeronautics and Space       
                 Administration.  All other trademarks,      
              registered trademarks or service marks belong  
                      to their respective holders.           
                                                             
           LIMITATIONS TO U.S. GOVERNMENT RIGHTS. UNPUBLISHED
           - RIGHTS RESERVED UNDER THE COPYRIGHT LAWS OF THE 
            UNITED STATES. This computer software and related
               computer software documentation have been     
            developed exclusively at private expense and are 
           provided subject to the following rights:  If this
               computer software and computer  software      
            documentation qualify as "commercial items" (as  
             that term is defined in FAR 2.101), their use,  
            duplication or disclosure by the U.S. Government 
           is subject to the protections and restrictions as 
            set forth in the Siemens commercial license for  
            software and/or documentation, as prescribed in  
           FAR 12.212 and FAR 27.405(b)(2)(i) (for civilian  
             agencies) and in DFARS 227.7202-1(a) and DFARS  
           227.7202-3(a) (for the Department of Defense), or 
           any successor or similar regulation, as applicable
           or as amended from time to time.  If this computer
           software and computer documentation do not qualify
            as "commercial items", then they are "restricted 
           computer software" and are provided with "restric-
            tive rights", and their use, duplication or dis- 
            closure by the U.S. Government is subject to the 
            protections and restrictions as set forth in FAR 
           27.404(b) and FAR 52-227-14 (for civilian agencies
           ), and DFARS 227.7203-5(c) and DFARS 252.227-7014 
           (for the Department of Defense), or any successor 
           or similar regulation, as applicable or as amended
              from time to time.  Siemens PLM Software Inc.  
            5800 Granite Parkway, Suite 600, Plano, TX 75024 

                * * * * * * * * * * * * * * * * * * * *
                * * * * * * * * * * * * * * * * * * * *
                * *                                 * *
                * *                                 * *
                * *                                 * *
                * *                                 * *
                * *       N X   N a s t r a n       * *
                * *                                 * *
                * *        VERSION -   11.0         * *
                * *                                 * *
                * *          JUN 17, 2016           * *
                * *                                 * *
                * *                                 * *
                * *Intel64 Family 6 Model 63 Steppi * *
                * *                                 * *
                * *MODEL Intel(R) Xeon(R) CPU E5-16 * *
                * *                                 * *
                * *    Windows 7 Service Pack 1     * *
                * *                                 * *
                * *       Compiled for X86-64       * *
                * *                                 * *
                * * * * * * * * * * * * * * * * * * * *
                * * * * * * * * * * * * * * * * * * * *
1 
  
                        Welcome to NX Nastran
                        -------------------------
  
  
 This "news" information can be turned off by setting "news=no" in the runtime
 configuration (RC) file.  The "news" keyword can be set in the system RC file
 for global, or multi-user control, and in a local file for local control.
 Individual jobs can be controlled by setting news to yes or no on the command
 line.
1                                                                            AUGUST   2, 2017  NX NASTRAN  6/17/16   PAGE     1
                                                                                                                                    
0        N A S T R A N    F I L E    A N D    S Y S T E M    P A R A M E T E R    E C H O                                           
0                                                                                                                                   
                                                                                                                                    
                                                                                                                                    
     NASTRAN BUFFSIZE=65537 $(C:/SIEMENS/NXN11/NXN11/CONF/NAST11.RCF[5])             
     NASTRAN SYSTEM(580)=1 $(C:/SIEMENS/NXN11/NXN11/CONF/NAST11.RCF[6])              
     NASTRAN BUFFPOOL=11779                                                          
     NASTRAN DIAGA=128 DIAGB=0 $(C:/SIEMENS/NXN11/NXN11/CONF/NAST11.RCF[13])         
     NASTRAN REAL=8577351680 $(MEMORY LIMIT FOR MPI AND OTHER SPECIALIZED MODULES)   
     ASSIGN OUTPUT4='sym.mgh' STATUS=UNKNOWN UNIT=11 FORM=FORMATED                   
     ASSIGN OUTPUT4='sym.mgg' STATUS=UNKNOWN UNIT=12 FORM=FORMATED                   
     ASSIGN OUTPUT4='sym.kgh' STATUS=UNKNOWN UNIT=13 FORM=UNFORMATED                 
     ASSIGN OUTPUT4='sym.kgg' STATUS=UNKNOWN UNIT=17 FORM=UNFORMATED                 
1                                                                            AUGUST   2, 2017  NX NASTRAN  6/17/16   PAGE     2
                                                                                                                                    
0        N A S T R A N    E X E C U T I V E    C O N T R O L    E C H O                                                             
0                                                                                                                                   
                                                                                                                                    
                                                                                                                                    
     SOL 103                                                                                 
     COMPILE SEMODES SOUIN=MSCSOU NOLIST $                                                   
     ALTER 'STRAIN ENERGY'                                                                   
     MATGEN EQEXINS/INTEXT/9//LUSETS $ GENERATE EXTERNAL SEQUENCE MATRIX                     
     MPYAD KGG,PHG,/MKHINT $ MKHINT IS THE MKH IN INTERNAL SEQUENCE                          
     MPYAD INTEXT,MKHINT,/KGH $ TRANSFORM MKHINT TO EXTERNAL SEQUENCE                        
     MPYAD MGG,PHG,/MGHINT $ MGHINT IS THE MGH IN INTERNAL SEQUENCE                          
     MPYAD INTEXT,MGHINT,/MGH $ TRANSFORM MGHINT TO EXTERNAL SEQUENCE                        
     OUTPUT4 MGH//-1/11/2 $ OUTPUT MGH TO UNIT=11 IN SYM.MGH                                 
     OUTPUT4 MGG//-1/12/2 $ OUTPUT MGG TO UNIT=12 IN SYM.MGG                                 
     OUTPUT4 KGH//-1/13/2 $ OUTPUT KGH TO UNIT=13 IN SYM.KGH                                 
     OUTPUT4 KGG//-1/17/2 $ OUTPUT KGG TO UNIT=17 IN SYM.KGG                                 
     ENDALTER                                                                                
     CEND                                                                                    
1    SYM                                                                     AUGUST   2, 2017  NX NASTRAN  6/17/16   PAGE     3
                                                                                                                                    
0                                                                                                                                   
0                                        C A S E    C O N T R O L    E C H O                                                        
                 COMMAND                                                                                                            
                 COUNT                                                                                                              
                  1        TITLE = SYM                                                                           
                  2        ECHO = SORT                                                                           
                  3        DISPLACEMENT(PRINT) = ALL                                                             
                  4        METHOD = 1                                                                            
                  5        SPC = 1                                                                               
                  6        SUPORT1 = 2                                                                           
                  7      BEGIN BULK                                                                              
0                             INPUT BULK DATA ENTRY COUNT =          38
1    SYM                                                                     AUGUST   2, 2017  NX NASTRAN  6/17/16   PAGE     4
                                                                                                                                    
0                                                                                                                                   
0                                                 S O R T E D   B U L K   D A T A   E C H O                                         
                 ENTRY                                                                                                              
                 COUNT        .   1  ..   2  ..   3  ..   4  ..   5  ..   6  ..   7  ..   8  ..   9  ..  10  .                      
                    1-        CBEAM   3       2       1       2       1.      0.      0.                      
                    2-        CONM2   2       1       0       1.      0.      0.      0.              +0000007
                    3-        +00000071.      0.      1.      0.      0.      1.                       0000008
                    4-        CORD2C  1       0       0.      0.      0.      0.      0.      1.      +FEMAPC1
                    5-        +FEMAPC11.      0.      1.                                                      
                    6-        CORD2R  3       0       .1      0.      0.      .1      0.      1.      +0000001
                    7-        +0000001.8071068-.7071070.                                               0000002
                    8-        CORD2S  2       0       0.      0.      0.      0.      0.      1.      +FEMAPC2
                    9-        +FEMAPC21.      0.      1.                                                      
                   10-        EIGRL   1                       10      0                       MASS            
                   11-        GRID    1       0       .1      0.      0.      0                               
                   12-        GRID    2       0       .6      .5      0.      0                               
                   13-        MAT1    1       1.              .33     0.      0.      0.                      
                   14-        PARAM   AUTOSPC NO                                                              
                   15-        PARAM   GRDPNT  0                                                               
                   16-        PARAM   OGEOM   NO                                                              
                   17-        PARAM   POST    -1                                                              
                   18-        PARAM   PRGPST  YES                                                             
                   19-        PBEAM   2       1       1000.   100.    10.     0.      20.     .1      +0000003
                   20-        +00000030.      0.      0.      0.      0.      0.      0.      0.      +0000004
                   21-        +0000004YESA    1.                                                      +0000005
                   22-        +00000050.      0.                                                       0000006
                   23-        SPC1    1       246     1                                                       
                   24-        SUPORT1 2       1       135                                                     
                              ENDDATA 
0                       TOTAL COUNT=        25


                                        M O D E L   S U M M A R Y

                                   NUMBER OF GRID     POINTS   =        2
 
 
                                   NUMBER OF CBEAM    ELEMENTS =        1
                                   NUMBER OF CONM2    ELEMENTS =        1
 
 *** USER INFORMATION MESSAGE 4109 (OUTPN2)
     THE LABEL IS NX11.0   FOR FORTRAN UNIT 12
     (MAXIMUM SIZE OF FORTRAN RECORDS WRITTEN =        7 WORDS.)
     (NUMBER OF FORTRAN RECORDS WRITTEN =        8 RECORDS.)
     (TOTAL DATA WRITTEN FOR TAPE LABEL =       17 WORDS.)
1    SYM                                                                     AUGUST   2, 2017  NX NASTRAN  6/17/16   PAGE     5
                                                                                                                                    
0                                                                                                                                   
0                                                                                                                                   
                                                                                                                                    
                                                                                                                                    
 *** USER INFORMATION MESSAGE 4114 (OUTPN2)
     DATA BLOCK PVT0     WRITTEN ON FORTRAN UNIT  12, TRL =
                    101                23                 0                 0                 0                 0                 0
     (MAXIMUM POSSIBLE FORTRAN RECORD SIZE =     2000 WORDS.)
     (MAXIMUM SIZE OF FORTRAN RECORDS WRITTEN =       23 WORDS.)
     (NUMBER OF FORTRAN RECORDS WRITTEN =       18 RECORDS.)
     (TOTAL DATA WRITTEN FOR DATA BLOCK =       48 WORDS.)
 *** USER INFORMATION MESSAGE 4114 (OUTPN2)
     DATA BLOCK CASECC   WRITTEN ON FORTRAN UNIT  12, TRL =
                    101                 1                 0               600                 0                 0                 0
     (MAXIMUM POSSIBLE FORTRAN RECORD SIZE =     2000 WORDS.)
     (MAXIMUM SIZE OF FORTRAN RECORDS WRITTEN =      600 WORDS.)
     (NUMBER OF FORTRAN RECORDS WRITTEN =       17 RECORDS.)
     (TOTAL DATA WRITTEN FOR DATA BLOCK =      626 WORDS.)
 *** USER INFORMATION MESSAGE 4114 (OUTPN2)
     DATA BLOCK EQEXINS  WRITTEN ON FORTRAN UNIT  12, TRL =
                    101                 2                 0                 0                 0                 0                 0
     (MAXIMUM POSSIBLE FORTRAN RECORD SIZE =     2000 WORDS.)
     (MAXIMUM SIZE OF FORTRAN RECORDS WRITTEN =        7 WORDS.)
     (NUMBER OF FORTRAN RECORDS WRITTEN =       21 RECORDS.)
     (TOTAL DATA WRITTEN FOR DATA BLOCK =       35 WORDS.)
1    SYM                                                                     AUGUST   2, 2017  NX NASTRAN  6/17/16   PAGE     6
                                                                                                                                    
0                                                                                                                                   
                           O U T P U T   F R O M   G R I D   P O I N T   W E I G H T   G E N E R A T O R
0                                                     REFERENCE POINT =        0
                                                                M O
                      *  1.070711E+00 -6.938894E-18  0.000000E+00  0.000000E+00  0.000000E+00 -1.767767E-02 *
                      * -6.938894E-18  1.070711E+00  0.000000E+00  0.000000E+00  0.000000E+00  1.247487E-01 *
                      *  0.000000E+00  0.000000E+00  1.070711E+00  1.767767E-02 -1.247487E-01  0.000000E+00 *
                      *  0.000000E+00  0.000000E+00  1.767767E-02  1.008839E+00 -1.060660E-02  0.000000E+00 *
                      *  0.000000E+00  0.000000E+00 -1.247487E-01 -1.060660E-02  1.023081E+00  0.000000E+00 *
                      * -1.767767E-02  1.247487E-01  0.000000E+00  0.000000E+00  0.000000E+00  1.031920E+00 *
                                                                 S
                                           *  1.000000E+00  0.000000E+00  0.000000E+00 *
                                           *  0.000000E+00  1.000000E+00  0.000000E+00 *
                                           *  0.000000E+00  0.000000E+00  1.000000E+00 *
                               DIRECTION
                          MASS AXIS SYSTEM (S)     MASS              X-C.G.        Y-C.G.        Z-C.G.
                                  X            1.070711E+00      0.000000E+00  1.651022E-02  0.000000E+00
                                  Y            1.070711E+00      1.165102E-01  0.000000E+00  0.000000E+00
                                  Z            1.070711E+00      1.165102E-01  1.651022E-02  0.000000E+00
                                                                I(S)
                                           *  1.008547E+00  8.546973E-03  0.000000E+00 *
                                           *  8.546973E-03  1.008547E+00  0.000000E+00 *
                                           *  0.000000E+00  0.000000E+00  1.017094E+00 *
                                                                I(Q)
                                           *  1.017094E+00                             *
                                           *                1.000000E+00               *
                                           *                              1.017094E+00 *
                                                                 Q
                                           *  7.071068E-01  7.071068E-01  0.000000E+00 *
                                           * -7.071068E-01  7.071068E-01  0.000000E+00 *
                                           *  0.000000E+00  0.000000E+00  1.000000E+00 *

1    SYM                                                                     AUGUST   2, 2017  NX NASTRAN  6/17/16   PAGE     7
                                                                                                                                    
0                                                                                                                                   
 *** USER INFORMATION MESSAGE 4114 (OUTPN2)
     DATA BLOCK OGPWG    WRITTEN ON FORTRAN UNIT  12, TRL =
                    101                 0                 0                 0                 0                 0                 1
     (MAXIMUM POSSIBLE FORTRAN RECORD SIZE =     2000 WORDS.)
     (MAXIMUM SIZE OF FORTRAN RECORDS WRITTEN =      146 WORDS.)
     (NUMBER OF FORTRAN RECORDS WRITTEN =       21 RECORDS.)
     (TOTAL DATA WRITTEN FOR DATA BLOCK =      251 WORDS.)
1    SYM                                                                     AUGUST   2, 2017  NX NASTRAN  6/17/16   PAGE     8
                                                                                                                                    
0                                                                                                                                   
0 RESULTANTS ABOUT ORIGIN OF SUPERELEMENT BASIC COORDINATE SYSTEM IN SUPERELEMENT BASIC SYSTEM COORDINATES.

0                                                  OLOAD    RESULTANT       
  SUBCASE/    LOAD
  DAREA ID    TYPE       T1            T2            T3            R1            R2            R3
0        1     FX    0.000000E+00     ----          ----          ----       0.000000E+00  0.000000E+00                             
               FY       ----       0.000000E+00     ----       0.000000E+00     ----       0.000000E+00                             
               FZ       ----          ----       0.000000E+00  0.000000E+00  0.000000E+00     ----                                  
               MX       ----          ----          ----       0.000000E+00     ----          ----                                  
               MY       ----          ----          ----          ----       0.000000E+00     ----                                  
               MZ       ----          ----          ----          ----          ----       0.000000E+00                             
             TOTALS  0.000000E+00  0.000000E+00  0.000000E+00  0.000000E+00  0.000000E+00  0.000000E+00                             
 *** USER INFORMATION MESSAGE - SINGULARITIES FOUND USING EIGENVALUE METHOD
 ***       0 SINGULARITIES FOUND         0 SINGULARITIES ELIMINATED
 *** SYSTEM INFORMATION MESSAGE 6916 (DFMSYN)
     UNABLE TO EXECUTE METIS REORDERING BECAUSE THE MATRIX DENSITY IS TOO HIGH: 100 %.
     DECOMP ORDERING METHOD CHOSEN: DEFAULT, ORDERING METHOD USED: MMD
 *** USER INFORMATION MESSAGE 3035 (SOLVER)
                                  FOR DATA BLOCK   KLR     
    SUPPORT PT.NO.             EPSILON             STRAIN   ENERGY     EPSILONS LARGER THAN 0.001 ARE FLAGGED WITH ASTERISKS
                1          2.0012702E-16          2.2737368E-13                 
                2          2.0012702E-16          2.8421709E-14                 
                3          2.0012702E-16          1.0658141E-14                 
1    SYM                                                                     AUGUST   2, 2017  NX NASTRAN  6/17/16   PAGE     9
                                                                                                                                    
0                                                                                                                                   
0                                                                                                                                   
                                                                                                                                    
                                                                                                                                    
 *** USER INFORMATION MESSAGE 4415 (PRTPRN)
     THE FOLLOWING A-SET DEGREES OF FREEDOM HAVE EITHER NULL MASSES OR NULL MASSES AND STIFFNESS.
1    SYM                                                                     AUGUST   2, 2017  NX NASTRAN  6/17/16   PAGE    10
                                                                                                                                    
0                                                                                                                                   
0                VAXW                                                                                                               
     POINT           VALUE     POINT           VALUE     POINT           VALUE     POINT           VALUE     POINT           VALUE  
                                                                                                                                    

 COLUMN           1
          2 R1  1.00000E+00         2 R2  1.00000E+00         2 R3  1.00000E+00
 *** SYSTEM INFORMATION MESSAGE 6916 (DFMSYN)
     DECOMP ORDERING METHOD CHOSEN: DEFAULT, ORDERING METHOD USED: BEND
 *** SYSTEM INFORMATION MESSAGE 6916 (DFMSYN)
     DECOMP ORDERING METHOD CHOSEN: DEFAULT, ORDERING METHOD USED: BEND
 *** USER INFORMATION MESSAGE 5458 (REIG)
     QL HOUSEHOLDER METHOD IS AUTOMATICALLY SELECTED .
 *** SYSTEM INFORMATION MESSAGE 6916 (DFMSYN)
     DECOMP ORDERING METHOD CHOSEN: DEFAULT, ORDERING METHOD USED: BEND
1    SYM                                                                     AUGUST   2, 2017  NX NASTRAN  6/17/16   PAGE    11
                                                                                                                                    
0                                                                                                                                   
 
                                              R E A L   E I G E N V A L U E S
   MODE    EXTRACTION      EIGENVALUE            RADIANS             CYCLES            GENERALIZED         GENERALIZED
    NO.       ORDER                                                                       MASS              STIFFNESS
        1         1       -5.961081E-13        7.720804E-07        1.228804E-07        1.000000E+00       -5.961081E-13
        2         2       -1.150157E-14        1.072454E-07        1.706863E-08        1.000000E+00       -1.150157E-14
        3         3        7.297250E-12        2.701342E-06        4.299320E-07        1.000000E+00        7.297250E-12
        4         4        2.503168E+03        5.003167E+01        7.962788E+00        1.000000E+00        2.503168E+03
        5         5        2.439260E+04        1.561813E+02        2.485703E+01        1.000000E+00        2.439260E+04
        6         6        4.070014E+04        2.017428E+02        3.210836E+01        1.000000E+00        4.070014E+04
1    SYM                                                                     AUGUST   2, 2017  NX NASTRAN  6/17/16   PAGE    12
                                                                                                                                    
0                                                                                                                                   
 *** USER INFORMATION MESSAGE 4114 (OUTPN2)
     DATA BLOCK LAMA     WRITTEN ON FORTRAN UNIT  12, TRL =
                    101                 6                 6                 1                 1                 6              9167
     (MAXIMUM POSSIBLE FORTRAN RECORD SIZE =     2000 WORDS.)
     (MAXIMUM SIZE OF FORTRAN RECORDS WRITTEN =      146 WORDS.)
     (NUMBER OF FORTRAN RECORDS WRITTEN =       21 RECORDS.)
     (TOTAL DATA WRITTEN FOR DATA BLOCK =      215 WORDS.)
 *** USER INFORMATION MESSAGE 4114 (OUTPN2)
     DATA BLOCK OUGV1    WRITTEN ON FORTRAN UNIT  12, TRL =
                    101                 0                96                 0                 0                 0                 0
     (MAXIMUM POSSIBLE FORTRAN RECORD SIZE =     2000 WORDS.)
     (MAXIMUM SIZE OF FORTRAN RECORDS WRITTEN =      146 WORDS.)
     (NUMBER OF FORTRAN RECORDS WRITTEN =       61 RECORDS.)
     (TOTAL DATA WRITTEN FOR DATA BLOCK =     1034 WORDS.)
1    SYM                                                                     AUGUST   2, 2017  NX NASTRAN  6/17/16   PAGE    13
                                                                                                                                    
0                                                                                                                                   
      EIGENVALUE = -5.961081E-13
          CYCLES =  1.228804E-07         R E A L   E I G E N V E C T O R   N O .          1
 
      POINT ID.   TYPE          T1             T2             T3             R1             R2             R3
             1      G      9.664156E-01   0.0            2.169363E-33   0.0           -1.002726E-34   0.0
             2      G      9.664156E-01  -3.111760E-16  -3.696608E-33  -8.874161E-33   8.773888E-33  -1.132898E-15
1    SYM                                                                     AUGUST   2, 2017  NX NASTRAN  6/17/16   PAGE    14
                                                                                                                                    
0                                                                                                                                   
      EIGENVALUE = -1.150157E-14
          CYCLES =  1.706863E-08         R E A L   E I G E N V E C T O R   N O .          2
 
      POINT ID.   TYPE          T1             T2             T3             R1             R2             R3
             1      G     -2.199437E-17   0.0            9.664156E-01   0.0            9.576012E-20   0.0
             2      G      6.440891E-16   1.107309E-15   9.664156E-01  -8.881784E-16   8.881784E-16   6.618376E-16
1    SYM                                                                     AUGUST   2, 2017  NX NASTRAN  6/17/16   PAGE    15
                                                                                                                                    
0                                                                                                                                   
      EIGENVALUE =  7.297250E-12
          CYCLES =  4.299320E-07         R E A L   E I G E N V E C T O R   N O .          3
 
      POINT ID.   TYPE          T1             T2             T3             R1             R2             R3
             1      G      0.0            0.0            1.644011E-02   0.0            9.957537E-01   0.0
             2      G      0.0            0.0           -4.814367E-01   3.330669E-16   9.957537E-01   0.0
1    SYM                                                                     AUGUST   2, 2017  NX NASTRAN  6/17/16   PAGE    16
                                                                                                                                    
0                                                                                                                                   
      EIGENVALUE =  2.503168E+03
          CYCLES =  7.962788E+00         R E A L   E I G E N V E C T O R   N O .          4
 
      POINT ID.   TYPE          T1             T2             T3             R1             R2             R3
             1      G      7.715453E-19   0.0           -1.778274E-01   0.0            9.205727E-02   0.0
             2      G     -2.259414E-17  -1.137211E-16   5.207546E+00   8.147102E+00  -8.055045E+00  -1.355331E-16
1    SYM                                                                     AUGUST   2, 2017  NX NASTRAN  6/17/16   PAGE    17
                                                                                                                                    
0                                                                                                                                   
      EIGENVALUE =  2.439260E+04
          CYCLES =  2.485703E+01         R E A L   E I G E N V E C T O R   N O .          5
 
      POINT ID.   TYPE          T1             T2             T3             R1             R2             R3
             1      G     -1.219750E-01   0.0            6.792982E-17   0.0           -1.166148E-18   0.0
             2      G      3.571948E+00  -3.884556E+00  -2.901244E-19  -1.032045E-16   1.020384E-16  -1.136772E+01
1    SYM                                                                     AUGUST   2, 2017  NX NASTRAN  6/17/16   PAGE    18
                                                                                                                                    
0                                                                                                                                   
      EIGENVALUE =  4.070014E+04
          CYCLES =  3.210836E+01         R E A L   E I G E N V E C T O R   N O .          6
 
      POINT ID.   TYPE          T1             T2             T3             R1             R2             R3
             1      G      1.304414E-01   0.0            2.275246E-16   0.0           -1.634965E-18   0.0
             2      G     -3.819882E+00  -3.632423E+00   1.318788E-16  -1.446950E-16   1.430600E-16   4.768509E-01
1    SYM                                                                     AUGUST   2, 2017  NX NASTRAN  6/17/16   PAGE    19
                                                                                                                                    
0                                                                                                                                   
 DATA BLOCK MGH     WRITTEN ON FORTRAN UNIT   11 FROM DMAP MODULE OUTPUT4 IN  ASCII   FORMAT (1P,5E16.9)         
 TRAILER =     101       6      12       2       1       7    5278
 DATA BLOCK MGG     WRITTEN ON FORTRAN UNIT   12 FROM DMAP MODULE OUTPUT4 IN  ASCII   FORMAT (1P,5E16.9)         
 TRAILER =     101      12      12       6       1       2     903
 DATA BLOCK KGH     WRITTEN ON FORTRAN UNIT   13 FROM DMAP MODULE OUTPUT4 IN  BINARY  FORMAT                     
 TRAILER =     101       6      12       2       1      12    9167
 DATA BLOCK KGG     WRITTEN ON FORTRAN UNIT   17 FROM DMAP MODULE OUTPUT4 IN  BINARY  FORMAT                     
 TRAILER =     101      12      12       6       1       6    5000
 *** USER INFORMATION MESSAGE 4110 (OUTPN2)
                                 END-OF-DATA SIMULATION ON FORTRAN UNIT 12
                                 (MAXIMUM SIZE OF FORTRAN RECORDS WRITTEN =      1 WORDS.)
                                       (NUMBER OF FORTRAN RECORDS WRITTEN =      1 RECORDS.)
                                       (TOTAL DATA WRITTEN FOR EOF MARKER =      1 WORDS.)
1    SYM                                                                     AUGUST   2, 2017  NX NASTRAN  6/17/16   PAGE    20
                                                                                                                                    
0                                                                                                                                   
 * * * *  D B D I C T   P R I N T  * * * *      SUBDMAP = PRTSUM  ,  DMAP STATEMENT NO.     29



0                                   * * * *  A N A L Y S I S  S U M M A R Y  T A B L E  * * * *
0 SEID  PEID PROJ VERS APRCH      SEMG SEMR SEKR SELG SELR MODES DYNRED SOLLIN PVALID SOLNL LOOPID DESIGN CYCLE SENSITIVITY
 --------------------------------------------------------------------------------------------------------------------------
     0     0    1    2 '        '    T    T    T    T    T     T      F      T      0     F     -1            0           F
0SEID = SUPERELEMENT ID.
 PEID = PRIMARY SUPERELEMENT ID OF IMAGE SUPERELEMENT.
 PROJ = PROJECT ID NUMBER.
 VERS = VERSION ID.
 APRCH = BLANK FOR STRUCTURAL ANALYSIS.  HEAT FOR HEAT TRANSFER ANALYSIS.
 SEMG = STIFFNESS AND MASS MATRIX GENERATION STEP.
 SEMR = MASS MATRIX REDUCTION STEP (INCLUDES EIGENVALUE SOLUTION FOR MODES).
 SEKR = STIFFNESS MATRIX REDUCTION STEP.
 SELG = LOAD MATRIX GENERATION STEP.
 SELR = LOAD MATRIX REDUCTION STEP. 
 MODES = T (TRUE) IF NORMAL MODES OR BUCKLING MODES CALCULATED.
 DYNRED = T (TRUE) MEANS GENERALIZED DYNAMIC AND/OR COMPONENT MODE REDUCTION PERFORMED.
 SOLLIN = T (TRUE) IF LINEAR SOLUTION EXISTS IN DATABASE.
 PVALID = P-DISTRIBUTION ID OF P-VALUE FOR P-ELEMENTS
 LOOPID = THE LAST LOOPID VALUE USED IN THE NONLINEAR ANALYSIS.  USEFUL FOR RESTARTS.
 SOLNL = T (TRUE) IF NONLINEAR SOLUTION EXISTS IN DATABASE.
 DESIGN CYCLE = THE LAST DESIGN CYCLE (ONLY VALID IN OPTIMIZATION).
 SENSITIVITY = SENSITIVITY MATRIX GENERATION FLAG.
1                                        * * * END OF JOB * * *
 
 
