
original float ambiguities

 3642394.102 
 1865458.078 
 2472471.851 
-1143751.156 
 2449108.915 

 'reduced' ambiguities

       0.102 
       0.078 
       0.851 
      -0.156 
       0.915 

          increments

 3642394.000 
 1865458.000 
 2472471.000 
-1143751.000 
 2449108.000 

conditional variances (before)

       0.116 
       0.226 
       1.876 
       2.036 
       7.957 

conditional variances (after)

       1.425 
       1.468 
       0.669 
       0.793 
       0.717 

 Z^T-matrix: 

      -2       3       2      -1       0
       1      -1      -1       1       0
      -2       3       1       0      -1
       0       1      -1       2      -2
       0       1      -1       1      -1

transformed 'reduced' float ambiguities

       1.886 
      -0.982 
      -0.036 
      -2.915 
      -1.844 

    2 candidates found with a Chi^2 of   0.61

fixed transformed 'reduced' ambiguities

       2.000 
      -1.000 
       0.000 
      -3.000 
      -2.000 

             a_check

 3642394.000 
 1865458.000 
 2472472.000 
-1143751.000 
 2449109.000 
