 DT=   6.25000009E-03
 
                    WING LIFT DISTRIBUTION CALCULATION (WITH GROUND EFFECT)
                    --------------------------------------------------------
 
          ALFA:      5.00        SWEEP(1) :     90.00        B :      4.00        C   :         1.00
                                 SWEEP(2) :     90.00        S   :      4.00        AR :         8.00
                                 NC       :         4        NS :        13        L.E. HEIGHT:******

          ALF( 1)=    0.0000
          ALF( 2)=    0.0000
          ALF( 3)=    0.0000
          ALF( 4)=    0.0000
          BB(  1)=    0.3077
          BB(  3)=    0.3077
          BB(  5)=    0.3077
          BB(  7)=    0.3077
          BB(  9)=    0.3077
          BB( 11)=    0.3077
          BB( 13)=    0.3077
           1         160
 
 T=      0.00   SX=     -0.00   SZ=      0.00   VINF=     10.00   TETA=       0.00      OMEGA=               0.00
,CL=    2.1928  L=  438.5667    CM=    0.9862   CD=    0.1788   L/L(INF)=    4.9991    GAMA/GAMA(INF)=    0.2434

           2         160
 
 T=      0.01   SX=     -0.06   SZ=      0.00   VINF=     10.00   TETA=       0.00      OMEGA=               0.00
,CL=    0.3327  L=   66.5419    CM=    0.1074   CD=    0.0163   L/L(INF)=    0.7585    GAMA/GAMA(INF)=    0.3178

           3         160
 
 T=      0.01   SX=     -0.12   SZ=      0.00   VINF=     10.00   TETA=       0.00      OMEGA=               0.00
,CL=    0.3129  L=   62.5886    CM=    0.0916   CD=    0.0145   L/L(INF)=    0.7134    GAMA/GAMA(INF)=    0.3709

           4         160
 
 T=      0.02   SX=     -0.19   SZ=      0.00   VINF=     10.00   TETA=       0.00      OMEGA=               0.00
,CL=    0.3080  L=   61.5979    CM=    0.0857   CD=    0.0137   L/L(INF)=    0.7021    GAMA/GAMA(INF)=    0.4131

           5         160
 
 T=      0.03   SX=     -0.25   SZ=      0.00   VINF=     10.00   TETA=       0.00      OMEGA=               0.00
,CL=    0.3075  L=   61.4920    CM=    0.0831   CD=    0.0133   L/L(INF)=    0.7009    GAMA/GAMA(INF)=    0.4485

 
     I     DL    II                      DCP                      I I                         GAMA
======================================================================================================================
     I               I= 1           2           3           4     I I     1           2           3           4
======================================================================================================================
,  1I   16.761II    0.685I    0.307I    0.202I    0.147II    0.816I    0.265I    0.065I   -0.101I
,  2I   16.750II    0.685I    0.306I    0.202I    0.147II    0.816I    0.265I    0.065I   -0.100I
,  3I   16.726II    0.684I    0.306I    0.201I    0.147II    0.815I    0.265I    0.065I   -0.100I
,  4I   16.685II    0.683I    0.305I    0.201I    0.146II    0.814I    0.264I    0.065I   -0.100I
,  5I   16.623II    0.681I    0.304I    0.200I    0.145II    0.812I    0.264I    0.065I   -0.100I
,  6I   16.529II    0.679I    0.302I    0.198I    0.144II    0.809I    0.263I    0.065I   -0.099I
,  7I   16.385II    0.675I    0.299I    0.195I    0.142II    0.805I    0.261I    0.064I   -0.098I
,  8I   16.165II    0.669I    0.294I    0.191I    0.139II    0.799I    0.259I    0.064I   -0.097I
,  9I   15.816II    0.659I    0.287I    0.185I    0.135II    0.788I    0.255I    0.063I   -0.095I
, 10I   15.249II    0.642I    0.275I    0.175I    0.128II    0.770I    0.247I    0.061I   -0.091I
, 11I   14.292II    0.614I    0.254I    0.159I    0.116II    0.739I    0.233I    0.057I   -0.084I
, 12I   12.592II    0.560I    0.218I    0.132I    0.097II    0.678I    0.204I    0.049I   -0.071I
, 13I    9.276II    0.444I    0.149I    0.086I    0.064II    0.541I    0.142I    0.033I   -0.046I
 

 WAKE ELEMENTS,


  VORTIC(IT=  1)= 0.557 0.557 0.557 0.557 0.556 0.555 0.553 0.550 0.545 0.537 0.521 0.488 0.405
 QW( 1)=  1.01  1.01  1.01  1.01  1.01  1.01  1.01  1.01  1.01  1.01  1.01  1.01  1.01  1.01
 QW( 2)=  0.00  0.31  0.62  0.92  1.23  1.54  1.85  2.15  2.46  2.77  3.08  3.38  3.69  4.00
 QW( 3)= -0.08 -0.08 -0.08 -0.08 -0.08 -0.08 -0.08 -0.08 -0.08 -0.08 -0.08 -0.08 -0.08 -0.08
  VORTIC(IT=  2)= 0.732 0.732 0.731 0.731 0.729 0.728 0.725 0.721 0.714 0.701 0.678 0.629 0.510
 QW( 1)=  0.96  0.96  0.96  0.96  0.96  0.96  0.96  0.96  0.96  0.96  0.96  0.96  0.96  0.95
 QW( 2)=  0.00  0.31  0.62  0.92  1.23  1.54  1.85  2.15  2.46  2.77  3.08  3.38  3.69  4.00
 QW( 3)= -0.11 -0.11 -0.11 -0.11 -0.11 -0.11 -0.11 -0.11 -0.11 -0.11 -0.11 -0.11 -0.11 -0.10
  VORTIC(IT=  3)= 0.858 0.858 0.857 0.856 0.855 0.853 0.849 0.844 0.834 0.818 0.788 0.726 0.578
 QW( 1)=  0.89  0.89  0.89  0.89  0.89  0.89  0.89  0.89  0.89  0.89  0.89  0.89  0.89  0.89
 QW( 2)=  0.00  0.31  0.62  0.92  1.23  1.54  1.85  2.15  2.46  2.77  3.08  3.38  3.69  4.00
 QW( 3)= -0.10 -0.10 -0.10 -0.10 -0.10 -0.10 -0.10 -0.10 -0.10 -0.10 -0.10 -0.10 -0.10 -0.09
  VORTIC(IT=  4)= 0.960 0.959 0.959 0.958 0.956 0.953 0.949 0.942 0.930 0.911 0.874 0.801 0.629
 QW( 1)=  0.83  0.83  0.83  0.83  0.83  0.83  0.83  0.83  0.83  0.83  0.83  0.83  0.83  0.83
 QW( 2)=  0.00  0.31  0.62  0.92  1.23  1.54  1.85  2.15  2.46  2.77  3.08  3.38  3.69  4.00
 QW( 3)= -0.09 -0.09 -0.09 -0.09 -0.09 -0.09 -0.09 -0.09 -0.09 -0.09 -0.09 -0.09 -0.09 -0.09
  VORTIC(IT=  5)= 1.046 1.045 1.045 1.043 1.041 1.038 1.033 1.024 1.011 0.988 0.945 0.861 0.669
 QW( 1)=  0.76  0.76  0.76  0.76  0.76  0.76  0.76  0.76  0.76  0.76  0.76  0.76  0.76  0.76
 QW( 2)=  0.00  0.31  0.62  0.92  1.23  1.54  1.85  2.15  2.46  2.77  3.08  3.38  3.69  4.00
 QW( 3)= -0.09 -0.09 -0.09 -0.09 -0.09 -0.09 -0.09 -0.09 -0.09 -0.09 -0.09 -0.09 -0.09 -0.09
           6         160
 
 T=      0.03   SX=     -0.31   SZ=      0.00   VINF=     10.00   TETA=       0.00      OMEGA=               0.00
,CL=    0.3087  L=   61.7333    CM=    0.0817   CD=    0.0130   L/L(INF)=    0.7037    GAMA/GAMA(INF)=    0.4790

           7         160
 
 T=      0.04   SX=     -0.38   SZ=      0.00   VINF=     10.00   TETA=       0.00      OMEGA=               0.00
,CL=    0.3112  L=   62.2416    CM=    0.0813   CD=    0.0128   L/L(INF)=    0.7095    GAMA/GAMA(INF)=    0.5059

           8         160
 
 T=      0.04   SX=     -0.44   SZ=      0.00   VINF=     10.00   TETA=       0.00      OMEGA=               0.00
,CL=    0.3130  L=   62.6096    CM=    0.0807   CD=    0.0126   L/L(INF)=    0.7137    GAMA/GAMA(INF)=    0.5298

           9         160
 
 T=      0.05   SX=     -0.50   SZ=      0.00   VINF=     10.00   TETA=       0.00      OMEGA=               0.00
,CL=    0.3156  L=   63.1147    CM=    0.0807   CD=    0.0124   L/L(INF)=    0.7194    GAMA/GAMA(INF)=    0.5512

          10         160
 
 T=      0.06   SX=     -0.56   SZ=      0.00   VINF=     10.00   TETA=       0.00      OMEGA=               0.00
,CL=    0.3183  L=   63.6514    CM=    0.0808   CD=    0.0122   L/L(INF)=    0.7255    GAMA/GAMA(INF)=    0.5707

          11         160
 
 T=      0.06   SX=     -0.63   SZ=      0.00   VINF=     10.00   TETA=       0.00      OMEGA=               0.00
,CL=    0.3210  L=   64.1943    CM=    0.0810   CD=    0.0121   L/L(INF)=    0.7317    GAMA/GAMA(INF)=    0.5885

          12         160
 
 T=      0.07   SX=     -0.69   SZ=      0.00   VINF=     10.00   TETA=       0.00      OMEGA=               0.00
,CL=    0.3237  L=   64.7322    CM=    0.0813   CD=    0.0119   L/L(INF)=    0.7379    GAMA/GAMA(INF)=    0.6048

          13         160
 
 T=      0.08   SX=     -0.75   SZ=      0.00   VINF=     10.00   TETA=       0.00      OMEGA=               0.00
,CL=    0.3263  L=   65.2594    CM=    0.0817   CD=    0.0118   L/L(INF)=    0.7439    GAMA/GAMA(INF)=    0.6199

          14         160
 
 T=      0.08   SX=     -0.81   SZ=      0.00   VINF=     10.00   TETA=       0.00      OMEGA=               0.00
,CL=    0.3289  L=   65.7726    CM=    0.0821   CD=    0.0117   L/L(INF)=    0.7497    GAMA/GAMA(INF)=    0.6339

          15         160
 
 T=      0.09   SX=     -0.88   SZ=      0.00   VINF=     10.00   TETA=       0.00      OMEGA=               0.00
,CL=    0.3313  L=   66.2700    CM=    0.0825   CD=    0.0116   L/L(INF)=    0.7554    GAMA/GAMA(INF)=    0.6470

          16         160
 
 T=      0.09   SX=     -0.94   SZ=      0.00   VINF=     10.00   TETA=       0.00      OMEGA=               0.00
,CL=    0.3338  L=   66.7507    CM=    0.0829   CD=    0.0114   L/L(INF)=    0.7609    GAMA/GAMA(INF)=    0.6591

          17         160
 
 T=      0.10   SX=     -1.00   SZ=      0.00   VINF=     10.00   TETA=       0.00      OMEGA=               0.00
,CL=    0.3361  L=   67.2146    CM=    0.0833   CD=    0.0113   L/L(INF)=    0.7662    GAMA/GAMA(INF)=    0.6705

          18         160
 
 T=      0.11   SX=     -1.06   SZ=      0.00   VINF=     10.00   TETA=       0.00      OMEGA=               0.00
,CL=    0.3383  L=   67.6615    CM=    0.0837   CD=    0.0112   L/L(INF)=    0.7712    GAMA/GAMA(INF)=    0.6811

          19         160
 
 T=      0.11   SX=     -1.13   SZ=      0.00   VINF=     10.00   TETA=       0.00      OMEGA=               0.00
,CL=    0.3405  L=   68.0918    CM=    0.0841   CD=    0.0111   L/L(INF)=    0.7762    GAMA/GAMA(INF)=    0.6911

          20         160
 
 T=      0.12   SX=     -1.19   SZ=      0.00   VINF=     10.00   TETA=       0.00      OMEGA=               0.00
,CL=    0.3425  L=   68.5058    CM=    0.0844   CD=    0.0110   L/L(INF)=    0.7809    GAMA/GAMA(INF)=    0.7006

          21         160
 
 T=      0.13   SX=     -1.25   SZ=      0.00   VINF=     10.00   TETA=       0.00      OMEGA=               0.00
,CL=    0.3445  L=   68.9040    CM=    0.0848   CD=    0.0109   L/L(INF)=    0.7854    GAMA/GAMA(INF)=    0.7095

          22         160
 
 T=      0.13   SX=     -1.31   SZ=      0.00   VINF=     10.00   TETA=       0.00      OMEGA=               0.00
,CL=    0.3464  L=   69.2871    CM=    0.0852   CD=    0.0108   L/L(INF)=    0.7898    GAMA/GAMA(INF)=    0.7179

          23         160
 
 T=      0.14   SX=     -1.38   SZ=      0.00   VINF=     10.00   TETA=       0.00      OMEGA=               0.00
,CL=    0.3483  L=   69.6556    CM=    0.0856   CD=    0.0107   L/L(INF)=    0.7940    GAMA/GAMA(INF)=    0.7258

          24         160
 
 T=      0.14   SX=     -1.44   SZ=      0.00   VINF=     10.00   TETA=       0.00      OMEGA=               0.00
,CL=    0.3501  L=   70.0100    CM=    0.0859   CD=    0.0106   L/L(INF)=    0.7980    GAMA/GAMA(INF)=    0.7333

          25         160
 
 T=      0.15   SX=     -1.50   SZ=      0.00   VINF=     10.00   TETA=       0.00      OMEGA=               0.00
,CL=    0.3518  L=   70.3509    CM=    0.0862   CD=    0.0105   L/L(INF)=    0.8019    GAMA/GAMA(INF)=    0.7405

          26         160
 
 T=      0.16   SX=     -1.56   SZ=      0.00   VINF=     10.00   TETA=       0.00      OMEGA=               0.00
,CL=    0.3534  L=   70.6790    CM=    0.0866   CD=    0.0105   L/L(INF)=    0.8056    GAMA/GAMA(INF)=    0.7472

          27         160
 
 T=      0.16   SX=     -1.62   SZ=      0.00   VINF=     10.00   TETA=       0.00      OMEGA=               0.00
,CL=    0.3550  L=   70.9947    CM=    0.0869   CD=    0.0104   L/L(INF)=    0.8092    GAMA/GAMA(INF)=    0.7537

          28         160
 
 T=      0.17   SX=     -1.69   SZ=      0.00   VINF=     10.00   TETA=       0.00      OMEGA=               0.00
,CL=    0.3565  L=   71.2986    CM=    0.0872   CD=    0.0103   L/L(INF)=    0.8127    GAMA/GAMA(INF)=    0.7598

          29         160
 
 T=      0.17   SX=     -1.75   SZ=      0.00   VINF=     10.00   TETA=       0.00      OMEGA=               0.00
,CL=    0.3580  L=   71.5912    CM=    0.0875   CD=    0.0102   L/L(INF)=    0.8160    GAMA/GAMA(INF)=    0.7657

          30         160
 
 T=      0.18   SX=     -1.81   SZ=      0.00   VINF=     10.00   TETA=       0.00      OMEGA=               0.00
,CL=    0.3594  L=   71.8729    CM=    0.0878   CD=    0.0101   L/L(INF)=    0.8193    GAMA/GAMA(INF)=    0.7712

          31         160
 
 T=      0.19   SX=     -1.87   SZ=      0.00   VINF=     10.00   TETA=       0.00      OMEGA=               0.00
,CL=    0.3607  L=   72.1444    CM=    0.0881   CD=    0.0101   L/L(INF)=    0.8223    GAMA/GAMA(INF)=    0.7765

          32         160
 
 T=      0.19   SX=     -1.94   SZ=      0.00   VINF=     10.00   TETA=       0.00      OMEGA=               0.00
,CL=    0.3620  L=   72.4060    CM=    0.0884   CD=    0.0100   L/L(INF)=    0.8253    GAMA/GAMA(INF)=    0.7816

          33         160
 
 T=      0.20   SX=     -2.00   SZ=      0.00   VINF=     10.00   TETA=       0.00      OMEGA=               0.00
,CL=    0.3633  L=   72.6581    CM=    0.0886   CD=    0.0099   L/L(INF)=    0.8282    GAMA/GAMA(INF)=    0.7865

          34         160
 
 T=      0.21   SX=     -2.06   SZ=      0.00   VINF=     10.00   TETA=       0.00      OMEGA=               0.00
,CL=    0.3645  L=   72.9011    CM=    0.0889   CD=    0.0099   L/L(INF)=    0.8310    GAMA/GAMA(INF)=    0.7911

          35         160
 
 T=      0.21   SX=     -2.12   SZ=      0.00   VINF=     10.00   TETA=       0.00      OMEGA=               0.00
,CL=    0.3657  L=   73.1358    CM=    0.0892   CD=    0.0098   L/L(INF)=    0.8336    GAMA/GAMA(INF)=    0.7955

          36         160
 
 T=      0.22   SX=     -2.19   SZ=      0.00   VINF=     10.00   TETA=       0.00      OMEGA=               0.00
,CL=    0.3668  L=   73.3619    CM=    0.0894   CD=    0.0097   L/L(INF)=    0.8362    GAMA/GAMA(INF)=    0.7998

          37         160
 
 T=      0.22   SX=     -2.25   SZ=      0.00   VINF=     10.00   TETA=       0.00      OMEGA=               0.00
,CL=    0.3679  L=   73.5802    CM=    0.0896   CD=    0.0097   L/L(INF)=    0.8387    GAMA/GAMA(INF)=    0.8039

          38         160
 
 T=      0.23   SX=     -2.31   SZ=      0.00   VINF=     10.00   TETA=       0.00      OMEGA=               0.00
,CL=    0.3690  L=   73.7908    CM=    0.0899   CD=    0.0096   L/L(INF)=    0.8411    GAMA/GAMA(INF)=    0.8078

          39         160
 
 T=      0.24   SX=     -2.37   SZ=      0.00   VINF=     10.00   TETA=       0.00      OMEGA=               0.00
,CL=    0.3700  L=   73.9944    CM=    0.0901   CD=    0.0096   L/L(INF)=    0.8434    GAMA/GAMA(INF)=    0.8115

          40         160
 
 T=      0.24   SX=     -2.44   SZ=      0.00   VINF=     10.00   TETA=       0.00      OMEGA=               0.00
,CL=    0.3710  L=   74.1909    CM=    0.0903   CD=    0.0095   L/L(INF)=    0.8457    GAMA/GAMA(INF)=    0.8151

          41         160
 
 T=      0.25   SX=     -2.50   SZ=      0.00   VINF=     10.00   TETA=       0.00      OMEGA=               0.00
,CL=    0.3719  L=   74.3807    CM=    0.0905   CD=    0.0095   L/L(INF)=    0.8478    GAMA/GAMA(INF)=    0.8186

          42         160
 
 T=      0.26   SX=     -2.56   SZ=      0.00   VINF=     10.00   TETA=       0.00      OMEGA=               0.00
,CL=    0.3728  L=   74.5641    CM=    0.0907   CD=    0.0094   L/L(INF)=    0.8499    GAMA/GAMA(INF)=    0.8219

          43         160
 
 T=      0.26   SX=     -2.62   SZ=      0.00   VINF=     10.00   TETA=       0.00      OMEGA=               0.00
,CL=    0.3737  L=   74.7416    CM=    0.0909   CD=    0.0094   L/L(INF)=    0.8520    GAMA/GAMA(INF)=    0.8251

          44         160
 
 T=      0.27   SX=     -2.69   SZ=      0.00   VINF=     10.00   TETA=       0.00      OMEGA=               0.00
,CL=    0.3746  L=   74.9130    CM=    0.0911   CD=    0.0093   L/L(INF)=    0.8539    GAMA/GAMA(INF)=    0.8281

          45         160
 
 T=      0.27   SX=     -2.75   SZ=      0.00   VINF=     10.00   TETA=       0.00      OMEGA=               0.00
,CL=    0.3754  L=   75.0788    CM=    0.0913   CD=    0.0093   L/L(INF)=    0.8558    GAMA/GAMA(INF)=    0.8311

          46         160
 
 T=      0.28   SX=     -2.81   SZ=      0.00   VINF=     10.00   TETA=       0.00      OMEGA=               0.00
,CL=    0.3762  L=   75.2393    CM=    0.0914   CD=    0.0092   L/L(INF)=    0.8576    GAMA/GAMA(INF)=    0.8339

          47         160
 
 T=      0.29   SX=     -2.87   SZ=      0.00   VINF=     10.00   TETA=       0.00      OMEGA=               0.00
,CL=    0.3770  L=   75.3945    CM=    0.0916   CD=    0.0092   L/L(INF)=    0.8594    GAMA/GAMA(INF)=    0.8367

          48         160
 
 T=      0.29   SX=     -2.94   SZ=      0.00   VINF=     10.00   TETA=       0.00      OMEGA=               0.00
,CL=    0.3777  L=   75.5448    CM=    0.0918   CD=    0.0091   L/L(INF)=    0.8611    GAMA/GAMA(INF)=    0.8393

          49         160
 
 T=      0.30   SX=     -3.00   SZ=      0.00   VINF=     10.00   TETA=       0.00      OMEGA=               0.00
,CL=    0.3785  L=   75.6903    CM=    0.0919   CD=    0.0091   L/L(INF)=    0.8628    GAMA/GAMA(INF)=    0.8418

          50         160
 
 T=      0.31   SX=     -3.06   SZ=      0.00   VINF=     10.00   TETA=       0.00      OMEGA=               0.00
,CL=    0.3792  L=   75.8310    CM=    0.0921   CD=    0.0090   L/L(INF)=    0.8644    GAMA/GAMA(INF)=    0.8443

          51         160
 
 T=      0.31   SX=     -3.12   SZ=      0.00   VINF=     10.00   TETA=       0.00      OMEGA=               0.00
,CL=    0.3798  L=   75.9675    CM=    0.0923   CD=    0.0090   L/L(INF)=    0.8659    GAMA/GAMA(INF)=    0.8466

          52         160
 
 T=      0.32   SX=     -3.19   SZ=      0.00   VINF=     10.00   TETA=       0.00      OMEGA=               0.00
,CL=    0.3805  L=   76.0996    CM=    0.0924   CD=    0.0090   L/L(INF)=    0.8674    GAMA/GAMA(INF)=    0.8489

          53         160
 
 T=      0.32   SX=     -3.25   SZ=      0.00   VINF=     10.00   TETA=       0.00      OMEGA=               0.00
,CL=    0.3811  L=   76.2277    CM=    0.0925   CD=    0.0089   L/L(INF)=    0.8689    GAMA/GAMA(INF)=    0.8511

          54         160
 
 T=      0.33   SX=     -3.31   SZ=      0.00   VINF=     10.00   TETA=       0.00      OMEGA=               0.00
,CL=    0.3818  L=   76.3518    CM=    0.0927   CD=    0.0089   L/L(INF)=    0.8703    GAMA/GAMA(INF)=    0.8532

          55         160
 
 T=      0.34   SX=     -3.37   SZ=      0.00   VINF=     10.00   TETA=       0.00      OMEGA=               0.00
,CL=    0.3824  L=   76.4722    CM=    0.0928   CD=    0.0089   L/L(INF)=    0.8717    GAMA/GAMA(INF)=    0.8553

          56         160
 
 T=      0.34   SX=     -3.44   SZ=      0.00   VINF=     10.00   TETA=       0.00      OMEGA=               0.00
,CL=    0.3829  L=   76.5889    CM=    0.0930   CD=    0.0088   L/L(INF)=    0.8730    GAMA/GAMA(INF)=    0.8573

          57         160
 
 T=      0.35   SX=     -3.50   SZ=      0.00   VINF=     10.00   TETA=       0.00      OMEGA=               0.00
,CL=    0.3835  L=   76.7020    CM=    0.0931   CD=    0.0088   L/L(INF)=    0.8743    GAMA/GAMA(INF)=    0.8592

          58         160
 
 T=      0.36   SX=     -3.56   SZ=      0.00   VINF=     10.00   TETA=       0.00      OMEGA=               0.00
,CL=    0.3841  L=   76.8118    CM=    0.0932   CD=    0.0088   L/L(INF)=    0.8755    GAMA/GAMA(INF)=    0.8610

          59         160
 
 T=      0.36   SX=     -3.62   SZ=      0.00   VINF=     10.00   TETA=       0.00      OMEGA=               0.00
,CL=    0.3846  L=   76.9184    CM=    0.0933   CD=    0.0087   L/L(INF)=    0.8768    GAMA/GAMA(INF)=    0.8628

          60         160
 
 T=      0.37   SX=     -3.69   SZ=      0.00   VINF=     10.00   TETA=       0.00      OMEGA=               0.00
,CL=    0.3851  L=   77.0217    CM=    0.0934   CD=    0.0087   L/L(INF)=    0.8779    GAMA/GAMA(INF)=    0.8646

          61         160
 
 T=      0.37   SX=     -3.75   SZ=      0.00   VINF=     10.00   TETA=       0.00      OMEGA=               0.00
,CL=    0.3856  L=   77.1221    CM=    0.0936   CD=    0.0087   L/L(INF)=    0.8791    GAMA/GAMA(INF)=    0.8662

          62         160
 
 T=      0.38   SX=     -3.81   SZ=      0.00   VINF=     10.00   TETA=       0.00      OMEGA=               0.00
,CL=    0.3861  L=   77.2195    CM=    0.0937   CD=    0.0086   L/L(INF)=    0.8802    GAMA/GAMA(INF)=    0.8678

          63         160
 
 T=      0.39   SX=     -3.87   SZ=      0.00   VINF=     10.00   TETA=       0.00      OMEGA=               0.00
,CL=    0.3866  L=   77.3141    CM=    0.0938   CD=    0.0086   L/L(INF)=    0.8813    GAMA/GAMA(INF)=    0.8694

          64         160
 
 T=      0.39   SX=     -3.94   SZ=      0.00   VINF=     10.00   TETA=       0.00      OMEGA=               0.00
,CL=    0.3870  L=   77.4060    CM=    0.0939   CD=    0.0086   L/L(INF)=    0.8823    GAMA/GAMA(INF)=    0.8709

          65         160
 
 T=      0.40   SX=     -4.00   SZ=      0.00   VINF=     10.00   TETA=       0.00      OMEGA=               0.00
,CL=    0.3875  L=   77.4952    CM=    0.0940   CD=    0.0086   L/L(INF)=    0.8833    GAMA/GAMA(INF)=    0.8724

          66         160
 
 T=      0.41   SX=     -4.06   SZ=      0.00   VINF=     10.00   TETA=       0.00      OMEGA=               0.00
,CL=    0.3879  L=   77.5820    CM=    0.0941   CD=    0.0085   L/L(INF)=    0.8843    GAMA/GAMA(INF)=    0.8738

          67         160
 
 T=      0.41   SX=     -4.12   SZ=      0.00   VINF=     10.00   TETA=       0.00      OMEGA=               0.00
,CL=    0.3883  L=   77.6662    CM=    0.0942   CD=    0.0085   L/L(INF)=    0.8853    GAMA/GAMA(INF)=    0.8752

          68         160
 
 T=      0.42   SX=     -4.19   SZ=      0.00   VINF=     10.00   TETA=       0.00      OMEGA=               0.00
,CL=    0.3887  L=   77.7482    CM=    0.0943   CD=    0.0085   L/L(INF)=    0.8862    GAMA/GAMA(INF)=    0.8766

          69         160
 
 T=      0.42   SX=     -4.25   SZ=      0.00   VINF=     10.00   TETA=       0.00      OMEGA=               0.00
,CL=    0.3891  L=   77.8277    CM=    0.0944   CD=    0.0085   L/L(INF)=    0.8871    GAMA/GAMA(INF)=    0.8779

          70         160
 
 T=      0.43   SX=     -4.31   SZ=      0.00   VINF=     10.00   TETA=       0.00      OMEGA=               0.00
,CL=    0.3895  L=   77.9051    CM=    0.0944   CD=    0.0084   L/L(INF)=    0.8880    GAMA/GAMA(INF)=    0.8791

          71         160
 
 T=      0.44   SX=     -4.37   SZ=      0.00   VINF=     10.00   TETA=       0.00      OMEGA=               0.00
,CL=    0.3899  L=   77.9804    CM=    0.0945   CD=    0.0084   L/L(INF)=    0.8889    GAMA/GAMA(INF)=    0.8803

          72         160
 
 T=      0.44   SX=     -4.44   SZ=      0.00   VINF=     10.00   TETA=       0.00      OMEGA=               0.00
,CL=    0.3903  L=   78.0538    CM=    0.0946   CD=    0.0084   L/L(INF)=    0.8897    GAMA/GAMA(INF)=    0.8815

          73         160
 
 T=      0.45   SX=     -4.50   SZ=      0.00   VINF=     10.00   TETA=       0.00      OMEGA=               0.00
,CL=    0.3906  L=   78.1249    CM=    0.0947   CD=    0.0084   L/L(INF)=    0.8905    GAMA/GAMA(INF)=    0.8827

          74         160
 
 T=      0.46   SX=     -4.56   SZ=      0.00   VINF=     10.00   TETA=       0.00      OMEGA=               0.00
,CL=    0.3910  L=   78.1942    CM=    0.0948   CD=    0.0084   L/L(INF)=    0.8913    GAMA/GAMA(INF)=    0.8838

          75         160
 
 T=      0.46   SX=     -4.62   SZ=      0.00   VINF=     10.00   TETA=       0.00      OMEGA=               0.00
,CL=    0.3913  L=   78.2617    CM=    0.0948   CD=    0.0083   L/L(INF)=    0.8921    GAMA/GAMA(INF)=    0.8849

          76         160
 
 T=      0.47   SX=     -4.69   SZ=      0.00   VINF=     10.00   TETA=       0.00      OMEGA=               0.00
,CL=    0.3916  L=   78.3274    CM=    0.0949   CD=    0.0083   L/L(INF)=    0.8928    GAMA/GAMA(INF)=    0.8859

          77         160
 
 T=      0.47   SX=     -4.75   SZ=      0.00   VINF=     10.00   TETA=       0.00      OMEGA=               0.00
,CL=    0.3920  L=   78.3912    CM=    0.0950   CD=    0.0083   L/L(INF)=    0.8936    GAMA/GAMA(INF)=    0.8869

          78         160
 
 T=      0.48   SX=     -4.81   SZ=      0.00   VINF=     10.00   TETA=       0.00      OMEGA=               0.00
,CL=    0.3923  L=   78.4534    CM=    0.0951   CD=    0.0083   L/L(INF)=    0.8943    GAMA/GAMA(INF)=    0.8879

          79         160
 
 T=      0.49   SX=     -4.87   SZ=      0.00   VINF=     10.00   TETA=       0.00      OMEGA=               0.00
,CL=    0.3926  L=   78.5140    CM=    0.0951   CD=    0.0083   L/L(INF)=    0.8950    GAMA/GAMA(INF)=    0.8889

          80         160
 
 T=      0.49   SX=     -4.94   SZ=      0.00   VINF=     10.00   TETA=       0.00      OMEGA=               0.00
,CL=    0.3929  L=   78.5739    CM=    0.0952   CD=    0.0083   L/L(INF)=    0.8956    GAMA/GAMA(INF)=    0.8898

          81         160
 
 T=      0.50   SX=     -5.00   SZ=      0.00   VINF=     10.00   TETA=       0.00      OMEGA=               0.00
,CL=    0.3932  L=   78.6309    CM=    0.0953   CD=    0.0082   L/L(INF)=    0.8963    GAMA/GAMA(INF)=    0.8907

          82         160
 
 T=      0.51   SX=     -5.06   SZ=      0.00   VINF=     10.00   TETA=       0.00      OMEGA=               0.00
,CL=    0.3934  L=   78.6880    CM=    0.0953   CD=    0.0082   L/L(INF)=    0.8969    GAMA/GAMA(INF)=    0.8916

          83         160
 
 T=      0.51   SX=     -5.12   SZ=      0.00   VINF=     10.00   TETA=       0.00      OMEGA=               0.00
,CL=    0.3937  L=   78.7380    CM=    0.0954   CD=    0.0082   L/L(INF)=    0.8975    GAMA/GAMA(INF)=    0.8925

          84         160
 
 T=      0.52   SX=     -5.19   SZ=      0.00   VINF=     10.00   TETA=       0.00      OMEGA=               0.00
,CL=    0.3940  L=   78.7931    CM=    0.0955   CD=    0.0082   L/L(INF)=    0.8981    GAMA/GAMA(INF)=    0.8933

          85         160
 
 T=      0.52   SX=     -5.25   SZ=      0.00   VINF=     10.00   TETA=       0.00      OMEGA=               0.00
,CL=    0.3942  L=   78.8450    CM=    0.0955   CD=    0.0082   L/L(INF)=    0.8987    GAMA/GAMA(INF)=    0.8941

          86         160
 
 T=      0.53   SX=     -5.31   SZ=      0.00   VINF=     10.00   TETA=       0.00      OMEGA=               0.00
,CL=    0.3945  L=   78.8994    CM=    0.0956   CD=    0.0082   L/L(INF)=    0.8993    GAMA/GAMA(INF)=    0.8949

          87         160
 
 T=      0.54   SX=     -5.37   SZ=      0.00   VINF=     10.00   TETA=       0.00      OMEGA=               0.00
,CL=    0.3947  L=   78.9428    CM=    0.0956   CD=    0.0081   L/L(INF)=    0.8998    GAMA/GAMA(INF)=    0.8957

          88         160
 
 T=      0.54   SX=     -5.44   SZ=      0.00   VINF=     10.00   TETA=       0.00      OMEGA=               0.00
,CL=    0.3950  L=   78.9927    CM=    0.0957   CD=    0.0081   L/L(INF)=    0.9004    GAMA/GAMA(INF)=    0.8964

          89         160
 
 T=      0.55   SX=     -5.50   SZ=      0.00   VINF=     10.00   TETA=       0.00      OMEGA=               0.00
,CL=    0.3952  L=   79.0395    CM=    0.0957   CD=    0.0081   L/L(INF)=    0.9009    GAMA/GAMA(INF)=    0.8972

          90         160
 
 T=      0.56   SX=     -5.56   SZ=      0.00   VINF=     10.00   TETA=       0.00      OMEGA=               0.00
,CL=    0.3954  L=   79.0891    CM=    0.0958   CD=    0.0081   L/L(INF)=    0.9015    GAMA/GAMA(INF)=    0.8979

          91         160
 
 T=      0.56   SX=     -5.62   SZ=      0.00   VINF=     10.00   TETA=       0.00      OMEGA=               0.00
,CL=    0.3956  L=   79.1277    CM=    0.0958   CD=    0.0081   L/L(INF)=    0.9019    GAMA/GAMA(INF)=    0.8986

          92         160
 
 T=      0.57   SX=     -5.69   SZ=      0.00   VINF=     10.00   TETA=       0.00      OMEGA=               0.00
,CL=    0.3959  L=   79.1730    CM=    0.0959   CD=    0.0081   L/L(INF)=    0.9025    GAMA/GAMA(INF)=    0.8992

          93         160
 
 T=      0.57   SX=     -5.75   SZ=      0.00   VINF=     10.00   TETA=       0.00      OMEGA=               0.00
,CL=    0.3961  L=   79.2154    CM=    0.0959   CD=    0.0081   L/L(INF)=    0.9029    GAMA/GAMA(INF)=    0.8999

          94         160
 
 T=      0.58   SX=     -5.81   SZ=      0.00   VINF=     10.00   TETA=       0.00      OMEGA=               0.00
,CL=    0.3963  L=   79.2608    CM=    0.0960   CD=    0.0080   L/L(INF)=    0.9035    GAMA/GAMA(INF)=    0.9005

          95         160
 
 T=      0.59   SX=     -5.88   SZ=      0.00   VINF=     10.00   TETA=       0.00      OMEGA=               0.00
,CL=    0.3965  L=   79.2952    CM=    0.0960   CD=    0.0080   L/L(INF)=    0.9039    GAMA/GAMA(INF)=    0.9012

          96         160
 
 T=      0.59   SX=     -5.94   SZ=      0.00   VINF=     10.00   TETA=       0.00      OMEGA=               0.00
,CL=    0.3967  L=   79.3364    CM=    0.0961   CD=    0.0080   L/L(INF)=    0.9043    GAMA/GAMA(INF)=    0.9018

          97         160
 
 T=      0.60   SX=     -6.00   SZ=      0.00   VINF=     10.00   TETA=       0.00      OMEGA=               0.00
,CL=    0.3969  L=   79.3750    CM=    0.0961   CD=    0.0080   L/L(INF)=    0.9048    GAMA/GAMA(INF)=    0.9023

          98         160
 
 T=      0.61   SX=     -6.06   SZ=      0.00   VINF=     10.00   TETA=       0.00      OMEGA=               0.00
,CL=    0.3971  L=   79.4165    CM=    0.0962   CD=    0.0080   L/L(INF)=    0.9052    GAMA/GAMA(INF)=    0.9029

          99         160
 
 T=      0.61   SX=     -6.13   SZ=      0.00   VINF=     10.00   TETA=       0.00      OMEGA=               0.00
,CL=    0.3972  L=   79.4472    CM=    0.0962   CD=    0.0080   L/L(INF)=    0.9056    GAMA/GAMA(INF)=    0.9035

         100         160
 
 T=      0.62   SX=     -6.19   SZ=      0.00   VINF=     10.00   TETA=       0.00      OMEGA=               0.00
,CL=    0.3974  L=   79.4850    CM=    0.0963   CD=    0.0080   L/L(INF)=    0.9060    GAMA/GAMA(INF)=    0.9040

         101         160
 
 T=      0.63   SX=     -6.25   SZ=      0.00   VINF=     10.00   TETA=       0.00      OMEGA=               0.00
,CL=    0.3976  L=   79.5198    CM=    0.0963   CD=    0.0080   L/L(INF)=    0.9064    GAMA/GAMA(INF)=    0.9046

         102         160
 
 T=      0.63   SX=     -6.31   SZ=      0.00   VINF=     10.00   TETA=       0.00      OMEGA=               0.00
,CL=    0.3978  L=   79.5579    CM=    0.0963   CD=    0.0080   L/L(INF)=    0.9069    GAMA/GAMA(INF)=    0.9051

         103         160
 
 T=      0.64   SX=     -6.38   SZ=      0.00   VINF=     10.00   TETA=       0.00      OMEGA=               0.00
,CL=    0.3979  L=   79.5856    CM=    0.0964   CD=    0.0079   L/L(INF)=    0.9072    GAMA/GAMA(INF)=    0.9056

         104         160
 
 T=      0.64   SX=     -6.44   SZ=      0.00   VINF=     10.00   TETA=       0.00      OMEGA=               0.00
,CL=    0.3981  L=   79.6199    CM=    0.0964   CD=    0.0079   L/L(INF)=    0.9076    GAMA/GAMA(INF)=    0.9061

         105         160
 
 T=      0.65   SX=     -6.50   SZ=      0.00   VINF=     10.00   TETA=       0.00      OMEGA=               0.00
,CL=    0.3983  L=   79.6518    CM=    0.0964   CD=    0.0079   L/L(INF)=    0.9079    GAMA/GAMA(INF)=    0.9066

         106         160
 
 T=      0.66   SX=     -6.56   SZ=      0.00   VINF=     10.00   TETA=       0.00      OMEGA=               0.00
,CL=    0.3984  L=   79.6870    CM=    0.0965   CD=    0.0079   L/L(INF)=    0.9083    GAMA/GAMA(INF)=    0.9070

         107         160
 
 T=      0.66   SX=     -6.63   SZ=      0.00   VINF=     10.00   TETA=       0.00      OMEGA=               0.00
,CL=    0.3986  L=   79.7115    CM=    0.0965   CD=    0.0079   L/L(INF)=    0.9086    GAMA/GAMA(INF)=    0.9075

         108         160
 
 T=      0.67   SX=     -6.69   SZ=      0.00   VINF=     10.00   TETA=       0.00      OMEGA=               0.00
,CL=    0.3987  L=   79.7430    CM=    0.0966   CD=    0.0079   L/L(INF)=    0.9090    GAMA/GAMA(INF)=    0.9079

         109         160
 
 T=      0.68   SX=     -6.75   SZ=      0.00   VINF=     10.00   TETA=       0.00      OMEGA=               0.00
,CL=    0.3989  L=   79.7721    CM=    0.0966   CD=    0.0079   L/L(INF)=    0.9093    GAMA/GAMA(INF)=    0.9084

         110         160
 
 T=      0.68   SX=     -6.81   SZ=      0.00   VINF=     10.00   TETA=       0.00      OMEGA=               0.00
,CL=    0.3990  L=   79.8045    CM=    0.0966   CD=    0.0079   L/L(INF)=    0.9097    GAMA/GAMA(INF)=    0.9088

         111         160
 
 T=      0.69   SX=     -6.88   SZ=      0.00   VINF=     10.00   TETA=       0.00      OMEGA=               0.00
,CL=    0.3991  L=   79.8265    CM=    0.0966   CD=    0.0079   L/L(INF)=    0.9099    GAMA/GAMA(INF)=    0.9092

         112         160
 
 T=      0.69   SX=     -6.94   SZ=      0.00   VINF=     10.00   TETA=       0.00      OMEGA=               0.00
,CL=    0.3993  L=   79.8554    CM=    0.0967   CD=    0.0079   L/L(INF)=    0.9102    GAMA/GAMA(INF)=    0.9096

         113         160
 
 T=      0.70   SX=     -7.00   SZ=      0.00   VINF=     10.00   TETA=       0.00      OMEGA=               0.00
,CL=    0.3994  L=   79.8821    CM=    0.0967   CD=    0.0079   L/L(INF)=    0.9105    GAMA/GAMA(INF)=    0.9100

         114         160
 
 T=      0.71   SX=     -7.06   SZ=      0.00   VINF=     10.00   TETA=       0.00      OMEGA=               0.00
,CL=    0.3996  L=   79.9122    CM=    0.0968   CD=    0.0079   L/L(INF)=    0.9109    GAMA/GAMA(INF)=    0.9104

         115         160
 
 T=      0.71   SX=     -7.13   SZ=      0.00   VINF=     10.00   TETA=       0.00      OMEGA=               0.00
,CL=    0.3997  L=   79.9316    CM=    0.0968   CD=    0.0078   L/L(INF)=    0.9111    GAMA/GAMA(INF)=    0.9108

         116         160
 
 T=      0.72   SX=     -7.19   SZ=      0.00   VINF=     10.00   TETA=       0.00      OMEGA=               0.00
,CL=    0.3998  L=   79.9584    CM=    0.0968   CD=    0.0078   L/L(INF)=    0.9114    GAMA/GAMA(INF)=    0.9112

         117         160
 
 T=      0.73   SX=     -7.25   SZ=      0.00   VINF=     10.00   TETA=       0.00      OMEGA=               0.00
,CL=    0.3999  L=   79.9827    CM=    0.0968   CD=    0.0078   L/L(INF)=    0.9117    GAMA/GAMA(INF)=    0.9115

         118         160
 
 T=      0.73   SX=     -7.31   SZ=      0.00   VINF=     10.00   TETA=       0.00      OMEGA=               0.00
,CL=    0.4001  L=   80.0106    CM=    0.0969   CD=    0.0078   L/L(INF)=    0.9120    GAMA/GAMA(INF)=    0.9119

         119         160
 
 T=      0.74   SX=     -7.38   SZ=      0.00   VINF=     10.00   TETA=       0.00      OMEGA=               0.00
,CL=    0.4001  L=   80.0279    CM=    0.0969   CD=    0.0078   L/L(INF)=    0.9122    GAMA/GAMA(INF)=    0.9122

         120         160
 
 T=      0.74   SX=     -7.44   SZ=      0.00   VINF=     10.00   TETA=       0.00      OMEGA=               0.00
,CL=    0.4003  L=   80.0525    CM=    0.0969   CD=    0.0078   L/L(INF)=    0.9125    GAMA/GAMA(INF)=    0.9126

         121         160
 
 T=      0.75   SX=     -7.50   SZ=      0.00   VINF=     10.00   TETA=       0.00      OMEGA=               0.00
,CL=    0.4004  L=   80.0751    CM=    0.0969   CD=    0.0078   L/L(INF)=    0.9127    GAMA/GAMA(INF)=    0.9129

         122         160
 
 T=      0.76   SX=     -7.56   SZ=      0.00   VINF=     10.00   TETA=       0.00      OMEGA=               0.00
,CL=    0.4005  L=   80.1009    CM=    0.0970   CD=    0.0078   L/L(INF)=    0.9130    GAMA/GAMA(INF)=    0.9132

         123         160
 
 T=      0.76   SX=     -7.63   SZ=      0.00   VINF=     10.00   TETA=       0.00      OMEGA=               0.00
,CL=    0.4006  L=   80.1163    CM=    0.0970   CD=    0.0078   L/L(INF)=    0.9132    GAMA/GAMA(INF)=    0.9135

         124         160
 
 T=      0.77   SX=     -7.69   SZ=      0.00   VINF=     10.00   TETA=       0.00      OMEGA=               0.00
,CL=    0.4007  L=   80.1391    CM=    0.0970   CD=    0.0078   L/L(INF)=    0.9135    GAMA/GAMA(INF)=    0.9138

         125         160
 
 T=      0.78   SX=     -7.75   SZ=      0.00   VINF=     10.00   TETA=       0.00      OMEGA=               0.00
,CL=    0.4008  L=   80.1598    CM=    0.0970   CD=    0.0078   L/L(INF)=    0.9137    GAMA/GAMA(INF)=    0.9142

         126         160
 
 T=      0.78   SX=     -7.81   SZ=      0.00   VINF=     10.00   TETA=       0.00      OMEGA=               0.00
,CL=    0.4009  L=   80.1838    CM=    0.0971   CD=    0.0078   L/L(INF)=    0.9140    GAMA/GAMA(INF)=    0.9145

         127         160
 
 T=      0.79   SX=     -7.88   SZ=      0.00   VINF=     10.00   TETA=       0.00      OMEGA=               0.00
,CL=    0.4010  L=   80.1977    CM=    0.0971   CD=    0.0078   L/L(INF)=    0.9141    GAMA/GAMA(INF)=    0.9147

         128         160
 
 T=      0.79   SX=     -7.94   SZ=      0.00   VINF=     10.00   TETA=       0.00      OMEGA=               0.00
,CL=    0.4011  L=   80.2187    CM=    0.0971   CD=    0.0078   L/L(INF)=    0.9144    GAMA/GAMA(INF)=    0.9150

         129         160
 
 T=      0.80   SX=     -8.00   SZ=      0.00   VINF=     10.00   TETA=       0.00      OMEGA=               0.00
,CL=    0.4012  L=   80.2377    CM=    0.0971   CD=    0.0078   L/L(INF)=    0.9146    GAMA/GAMA(INF)=    0.9153

         130         160
 
 T=      0.81   SX=     -8.06   SZ=      0.00   VINF=     10.00   TETA=       0.00      OMEGA=               0.00
,CL=    0.4013  L=   80.2563    CM=    0.0972   CD=    0.0078   L/L(INF)=    0.9148    GAMA/GAMA(INF)=    0.9156

         131         160
 
 T=      0.81   SX=     -8.13   SZ=      0.00   VINF=     10.00   TETA=       0.00      OMEGA=               0.00
,CL=    0.4014  L=   80.2744    CM=    0.0972   CD=    0.0077   L/L(INF)=    0.9150    GAMA/GAMA(INF)=    0.9158

         132         160
 
 T=      0.82   SX=     -8.19   SZ=      0.00   VINF=     10.00   TETA=       0.00      OMEGA=               0.00
,CL=    0.4015  L=   80.2922    CM=    0.0972   CD=    0.0077   L/L(INF)=    0.9152    GAMA/GAMA(INF)=    0.9161

         133         160
 
 T=      0.83   SX=     -8.25   SZ=      0.00   VINF=     10.00   TETA=       0.00      OMEGA=               0.00
,CL=    0.4015  L=   80.3095    CM=    0.0972   CD=    0.0077   L/L(INF)=    0.9154    GAMA/GAMA(INF)=    0.9163

         134         160
 
 T=      0.83   SX=     -8.31   SZ=      0.00   VINF=     10.00   TETA=       0.00      OMEGA=               0.00
,CL=    0.4016  L=   80.3267    CM=    0.0972   CD=    0.0077   L/L(INF)=    0.9156    GAMA/GAMA(INF)=    0.9166

         135         160
 
 T=      0.84   SX=     -8.38   SZ=      0.00   VINF=     10.00   TETA=       0.00      OMEGA=               0.00
,CL=    0.4017  L=   80.3434    CM=    0.0973   CD=    0.0077   L/L(INF)=    0.9158    GAMA/GAMA(INF)=    0.9168

         136         160
 
 T=      0.84   SX=     -8.44   SZ=      0.00   VINF=     10.00   TETA=       0.00      OMEGA=               0.00
,CL=    0.4018  L=   80.3597    CM=    0.0973   CD=    0.0077   L/L(INF)=    0.9160    GAMA/GAMA(INF)=    0.9171

         137         160
 
 T=      0.85   SX=     -8.50   SZ=      0.00   VINF=     10.00   TETA=       0.00      OMEGA=               0.00
,CL=    0.4019  L=   80.3758    CM=    0.0973   CD=    0.0077   L/L(INF)=    0.9162    GAMA/GAMA(INF)=    0.9173

         138         160
 
 T=      0.86   SX=     -8.56   SZ=      0.00   VINF=     10.00   TETA=       0.00      OMEGA=               0.00
,CL=    0.4020  L=   80.3915    CM=    0.0973   CD=    0.0077   L/L(INF)=    0.9164    GAMA/GAMA(INF)=    0.9175

         139         160
 
 T=      0.86   SX=     -8.63   SZ=      0.00   VINF=     10.00   TETA=       0.00      OMEGA=               0.00
,CL=    0.4020  L=   80.4070    CM=    0.0973   CD=    0.0077   L/L(INF)=    0.9165    GAMA/GAMA(INF)=    0.9178

         140         160
 
 T=      0.87   SX=     -8.69   SZ=      0.00   VINF=     10.00   TETA=       0.00      OMEGA=               0.00
,CL=    0.4021  L=   80.4221    CM=    0.0973   CD=    0.0077   L/L(INF)=    0.9167    GAMA/GAMA(INF)=    0.9180

         141         160
 
 T=      0.88   SX=     -8.75   SZ=      0.00   VINF=     10.00   TETA=       0.00      OMEGA=               0.00
,CL=    0.4022  L=   80.4371    CM=    0.0974   CD=    0.0077   L/L(INF)=    0.9169    GAMA/GAMA(INF)=    0.9182

         142         160
 
 T=      0.88   SX=     -8.81   SZ=      0.00   VINF=     10.00   TETA=       0.00      OMEGA=               0.00
,CL=    0.4023  L=   80.4516    CM=    0.0974   CD=    0.0077   L/L(INF)=    0.9170    GAMA/GAMA(INF)=    0.9184

         143         160
 
 T=      0.89   SX=     -8.88   SZ=      0.00   VINF=     10.00   TETA=       0.00      OMEGA=               0.00
,CL=    0.4023  L=   80.4659    CM=    0.0974   CD=    0.0077   L/L(INF)=    0.9172    GAMA/GAMA(INF)=    0.9186

         144         160
 
 T=      0.89   SX=     -8.94   SZ=      0.00   VINF=     10.00   TETA=       0.00      OMEGA=               0.00
,CL=    0.4024  L=   80.4799    CM=    0.0974   CD=    0.0077   L/L(INF)=    0.9174    GAMA/GAMA(INF)=    0.9188

         145         160
 
 T=      0.90   SX=     -9.00   SZ=      0.00   VINF=     10.00   TETA=       0.00      OMEGA=               0.00
,CL=    0.4025  L=   80.4936    CM=    0.0974   CD=    0.0077   L/L(INF)=    0.9175    GAMA/GAMA(INF)=    0.9190

         146         160
 
 T=      0.91   SX=     -9.06   SZ=      0.00   VINF=     10.00   TETA=       0.00      OMEGA=               0.00
,CL=    0.4025  L=   80.5071    CM=    0.0974   CD=    0.0077   L/L(INF)=    0.9177    GAMA/GAMA(INF)=    0.9192

         147         160
 
 T=      0.91   SX=     -9.13   SZ=      0.00   VINF=     10.00   TETA=       0.00      OMEGA=               0.00
,CL=    0.4026  L=   80.5205    CM=    0.0975   CD=    0.0077   L/L(INF)=    0.9178    GAMA/GAMA(INF)=    0.9194

         148         160
 
 T=      0.92   SX=     -9.19   SZ=      0.00   VINF=     10.00   TETA=       0.00      OMEGA=               0.00
,CL=    0.4027  L=   80.5333    CM=    0.0975   CD=    0.0077   L/L(INF)=    0.9180    GAMA/GAMA(INF)=    0.9196

         149         160
 
 T=      0.93   SX=     -9.25   SZ=      0.00   VINF=     10.00   TETA=       0.00      OMEGA=               0.00
,CL=    0.4027  L=   80.5462    CM=    0.0975   CD=    0.0077   L/L(INF)=    0.9181    GAMA/GAMA(INF)=    0.9198

         150         160
 
 T=      0.93   SX=     -9.31   SZ=      0.00   VINF=     10.00   TETA=       0.00      OMEGA=               0.00
,CL=    0.4028  L=   80.5586    CM=    0.0975   CD=    0.0077   L/L(INF)=    0.9183    GAMA/GAMA(INF)=    0.9199

         151         160
 
 T=      0.94   SX=     -9.38   SZ=      0.00   VINF=     10.00   TETA=       0.00      OMEGA=               0.00
,CL=    0.4029  L=   80.5710    CM=    0.0975   CD=    0.0077   L/L(INF)=    0.9184    GAMA/GAMA(INF)=    0.9201

         152         160
 
 T=      0.94   SX=     -9.44   SZ=      0.00   VINF=     10.00   TETA=       0.00      OMEGA=               0.00
,CL=    0.4029  L=   80.5830    CM=    0.0975   CD=    0.0077   L/L(INF)=    0.9185    GAMA/GAMA(INF)=    0.9203

         153         160
 
 T=      0.95   SX=     -9.50   SZ=      0.00   VINF=     10.00   TETA=       0.00      OMEGA=               0.00
,CL=    0.4030  L=   80.5948    CM=    0.0975   CD=    0.0077   L/L(INF)=    0.9187    GAMA/GAMA(INF)=    0.9205

         154         160
 
 T=      0.96   SX=     -9.56   SZ=      0.00   VINF=     10.00   TETA=       0.00      OMEGA=               0.00
,CL=    0.4030  L=   80.6064    CM=    0.0976   CD=    0.0076   L/L(INF)=    0.9188    GAMA/GAMA(INF)=    0.9206

         155         160
 
 T=      0.96   SX=     -9.63   SZ=      0.00   VINF=     10.00   TETA=       0.00      OMEGA=               0.00
,CL=    0.4031  L=   80.6178    CM=    0.0976   CD=    0.0076   L/L(INF)=    0.9189    GAMA/GAMA(INF)=    0.9208

         156         160
 
 T=      0.97   SX=     -9.69   SZ=      0.00   VINF=     10.00   TETA=       0.00      OMEGA=               0.00
,CL=    0.4031  L=   80.6291    CM=    0.0976   CD=    0.0076   L/L(INF)=    0.9191    GAMA/GAMA(INF)=    0.9209

         157         160
 
 T=      0.98   SX=     -9.75   SZ=      0.00   VINF=     10.00   TETA=       0.00      OMEGA=               0.00
,CL=    0.4032  L=   80.6400    CM=    0.0976   CD=    0.0076   L/L(INF)=    0.9192    GAMA/GAMA(INF)=    0.9211

         158         160
 
 T=      0.98   SX=     -9.81   SZ=      0.00   VINF=     10.00   TETA=       0.00      OMEGA=               0.00
,CL=    0.4033  L=   80.6509    CM=    0.0976   CD=    0.0076   L/L(INF)=    0.9193    GAMA/GAMA(INF)=    0.9213

         159         160
 
 T=      0.99   SX=     -9.88   SZ=      0.00   VINF=     10.00   TETA=       0.00      OMEGA=               0.00
,CL=    0.4033  L=   80.6615    CM=    0.0976   CD=    0.0076   L/L(INF)=    0.9194    GAMA/GAMA(INF)=    0.9214

         160         160
 
 T=      0.99   SX=     -9.94   SZ=      0.00   VINF=     10.00   TETA=       0.00      OMEGA=               0.00
,CL=    0.4034  L=   80.6720    CM=    0.0976   CD=    0.0076   L/L(INF)=    0.9196    GAMA/GAMA(INF)=    0.9215

