This is pdfTeXk, Version 3.141592-1.40.3 (Web2C 7.5.6) (format=latex 2009.1.5)  8 JAN 2009 12:04
entering extended mode
 %&-line parsing enabled.
**layouts.ins
(./layouts.ins
LaTeX2e <2005/12/01>
Babel <v3.8h> and hyphenation patterns for english, usenglishmax, dumylang, noh
yphenation, loaded.
(/usr/share/texmf-texlive/tex/latex/base/docstrip.tex
\blockLevel=\count79
\emptyLines=\count80
\processedLines=\count81
\commentsRemoved=\count82
\commentsPassed=\count83
\codeLinesPassed=\count84
\TotalprocessedLines=\count85
\TotalcommentsRemoved=\count86
\TotalcommentsPassed=\count87
\TotalcodeLinesPassed=\count88
\NumberOfFiles=\count89
\inFile=\read1
\inputcheck=\read2
\off@0=\count90
\off@1=\count91
\off@2=\count92
\off@3=\count93
\off@4=\count94
\off@5=\count95
\off@6=\count96
\off@7=\count97
\off@8=\count98
\off@9=\count99
\off@10=\count100
\off@11=\count101
\off@12=\count102
\off@13=\count103
\off@14=\count104
\off@15=\count105
\@maxfiles=\count106
\@maxoutfiles=\count107

Utility: `docstrip' 2.5d <2005/07/29>
English documentation    <1999/03/31>

**********************************************************
* This program converts documented macro-files into fast *
* loadable files by stripping off (nearly) all comments! *
**********************************************************

********************************************************
* No Configuration file found, using default settings. *
********************************************************

(./layouts.ins
*** Generating the LaTeX2e package files ***

Generating file(s) ./layouts.sty 
\openout0 = `./layouts.sty'.


Processing file layouts.dtx (lays) -> layouts.sty
File layouts.dtx ended by \endinput.
Lines  processed: 4823
Comments removed: 2298
Comments  passed: 54
Codelines passed: 2467

***********************************************************
*
* To finish the installation you have to move the following
* file(s) into a directory searched by TeX:
*
*   layouts.sty
*
*
* To produce the source documentation run the files ending with
* `.dtx' through LaTeX.
* Process any layouts.idx file by:
*     makeindex -s gind.ist layouts
* Process any layouts.glo file by:
*     makeindex -s gglo.ist -o layouts.gls layouts.glo
*
* Happy TeXing
***********************************************************
) ) ) 
Here is how much of TeX's memory you used:
 313 strings out of 95087
 3162 string characters out of 1183279
 52184 words of memory out of 1500000
 3577 multiletter control sequences out of 10000+50000
 3640 words of font info for 14 fonts, out of 1200000 for 2000
 28 hyphenation exceptions out of 8191
 16i,0n,18p,216b,121s stack positions out of 5000i,500n,6000p,200000b,5000s

No pages of output.
