
                             *  *  *   Z A E R O   L O G F I L E   *  *  *

   ELASPED     TOTAL                                                                 STEP
    TIME        CPU                                                                  CPU
  ---------  -----------                                                          -----------


  000:00:00  000:00:00.0     *** BEGIN ZAERO ***
  000:00:00  000:00:00.3     INIT MODULE: INITIALIZATION                          000:00:00.3
  000:00:00  000:00:00.7     CNTL MODULE: PROCESS CASE CONTROL                    000:00:00.4
  000:00:02  000:00:02.0     IFP  MODULE: INPUT FILE PROCESSOR                    000:00:01.3
  000:00:02  000:00:02.5     FEM  MODULE: IMPORT FEM MODAL DATA                   000:00:00.4
  000:00:03  000:00:03.0     HFG  MODULE: HIGH FIDELITY GEOMETRY MODULE           000:00:00.4
  000:00:03  000:00:03.5     SPLINE MODULE: SPLINE MATRIX GENERATION              000:00:00.5
  000:00:04  000:00:04.0     CONMOD MODULE: CONTROL MODES FOR ASE/DYNAMIC LOADS   000:00:00.4
  000:00:04  000:00:04.5     GENDYN MODULE: STRUCTURAL DYNAMIC MATRICIES          000:00:00.5
  000:00:05  000:00:05.4     UAIC MODULE: UNIFIED UNSTEADY AERODYNAMICS MODULE    000:00:00.8
  000:00:05  000:00:05.4     ***********************************                  000:00:00.0
  000:00:05  000:00:05.4     BEGIN ANALYSIS OF EACH SUBCASE                       000:00:00.0
  000:00:05  000:00:05.4         SUBCASE NO.        1                             000:00:00.0
  000:00:06  000:00:06.5           TRIM MODULE: STATIC AEROELASTICITY             000:00:01.0
  000:00:06  000:00:06.5         SUBCASE NO.        2                             000:00:00.0
  000:00:07  000:00:07.5           TRIM MODULE: STATIC AEROELASTICITY             000:00:01.0
  000:00:07  000:00:07.6         SUBCASE NO.        3                             000:00:00.0
  000:00:08  000:00:08.6           TRIM MODULE: STATIC AEROELASTICITY             000:00:01.0
  000:00:08  000:00:08.6         SUBCASE NO.        4                             000:00:00.0
  000:00:09  000:00:09.6           TRIM MODULE: STATIC AEROELASTICITY             000:00:01.0
  000:00:09  000:00:09.7         SUBCASE NO.        5                             000:00:00.0
  000:00:10  000:00:10.7           TRIM MODULE: STATIC AEROELASTICITY             000:00:01.0
  000:00:10  000:00:10.7     *** END ZAERO ***                                    000:00:00.0
