
                             *  *  *   Z A E R O   L O G F I L E   *  *  *

   ELASPED     TOTAL                                                                 STEP
    TIME        CPU                                                                  CPU
  ---------  -----------                                                          -----------


  000:00:00  000:00:00.0     *** BEGIN ZAERO ***
  000:00:00  000:00:00.3     INIT MODULE: INITIALIZATION                          000:00:00.3
  000:00:00  000:00:00.7     CNTL MODULE: PROCESS CASE CONTROL                    000:00:00.4
  000:00:02  000:00:02.1     IFP  MODULE: INPUT FILE PROCESSOR                    000:00:01.3
  000:00:02  000:00:02.5     FEM  MODULE: IMPORT FEM MODAL DATA                   000:00:00.4
  000:00:03  000:00:03.0     HFG  MODULE: HIGH FIDELITY GEOMETRY MODULE           000:00:00.5
  000:00:03  000:00:03.7     SPLINE MODULE: SPLINE MATRIX GENERATION              000:00:00.6
  000:00:04  000:00:04.1     CONMOD MODULE: CONTROL MODES FOR ASE/DYNAMIC LOADS   000:00:00.4
  000:00:04  000:00:04.6     GENDYN MODULE: STRUCTURAL DYNAMIC MATRICIES          000:00:00.5
  000:00:08  000:00:08.8     UAIC MODULE: UNIFIED UNSTEADY AERODYNAMICS MODULE    000:00:04.1
  000:00:08  000:00:08.8     ***********************************                  000:00:00.0
  000:00:08  000:00:08.8     BEGIN ANALYSIS OF EACH SUBCASE                       000:00:00.0
  000:00:08  000:00:08.8         SUBCASE NO.        1                             000:00:00.0
  000:00:10  000:00:10.1           TRIM MODULE: STATIC AEROELASTICITY             000:00:01.2
  000:00:10  000:00:10.1         SUBCASE NO.        2                             000:00:00.0
  000:00:11  000:00:11.2           TRIM MODULE: STATIC AEROELASTICITY             000:00:01.1
  000:00:11  000:00:11.3         SUBCASE NO.        3                             000:00:00.0
  000:00:12  000:00:12.4           TRIM MODULE: STATIC AEROELASTICITY             000:00:01.1
  000:00:12  000:00:12.4         SUBCASE NO.        4                             000:00:00.0
  000:00:13  000:00:13.6           TRIM MODULE: STATIC AEROELASTICITY             000:00:01.1
  000:00:13  000:00:13.6         SUBCASE NO.        5                             000:00:00.0
  000:00:14  000:00:14.7           TRIM MODULE: STATIC AEROELASTICITY             000:00:01.1
  000:00:14  000:00:14.7     *** END ZAERO ***                                    000:00:00.0
