2007.01.16 10:06 B C:\Documents and Settings\dbarnard\My Documents\websites\Belytschko\programs\ch09\assembly.m --> dev1.wiley.com /export/home/coll/belytschko/0470035803/programs/ch09 assembly.m
2007.01.16 10:06 B C:\Documents and Settings\dbarnard\My Documents\websites\Belytschko\programs\ch09\BmatElast2D.m --> dev1.wiley.com /export/home/coll/belytschko/0470035803/programs/ch09 BmatElast2D.m
2007.01.16 10:06 B C:\Documents and Settings\dbarnard\My Documents\websites\Belytschko\programs\ch09\displacements.m --> dev1.wiley.com /export/home/coll/belytschko/0470035803/programs/ch09 displacements.m
2007.01.16 10:06 B C:\Documents and Settings\dbarnard\My Documents\websites\Belytschko\programs\ch09\elast2Delem.m --> dev1.wiley.com /export/home/coll/belytschko/0470035803/programs/ch09 elast2Delem.m
2007.01.16 10:06 B C:\Documents and Settings\dbarnard\My Documents\websites\Belytschko\programs\ch09\elasticity2d.m --> dev1.wiley.com /export/home/coll/belytschko/0470035803/programs/ch09 elasticity2d.m
2007.01.16 10:06 B C:\Documents and Settings\dbarnard\My Documents\websites\Belytschko\programs\ch09\gauss.m --> dev1.wiley.com /export/home/coll/belytschko/0470035803/programs/ch09 gauss.m
2007.01.16 10:06 B C:\Documents and Settings\dbarnard\My Documents\websites\Belytschko\programs\ch09\get_stress.m --> dev1.wiley.com /export/home/coll/belytschko/0470035803/programs/ch09 get_stress.m
2007.01.16 10:06 B C:\Documents and Settings\dbarnard\My Documents\websites\Belytschko\programs\ch09\include_flags.m --> dev1.wiley.com /export/home/coll/belytschko/0470035803/programs/ch09 include_flags.m
2007.01.16 10:06 B C:\Documents and Settings\dbarnard\My Documents\websites\Belytschko\programs\ch09\input_file_16ele.m --> dev1.wiley.com /export/home/coll/belytschko/0470035803/programs/ch09 input_file_16ele.m
2007.01.16 10:06 B C:\Documents and Settings\dbarnard\My Documents\websites\Belytschko\programs\ch09\input_file_1ele.m --> dev1.wiley.com /export/home/coll/belytschko/0470035803/programs/ch09 input_file_1ele.m
2007.01.16 10:06 B C:\Documents and Settings\dbarnard\My Documents\websites\Belytschko\programs\ch09\input_file_64ele.m --> dev1.wiley.com /export/home/coll/belytschko/0470035803/programs/ch09 input_file_64ele.m
2007.01.16 10:06 B C:\Documents and Settings\dbarnard\My Documents\websites\Belytschko\programs\ch09\mesh2d.m --> dev1.wiley.com /export/home/coll/belytschko/0470035803/programs/ch09 mesh2d.m
2007.01.16 10:06 B C:\Documents and Settings\dbarnard\My Documents\websites\Belytschko\programs\ch09\NmatElast2D.m --> dev1.wiley.com /export/home/coll/belytschko/0470035803/programs/ch09 NmatElast2D.m
2007.01.16 10:06 B C:\Documents and Settings\dbarnard\My Documents\websites\Belytschko\programs\ch09\nodal_stress.m --> dev1.wiley.com /export/home/coll/belytschko/0470035803/programs/ch09 nodal_stress.m
2007.01.16 10:06 B C:\Documents and Settings\dbarnard\My Documents\websites\Belytschko\programs\ch09\plotmesh.m --> dev1.wiley.com /export/home/coll/belytschko/0470035803/programs/ch09 plotmesh.m
2007.01.16 10:06 B C:\Documents and Settings\dbarnard\My Documents\websites\Belytschko\programs\ch09\point_and_trac.m --> dev1.wiley.com /export/home/coll/belytschko/0470035803/programs/ch09 point_and_trac.m
2007.01.16 10:06 B C:\Documents and Settings\dbarnard\My Documents\websites\Belytschko\programs\ch09\postprocessor.m --> dev1.wiley.com /export/home/coll/belytschko/0470035803/programs/ch09 postprocessor.m
2007.01.16 10:06 B C:\Documents and Settings\dbarnard\My Documents\websites\Belytschko\programs\ch09\preprocessor.m --> dev1.wiley.com /export/home/coll/belytschko/0470035803/programs/ch09 preprocessor.m
2007.01.16 10:06 B C:\Documents and Settings\dbarnard\My Documents\websites\Belytschko\programs\ch09\setup_ID_LM.m --> dev1.wiley.com /export/home/coll/belytschko/0470035803/programs/ch09 setup_ID_LM.m
2007.01.16 10:06 B C:\Documents and Settings\dbarnard\My Documents\websites\Belytschko\programs\ch09\solvedr.m --> dev1.wiley.com /export/home/coll/belytschko/0470035803/programs/ch09 solvedr.m
2007.01.16 10:06 B C:\Documents and Settings\dbarnard\My Documents\websites\Belytschko\programs\ch09\stress_contours.m --> dev1.wiley.com /export/home/coll/belytschko/0470035803/programs/ch09 stress_contours.m
2007.01.16 10:06 B C:\Documents and Settings\dbarnard\My Documents\websites\Belytschko\programs\ch09\test.m --> dev1.wiley.com /export/home/coll/belytschko/0470035803/programs/ch09 test.m
