
Log started: 2010-04-19  12:00:17
Selecting previously deselected package python-tz.
(Reading database ... 21516 files and directories currently installed.)
Unpacking python-tz (from .../python-tz_2007k-0ubuntu2_all.deb) ...
Setting up python-tz (2007k-0ubuntu2) ...

Log ended: 2010-04-19  12:00:32

Log started: 2010-04-19  12:01:45
Selecting previously deselected package python-dateutil.
(Reading database ... 21537 files and directories currently installed.)
Unpacking python-dateutil (from .../python-dateutil_1.3-1_all.deb) ...
Setting up python-dateutil (1.3-1) ...

Log ended: 2010-04-19  12:01:46

Log started: 2010-04-19  22:54:18
Selecting previously deselected package make.
(Reading database ... 21558 files and directories currently installed.)
Unpacking make (from .../make_3.81-3build1_amd64.deb) ...
Setting up make (3.81-3build1) ...
Log ended: 2010-04-19  22:54:20

Log started: 2010-04-19  23:02:55
Selecting previously deselected package binutils.
(Reading database ... 21569 files and directories currently installed.)
Unpacking binutils (from .../binutils_2.18.1~cvs20080103-0ubuntu1_amd64.deb) ...
Selecting previously deselected package linux-libc-dev.
Unpacking linux-libc-dev (from .../linux-libc-dev_2.6.24-27.68_amd64.deb) ...
Selecting previously deselected package libc6-dev.
Unpacking libc6-dev (from .../libc6-dev_2.7-10ubuntu5_amd64.deb) ...
Selecting previously deselected package libgomp1.
Unpacking libgomp1 (from .../libgomp1_4.2.4-1ubuntu4_amd64.deb) ...
Selecting previously deselected package gcc-4.2.
Unpacking gcc-4.2 (from .../gcc-4.2_4.2.4-1ubuntu4_amd64.deb) ...
Selecting previously deselected package gcc.
Unpacking gcc (from .../gcc_4%3a4.2.3-1ubuntu6_amd64.deb) ...
Selecting previously deselected package libstdc++6-4.2-dev.
Unpacking libstdc++6-4.2-dev (from .../libstdc++6-4.2-dev_4.2.4-1ubuntu4_amd64.deb) ...
Selecting previously deselected package g++-4.2.
Unpacking g++-4.2 (from .../g++-4.2_4.2.4-1ubuntu4_amd64.deb) ...
Selecting previously deselected package g++.
Unpacking g++ (from .../g++_4%3a4.2.3-1ubuntu6_amd64.deb) ...
Selecting previously deselected package libtimedate-perl.
Unpacking libtimedate-perl (from .../libtimedate-perl_1.1600-9_all.deb) ...
Selecting previously deselected package dpkg-dev.
Unpacking dpkg-dev (from .../dpkg-dev_1.14.16.6ubuntu4.1_all.deb) ...
Selecting previously deselected package build-essential.
Unpacking build-essential (from .../build-essential_11.3ubuntu1_amd64.deb) ...
Setting up binutils (2.18.1~cvs20080103-0ubuntu1) ...

Setting up linux-libc-dev (2.6.24-27.68) ...
Setting up libc6-dev (2.7-10ubuntu5) ...
Setting up libgomp1 (4.2.4-1ubuntu4) ...

Setting up gcc-4.2 (4.2.4-1ubuntu4) ...
Setting up gcc (4:4.2.3-1ubuntu6) ...

Setting up libtimedate-perl (1.1600-9) ...
Setting up dpkg-dev (1.14.16.6ubuntu4.1) ...
Setting up libstdc++6-4.2-dev (4.2.4-1ubuntu4) ...
Setting up g++-4.2 (4.2.4-1ubuntu4) ...
Setting up g++ (4:4.2.3-1ubuntu6) ...

Setting up build-essential (11.3ubuntu1) ...
Processing triggers for libc6 ...
ldconfig deferred processing now taking place
Log ended: 2010-04-19  23:03:04

Log started: 2010-04-19  23:27:51
Selecting previously deselected package html2text.
(Reading database ... 23609 files and directories currently installed.)
Unpacking html2text (from .../html2text_1.3.2a-3build2_amd64.deb) ...
Selecting previously deselected package gettext.
Unpacking gettext (from .../gettext_0.17-2ubuntu1_amd64.deb) ...
Selecting previously deselected package intltool-debian.
Unpacking intltool-debian (from .../intltool-debian_0.35.0+20060710.1_all.deb) ...
Selecting previously deselected package po-debconf.
Unpacking po-debconf (from .../po-debconf_1.0.10_all.deb) ...
Selecting previously deselected package debhelper.
Unpacking debhelper (from .../debhelper_6.0.4ubuntu1_all.deb) ...
Selecting previously deselected package libbeecrypt6.
Unpacking libbeecrypt6 (from .../libbeecrypt6_4.1.2-6build1_amd64.deb) ...
Selecting previously deselected package librpm4.4.
Unpacking librpm4.4 (from .../librpm4.4_4.4.2.1-1ubuntu6_amd64.deb) ...
Selecting previously deselected package rpm.
Unpacking rpm (from .../rpm_4.4.2.1-1ubuntu6_amd64.deb) ...
Selecting previously deselected package alien.
Unpacking alien (from .../archives/alien_8.69_all.deb) ...
Setting up html2text (1.3.2a-3build2) ...

Setting up gettext (0.17-2ubuntu1) ...

Setting up intltool-debian (0.35.0+20060710.1) ...
Setting up po-debconf (1.0.10) ...

Setting up debhelper (6.0.4ubuntu1) ...
Setting up libbeecrypt6 (4.1.2-6build1) ...

Setting up librpm4.4 (4.4.2.1-1ubuntu6) ...

Setting up rpm (4.4.2.1-1ubuntu6) ...

Setting up alien (8.69) ...
Processing triggers for libc6 ...
ldconfig deferred processing now taking place
Log ended: 2010-04-19  23:27:56

Log started: 2010-04-19  23:34:43
Selecting previously deselected package x11-common.
(Reading database ... 24385 files and directories currently installed.)
Unpacking x11-common (from .../x11-common_1%3a7.3+10ubuntu10.2_amd64.deb) ...
Setting up x11-common (1:7.3+10ubuntu10.2) ...

Selecting previously deselected package libx11-data.
(Reading database ... 24423 files and directories currently installed.)
Unpacking libx11-data (from .../libx11-data_2%3a1.1.3-1ubuntu2_all.deb) ...
Selecting previously deselected package libxau6.
Unpacking libxau6 (from .../libxau6_1%3a1.0.3-2_amd64.deb) ...
Selecting previously deselected package libxdmcp6.
Unpacking libxdmcp6 (from .../libxdmcp6_1%3a1.0.2-2_amd64.deb) ...
Selecting previously deselected package libxcb1.
Unpacking libxcb1 (from .../libxcb1_1.1-1ubuntu1_amd64.deb) ...
Selecting previously deselected package libxcb-xlib0.
Unpacking libxcb-xlib0 (from .../libxcb-xlib0_1.1-1ubuntu1_amd64.deb) ...
Selecting previously deselected package libx11-6.
Unpacking libx11-6 (from .../libx11-6_2%3a1.1.3-1ubuntu2_amd64.deb) ...
Selecting previously deselected package tcl8.4.
Unpacking tcl8.4 (from .../tcl8.4_8.4.16-4ubuntu1_amd64.deb) ...
Selecting previously deselected package tk8.4.
Unpacking tk8.4 (from .../tk8.4_8.4.16-2ubuntu1.1_amd64.deb) ...
Setting up libx11-data (2:1.1.3-1ubuntu2) ...
Setting up libxau6 (1:1.0.3-2) ...

Setting up libxdmcp6 (1:1.0.2-2) ...

Setting up libxcb1 (1.1-1ubuntu1) ...

Setting up libxcb-xlib0 (1.1-1ubuntu1) ...

Setting up libx11-6 (2:1.1.3-1ubuntu2) ...

Setting up tcl8.4 (8.4.16-4ubuntu1) ...

Setting up tk8.4 (8.4.16-2ubuntu1.1) ...

Processing triggers for libc6 ...
ldconfig deferred processing now taking place
Log ended: 2010-04-19  23:34:52

Log started: 2010-04-19  23:38:05
Selecting previously deselected package tcl8.5.
(Reading database ... 24957 files and directories currently installed.)
Unpacking tcl8.5 (from .../tcl8.5_8.5.0-2ubuntu1_amd64.deb) ...
Selecting previously deselected package tcl8.5-dev.
Unpacking tcl8.5-dev (from .../tcl8.5-dev_8.5.0-2ubuntu1_amd64.deb) ...
Setting up tcl8.5 (8.5.0-2ubuntu1) ...

Setting up tcl8.5-dev (8.5.0-2ubuntu1) ...
Processing triggers for libc6 ...
ldconfig deferred processing now taking place
Log ended: 2010-04-19  23:38:07

Log started: 2010-04-19  23:38:27
Selecting previously deselected package eggdrop-data.
(Reading database ... 25259 files and directories currently installed.)
Unpacking eggdrop-data (from .../eggdrop-data_1.6.18-1.1ubuntu1_all.deb) ...
Selecting previously deselected package eggdrop.
Unpacking eggdrop (from .../eggdrop_1.6.18-1.1ubuntu1_amd64.deb) ...
Setting up eggdrop-data (1.6.18-1.1ubuntu1) ...
Setting up eggdrop (1.6.18-1.1ubuntu1) ...
Log ended: 2010-04-19  23:38:29

Log started: 2010-04-24  19:26:39
Selecting previously deselected package libglib2.0-0.
(Reading database ... 25463 files and directories currently installed.)
Unpacking libglib2.0-0 (from .../libglib2.0-0_2.16.6-0ubuntu1.2_amd64.deb) ...
Selecting previously deselected package gconf2-common.
Unpacking gconf2-common (from .../gconf2-common_2.22.0-0ubuntu3_all.deb) ...
Selecting previously deselected package libidl0.
Unpacking libidl0 (from .../libidl0_0.8.10-0.1_amd64.deb) ...
Selecting previously deselected package liborbit2.
Unpacking liborbit2 (from .../liborbit2_1%3a2.14.12-0.1_amd64.deb) ...
Selecting previously deselected package libgconf2-4.
Unpacking libgconf2-4 (from .../libgconf2-4_2.22.0-0ubuntu3_amd64.deb) ...
Setting up libglib2.0-0 (2.16.6-0ubuntu1.2) ...

Processing triggers for libc6 ...
ldconfig deferred processing now taking place
Selecting previously deselected package gconf2.
(Reading database ... 25547 files and directories currently installed.)
Unpacking gconf2 (from .../gconf2_2.22.0-0ubuntu3_amd64.deb) ...
Selecting previously deselected package libxfixes3.
Unpacking libxfixes3 (from .../libxfixes3_1%3a4.0.3-2_amd64.deb) ...
Selecting previously deselected package fontconfig-config.
Unpacking fontconfig-config (from .../fontconfig-config_2.5.0-2ubuntu3_all.deb) ...
Selecting previously deselected package libfontconfig1.
Unpacking libfontconfig1 (from .../libfontconfig1_2.5.0-2ubuntu3_amd64.deb) ...
Selecting previously deselected package libxrender1.
Unpacking libxrender1 (from .../libxrender1_1%3a0.9.4-1_amd64.deb) ...
Selecting previously deselected package libxft2.
Unpacking libxft2 (from .../libxft2_2.1.12-2ubuntu5_amd64.deb) ...
Selecting previously deselected package libice6.
Unpacking libice6 (from .../libice6_2%3a1.0.4-1_amd64.deb) ...
Selecting previously deselected package libsm6.
Unpacking libsm6 (from .../libsm6_2%3a1.0.3-1_amd64.deb) ...
Selecting previously deselected package libxt6.
Unpacking libxt6 (from .../libxt6_1%3a1.0.5-3_amd64.deb) ...
Selecting previously deselected package libxext6.
Unpacking libxext6 (from .../libxext6_2%3a1.0.3-2build1_amd64.deb) ...
Selecting previously deselected package libxmu6.
Unpacking libxmu6 (from .../libxmu6_2%3a1.0.4-1_amd64.deb) ...
Selecting previously deselected package libxpm4.
Unpacking libxpm4 (from .../libxpm4_1%3a3.5.7-1_amd64.deb) ...
Selecting previously deselected package libxaw7.
Unpacking libxaw7 (from .../libxaw7_2%3a1.0.4-1_amd64.deb) ...
Selecting previously deselected package libxcursor1.
Unpacking libxcursor1 (from .../libxcursor1_1%3a1.1.9-1_amd64.deb) ...
Selecting previously deselected package libxkbfile1.
Unpacking libxkbfile1 (from .../libxkbfile1_1%3a1.0.4-1_amd64.deb) ...
Selecting previously deselected package libxmuu1.
Unpacking libxmuu1 (from .../libxmuu1_2%3a1.0.4-1_amd64.deb) ...
Selecting previously deselected package x11-apps.
Unpacking x11-apps (from .../x11-apps_7.3+1_amd64.deb) ...
Selecting previously deselected package x11-session-utils.
Unpacking x11-session-utils (from .../x11-session-utils_7.3+1_amd64.deb) ...
Selecting previously deselected package libfontenc1.
Unpacking libfontenc1 (from .../libfontenc1_1%3a1.0.4-2_amd64.deb) ...
Selecting previously deselected package libdrm2.
Unpacking libdrm2 (from .../libdrm2_2.3.0-4ubuntu1_amd64.deb) ...
Selecting previously deselected package libxdamage1.
Unpacking libxdamage1 (from .../libxdamage1_1%3a1.1.1-3_amd64.deb) ...
Selecting previously deselected package libxxf86vm1.
Unpacking libxxf86vm1 (from .../libxxf86vm1_1%3a1.0.1-2_amd64.deb) ...
Selecting previously deselected package libgl1-mesa-glx.
Unpacking libgl1-mesa-glx (from .../libgl1-mesa-glx_7.0.3~rc2-1ubuntu3_amd64.deb) ...
Selecting previously deselected package libxi6.
Unpacking libxi6 (from .../libxi6_2%3a1.1.3-1_amd64.deb) ...
Selecting previously deselected package libxinerama1.
Unpacking libxinerama1 (from .../libxinerama1_2%3a1.0.2-1build1_amd64.deb) ...
Selecting previously deselected package libxtst6.
Unpacking libxtst6 (from .../libxtst6_2%3a1.0.3-1_amd64.deb) ...
Selecting previously deselected package libxv1.
Unpacking libxv1 (from .../libxv1_2%3a1.0.3-1ubuntu1_amd64.deb) ...
Selecting previously deselected package libxxf86dga1.
Unpacking libxxf86dga1 (from .../libxxf86dga1_2%3a1.0.2-1_amd64.deb) ...
Selecting previously deselected package x11-utils.
Unpacking x11-utils (from .../x11-utils_7.3+1_amd64.deb) ...
Selecting previously deselected package libfs6.
Unpacking libfs6 (from .../libfs6_2%3a1.0.0-4ubuntu2_amd64.deb) ...
Selecting previously deselected package x11-xfs-utils.
Unpacking x11-xfs-utils (from .../x11-xfs-utils_7.3+1_amd64.deb) ...
Selecting previously deselected package x11-xkb-utils.
Unpacking x11-xkb-utils (from .../x11-xkb-utils_7.3+1_amd64.deb) ...
Selecting previously deselected package libxrandr2.
Unpacking libxrandr2 (from .../libxrandr2_2%3a1.2.2-1_amd64.deb) ...
Selecting previously deselected package libxtrap6.
Unpacking libxtrap6 (from .../libxtrap6_2%3a1.0.0-4build1_amd64.deb) ...
Selecting previously deselected package libxxf86misc1.
Unpacking libxxf86misc1 (from .../libxxf86misc1_1%3a1.0.1-2_amd64.deb) ...
Selecting previously deselected package x11-xserver-utils.
Unpacking x11-xserver-utils (from .../x11-xserver-utils_7.3+2_amd64.deb) ...
Selecting previously deselected package xauth.
Unpacking xauth (from .../xauth_1%3a1.0.2-2_amd64.deb) ...
Selecting previously deselected package xinit.
Unpacking xinit (from .../xinit_1.0.7-2_amd64.deb) ...
Selecting previously deselected package dbus.
Unpacking dbus (from .../dbus_1.1.20-1ubuntu3.3_amd64.deb) ...
Selecting previously deselected package libdbus-glib-1-2.
Unpacking libdbus-glib-1-2 (from .../libdbus-glib-1-2_0.74-2_amd64.deb) ...
Selecting previously deselected package consolekit.
Unpacking consolekit (from .../consolekit_0.2.3-3ubuntu5_amd64.deb) ...
Selecting previously deselected package esound-common.
Unpacking esound-common (from .../esound-common_0.2.38-0ubuntu9_all.deb) ...
Selecting previously deselected package libatk1.0-0.
Unpacking libatk1.0-0 (from .../libatk1.0-0_1.22.0-0ubuntu1_amd64.deb) ...
Selecting previously deselected package libpixman-1-0.
Unpacking libpixman-1-0 (from .../libpixman-1-0_0.10.0-0ubuntu1_amd64.deb) ...
Selecting previously deselected package libcairo2.
Unpacking libcairo2 (from .../libcairo2_1.6.0-0ubuntu2_amd64.deb) ...
Selecting previously deselected package libcupsys2.
Unpacking libcupsys2 (from .../libcupsys2_1.3.7-1ubuntu3.9_amd64.deb) ...
Selecting previously deselected package libgtk2.0-common.
Unpacking libgtk2.0-common (from .../libgtk2.0-common_2.12.9-3ubuntu5_all.deb) ...
Selecting previously deselected package libjpeg62.
Unpacking libjpeg62 (from .../libjpeg62_6b-14_amd64.deb) ...
Selecting previously deselected package libdatrie0.
Unpacking libdatrie0 (from .../libdatrie0_0.1.2-2_amd64.deb) ...
Selecting previously deselected package fontconfig.
Unpacking fontconfig (from .../fontconfig_2.5.0-2ubuntu3_amd64.deb) ...
Selecting previously deselected package libpango1.0-common.
Unpacking libpango1.0-common (from .../libpango1.0-common_1.20.5-0ubuntu1.1_all.deb) ...
Selecting previously deselected package libthai-data.
Unpacking libthai-data (from .../libthai-data_0.1.9-1ubuntu0.2_all.deb) ...
Selecting previously deselected package libthai0.
Unpacking libthai0 (from .../libthai0_0.1.9-1ubuntu0.2_amd64.deb) ...
Selecting previously deselected package libpango1.0-0.
Unpacking libpango1.0-0 (from .../libpango1.0-0_1.20.5-0ubuntu1.1_amd64.deb) ...
Selecting previously deselected package libtiff4.
Unpacking libtiff4 (from .../libtiff4_3.8.2-7ubuntu3.4_amd64.deb) ...
Selecting previously deselected package libxcomposite1.
Unpacking libxcomposite1 (from .../libxcomposite1_1%3a0.4.0-1_amd64.deb) ...
Selecting previously deselected package libgtk2.0-0.
Unpacking libgtk2.0-0 (from .../libgtk2.0-0_2.12.9-3ubuntu5_amd64.deb) ...
Selecting previously deselected package libhal1.
Unpacking libhal1 (from .../libhal1_0.5.11~rc2-1ubuntu8.3_amd64.deb) ...
Selecting previously deselected package libhal-storage1.
Unpacking libhal-storage1 (from .../libhal-storage1_0.5.11~rc2-1ubuntu8.3_amd64.deb) ...
Selecting previously deselected package gnome-keyring.
Unpacking gnome-keyring (from .../gnome-keyring_2.22.2-0ubuntu1_amd64.deb) ...
Selecting previously deselected package libglade2-0.
Unpacking libglade2-0 (from .../libglade2-0_1%3a2.6.2-1_amd64.deb) ...
Selecting previously deselected package libgnome-keyring0.
Unpacking libgnome-keyring0 (from .../libgnome-keyring0_2.22.2-0ubuntu1_amd64.deb) ...
Selecting previously deselected package libgtop2-common.
Unpacking libgtop2-common (from .../libgtop2-common_2.22.0-0ubuntu1_all.deb) ...
Selecting previously deselected package libgtop2-7.
Unpacking libgtop2-7 (from .../libgtop2-7_2.22.0-0ubuntu1_amd64.deb) ...
Selecting previously deselected package libstartup-notification0.
Unpacking libstartup-notification0 (from .../libstartup-notification0_0.9-1_amd64.deb) ...
Selecting previously deselected package xbase-clients.
Unpacking xbase-clients (from .../xbase-clients_1%3a7.3+10ubuntu10.2_all.deb) ...
Selecting previously deselected package libgksu2-0.
Unpacking libgksu2-0 (from .../libgksu2-0_2.0.5-1ubuntu5.2_amd64.deb) ...
Selecting previously deselected package gksu.
Unpacking gksu (from .../gksu_2.0.0-5ubuntu3.8.04.1_amd64.deb) ...
Selecting previously deselected package libbonobo2-common.
Unpacking libbonobo2-common (from .../libbonobo2-common_2.22.0-0ubuntu1_all.deb) ...
Selecting previously deselected package libbonobo2-0.
Unpacking libbonobo2-0 (from .../libbonobo2-0_2.22.0-0ubuntu1_amd64.deb) ...
Selecting previously deselected package libbonoboui2-common.
Unpacking libbonoboui2-common (from .../libbonoboui2-common_2.21.90-1_all.deb) ...
Selecting previously deselected package libaudiofile0.
Unpacking libaudiofile0 (from .../libaudiofile0_0.2.6-7ubuntu1.8.04.1_amd64.deb) ...
Selecting previously deselected package libasound2.
Unpacking libasound2 (from .../libasound2_1.0.15-3ubuntu4_amd64.deb) ...
Selecting previously deselected package libesd-alsa0.
Unpacking libesd-alsa0 (from .../libesd-alsa0_0.2.38-0ubuntu9_amd64.deb) ...
Selecting previously deselected package libgnome2-common.
Unpacking libgnome2-common (from .../libgnome2-common_2.22.0-0ubuntu1_all.deb) ...
Selecting previously deselected package libavahi-common-data.
Unpacking libavahi-common-data (from .../libavahi-common-data_0.6.22-2ubuntu4.1_amd64.deb) ...
Selecting previously deselected package libavahi-common3.
Unpacking libavahi-common3 (from .../libavahi-common3_0.6.22-2ubuntu4.1_amd64.deb) ...
Selecting previously deselected package libavahi-client3.
Unpacking libavahi-client3 (from .../libavahi-client3_0.6.22-2ubuntu4.1_amd64.deb) ...
Selecting previously deselected package libavahi-glib1.
Unpacking libavahi-glib1 (from .../libavahi-glib1_0.6.22-2ubuntu4.1_amd64.deb) ...
Selecting previously deselected package gamin.
Unpacking gamin (from .../gamin_0.1.9-2ubuntu2_amd64.deb) ...
Selecting previously deselected package libgamin0.
Unpacking libgamin0 (from .../libgamin0_0.1.9-2ubuntu2_amd64.deb) ...
Selecting previously deselected package gnome-mime-data.
Unpacking gnome-mime-data (from .../gnome-mime-data_2.18.0-1_all.deb) ...
Selecting previously deselected package shared-mime-info.
Unpacking shared-mime-info (from .../shared-mime-info_0.23-5_amd64.deb) ...
Selecting previously deselected package libgnomevfs2-common.
Unpacking libgnomevfs2-common (from .../libgnomevfs2-common_1%3a2.22.0-2ubuntu1_all.deb) ...
Selecting previously deselected package libgnomevfs2-0.
Unpacking libgnomevfs2-0 (from .../libgnomevfs2-0_1%3a2.22.0-2ubuntu1_amd64.deb) ...
Selecting previously deselected package libgnome2-0.
Unpacking libgnome2-0 (from .../libgnome2-0_2.22.0-0ubuntu1_amd64.deb) ...
Selecting previously deselected package libgail18.
Unpacking libgail18 (from .../libgail18_1.22.1-0ubuntu1_amd64.deb) ...
Selecting previously deselected package libgail-common.
Unpacking libgail-common (from .../libgail-common_1.22.1-0ubuntu1_amd64.deb) ...
Selecting previously deselected package libgnomecanvas2-common.
Unpacking libgnomecanvas2-common (from .../libgnomecanvas2-common_2.20.1.1-1_all.deb) ...
Selecting previously deselected package libgnomecanvas2-0.
Unpacking libgnomecanvas2-0 (from .../libgnomecanvas2-0_2.20.1.1-1_amd64.deb) ...
Selecting previously deselected package libbonoboui2-0.
Unpacking libbonoboui2-0 (from .../libbonoboui2-0_2.21.90-1_amd64.deb) ...
Selecting previously deselected package libgnomeui-common.
Unpacking libgnomeui-common (from .../libgnomeui-common_2.22.1.0-0ubuntu2_all.deb) ...
Selecting previously deselected package libgnomeui-0.
Unpacking libgnomeui-0 (from .../libgnomeui-0_2.22.1.0-0ubuntu2_amd64.deb) ...
Selecting previously deselected package firestarter.
Unpacking firestarter (from .../firestarter_1.0.3-6ubuntu3_amd64.deb) ...
Setting up gconf2-common (2.22.0-0ubuntu3) ...

Creating config file /etc/gconf/2/path with new version

Setting up libidl0 (0.8.10-0.1) ...

Setting up liborbit2 (1:2.14.12-0.1) ...

Setting up libgconf2-4 (2.22.0-0ubuntu3) ...

Setting up gconf2 (2.22.0-0ubuntu3) ...

Setting up libxfixes3 (1:4.0.3-2) ...

Setting up fontconfig-config (2.5.0-2ubuntu3) ...

Setting up libfontconfig1 (2.5.0-2ubuntu3) ...

Setting up libxrender1 (1:0.9.4-1) ...

Setting up libxft2 (2.1.12-2ubuntu5) ...

Setting up libice6 (2:1.0.4-1) ...

Setting up libsm6 (2:1.0.3-1) ...

Setting up libxt6 (1:1.0.5-3) ...

Setting up libxext6 (2:1.0.3-2build1) ...

Setting up libxmu6 (2:1.0.4-1) ...

Setting up libxpm4 (1:3.5.7-1) ...

Setting up libxaw7 (2:1.0.4-1) ...

Setting up libxcursor1 (1:1.1.9-1) ...

Setting up libxkbfile1 (1:1.0.4-1) ...

Setting up libxmuu1 (2:1.0.4-1) ...

Setting up x11-apps (7.3+1) ...

Setting up x11-session-utils (7.3+1) ...
Setting up libfontenc1 (1:1.0.4-2) ...

Setting up libdrm2 (2.3.0-4ubuntu1) ...

Setting up libxdamage1 (1:1.1.1-3) ...

Setting up libxxf86vm1 (1:1.0.1-2) ...

Setting up libgl1-mesa-glx (7.0.3~rc2-1ubuntu3) ...

Setting up libxi6 (2:1.1.3-1) ...

Setting up libxinerama1 (2:1.0.2-1build1) ...

Setting up libxtst6 (2:1.0.3-1) ...

Setting up libxv1 (2:1.0.3-1ubuntu1) ...

Setting up libxxf86dga1 (2:1.0.2-1) ...

Setting up x11-utils (7.3+1) ...

Setting up libfs6 (2:1.0.0-4ubuntu2) ...

Setting up x11-xfs-utils (7.3+1) ...
Setting up x11-xkb-utils (7.3+1) ...
Setting up libxrandr2 (2:1.2.2-1) ...

Setting up libxtrap6 (2:1.0.0-4build1) ...

Setting up libxxf86misc1 (1:1.0.1-2) ...

Setting up x11-xserver-utils (7.3+2) ...

Setting up xauth (1:1.0.2-2) ...
Setting up xinit (1.0.7-2) ...
Setting up libdbus-glib-1-2 (0.74-2) ...

Setting up esound-common (0.2.38-0ubuntu9) ...
Setting up libatk1.0-0 (1.22.0-0ubuntu1) ...

Setting up libpixman-1-0 (0.10.0-0ubuntu1) ...

Setting up libcairo2 (1.6.0-0ubuntu2) ...

Setting up libcupsys2 (1.3.7-1ubuntu3.9) ...

Setting up libgtk2.0-common (2.12.9-3ubuntu5) ...
Setting up libjpeg62 (6b-14) ...

Setting up libdatrie0 (0.1.2-2) ...

Setting up fontconfig (2.5.0-2ubuntu3) ...
Updating font configuration of fontconfig...
Cleaning up category cid..
Cleaning up category truetype..
Cleaning up category type1..
Updating category type1..
Updating category truetype..
Updating category cid..
Updating fontconfig cache for /usr/share/fonts/truetype/ttf-dejavu
Cleaning up old fontconfig caches... done.
Regenerating fonts cache... done.

Setting up libpango1.0-common (1.20.5-0ubuntu1.1) ...
I: Purging /etc/pango/pango.modules
Cleaning up font configuration of pango...
Updating font configuration of pango...
Cleaning up category xfont..
Updating category xfont..
*** You don't have any defomized font packages.
*** So we are trying to force to generate pangox.aliases...

Setting up libthai-data (0.1.9-1ubuntu0.2) ...
Setting up libthai0 (0.1.9-1ubuntu0.2) ...

Setting up libpango1.0-0 (1.20.5-0ubuntu1.1) ...

Setting up libtiff4 (3.8.2-7ubuntu3.4) ...

Setting up libxcomposite1 (1:0.4.0-1) ...

Setting up libgtk2.0-0 (2.12.9-3ubuntu5) ...
Removing generated module files coming from the previous Gtk binary version...

Setting up libhal1 (0.5.11~rc2-1ubuntu8.3) ...

Setting up libhal-storage1 (0.5.11~rc2-1ubuntu8.3) ...

Setting up gnome-keyring (2.22.2-0ubuntu1) ...

Setting up libglade2-0 (1:2.6.2-1) ...

Setting up libgnome-keyring0 (2.22.2-0ubuntu1) ...

Setting up libgtop2-common (2.22.0-0ubuntu1) ...
Setting up libgtop2-7 (2.22.0-0ubuntu1) ...

Setting up libstartup-notification0 (0.9-1) ...

Setting up xbase-clients (1:7.3+10ubuntu10.2) ...
Setting up libgksu2-0 (2.0.5-1ubuntu5.2) ...

Setting up gksu (2.0.0-5ubuntu3.8.04.1) ...

Setting up libbonobo2-common (2.22.0-0ubuntu1) ...
Setting up libbonobo2-0 (2.22.0-0ubuntu1) ...

Setting up libbonoboui2-common (2.21.90-1) ...

Setting up libaudiofile0 (0.2.6-7ubuntu1.8.04.1) ...

Setting up libasound2 (1.0.15-3ubuntu4) ...
You may need to execute the asoundconf(1) set-default-card macro.

Setting up libesd-alsa0 (0.2.38-0ubuntu9) ...

Setting up libgnome2-common (2.22.0-0ubuntu1) ...

Setting up libavahi-common-data (0.6.22-2ubuntu4.1) ...
Setting up libavahi-common3 (0.6.22-2ubuntu4.1) ...

Setting up libavahi-client3 (0.6.22-2ubuntu4.1) ...

Setting up libavahi-glib1 (0.6.22-2ubuntu4.1) ...

Setting up gnome-mime-data (2.18.0-1) ...
Setting up shared-mime-info (0.23-5) ...

Setting up libgnomevfs2-common (1:2.22.0-2ubuntu1) ...

Setting up libgail18 (1.22.1-0ubuntu1) ...

Setting up libgail-common (1.22.1-0ubuntu1) ...
Setting up libgnomecanvas2-common (2.20.1.1-1) ...
Setting up libgnomecanvas2-0 (2.20.1.1-1) ...

Setting up libgnomeui-common (2.22.1.0-0ubuntu2) ...
Setting up gamin (0.1.9-2ubuntu2) ...
Setting up consolekit (0.2.3-3ubuntu5) ...
Setting up dbus (1.1.20-1ubuntu3.3) ...
Adding system user `messagebus' (UID 108) ...
Adding new group `messagebus' (GID 117) ...
Adding new user `messagebus' (UID 108) with group `messagebus' ...
Not creating home directory `/var/run/dbus'.
 * Starting system message bus dbus       [125G [119G[ OK ]

Setting up libgamin0 (0.1.9-2ubuntu2) ...

Setting up libgnomevfs2-0 (1:2.22.0-2ubuntu1) ...

Setting up libgnome2-0 (2.22.0-0ubuntu1) ...

Setting up libbonoboui2-0 (2.21.90-1) ...

Setting up libgnomeui-0 (2.22.1.0-0ubuntu2) ...

Setting up firestarter (1.0.3-6ubuntu3) ...

Processing triggers for libc6 ...
ldconfig deferred processing now taking place
Log ended: 2010-04-24  19:27:38

Log started: 2010-04-24  19:38:15
Selecting previously deselected package nmap.
(Reading database ... 26973 files and directories currently installed.)
Unpacking nmap (from .../archives/nmap_4.53-3_amd64.deb) ...
Setting up nmap (4.53-3) ...

Log ended: 2010-04-24  19:38:16

Log started: 2010-04-24  20:00:06
(Reading database ... 27045 files and directories currently installed.)
Preparing to replace dpkg 1.14.16.6ubuntu4 (using .../dpkg_1.14.16.6ubuntu4.1_amd64.deb) ...
Unpacking replacement dpkg ...
Setting up dpkg (1.14.16.6ubuntu4.1) ...

(Reading database ... 27045 files and directories currently installed.)
Preparing to replace tzdata 2009u~repack-0ubuntu0.8.04 (using .../tzdata_2010h~repack-0ubuntu0.8.04_all.deb) ...
Unpacking replacement tzdata ...
Setting up tzdata (2010h~repack-0ubuntu0.8.04) ...

Current default timezone: 'America/Los_Angeles'
Local time is now:      Sat Apr 24 20:00:12 PDT 2010.
Universal Time is now:  Sun Apr 25 03:00:12 UTC 2010.
Run 'dpkg-reconfigure tzdata' if you wish to change it.


(Reading database ... 27057 files and directories currently installed.)
Preparing to replace libkrb53 1.6.dfsg.3~beta1-2ubuntu1.3 (using .../libkrb53_1.6.dfsg.3~beta1-2ubuntu1.4_amd64.deb) ...
Unpacking replacement libkrb53 ...
Preparing to replace exim4-config 4.69-2 (using .../exim4-config_4.69-2ubuntu0.1_all.deb) ...
Unpacking replacement exim4-config ...
Preparing to replace exim4-base 4.69-2 (using .../exim4-base_4.69-2ubuntu0.1_amd64.deb) ...
Unpacking replacement exim4-base ...
Preparing to replace exim4-daemon-light 4.69-2 (using .../exim4-daemon-light_4.69-2ubuntu0.1_amd64.deb) ...
 * Stopping MTA       [125G [119G[ OK ]
Unpacking replacement exim4-daemon-light ...
Preparing to replace exim4 4.69-2 (using .../exim4_4.69-2ubuntu0.1_all.deb) ...
Unpacking replacement exim4 ...
Preparing to replace fuse-utils 2.7.2-1ubuntu2 (using .../fuse-utils_2.7.2-1ubuntu2.1_amd64.deb) ...
Unpacking replacement fuse-utils ...
Preparing to replace libfuse2 2.7.2-1ubuntu2 (using .../libfuse2_2.7.2-1ubuntu2.1_amd64.deb) ...
Unpacking replacement libfuse2 ...
Preparing to replace libpq5 8.3.9-0ubuntu8.04 (using .../libpq5_8.3.10-0ubuntu8.04_amd64.deb) ...
Unpacking replacement libpq5 ...
Preparing to replace sudo 1.6.9p10-1ubuntu3.5 (using .../sudo_1.6.9p10-1ubuntu3.7_amd64.deb) ...
Unpacking replacement sudo ...
Setting up libkrb53 (1.6.dfsg.3~beta1-2ubuntu1.4) ...

Setting up exim4-config (4.69-2ubuntu0.1) ...

Setting up exim4-base (4.69-2ubuntu0.1) ...
Installing new version of config file /etc/init.d/exim4 ...

Setting up exim4-daemon-light (4.69-2ubuntu0.1) ...
 * Starting MTA       [125G [119G[ OK ]

Setting up exim4 (4.69-2ubuntu0.1) ...

Setting up libfuse2 (2.7.2-1ubuntu2.1) ...

Setting up fuse-utils (2.7.2-1ubuntu2.1) ...
creating fuse group...
update-initramfs: deferring update (trigger activated)

Setting up libpq5 (8.3.10-0ubuntu8.04) ...

Setting up sudo (1.6.9p10-1ubuntu3.7) ...

Processing triggers for libc6 ...
ldconfig deferred processing now taking place
Processing triggers for initramfs-tools ...
update-initramfs: Generating /boot/initrd.img-2.6.24-26-server
Log ended: 2010-04-24  20:00:54

Log started: 2010-04-26  04:53:20
Selecting previously deselected package python-elementtree.
(Reading database ... 27057 files and directories currently installed.)
Unpacking python-elementtree (from .../python-elementtree_1.2.6-11ubuntu1_all.deb) ...
Selecting previously deselected package python-celementtree.
Unpacking python-celementtree (from .../python-celementtree_1.0.5-9_amd64.deb) ...
Selecting previously deselected package python-libxml2.
Unpacking python-libxml2 (from .../python-libxml2_2.6.31.dfsg-2ubuntu1.4_amd64.deb) ...
Selecting previously deselected package python-urlgrabber.
Unpacking python-urlgrabber (from .../python-urlgrabber_3.1.0-4_all.deb) ...
Selecting previously deselected package python-rpm.
Unpacking python-rpm (from .../python-rpm_4.4.2.1-1ubuntu6_amd64.deb) ...
Selecting previously deselected package yum.
Unpacking yum (from .../archives/yum_2.4.0-3.1_all.deb) ...
Setting up python-elementtree (1.2.6-11ubuntu1) ...

Setting up python-celementtree (1.0.5-9) ...
Setting up python-libxml2 (2.6.31.dfsg-2ubuntu1.4) ...

Setting up python-urlgrabber (3.1.0-4) ...

Setting up python-rpm (4.4.2.1-1ubuntu6) ...

Setting up yum (2.4.0-3.1) ...
/var/lib/python-support/python2.5/yum/__init__.py:1129: Warning: 'with' will become a reserved keyword in Python 2.6
/var/lib/python-support/python2.5/yum/depsolve.py:73: Warning: 'with' will become a reserved keyword in Python 2.6
/var/lib/python-support/python2.5/yum/repos.py:236: Warning: 'with' will become a reserved keyword in Python 2.6
/var/lib/python-support/python2.5/yum/repos.py:260: Warning: 'with' will become a reserved keyword in Python 2.6
/var/lib/python-support/python2.5/yum/repos.py:263: Warning: 'with' will become a reserved keyword in Python 2.6
/usr/share/yum-cli/cli.py:614: Warning: 'with' will become a reserved keyword in Python 2.6
/usr/share/yum-cli/cli.py:615: Warning: 'with' will become a reserved keyword in Python 2.6
/usr/share/yum-cli/cli.py:616: Warning: 'with' will become a reserved keyword in Python 2.6

Log ended: 2010-04-26  04:53:24
